#-----------------------------------------------------------
# Vivado v2020.1 (64-bit)
# SW Build 2902540 on Wed May 27 19:54:49 MDT 2020
# IP Build 2902112 on Wed May 27 22:43:36 MDT 2020
# Start of session at: Tue Apr 21 13:18:50 2026
# Process ID: 10292
# Current directory: C:/Users/gs10403/CA-LAB-SPR-2026/Vivado Labs/Lab11/Task2
# Command line: vivado.exe -gui_launcher_event rodinguilauncherevent20292 C:\Users\gs10403\CA-LAB-SPR-2026\Vivado Labs\Lab11\Task2\Task2.xpr
# Log file: C:/Users/gs10403/CA-LAB-SPR-2026/Vivado Labs/Lab11/Task2/vivado.log
# Journal file: C:/Users/gs10403/CA-LAB-SPR-2026/Vivado Labs/Lab11/Task2\vivado.jou
#-----------------------------------------------------------
start_gui
open_project {C:/Users/gs10403/CA-LAB-SPR-2026/Vivado Labs/Lab11/Task2/Task2.xpr}
INFO: [Project 1-313] Project file moved from 'C:/Users/ghazi/CA-LAB-SPR-2026/Vivado Labs/Lab11/Task2' since last save.
Scanning sources...
Finished scanning sources
INFO: [IP_Flow 19-234] Refreshing IP repositories
INFO: [IP_Flow 19-1704] No user IP repositories specified
INFO: [IP_Flow 19-2313] Loaded Vivado IP repository 'C:/Xilinx/Vivado/2020.1/data/ip'.
update_compile_order -fileset sources_1
synth_design -rtl -name rtl_1
Command: synth_design -rtl -name rtl_1
Starting synth_design
Using part: xc7a35tcpg236-1
Top: TopLevelProcessor
INFO: [Device 21-403] Loading part xc7a35tcpg236-1
---------------------------------------------------------------------------------
Starting RTL Elaboration : Time (s): cpu = 00:00:02 ; elapsed = 00:00:02 . Memory (MB): peak = 1392.184 ; gain = 228.371
---------------------------------------------------------------------------------
INFO: [Synth 8-6157] synthesizing module 'TopLevelProcessor' [C:/Users/gs10403/CA-LAB-SPR-2026/Vivado Labs/Lab11/Task2/Task2.srcs/sources_1/new/TopProcessor.v:27]
INFO: [Synth 8-6157] synthesizing module 'debouncer' [C:/Users/gs10403/CA-LAB-SPR-2026/Vivado Labs/Lab07/Lab07-Task3/Lab07-Task3.srcs/sources_1/new/debouncer.v:23]
INFO: [Synth 8-6155] done synthesizing module 'debouncer' (1#1) [C:/Users/gs10403/CA-LAB-SPR-2026/Vivado Labs/Lab07/Lab07-Task3/Lab07-Task3.srcs/sources_1/new/debouncer.v:23]
INFO: [Synth 8-6157] synthesizing module 'ProgramCounter' [C:/Users/gs10403/CA-LAB-SPR-2026/Vivado Labs/Lab11/Task1/Task1.srcs/sources_1/new/ProgramCounter.v:23]
INFO: [Synth 8-6155] done synthesizing module 'ProgramCounter' (2#1) [C:/Users/gs10403/CA-LAB-SPR-2026/Vivado Labs/Lab11/Task1/Task1.srcs/sources_1/new/ProgramCounter.v:23]
INFO: [Synth 8-6157] synthesizing module 'pcAdder' [C:/Users/gs10403/CA-LAB-SPR-2026/Vivado Labs/Lab11/Task1/Task1.srcs/sources_1/new/pcAdder.v:33]
INFO: [Synth 8-6157] synthesizing module 'full_adder' [C:/Users/gs10403/CA-LAB-SPR-2026/Vivado Labs/Lab06/Lab06-CA_task2/Lab06-CA.srcs/sources_1/new/ALU.v:27]
INFO: [Synth 8-6155] done synthesizing module 'full_adder' (3#1) [C:/Users/gs10403/CA-LAB-SPR-2026/Vivado Labs/Lab06/Lab06-CA_task2/Lab06-CA.srcs/sources_1/new/ALU.v:27]
INFO: [Synth 8-6155] done synthesizing module 'pcAdder' (4#1) [C:/Users/gs10403/CA-LAB-SPR-2026/Vivado Labs/Lab11/Task1/Task1.srcs/sources_1/new/pcAdder.v:33]
INFO: [Synth 8-6157] synthesizing module 'instructionMemory' [C:/Users/gs10403/CA-LAB-SPR-2026/Vivado Labs/Lab10/Task2/Task2.srcs/sources_1/new/InstructionMemory.v:49]
INFO: [Synth 8-3876] $readmem data file 'program.mem' is read successfully [C:/Users/gs10403/CA-LAB-SPR-2026/Vivado Labs/Lab10/Task2/Task2.srcs/sources_1/new/InstructionMemory.v:57]
INFO: [Synth 8-6155] done synthesizing module 'instructionMemory' (5#1) [C:/Users/gs10403/CA-LAB-SPR-2026/Vivado Labs/Lab10/Task2/Task2.srcs/sources_1/new/InstructionMemory.v:49]
INFO: [Synth 8-6157] synthesizing module 'MainControl' [C:/Users/gs10403/CA-LAB-SPR-2026/Vivado Labs/Lab09/Lab09_task1/Lab09_task1.srcs/sources_1/new/main_control.v:23]
INFO: [Synth 8-6155] done synthesizing module 'MainControl' (6#1) [C:/Users/gs10403/CA-LAB-SPR-2026/Vivado Labs/Lab09/Lab09_task1/Lab09_task1.srcs/sources_1/new/main_control.v:23]
WARNING: [Synth 8-7071] port 'Jump' of module 'MainControl' is unconnected for instance 'control' [C:/Users/gs10403/CA-LAB-SPR-2026/Vivado Labs/Lab11/Task2/Task2.srcs/sources_1/new/TopProcessor.v:108]
WARNING: [Synth 8-7023] instance 'control' of module 'MainControl' has 9 connections declared, but only 8 given [C:/Users/gs10403/CA-LAB-SPR-2026/Vivado Labs/Lab11/Task2/Task2.srcs/sources_1/new/TopProcessor.v:108]
INFO: [Synth 8-6157] synthesizing module 'RegisterFile' [C:/Users/gs10403/CA-LAB-SPR-2026/Vivado Labs/Lab07/Lab07-CA-Task2/Lab07-CA-Task2.srcs/sources_1/new/register.v:3]
INFO: [Synth 8-6155] done synthesizing module 'RegisterFile' (7#1) [C:/Users/gs10403/CA-LAB-SPR-2026/Vivado Labs/Lab07/Lab07-CA-Task2/Lab07-CA-Task2.srcs/sources_1/new/register.v:3]
INFO: [Synth 8-6157] synthesizing module 'immGen' [C:/Users/gs10403/CA-LAB-SPR-2026/Vivado Labs/Lab11/Task1/Task1.srcs/sources_1/new/immGen.v:23]
INFO: [Synth 8-6155] done synthesizing module 'immGen' (8#1) [C:/Users/gs10403/CA-LAB-SPR-2026/Vivado Labs/Lab11/Task1/Task1.srcs/sources_1/new/immGen.v:23]
INFO: [Synth 8-6157] synthesizing module 'ALUControl' [C:/Users/gs10403/CA-LAB-SPR-2026/Vivado Labs/Lab09/Lab09_task1/Lab09_task1.srcs/sources_1/new/alu_control.v:23]
INFO: [Synth 8-226] default block is never used [C:/Users/gs10403/CA-LAB-SPR-2026/Vivado Labs/Lab09/Lab09_task1/Lab09_task1.srcs/sources_1/new/alu_control.v:31]
INFO: [Synth 8-6155] done synthesizing module 'ALUControl' (9#1) [C:/Users/gs10403/CA-LAB-SPR-2026/Vivado Labs/Lab09/Lab09_task1/Lab09_task1.srcs/sources_1/new/alu_control.v:23]
INFO: [Synth 8-6157] synthesizing module 'mux2' [C:/Users/gs10403/CA-LAB-SPR-2026/Vivado Labs/Lab11/Task1/Task1.srcs/sources_1/new/mux.v:23]
INFO: [Synth 8-6155] done synthesizing module 'mux2' (10#1) [C:/Users/gs10403/CA-LAB-SPR-2026/Vivado Labs/Lab11/Task1/Task1.srcs/sources_1/new/mux.v:23]
INFO: [Synth 8-6157] synthesizing module 'ALU_32bit' [C:/Users/gs10403/CA-LAB-SPR-2026/Vivado Labs/Lab06/Lab06-CA_task2/Lab06-CA.srcs/sources_1/new/ALU.v:82]
INFO: [Synth 8-6157] synthesizing module 'ALU_1bit' [C:/Users/gs10403/CA-LAB-SPR-2026/Vivado Labs/Lab06/Lab06-CA_task2/Lab06-CA.srcs/sources_1/new/ALU.v:40]
INFO: [Synth 8-6155] done synthesizing module 'ALU_1bit' (11#1) [C:/Users/gs10403/CA-LAB-SPR-2026/Vivado Labs/Lab06/Lab06-CA_task2/Lab06-CA.srcs/sources_1/new/ALU.v:40]
INFO: [Synth 8-6155] done synthesizing module 'ALU_32bit' (12#1) [C:/Users/gs10403/CA-LAB-SPR-2026/Vivado Labs/Lab06/Lab06-CA_task2/Lab06-CA.srcs/sources_1/new/ALU.v:82]
INFO: [Synth 8-6157] synthesizing module 'branchAdder' [C:/Users/gs10403/CA-LAB-SPR-2026/Vivado Labs/Lab11/Task1/Task1.srcs/sources_1/new/branchAdder.v:23]
INFO: [Synth 8-6155] done synthesizing module 'branchAdder' (13#1) [C:/Users/gs10403/CA-LAB-SPR-2026/Vivado Labs/Lab11/Task1/Task1.srcs/sources_1/new/branchAdder.v:23]
INFO: [Synth 8-6157] synthesizing module 'addressDecoderTop' [C:/Users/gs10403/CA-LAB-SPR-2026/Vivado Labs/Lab08/Lab08-Task2/Lab08-Task2.srcs/sources_1/new/AddDecoder_Top.v:191]
INFO: [Synth 8-6157] synthesizing module 'AddressDecoder' [C:/Users/gs10403/CA-LAB-SPR-2026/Vivado Labs/Lab08/Lab08-Task2/Lab08-Task2.srcs/sources_1/new/AddressDecoder.v:23]
INFO: [Synth 8-6155] done synthesizing module 'AddressDecoder' (14#1) [C:/Users/gs10403/CA-LAB-SPR-2026/Vivado Labs/Lab08/Lab08-Task2/Lab08-Task2.srcs/sources_1/new/AddressDecoder.v:23]
INFO: [Synth 8-6157] synthesizing module 'DataMemory' [C:/Users/gs10403/CA-LAB-SPR-2026/Vivado Labs/Lab08/Lab08-Task2/Lab08-Task2.srcs/sources_1/new/DataMemory.v:23]
INFO: [Synth 8-6155] done synthesizing module 'DataMemory' (15#1) [C:/Users/gs10403/CA-LAB-SPR-2026/Vivado Labs/Lab08/Lab08-Task2/Lab08-Task2.srcs/sources_1/new/DataMemory.v:23]
INFO: [Synth 8-6157] synthesizing module 'led_driver' [C:/Users/gs10403/CA-LAB-SPR-2026/Vivado Labs/Lab07/Lab07-Task3/Lab07-Task3.srcs/sources_1/new/led.v:23]
INFO: [Synth 8-6155] done synthesizing module 'led_driver' (16#1) [C:/Users/gs10403/CA-LAB-SPR-2026/Vivado Labs/Lab07/Lab07-Task3/Lab07-Task3.srcs/sources_1/new/led.v:23]
INFO: [Synth 8-6157] synthesizing module 'switch_reader' [C:/Users/gs10403/CA-LAB-SPR-2026/Vivado Labs/Lab07/Lab07-Task3/Lab07-Task3.srcs/sources_1/new/switches.v:23]
INFO: [Synth 8-6155] done synthesizing module 'switch_reader' (17#1) [C:/Users/gs10403/CA-LAB-SPR-2026/Vivado Labs/Lab07/Lab07-Task3/Lab07-Task3.srcs/sources_1/new/switches.v:23]
INFO: [Synth 8-6155] done synthesizing module 'addressDecoderTop' (18#1) [C:/Users/gs10403/CA-LAB-SPR-2026/Vivado Labs/Lab08/Lab08-Task2/Lab08-Task2.srcs/sources_1/new/AddDecoder_Top.v:191]
INFO: [Synth 8-6155] done synthesizing module 'TopLevelProcessor' (19#1) [C:/Users/gs10403/CA-LAB-SPR-2026/Vivado Labs/Lab11/Task2/Task2.srcs/sources_1/new/TopProcessor.v:27]
---------------------------------------------------------------------------------
Finished RTL Elaboration : Time (s): cpu = 00:00:03 ; elapsed = 00:00:03 . Memory (MB): peak = 1447.492 ; gain = 283.680
---------------------------------------------------------------------------------
---------------------------------------------------------------------------------
Start Handling Custom Attributes
---------------------------------------------------------------------------------
---------------------------------------------------------------------------------
Finished Handling Custom Attributes : Time (s): cpu = 00:00:03 ; elapsed = 00:00:03 . Memory (MB): peak = 1447.492 ; gain = 283.680
---------------------------------------------------------------------------------
---------------------------------------------------------------------------------
Finished RTL Optimization Phase 1 : Time (s): cpu = 00:00:03 ; elapsed = 00:00:03 . Memory (MB): peak = 1447.492 ; gain = 283.680
---------------------------------------------------------------------------------
Netlist sorting complete. Time (s): cpu = 00:00:00 ; elapsed = 00:00:00.014 . Memory (MB): peak = 1447.492 ; gain = 0.000
INFO: [Project 1-570] Preparing netlist for logic optimization

Processing XDC Constraints
Initializing timing engine
Parsing XDC File [C:/Users/gs10403/CA-LAB-SPR-2026/Vivado Labs/Lab11/Task2/Task2.srcs/constrs_1/new/FinalConst.xdc]
Finished Parsing XDC File [C:/Users/gs10403/CA-LAB-SPR-2026/Vivado Labs/Lab11/Task2/Task2.srcs/constrs_1/new/FinalConst.xdc]
Completed Processing XDC Constraints

INFO: [Opt 31-138] Pushed 0 inverter(s) to 0 load pin(s).
Netlist sorting complete. Time (s): cpu = 00:00:00 ; elapsed = 00:00:00 . Memory (MB): peak = 1567.895 ; gain = 0.000
INFO: [Project 1-111] Unisim Transformation Summary:
No Unisim elements were transformed.

RTL Elaboration Complete:  : Time (s): cpu = 00:00:13 ; elapsed = 00:00:07 . Memory (MB): peak = 1601.332 ; gain = 437.520
44 Infos, 2 Warnings, 0 Critical Warnings and 0 Errors encountered.
synth_design completed successfully
synth_design: Time (s): cpu = 00:00:17 ; elapsed = 00:00:14 . Memory (MB): peak = 1601.332 ; gain = 574.512
open_run impl_1
Netlist sorting complete. Time (s): cpu = 00:00:00 ; elapsed = 00:00:00.007 . Memory (MB): peak = 1611.188 ; gain = 0.000
INFO: [Netlist 29-17] Analyzing 201 Unisim elements for replacement
INFO: [Netlist 29-28] Unisim Transformation completed in 0 CPU seconds
INFO: [Project 1-479] Netlist was created with Vivado 2020.1
INFO: [Project 1-570] Preparing netlist for logic optimization
INFO: [Timing 38-478] Restoring timing data from binary archive.
INFO: [Timing 38-479] Binary timing data restore complete.
INFO: [Project 1-856] Restoring constraints from binary archive.
INFO: [Project 1-853] Binary constraint restore complete.
Reading XDEF placement.
Reading placer database...
Reading XDEF routing.
Read XDEF File: Time (s): cpu = 00:00:00 ; elapsed = 00:00:00.095 . Memory (MB): peak = 2210.711 ; gain = 0.000
Restored from archive | CPU: 0.000000 secs | Memory: 0.000000 MB |
Finished XDEF File Restore: Time (s): cpu = 00:00:00 ; elapsed = 00:00:00.096 . Memory (MB): peak = 2210.711 ; gain = 0.000
Netlist sorting complete. Time (s): cpu = 00:00:00 ; elapsed = 00:00:00 . Memory (MB): peak = 2210.711 ; gain = 0.000
INFO: [Project 1-111] Unisim Transformation Summary:
  A total of 63 instances were transformed.
  RAM256X1S => RAM256X1S (MUXF7(x2), MUXF8, RAMS64E(x4)): 63 instances

open_run: Time (s): cpu = 00:00:10 ; elapsed = 00:00:08 . Memory (MB): peak = 2272.684 ; gain = 668.293
report_timing_summary -delay_type min_max -report_unconstrained -check_timing_verbose -max_paths 10 -input_pins -routable_nets -name timing_1
INFO: [Timing 38-91] UpdateTimingParams: Speed grade: -1, Delay Type: min_max.
INFO: [Timing 38-191] Multithreading enabled for timing update using a maximum of 2 CPUs
set_property needs_refresh false [get_runs synth_1]
set_property needs_refresh false [get_runs impl_1]
set_property needs_refresh false [get_runs synth_1]
set_property needs_refresh false [get_runs impl_1]
reset_run synth_1
launch_runs synth_1 -jobs 10
[Tue Apr 21 13:24:50 2026] Launched synth_1...
Run output will be captured here: C:/Users/gs10403/CA-LAB-SPR-2026/Vivado Labs/Lab11/Task2/Task2.runs/synth_1/runme.log
launch_runs impl_1 -jobs 10
[Tue Apr 21 13:32:45 2026] Launched impl_1...
Run output will be captured here: C:/Users/gs10403/CA-LAB-SPR-2026/Vivado Labs/Lab11/Task2/Task2.runs/impl_1/runme.log
refresh_design
Netlist sorting complete. Time (s): cpu = 00:00:00 ; elapsed = 00:00:00.007 . Memory (MB): peak = 2441.680 ; gain = 0.000
INFO: [Netlist 29-17] Analyzing 178 Unisim elements for replacement
INFO: [Netlist 29-28] Unisim Transformation completed in 0 CPU seconds
INFO: [Project 1-479] Netlist was created with Vivado 2020.1
INFO: [Project 1-570] Preparing netlist for logic optimization
INFO: [Timing 38-478] Restoring timing data from binary archive.
INFO: [Timing 38-479] Binary timing data restore complete.
INFO: [Project 1-856] Restoring constraints from binary archive.
INFO: [Project 1-853] Binary constraint restore complete.
Reading XDEF placement.
Reading placer database...
Reading XDEF routing.
Read XDEF File: Time (s): cpu = 00:00:00 ; elapsed = 00:00:00.092 . Memory (MB): peak = 2441.680 ; gain = 0.000
Restored from archive | CPU: 0.000000 secs | Memory: 0.000000 MB |
Finished XDEF File Restore: Time (s): cpu = 00:00:00 ; elapsed = 00:00:00.092 . Memory (MB): peak = 2441.680 ; gain = 0.000
current_design rtl_1
current_design impl_1
report_timing_summary -delay_type min_max -report_unconstrained -check_timing_verbose -max_paths 10 -input_pins -routable_nets -name timing_1
INFO: [Timing 38-91] UpdateTimingParams: Speed grade: -1, Delay Type: min_max.
INFO: [Timing 38-191] Multithreading enabled for timing update using a maximum of 2 CPUs
current_design rtl_1
current_design impl_1
report_timing_summary -delay_type min_max -report_unconstrained -check_timing_verbose -max_paths 10 -input_pins -routable_nets -name timing_2
INFO: [Timing 38-91] UpdateTimingParams: Speed grade: -1, Delay Type: min_max.
INFO: [Timing 38-191] Multithreading enabled for timing update using a maximum of 2 CPUs
close_design
launch_simulation
Command: launch_simulation 
INFO: [Vivado 12-5682] Launching behavioral simulation in 'C:/Users/gs10403/CA-LAB-SPR-2026/Vivado Labs/Lab11/Task2/Task2.sim/sim_1/behav/xsim'
INFO: [SIM-utils-51] Simulation object is 'sim_1'
INFO: [SIM-utils-54] Inspecting design source files for 'tb_TopLevelProcessor' in fileset 'sim_1'...
INFO: [SIM-utils-43] Exported 'C:/Users/gs10403/CA-LAB-SPR-2026/Vivado Labs/Lab11/Task2/Task2.sim/sim_1/behav/xsim/program.mem'
INFO: [USF-XSim-97] Finding global include files...
INFO: [USF-XSim-98] Fetching design files from 'sim_1'...
INFO: [USF-XSim-2] XSim::Compile design
INFO: [USF-XSim-61] Executing 'COMPILE and ANALYZE' step in 'C:/Users/gs10403/CA-LAB-SPR-2026/Vivado Labs/Lab11/Task2/Task2.sim/sim_1/behav/xsim'
"xvlog --incr --relax -prj tb_TopLevelProcessor_vlog.prj"
INFO: [VRFC 10-2263] Analyzing Verilog file "C:/Users/gs10403/CA-LAB-SPR-2026/Vivado Labs/Lab06/Lab06-CA_task2/Lab06-CA.srcs/sources_1/new/ALU.v" into library xil_defaultlib
INFO: [VRFC 10-311] analyzing module full_adder
INFO: [VRFC 10-311] analyzing module ALU_1bit
INFO: [VRFC 10-311] analyzing module ALU_32bit
INFO: [VRFC 10-2263] Analyzing Verilog file "C:/Users/gs10403/CA-LAB-SPR-2026/Vivado Labs/Lab08/Lab08-Task2/Lab08-Task2.srcs/sources_1/new/AddDecoder_Top.v" into library xil_defaultlib
INFO: [VRFC 10-311] analyzing module addressDecoderTop
INFO: [VRFC 10-2263] Analyzing Verilog file "C:/Users/gs10403/CA-LAB-SPR-2026/Vivado Labs/Lab08/Lab08-Task2/Lab08-Task2.srcs/sources_1/new/AddressDecoder.v" into library xil_defaultlib
INFO: [VRFC 10-311] analyzing module AddressDecoder
INFO: [VRFC 10-2263] Analyzing Verilog file "C:/Users/gs10403/CA-LAB-SPR-2026/Vivado Labs/Lab08/Lab08-Task2/Lab08-Task2.srcs/sources_1/new/DataMemory.v" into library xil_defaultlib
INFO: [VRFC 10-311] analyzing module DataMemory
INFO: [VRFC 10-2263] Analyzing Verilog file "C:/Users/gs10403/CA-LAB-SPR-2026/Vivado Labs/Lab10/Task2/Task2.srcs/sources_1/new/InstructionMemory.v" into library xil_defaultlib
INFO: [VRFC 10-311] analyzing module instructionMemory
INFO: [VRFC 10-2263] Analyzing Verilog file "C:/Users/gs10403/CA-LAB-SPR-2026/Vivado Labs/Lab11/Task1/Task1.srcs/sources_1/new/ProgramCounter.v" into library xil_defaultlib
INFO: [VRFC 10-311] analyzing module ProgramCounter
INFO: [VRFC 10-2263] Analyzing Verilog file "C:/Users/gs10403/CA-LAB-SPR-2026/Vivado Labs/Lab11/Task2/Task2.srcs/sources_1/new/TopProcessor.v" into library xil_defaultlib
INFO: [VRFC 10-311] analyzing module TopLevelProcessor
INFO: [VRFC 10-2458] undeclared symbol Jump, assumed default net type wire [C:/Users/gs10403/CA-LAB-SPR-2026/Vivado Labs/Lab11/Task2/Task2.srcs/sources_1/new/TopProcessor.v:202]
INFO: [VRFC 10-2263] Analyzing Verilog file "C:/Users/gs10403/CA-LAB-SPR-2026/Vivado Labs/Lab09/Lab09_task1/Lab09_task1.srcs/sources_1/new/alu_control.v" into library xil_defaultlib
INFO: [VRFC 10-311] analyzing module ALUControl
INFO: [VRFC 10-2263] Analyzing Verilog file "C:/Users/gs10403/CA-LAB-SPR-2026/Vivado Labs/Lab11/Task1/Task1.srcs/sources_1/new/branchAdder.v" into library xil_defaultlib
INFO: [VRFC 10-311] analyzing module branchAdder
INFO: [VRFC 10-2263] Analyzing Verilog file "C:/Users/gs10403/CA-LAB-SPR-2026/Vivado Labs/Lab07/Lab07-Task3/Lab07-Task3.srcs/sources_1/new/debouncer.v" into library xil_defaultlib
INFO: [VRFC 10-311] analyzing module debouncer
INFO: [VRFC 10-2263] Analyzing Verilog file "C:/Users/gs10403/CA-LAB-SPR-2026/Vivado Labs/Lab11/Task1/Task1.srcs/sources_1/new/immGen.v" into library xil_defaultlib
INFO: [VRFC 10-311] analyzing module immGen
INFO: [VRFC 10-2263] Analyzing Verilog file "C:/Users/gs10403/CA-LAB-SPR-2026/Vivado Labs/Lab07/Lab07-Task3/Lab07-Task3.srcs/sources_1/new/led.v" into library xil_defaultlib
INFO: [VRFC 10-311] analyzing module led_driver
INFO: [VRFC 10-2263] Analyzing Verilog file "C:/Users/gs10403/CA-LAB-SPR-2026/Vivado Labs/Lab09/Lab09_task1/Lab09_task1.srcs/sources_1/new/main_control.v" into library xil_defaultlib
INFO: [VRFC 10-311] analyzing module MainControl
INFO: [VRFC 10-2263] Analyzing Verilog file "C:/Users/gs10403/CA-LAB-SPR-2026/Vivado Labs/Lab11/Task1/Task1.srcs/sources_1/new/mux.v" into library xil_defaultlib
INFO: [VRFC 10-311] analyzing module mux2
INFO: [VRFC 10-2263] Analyzing Verilog file "C:/Users/gs10403/CA-LAB-SPR-2026/Vivado Labs/Lab11/Task1/Task1.srcs/sources_1/new/pcAdder.v" into library xil_defaultlib
INFO: [VRFC 10-311] analyzing module pcAdder
INFO: [VRFC 10-2263] Analyzing Verilog file "C:/Users/gs10403/CA-LAB-SPR-2026/Vivado Labs/Lab07/Lab07-CA-Task2/Lab07-CA-Task2.srcs/sources_1/new/register.v" into library xil_defaultlib
INFO: [VRFC 10-311] analyzing module RegisterFile
INFO: [VRFC 10-2263] Analyzing Verilog file "C:/Users/gs10403/CA-LAB-SPR-2026/Vivado Labs/Lab07/Lab07-Task3/Lab07-Task3.srcs/sources_1/new/switches.v" into library xil_defaultlib
INFO: [VRFC 10-311] analyzing module switch_reader
INFO: [VRFC 10-2263] Analyzing Verilog file "C:/Users/gs10403/CA-LAB-SPR-2026/Vivado Labs/Lab11/Task2/Task2.srcs/sources_1/new/proc_tb.v" into library xil_defaultlib
INFO: [VRFC 10-311] analyzing module tb_TopLevelProcessor
INFO: [VRFC 10-2263] Analyzing Verilog file "C:/Users/gs10403/CA-LAB-SPR-2026/Vivado Labs/Lab11/Task2/Task2.sim/sim_1/behav/xsim/glbl.v" into library xil_defaultlib
INFO: [VRFC 10-311] analyzing module glbl
INFO: [USF-XSim-69] 'compile' step finished in '3' seconds
INFO: [USF-XSim-3] XSim::Elaborate design
INFO: [USF-XSim-61] Executing 'ELABORATE' step in 'C:/Users/gs10403/CA-LAB-SPR-2026/Vivado Labs/Lab11/Task2/Task2.sim/sim_1/behav/xsim'
"xelab -wto 9ee9ebcdf6e244a6867081315626ec0b --incr --debug typical --relax --mt 2 -L xil_defaultlib -L unisims_ver -L unimacro_ver -L secureip --snapshot tb_TopLevelProcessor_behav xil_defaultlib.tb_TopLevelProcessor xil_defaultlib.glbl -log elaborate.log"
Vivado Simulator 2020.1
Copyright 1986-1999, 2001-2020 Xilinx, Inc. All Rights Reserved.
Running: C:/Xilinx/Vivado/2020.1/bin/unwrapped/win64.o/xelab.exe -wto 9ee9ebcdf6e244a6867081315626ec0b --incr --debug typical --relax --mt 2 -L xil_defaultlib -L unisims_ver -L unimacro_ver -L secureip --snapshot tb_TopLevelProcessor_behav xil_defaultlib.tb_TopLevelProcessor xil_defaultlib.glbl -log elaborate.log 
Using 2 slave threads.
Starting static elaboration
Pass Through NonSizing Optimizer
Completed static elaboration
Starting simulation data flow analysis
WARNING: [XSIM 43-4099] "C:/Users/gs10403/CA-LAB-SPR-2026/Vivado Labs/Lab06/Lab06-CA_task2/Lab06-CA.srcs/sources_1/new/ALU.v" Line 27. Module full_adder doesn't have a timescale but at least one module in design has a timescale.
WARNING: [XSIM 43-4099] "C:/Users/gs10403/CA-LAB-SPR-2026/Vivado Labs/Lab06/Lab06-CA_task2/Lab06-CA.srcs/sources_1/new/ALU.v" Line 27. Module full_adder doesn't have a timescale but at least one module in design has a timescale.
WARNING: [XSIM 43-4099] "C:/Users/gs10403/CA-LAB-SPR-2026/Vivado Labs/Lab06/Lab06-CA_task2/Lab06-CA.srcs/sources_1/new/ALU.v" Line 27. Module full_adder doesn't have a timescale but at least one module in design has a timescale.
WARNING: [XSIM 43-4099] "C:/Users/gs10403/CA-LAB-SPR-2026/Vivado Labs/Lab06/Lab06-CA_task2/Lab06-CA.srcs/sources_1/new/ALU.v" Line 27. Module full_adder doesn't have a timescale but at least one module in design has a timescale.
WARNING: [XSIM 43-4099] "C:/Users/gs10403/CA-LAB-SPR-2026/Vivado Labs/Lab06/Lab06-CA_task2/Lab06-CA.srcs/sources_1/new/ALU.v" Line 27. Module full_adder doesn't have a timescale but at least one module in design has a timescale.
WARNING: [XSIM 43-4099] "C:/Users/gs10403/CA-LAB-SPR-2026/Vivado Labs/Lab06/Lab06-CA_task2/Lab06-CA.srcs/sources_1/new/ALU.v" Line 27. Module full_adder doesn't have a timescale but at least one module in design has a timescale.
WARNING: [XSIM 43-4099] "C:/Users/gs10403/CA-LAB-SPR-2026/Vivado Labs/Lab06/Lab06-CA_task2/Lab06-CA.srcs/sources_1/new/ALU.v" Line 27. Module full_adder doesn't have a timescale but at least one module in design has a timescale.
WARNING: [XSIM 43-4099] "C:/Users/gs10403/CA-LAB-SPR-2026/Vivado Labs/Lab06/Lab06-CA_task2/Lab06-CA.srcs/sources_1/new/ALU.v" Line 27. Module full_adder doesn't have a timescale but at least one module in design has a timescale.
WARNING: [XSIM 43-4099] "C:/Users/gs10403/CA-LAB-SPR-2026/Vivado Labs/Lab06/Lab06-CA_task2/Lab06-CA.srcs/sources_1/new/ALU.v" Line 27. Module full_adder doesn't have a timescale but at least one module in design has a timescale.
WARNING: [XSIM 43-4099] "C:/Users/gs10403/CA-LAB-SPR-2026/Vivado Labs/Lab06/Lab06-CA_task2/Lab06-CA.srcs/sources_1/new/ALU.v" Line 27. Module full_adder doesn't have a timescale but at least one module in design has a timescale.
WARNING: [XSIM 43-4099] "C:/Users/gs10403/CA-LAB-SPR-2026/Vivado Labs/Lab06/Lab06-CA_task2/Lab06-CA.srcs/sources_1/new/ALU.v" Line 27. Module full_adder doesn't have a timescale but at least one module in design has a timescale.
WARNING: [XSIM 43-4099] "C:/Users/gs10403/CA-LAB-SPR-2026/Vivado Labs/Lab06/Lab06-CA_task2/Lab06-CA.srcs/sources_1/new/ALU.v" Line 27. Module full_adder doesn't have a timescale but at least one module in design has a timescale.
WARNING: [XSIM 43-4099] "C:/Users/gs10403/CA-LAB-SPR-2026/Vivado Labs/Lab06/Lab06-CA_task2/Lab06-CA.srcs/sources_1/new/ALU.v" Line 27. Module full_adder doesn't have a timescale but at least one module in design has a timescale.
WARNING: [XSIM 43-4099] "C:/Users/gs10403/CA-LAB-SPR-2026/Vivado Labs/Lab06/Lab06-CA_task2/Lab06-CA.srcs/sources_1/new/ALU.v" Line 27. Module full_adder doesn't have a timescale but at least one module in design has a timescale.
WARNING: [XSIM 43-4099] "C:/Users/gs10403/CA-LAB-SPR-2026/Vivado Labs/Lab06/Lab06-CA_task2/Lab06-CA.srcs/sources_1/new/ALU.v" Line 27. Module full_adder doesn't have a timescale but at least one module in design has a timescale.
WARNING: [XSIM 43-4099] "C:/Users/gs10403/CA-LAB-SPR-2026/Vivado Labs/Lab06/Lab06-CA_task2/Lab06-CA.srcs/sources_1/new/ALU.v" Line 27. Module full_adder doesn't have a timescale but at least one module in design has a timescale.
WARNING: [XSIM 43-4099] "C:/Users/gs10403/CA-LAB-SPR-2026/Vivado Labs/Lab06/Lab06-CA_task2/Lab06-CA.srcs/sources_1/new/ALU.v" Line 27. Module full_adder doesn't have a timescale but at least one module in design has a timescale.
WARNING: [XSIM 43-4099] "C:/Users/gs10403/CA-LAB-SPR-2026/Vivado Labs/Lab06/Lab06-CA_task2/Lab06-CA.srcs/sources_1/new/ALU.v" Line 27. Module full_adder doesn't have a timescale but at least one module in design has a timescale.
WARNING: [XSIM 43-4099] "C:/Users/gs10403/CA-LAB-SPR-2026/Vivado Labs/Lab06/Lab06-CA_task2/Lab06-CA.srcs/sources_1/new/ALU.v" Line 27. Module full_adder doesn't have a timescale but at least one module in design has a timescale.
WARNING: [XSIM 43-4099] "C:/Users/gs10403/CA-LAB-SPR-2026/Vivado Labs/Lab06/Lab06-CA_task2/Lab06-CA.srcs/sources_1/new/ALU.v" Line 27. Module full_adder doesn't have a timescale but at least one module in design has a timescale.
WARNING: [XSIM 43-4099] "C:/Users/gs10403/CA-LAB-SPR-2026/Vivado Labs/Lab06/Lab06-CA_task2/Lab06-CA.srcs/sources_1/new/ALU.v" Line 27. Module full_adder doesn't have a timescale but at least one module in design has a timescale.
WARNING: [XSIM 43-4099] "C:/Users/gs10403/CA-LAB-SPR-2026/Vivado Labs/Lab06/Lab06-CA_task2/Lab06-CA.srcs/sources_1/new/ALU.v" Line 27. Module full_adder doesn't have a timescale but at least one module in design has a timescale.
WARNING: [XSIM 43-4099] "C:/Users/gs10403/CA-LAB-SPR-2026/Vivado Labs/Lab06/Lab06-CA_task2/Lab06-CA.srcs/sources_1/new/ALU.v" Line 27. Module full_adder doesn't have a timescale but at least one module in design has a timescale.
WARNING: [XSIM 43-4099] "C:/Users/gs10403/CA-LAB-SPR-2026/Vivado Labs/Lab06/Lab06-CA_task2/Lab06-CA.srcs/sources_1/new/ALU.v" Line 27. Module full_adder doesn't have a timescale but at least one module in design has a timescale.
WARNING: [XSIM 43-4099] "C:/Users/gs10403/CA-LAB-SPR-2026/Vivado Labs/Lab06/Lab06-CA_task2/Lab06-CA.srcs/sources_1/new/ALU.v" Line 27. Module full_adder doesn't have a timescale but at least one module in design has a timescale.
WARNING: [XSIM 43-4099] "C:/Users/gs10403/CA-LAB-SPR-2026/Vivado Labs/Lab06/Lab06-CA_task2/Lab06-CA.srcs/sources_1/new/ALU.v" Line 27. Module full_adder doesn't have a timescale but at least one module in design has a timescale.
WARNING: [XSIM 43-4099] "C:/Users/gs10403/CA-LAB-SPR-2026/Vivado Labs/Lab06/Lab06-CA_task2/Lab06-CA.srcs/sources_1/new/ALU.v" Line 27. Module full_adder doesn't have a timescale but at least one module in design has a timescale.
WARNING: [XSIM 43-4099] "C:/Users/gs10403/CA-LAB-SPR-2026/Vivado Labs/Lab06/Lab06-CA_task2/Lab06-CA.srcs/sources_1/new/ALU.v" Line 27. Module full_adder doesn't have a timescale but at least one module in design has a timescale.
WARNING: [XSIM 43-4099] "C:/Users/gs10403/CA-LAB-SPR-2026/Vivado Labs/Lab06/Lab06-CA_task2/Lab06-CA.srcs/sources_1/new/ALU.v" Line 27. Module full_adder doesn't have a timescale but at least one module in design has a timescale.
WARNING: [XSIM 43-4099] "C:/Users/gs10403/CA-LAB-SPR-2026/Vivado Labs/Lab06/Lab06-CA_task2/Lab06-CA.srcs/sources_1/new/ALU.v" Line 27. Module full_adder doesn't have a timescale but at least one module in design has a timescale.
WARNING: [XSIM 43-4099] "C:/Users/gs10403/CA-LAB-SPR-2026/Vivado Labs/Lab06/Lab06-CA_task2/Lab06-CA.srcs/sources_1/new/ALU.v" Line 27. Module full_adder doesn't have a timescale but at least one module in design has a timescale.
WARNING: [XSIM 43-4099] "C:/Users/gs10403/CA-LAB-SPR-2026/Vivado Labs/Lab06/Lab06-CA_task2/Lab06-CA.srcs/sources_1/new/ALU.v" Line 27. Module full_adder doesn't have a timescale but at least one module in design has a timescale.
WARNING: [XSIM 43-4099] "C:/Users/gs10403/CA-LAB-SPR-2026/Vivado Labs/Lab06/Lab06-CA_task2/Lab06-CA.srcs/sources_1/new/ALU.v" Line 82. Module ALU_32bit_default doesn't have a timescale but at least one module in design has a timescale.
WARNING: [XSIM 43-4099] "C:/Users/gs10403/CA-LAB-SPR-2026/Vivado Labs/Lab06/Lab06-CA_task2/Lab06-CA.srcs/sources_1/new/ALU.v" Line 40. Module ALU_1bit doesn't have a timescale but at least one module in design has a timescale.
WARNING: [XSIM 43-4099] "C:/Users/gs10403/CA-LAB-SPR-2026/Vivado Labs/Lab06/Lab06-CA_task2/Lab06-CA.srcs/sources_1/new/ALU.v" Line 27. Module full_adder doesn't have a timescale but at least one module in design has a timescale.
WARNING: [XSIM 43-4099] "C:/Users/gs10403/CA-LAB-SPR-2026/Vivado Labs/Lab06/Lab06-CA_task2/Lab06-CA.srcs/sources_1/new/ALU.v" Line 40. Module ALU_1bit doesn't have a timescale but at least one module in design has a timescale.
WARNING: [XSIM 43-4099] "C:/Users/gs10403/CA-LAB-SPR-2026/Vivado Labs/Lab06/Lab06-CA_task2/Lab06-CA.srcs/sources_1/new/ALU.v" Line 27. Module full_adder doesn't have a timescale but at least one module in design has a timescale.
WARNING: [XSIM 43-4099] "C:/Users/gs10403/CA-LAB-SPR-2026/Vivado Labs/Lab06/Lab06-CA_task2/Lab06-CA.srcs/sources_1/new/ALU.v" Line 40. Module ALU_1bit doesn't have a timescale but at least one module in design has a timescale.
WARNING: [XSIM 43-4099] "C:/Users/gs10403/CA-LAB-SPR-2026/Vivado Labs/Lab06/Lab06-CA_task2/Lab06-CA.srcs/sources_1/new/ALU.v" Line 27. Module full_adder doesn't have a timescale but at least one module in design has a timescale.
WARNING: [XSIM 43-4099] "C:/Users/gs10403/CA-LAB-SPR-2026/Vivado Labs/Lab06/Lab06-CA_task2/Lab06-CA.srcs/sources_1/new/ALU.v" Line 40. Module ALU_1bit doesn't have a timescale but at least one module in design has a timescale.
WARNING: [XSIM 43-4099] "C:/Users/gs10403/CA-LAB-SPR-2026/Vivado Labs/Lab06/Lab06-CA_task2/Lab06-CA.srcs/sources_1/new/ALU.v" Line 27. Module full_adder doesn't have a timescale but at least one module in design has a timescale.
WARNING: [XSIM 43-4099] "C:/Users/gs10403/CA-LAB-SPR-2026/Vivado Labs/Lab06/Lab06-CA_task2/Lab06-CA.srcs/sources_1/new/ALU.v" Line 40. Module ALU_1bit doesn't have a timescale but at least one module in design has a timescale.
WARNING: [XSIM 43-4099] "C:/Users/gs10403/CA-LAB-SPR-2026/Vivado Labs/Lab06/Lab06-CA_task2/Lab06-CA.srcs/sources_1/new/ALU.v" Line 27. Module full_adder doesn't have a timescale but at least one module in design has a timescale.
WARNING: [XSIM 43-4099] "C:/Users/gs10403/CA-LAB-SPR-2026/Vivado Labs/Lab06/Lab06-CA_task2/Lab06-CA.srcs/sources_1/new/ALU.v" Line 40. Module ALU_1bit doesn't have a timescale but at least one module in design has a timescale.
WARNING: [XSIM 43-4099] "C:/Users/gs10403/CA-LAB-SPR-2026/Vivado Labs/Lab06/Lab06-CA_task2/Lab06-CA.srcs/sources_1/new/ALU.v" Line 27. Module full_adder doesn't have a timescale but at least one module in design has a timescale.
WARNING: [XSIM 43-4099] "C:/Users/gs10403/CA-LAB-SPR-2026/Vivado Labs/Lab06/Lab06-CA_task2/Lab06-CA.srcs/sources_1/new/ALU.v" Line 40. Module ALU_1bit doesn't have a timescale but at least one module in design has a timescale.
WARNING: [XSIM 43-4099] "C:/Users/gs10403/CA-LAB-SPR-2026/Vivado Labs/Lab06/Lab06-CA_task2/Lab06-CA.srcs/sources_1/new/ALU.v" Line 27. Module full_adder doesn't have a timescale but at least one module in design has a timescale.
WARNING: [XSIM 43-4099] "C:/Users/gs10403/CA-LAB-SPR-2026/Vivado Labs/Lab06/Lab06-CA_task2/Lab06-CA.srcs/sources_1/new/ALU.v" Line 40. Module ALU_1bit doesn't have a timescale but at least one module in design has a timescale.
WARNING: [XSIM 43-4099] "C:/Users/gs10403/CA-LAB-SPR-2026/Vivado Labs/Lab06/Lab06-CA_task2/Lab06-CA.srcs/sources_1/new/ALU.v" Line 27. Module full_adder doesn't have a timescale but at least one module in design has a timescale.
WARNING: [XSIM 43-4099] "C:/Users/gs10403/CA-LAB-SPR-2026/Vivado Labs/Lab06/Lab06-CA_task2/Lab06-CA.srcs/sources_1/new/ALU.v" Line 40. Module ALU_1bit doesn't have a timescale but at least one module in design has a timescale.
WARNING: [XSIM 43-4099] "C:/Users/gs10403/CA-LAB-SPR-2026/Vivado Labs/Lab06/Lab06-CA_task2/Lab06-CA.srcs/sources_1/new/ALU.v" Line 27. Module full_adder doesn't have a timescale but at least one module in design has a timescale.
WARNING: [XSIM 43-4099] "C:/Users/gs10403/CA-LAB-SPR-2026/Vivado Labs/Lab06/Lab06-CA_task2/Lab06-CA.srcs/sources_1/new/ALU.v" Line 40. Module ALU_1bit doesn't have a timescale but at least one module in design has a timescale.
WARNING: [XSIM 43-4099] "C:/Users/gs10403/CA-LAB-SPR-2026/Vivado Labs/Lab06/Lab06-CA_task2/Lab06-CA.srcs/sources_1/new/ALU.v" Line 27. Module full_adder doesn't have a timescale but at least one module in design has a timescale.
WARNING: [XSIM 43-4099] "C:/Users/gs10403/CA-LAB-SPR-2026/Vivado Labs/Lab06/Lab06-CA_task2/Lab06-CA.srcs/sources_1/new/ALU.v" Line 40. Module ALU_1bit doesn't have a timescale but at least one module in design has a timescale.
WARNING: [XSIM 43-4099] "C:/Users/gs10403/CA-LAB-SPR-2026/Vivado Labs/Lab06/Lab06-CA_task2/Lab06-CA.srcs/sources_1/new/ALU.v" Line 27. Module full_adder doesn't have a timescale but at least one module in design has a timescale.
WARNING: [XSIM 43-4099] "C:/Users/gs10403/CA-LAB-SPR-2026/Vivado Labs/Lab06/Lab06-CA_task2/Lab06-CA.srcs/sources_1/new/ALU.v" Line 40. Module ALU_1bit doesn't have a timescale but at least one module in design has a timescale.
WARNING: [XSIM 43-4099] "C:/Users/gs10403/CA-LAB-SPR-2026/Vivado Labs/Lab06/Lab06-CA_task2/Lab06-CA.srcs/sources_1/new/ALU.v" Line 27. Module full_adder doesn't have a timescale but at least one module in design has a timescale.
WARNING: [XSIM 43-4099] "C:/Users/gs10403/CA-LAB-SPR-2026/Vivado Labs/Lab06/Lab06-CA_task2/Lab06-CA.srcs/sources_1/new/ALU.v" Line 40. Module ALU_1bit doesn't have a timescale but at least one module in design has a timescale.
WARNING: [XSIM 43-4099] "C:/Users/gs10403/CA-LAB-SPR-2026/Vivado Labs/Lab06/Lab06-CA_task2/Lab06-CA.srcs/sources_1/new/ALU.v" Line 27. Module full_adder doesn't have a timescale but at least one module in design has a timescale.
WARNING: [XSIM 43-4099] "C:/Users/gs10403/CA-LAB-SPR-2026/Vivado Labs/Lab06/Lab06-CA_task2/Lab06-CA.srcs/sources_1/new/ALU.v" Line 40. Module ALU_1bit doesn't have a timescale but at least one module in design has a timescale.
WARNING: [XSIM 43-4099] "C:/Users/gs10403/CA-LAB-SPR-2026/Vivado Labs/Lab06/Lab06-CA_task2/Lab06-CA.srcs/sources_1/new/ALU.v" Line 27. Module full_adder doesn't have a timescale but at least one module in design has a timescale.
WARNING: [XSIM 43-4099] "C:/Users/gs10403/CA-LAB-SPR-2026/Vivado Labs/Lab06/Lab06-CA_task2/Lab06-CA.srcs/sources_1/new/ALU.v" Line 40. Module ALU_1bit doesn't have a timescale but at least one module in design has a timescale.
WARNING: [XSIM 43-4099] "C:/Users/gs10403/CA-LAB-SPR-2026/Vivado Labs/Lab06/Lab06-CA_task2/Lab06-CA.srcs/sources_1/new/ALU.v" Line 27. Module full_adder doesn't have a timescale but at least one module in design has a timescale.
WARNING: [XSIM 43-4099] "C:/Users/gs10403/CA-LAB-SPR-2026/Vivado Labs/Lab06/Lab06-CA_task2/Lab06-CA.srcs/sources_1/new/ALU.v" Line 40. Module ALU_1bit doesn't have a timescale but at least one module in design has a timescale.
WARNING: [XSIM 43-4099] "C:/Users/gs10403/CA-LAB-SPR-2026/Vivado Labs/Lab06/Lab06-CA_task2/Lab06-CA.srcs/sources_1/new/ALU.v" Line 27. Module full_adder doesn't have a timescale but at least one module in design has a timescale.
WARNING: [XSIM 43-4099] "C:/Users/gs10403/CA-LAB-SPR-2026/Vivado Labs/Lab06/Lab06-CA_task2/Lab06-CA.srcs/sources_1/new/ALU.v" Line 40. Module ALU_1bit doesn't have a timescale but at least one module in design has a timescale.
WARNING: [XSIM 43-4099] "C:/Users/gs10403/CA-LAB-SPR-2026/Vivado Labs/Lab06/Lab06-CA_task2/Lab06-CA.srcs/sources_1/new/ALU.v" Line 27. Module full_adder doesn't have a timescale but at least one module in design has a timescale.
WARNING: [XSIM 43-4099] "C:/Users/gs10403/CA-LAB-SPR-2026/Vivado Labs/Lab06/Lab06-CA_task2/Lab06-CA.srcs/sources_1/new/ALU.v" Line 40. Module ALU_1bit doesn't have a timescale but at least one module in design has a timescale.
WARNING: [XSIM 43-4099] "C:/Users/gs10403/CA-LAB-SPR-2026/Vivado Labs/Lab06/Lab06-CA_task2/Lab06-CA.srcs/sources_1/new/ALU.v" Line 27. Module full_adder doesn't have a timescale but at least one module in design has a timescale.
WARNING: [XSIM 43-4099] "C:/Users/gs10403/CA-LAB-SPR-2026/Vivado Labs/Lab06/Lab06-CA_task2/Lab06-CA.srcs/sources_1/new/ALU.v" Line 40. Module ALU_1bit doesn't have a timescale but at least one module in design has a timescale.
WARNING: [XSIM 43-4099] "C:/Users/gs10403/CA-LAB-SPR-2026/Vivado Labs/Lab06/Lab06-CA_task2/Lab06-CA.srcs/sources_1/new/ALU.v" Line 27. Module full_adder doesn't have a timescale but at least one module in design has a timescale.
WARNING: [XSIM 43-4099] "C:/Users/gs10403/CA-LAB-SPR-2026/Vivado Labs/Lab06/Lab06-CA_task2/Lab06-CA.srcs/sources_1/new/ALU.v" Line 40. Module ALU_1bit doesn't have a timescale but at least one module in design has a timescale.
WARNING: [XSIM 43-4099] "C:/Users/gs10403/CA-LAB-SPR-2026/Vivado Labs/Lab06/Lab06-CA_task2/Lab06-CA.srcs/sources_1/new/ALU.v" Line 27. Module full_adder doesn't have a timescale but at least one module in design has a timescale.
WARNING: [XSIM 43-4099] "C:/Users/gs10403/CA-LAB-SPR-2026/Vivado Labs/Lab06/Lab06-CA_task2/Lab06-CA.srcs/sources_1/new/ALU.v" Line 40. Module ALU_1bit doesn't have a timescale but at least one module in design has a timescale.
WARNING: [XSIM 43-4099] "C:/Users/gs10403/CA-LAB-SPR-2026/Vivado Labs/Lab06/Lab06-CA_task2/Lab06-CA.srcs/sources_1/new/ALU.v" Line 27. Module full_adder doesn't have a timescale but at least one module in design has a timescale.
WARNING: [XSIM 43-4099] "C:/Users/gs10403/CA-LAB-SPR-2026/Vivado Labs/Lab06/Lab06-CA_task2/Lab06-CA.srcs/sources_1/new/ALU.v" Line 40. Module ALU_1bit doesn't have a timescale but at least one module in design has a timescale.
WARNING: [XSIM 43-4099] "C:/Users/gs10403/CA-LAB-SPR-2026/Vivado Labs/Lab06/Lab06-CA_task2/Lab06-CA.srcs/sources_1/new/ALU.v" Line 27. Module full_adder doesn't have a timescale but at least one module in design has a timescale.
WARNING: [XSIM 43-4099] "C:/Users/gs10403/CA-LAB-SPR-2026/Vivado Labs/Lab06/Lab06-CA_task2/Lab06-CA.srcs/sources_1/new/ALU.v" Line 40. Module ALU_1bit doesn't have a timescale but at least one module in design has a timescale.
WARNING: [XSIM 43-4099] "C:/Users/gs10403/CA-LAB-SPR-2026/Vivado Labs/Lab06/Lab06-CA_task2/Lab06-CA.srcs/sources_1/new/ALU.v" Line 27. Module full_adder doesn't have a timescale but at least one module in design has a timescale.
WARNING: [XSIM 43-4099] "C:/Users/gs10403/CA-LAB-SPR-2026/Vivado Labs/Lab06/Lab06-CA_task2/Lab06-CA.srcs/sources_1/new/ALU.v" Line 40. Module ALU_1bit doesn't have a timescale but at least one module in design has a timescale.
WARNING: [XSIM 43-4099] "C:/Users/gs10403/CA-LAB-SPR-2026/Vivado Labs/Lab06/Lab06-CA_task2/Lab06-CA.srcs/sources_1/new/ALU.v" Line 27. Module full_adder doesn't have a timescale but at least one module in design has a timescale.
WARNING: [XSIM 43-4099] "C:/Users/gs10403/CA-LAB-SPR-2026/Vivado Labs/Lab06/Lab06-CA_task2/Lab06-CA.srcs/sources_1/new/ALU.v" Line 40. Module ALU_1bit doesn't have a timescale but at least one module in design has a timescale.
WARNING: [XSIM 43-4099] "C:/Users/gs10403/CA-LAB-SPR-2026/Vivado Labs/Lab06/Lab06-CA_task2/Lab06-CA.srcs/sources_1/new/ALU.v" Line 27. Module full_adder doesn't have a timescale but at least one module in design has a timescale.
WARNING: [XSIM 43-4099] "C:/Users/gs10403/CA-LAB-SPR-2026/Vivado Labs/Lab06/Lab06-CA_task2/Lab06-CA.srcs/sources_1/new/ALU.v" Line 40. Module ALU_1bit doesn't have a timescale but at least one module in design has a timescale.
WARNING: [XSIM 43-4099] "C:/Users/gs10403/CA-LAB-SPR-2026/Vivado Labs/Lab06/Lab06-CA_task2/Lab06-CA.srcs/sources_1/new/ALU.v" Line 27. Module full_adder doesn't have a timescale but at least one module in design has a timescale.
WARNING: [XSIM 43-4099] "C:/Users/gs10403/CA-LAB-SPR-2026/Vivado Labs/Lab06/Lab06-CA_task2/Lab06-CA.srcs/sources_1/new/ALU.v" Line 40. Module ALU_1bit doesn't have a timescale but at least one module in design has a timescale.
WARNING: [XSIM 43-4099] "C:/Users/gs10403/CA-LAB-SPR-2026/Vivado Labs/Lab06/Lab06-CA_task2/Lab06-CA.srcs/sources_1/new/ALU.v" Line 27. Module full_adder doesn't have a timescale but at least one module in design has a timescale.
WARNING: [XSIM 43-4099] "C:/Users/gs10403/CA-LAB-SPR-2026/Vivado Labs/Lab06/Lab06-CA_task2/Lab06-CA.srcs/sources_1/new/ALU.v" Line 40. Module ALU_1bit doesn't have a timescale but at least one module in design has a timescale.
WARNING: [XSIM 43-4099] "C:/Users/gs10403/CA-LAB-SPR-2026/Vivado Labs/Lab06/Lab06-CA_task2/Lab06-CA.srcs/sources_1/new/ALU.v" Line 27. Module full_adder doesn't have a timescale but at least one module in design has a timescale.
WARNING: [XSIM 43-4099] "C:/Users/gs10403/CA-LAB-SPR-2026/Vivado Labs/Lab06/Lab06-CA_task2/Lab06-CA.srcs/sources_1/new/ALU.v" Line 40. Module ALU_1bit doesn't have a timescale but at least one module in design has a timescale.
WARNING: [XSIM 43-4099] "C:/Users/gs10403/CA-LAB-SPR-2026/Vivado Labs/Lab06/Lab06-CA_task2/Lab06-CA.srcs/sources_1/new/ALU.v" Line 27. Module full_adder doesn't have a timescale but at least one module in design has a timescale.
WARNING: [XSIM 43-4099] "C:/Users/gs10403/CA-LAB-SPR-2026/Vivado Labs/Lab06/Lab06-CA_task2/Lab06-CA.srcs/sources_1/new/ALU.v" Line 40. Module ALU_1bit doesn't have a timescale but at least one module in design has a timescale.
WARNING: [XSIM 43-4099] "C:/Users/gs10403/CA-LAB-SPR-2026/Vivado Labs/Lab06/Lab06-CA_task2/Lab06-CA.srcs/sources_1/new/ALU.v" Line 27. Module full_adder doesn't have a timescale but at least one module in design has a timescale.
WARNING: [XSIM 43-4099] "C:/Users/gs10403/CA-LAB-SPR-2026/Vivado Labs/Lab06/Lab06-CA_task2/Lab06-CA.srcs/sources_1/new/ALU.v" Line 40. Module ALU_1bit doesn't have a timescale but at least one module in design has a timescale.
WARNING: [XSIM 43-4099] "C:/Users/gs10403/CA-LAB-SPR-2026/Vivado Labs/Lab06/Lab06-CA_task2/Lab06-CA.srcs/sources_1/new/ALU.v" Line 27. Module full_adder doesn't have a timescale but at least one module in design has a timescale.
WARNING: [XSIM 43-4099] "C:/Users/gs10403/CA-LAB-SPR-2026/Vivado Labs/Lab06/Lab06-CA_task2/Lab06-CA.srcs/sources_1/new/ALU.v" Line 40. Module ALU_1bit doesn't have a timescale but at least one module in design has a timescale.
WARNING: [XSIM 43-4099] "C:/Users/gs10403/CA-LAB-SPR-2026/Vivado Labs/Lab06/Lab06-CA_task2/Lab06-CA.srcs/sources_1/new/ALU.v" Line 27. Module full_adder doesn't have a timescale but at least one module in design has a timescale.
WARNING: [XSIM 43-4099] "C:/Users/gs10403/CA-LAB-SPR-2026/Vivado Labs/Lab06/Lab06-CA_task2/Lab06-CA.srcs/sources_1/new/ALU.v" Line 27. Module full_adder doesn't have a timescale but at least one module in design has a timescale.
WARNING: [XSIM 43-4099] "C:/Users/gs10403/CA-LAB-SPR-2026/Vivado Labs/Lab06/Lab06-CA_task2/Lab06-CA.srcs/sources_1/new/ALU.v" Line 27. Module full_adder doesn't have a timescale but at least one module in design has a timescale.
WARNING: [XSIM 43-4099] "C:/Users/gs10403/CA-LAB-SPR-2026/Vivado Labs/Lab06/Lab06-CA_task2/Lab06-CA.srcs/sources_1/new/ALU.v" Line 27. Module full_adder doesn't have a timescale but at least one module in design has a timescale.
INFO: [Common 17-14] Message 'XSIM 43-4099' appears 100 times and further instances of the messages will be disabled. Use the Tcl command set_msg_config to change the current settings.
Completed simulation data flow analysis
Time Resolution for simulation is 1ps
Compiling module xil_defaultlib.debouncer
Compiling module xil_defaultlib.ProgramCounter
Compiling module xil_defaultlib.full_adder
Compiling module xil_defaultlib.pcAdder_default
Compiling module xil_defaultlib.instructionMemory
Compiling module xil_defaultlib.MainControl
Compiling module xil_defaultlib.RegisterFile
Compiling module xil_defaultlib.immGen
Compiling module xil_defaultlib.ALUControl
Compiling module xil_defaultlib.mux2
Compiling module xil_defaultlib.ALU_1bit
Compiling module xil_defaultlib.ALU_32bit_default
Compiling module xil_defaultlib.branchAdder
Compiling module xil_defaultlib.AddressDecoder
Compiling module xil_defaultlib.DataMemory
Compiling module xil_defaultlib.led_driver
Compiling module xil_defaultlib.switch_reader
Compiling module xil_defaultlib.addressDecoderTop
Compiling module xil_defaultlib.TopLevelProcessor
Compiling module xil_defaultlib.tb_TopLevelProcessor
Compiling module xil_defaultlib.glbl
Built simulation snapshot tb_TopLevelProcessor_behav

****** Webtalk v2020.1 (64-bit)
  **** SW Build 2902540 on Wed May 27 19:54:49 MDT 2020
  **** IP Build 2902112 on Wed May 27 22:43:36 MDT 2020
    ** Copyright 1986-2020 Xilinx, Inc. All Rights Reserved.

source C:/Users/gs10403/CA-LAB-SPR-2026/Vivado -notrace
couldn't read file "C:/Users/gs10403/CA-LAB-SPR-2026/Vivado": no such file or directory
INFO: [Common 17-206] Exiting Webtalk at Tue Apr 21 14:09:41 2026...
run_program: Time (s): cpu = 00:00:00 ; elapsed = 00:00:08 . Memory (MB): peak = 2756.340 ; gain = 0.000
INFO: [USF-XSim-69] 'elaborate' step finished in '8' seconds
INFO: [USF-XSim-4] XSim::Simulate design
INFO: [USF-XSim-61] Executing 'SIMULATE' step in 'C:/Users/gs10403/CA-LAB-SPR-2026/Vivado Labs/Lab11/Task2/Task2.sim/sim_1/behav/xsim'
INFO: [USF-XSim-98] *** Running xsim
   with args "tb_TopLevelProcessor_behav -key {Behavioral:sim_1:Functional:tb_TopLevelProcessor} -tclbatch {tb_TopLevelProcessor.tcl} -log {simulate.log}"
INFO: [USF-XSim-8] Loading simulator feature
Vivado Simulator 2020.1
Time resolution is 1 ps
source tb_TopLevelProcessor.tcl
# set curr_wave [current_wave_config]
# if { [string length $curr_wave] == 0 } {
#   if { [llength [get_objects]] > 0} {
#     add_wave /
#     set_property needs_save false [current_wave_config]
#   } else {
#      send_msg_id Add_Wave-1 WARNING "No top level signals found. Simulator will start without a wave window. If you want to open a wave window go to 'File->New Waveform Configuration' or type 'create_wave_config' in the TCL console."
#   }
# }
# run 1000ns
Time	PC		Instr		LED	Switch
0	xxxxxxxx	xxxxxxxx	    x	    0
120000	xxxxxxxx	xxxxxxxx	    x	    6
130000	xxxxxxxx	xxxxxxxx	    x	    0
INFO: [USF-XSim-96] XSim completed. Design snapshot 'tb_TopLevelProcessor_behav' loaded.
INFO: [USF-XSim-97] XSim simulation ran for 1000ns
launch_simulation: Time (s): cpu = 00:00:07 ; elapsed = 00:00:16 . Memory (MB): peak = 2756.340 ; gain = 0.000
update_compile_order -fileset sources_1
update_compile_order -fileset sources_1
open_run impl_1
Netlist sorting complete. Time (s): cpu = 00:00:00 ; elapsed = 00:00:00.006 . Memory (MB): peak = 2756.340 ; gain = 0.000
INFO: [Netlist 29-17] Analyzing 178 Unisim elements for replacement
INFO: [Netlist 29-28] Unisim Transformation completed in 0 CPU seconds
INFO: [Project 1-479] Netlist was created with Vivado 2020.1
INFO: [Project 1-570] Preparing netlist for logic optimization
INFO: [Timing 38-478] Restoring timing data from binary archive.
INFO: [Timing 38-479] Binary timing data restore complete.
INFO: [Project 1-856] Restoring constraints from binary archive.
INFO: [Project 1-853] Binary constraint restore complete.
Reading XDEF placement.
Reading placer database...
Reading XDEF routing.
Read XDEF File: Time (s): cpu = 00:00:00 ; elapsed = 00:00:00.108 . Memory (MB): peak = 2756.340 ; gain = 0.000
Restored from archive | CPU: 0.000000 secs | Memory: 0.000000 MB |
Finished XDEF File Restore: Time (s): cpu = 00:00:00 ; elapsed = 00:00:00.108 . Memory (MB): peak = 2756.340 ; gain = 0.000
Netlist sorting complete. Time (s): cpu = 00:00:00 ; elapsed = 00:00:00.001 . Memory (MB): peak = 2756.340 ; gain = 0.000
INFO: [Project 1-111] Unisim Transformation Summary:
  A total of 63 instances were transformed.
  RAM256X1S => RAM256X1S (MUXF7(x2), MUXF8, RAMS64E(x4)): 63 instances

update_compile_order -fileset sources_1
close_sim
INFO: [Simtcl 6-16] Simulation closed
exit
INFO: [Common 17-206] Exiting Vivado at Tue Apr 21 14:25:00 2026...
