#-----------------------------------------------------------
# Vivado v2020.1 (64-bit)
# SW Build 2902540 on Wed May 27 19:54:49 MDT 2020
# IP Build 2902112 on Wed May 27 22:43:36 MDT 2020
# Start of session at: Thu Apr 23 09:38:55 2026
# Process ID: 11316
# Current directory: C:/Users/gs10403/CA-LAB-SPR-2026/Vivado Labs/Lab11/Task2
# Command line: vivado.exe -gui_launcher_event rodinguilauncherevent4172 C:\Users\gs10403\CA-LAB-SPR-2026\Vivado Labs\Lab11\Task2\Task2.xpr
# Log file: C:/Users/gs10403/CA-LAB-SPR-2026/Vivado Labs/Lab11/Task2/vivado.log
# Journal file: C:/Users/gs10403/CA-LAB-SPR-2026/Vivado Labs/Lab11/Task2\vivado.jou
#-----------------------------------------------------------
start_gui
open_project {C:/Users/gs10403/CA-LAB-SPR-2026/Vivado Labs/Lab11/Task2/Task2.xpr}
Scanning sources...
Finished scanning sources
INFO: [IP_Flow 19-234] Refreshing IP repositories
INFO: [IP_Flow 19-1704] No user IP repositories specified
INFO: [IP_Flow 19-2313] Loaded Vivado IP repository 'C:/Xilinx/Vivado/2020.1/data/ip'.
open_project: Time (s): cpu = 00:00:10 ; elapsed = 00:00:05 . Memory (MB): peak = 1024.875 ; gain = 0.000
update_compile_order -fileset sources_1
