#-----------------------------------------------------------
# Vivado v2020.1 (64-bit)
# SW Build 2902540 on Wed May 27 19:54:49 MDT 2020
# IP Build 2902112 on Wed May 27 22:43:36 MDT 2020
# Start of session at: Sat Apr 11 11:34:38 2026
# Process ID: 1412
# Current directory: C:/Users/gs10403/CA-LAB-SPR-2026/Vivado Labs/Lab11/Task1
# Command line: vivado.exe -gui_launcher_event rodinguilauncherevent1776 C:\Users\gs10403\CA-LAB-SPR-2026\Vivado Labs\Lab11\Task1\Task1.xpr
# Log file: C:/Users/gs10403/CA-LAB-SPR-2026/Vivado Labs/Lab11/Task1/vivado.log
# Journal file: C:/Users/gs10403/CA-LAB-SPR-2026/Vivado Labs/Lab11/Task1\vivado.jou
#-----------------------------------------------------------
start_gui
open_project {C:/Users/gs10403/CA-LAB-SPR-2026/Vivado Labs/Lab11/Task1/Task1.xpr}
Scanning sources...
Finished scanning sources
INFO: [IP_Flow 19-234] Refreshing IP repositories
INFO: [IP_Flow 19-1704] No user IP repositories specified
INFO: [IP_Flow 19-2313] Loaded Vivado IP repository 'C:/Xilinx/Vivado/2020.1/data/ip'.
update_compile_order -fileset sources_1
create_project Task2 {C:/Users/gs10403/CA-LAB-SPR-2026/Vivado Labs/Lab10/Task2} -part xc7a35tcpg236-1
INFO: [IP_Flow 19-234] Refreshing IP repositories
INFO: [IP_Flow 19-1704] No user IP repositories specified
INFO: [IP_Flow 19-2313] Loaded Vivado IP repository 'C:/Xilinx/Vivado/2020.1/data/ip'.
file mkdir C:/Users/gs10403/CA-LAB-SPR-2026/Vivado Labs/Lab10/Task2/Task2.srcs/sources_1/new
can't create directory "C:/Users/gs10403/CA-LAB-SPR-2026/Vivado": file already exists
file mkdir C:/Users/gs10403/CA-LAB-SPR-2026/Vivado Labs/Lab10/Task2/Task2.srcs/sources_1/new
can't create directory "C:/Users/gs10403/CA-LAB-SPR-2026/Vivado": file already exists
file mkdir C:/Users/gs10403/CA-LAB-SPR-2026/Vivado Labs/Lab10/Task2/Task2.srcs/sources_1/new
can't create directory "C:/Users/gs10403/CA-LAB-SPR-2026/Vivado": file already exists
file mkdir {C:/Users/gs10403/CA-LAB-SPR-2026/Vivado Labs/Lab10/Task2/Task2.srcs/sources_1/new}
close [ open {C:/Users/gs10403/CA-LAB-SPR-2026/Vivado Labs/Lab10/Task2/Task2.srcs/sources_1/new/InstructionMemory.v} w ]
add_files {{C:/Users/gs10403/CA-LAB-SPR-2026/Vivado Labs/Lab10/Task2/Task2.srcs/sources_1/new/InstructionMemory.v}}
update_compile_order -fileset sources_1
close [ open {C:/Users/gs10403/CA-LAB-SPR-2026/Vivado Labs/Lab10/Task2/Task2.srcs/sources_1/new/im_tb.v} w ]
add_files {{C:/Users/gs10403/CA-LAB-SPR-2026/Vivado Labs/Lab10/Task2/Task2.srcs/sources_1/new/im_tb.v}}
update_compile_order -fileset sources_1
launch_simulation
Command: launch_simulation 
INFO: [Vivado 12-5682] Launching behavioral simulation in 'C:/Users/gs10403/CA-LAB-SPR-2026/Vivado Labs/Lab10/Task2/Task2.sim/sim_1/behav/xsim'
INFO: [SIM-utils-51] Simulation object is 'sim_1'
INFO: [SIM-utils-54] Inspecting design source files for 'instructionMemory' in fileset 'sim_1'...
INFO: [USF-XSim-97] Finding global include files...
INFO: [USF-XSim-98] Fetching design files from 'sim_1'...
INFO: [USF-XSim-2] XSim::Compile design
INFO: [USF-XSim-61] Executing 'COMPILE and ANALYZE' step in 'C:/Users/gs10403/CA-LAB-SPR-2026/Vivado Labs/Lab10/Task2/Task2.sim/sim_1/behav/xsim'
"xvlog --incr --relax -prj instructionMemory_vlog.prj"
INFO: [VRFC 10-2263] Analyzing Verilog file "C:/Users/gs10403/CA-LAB-SPR-2026/Vivado Labs/Lab10/Task2/Task2.srcs/sources_1/new/InstructionMemory.v" into library xil_defaultlib
INFO: [VRFC 10-311] analyzing module instructionMemory
INFO: [VRFC 10-2263] Analyzing Verilog file "C:/Users/gs10403/CA-LAB-SPR-2026/Vivado Labs/Lab10/Task2/Task2.sim/sim_1/behav/xsim/glbl.v" into library xil_defaultlib
INFO: [VRFC 10-311] analyzing module glbl
INFO: [USF-XSim-69] 'compile' step finished in '1' seconds
INFO: [USF-XSim-3] XSim::Elaborate design
INFO: [USF-XSim-61] Executing 'ELABORATE' step in 'C:/Users/gs10403/CA-LAB-SPR-2026/Vivado Labs/Lab10/Task2/Task2.sim/sim_1/behav/xsim'
"xelab -wto 719313e6d15e42468c418d6dcaccd35d --incr --debug typical --relax --mt 2 -L xil_defaultlib -L unisims_ver -L unimacro_ver -L secureip --snapshot instructionMemory_behav xil_defaultlib.instructionMemory xil_defaultlib.glbl -log elaborate.log"
Vivado Simulator 2020.1
Copyright 1986-1999, 2001-2020 Xilinx, Inc. All Rights Reserved.
Running: C:/Xilinx/Vivado/2020.1/bin/unwrapped/win64.o/xelab.exe -wto 719313e6d15e42468c418d6dcaccd35d --incr --debug typical --relax --mt 2 -L xil_defaultlib -L unisims_ver -L unimacro_ver -L secureip --snapshot instructionMemory_behav xil_defaultlib.instructionMemory xil_defaultlib.glbl -log elaborate.log 
Using 2 slave threads.
Starting static elaboration
Pass Through NonSizing Optimizer
Completed static elaboration
Starting simulation data flow analysis
Completed simulation data flow analysis
Time Resolution for simulation is 1ps
Compiling module xil_defaultlib.instructionMemory
Compiling module xil_defaultlib.glbl
Built simulation snapshot instructionMemory_behav

****** Webtalk v2020.1 (64-bit)
  **** SW Build 2902540 on Wed May 27 19:54:49 MDT 2020
  **** IP Build 2902112 on Wed May 27 22:43:36 MDT 2020
    ** Copyright 1986-2020 Xilinx, Inc. All Rights Reserved.

source C:/Users/gs10403/CA-LAB-SPR-2026/Vivado -notrace
invalid command name "%"
    while executing
"% Total    % Received % Xferd  Average Speed   Time    Time     Time  Current"
    (file "C:/Users/gs10403/CA-LAB-SPR-2026/Vivado" line 1)
INFO: [Common 17-206] Exiting Webtalk at Sat Apr 11 12:03:27 2026...
INFO: [USF-XSim-69] 'elaborate' step finished in '4' seconds
INFO: [USF-XSim-4] XSim::Simulate design
INFO: [USF-XSim-61] Executing 'SIMULATE' step in 'C:/Users/gs10403/CA-LAB-SPR-2026/Vivado Labs/Lab10/Task2/Task2.sim/sim_1/behav/xsim'
INFO: [USF-XSim-98] *** Running xsim
   with args "instructionMemory_behav -key {Behavioral:sim_1:Functional:instructionMemory} -tclbatch {instructionMemory.tcl} -log {simulate.log}"
INFO: [USF-XSim-8] Loading simulator feature
Vivado Simulator 2020.1
Time resolution is 1 ps
source instructionMemory.tcl
# set curr_wave [current_wave_config]
# if { [string length $curr_wave] == 0 } {
#   if { [llength [get_objects]] > 0} {
#     add_wave /
#     set_property needs_save false [current_wave_config]
#   } else {
#      send_msg_id Add_Wave-1 WARNING "No top level signals found. Simulator will start without a wave window. If you want to open a wave window go to 'File->New Waveform Configuration' or type 'create_wave_config' in the TCL console."
#   }
# }
# run 1000ns
WARNING: File program.mem referenced on C:/Users/gs10403/CA-LAB-SPR-2026/Vivado Labs/Lab10/Task2/Task2.srcs/sources_1/new/InstructionMemory.v at line 33 cannot be opened for reading. Please ensure that this file is available in the current working directory.
INFO: [USF-XSim-96] XSim completed. Design snapshot 'instructionMemory_behav' loaded.
INFO: [USF-XSim-97] XSim simulation ran for 1000ns
launch_simulation: Time (s): cpu = 00:00:03 ; elapsed = 00:00:07 . Memory (MB): peak = 1027.398 ; gain = 0.000
update_compile_order -fileset sources_1
relaunch_sim
Command: launch_simulation -simset sim_1 -mode behavioral
INFO: [Vivado 12-5682] Launching behavioral simulation in 'C:/Users/gs10403/CA-LAB-SPR-2026/Vivado Labs/Lab10/Task2/Task2.sim/sim_1/behav/xsim'
INFO: [SIM-utils-51] Simulation object is 'sim_1'
INFO: [SIM-utils-54] Inspecting design source files for 'tb_lab10' in fileset 'sim_1'...
INFO: [USF-XSim-97] Finding global include files...
INFO: [USF-XSim-98] Fetching design files from 'sim_1'...
INFO: [USF-XSim-2] XSim::Compile design
INFO: [USF-XSim-61] Executing 'COMPILE and ANALYZE' step in 'C:/Users/gs10403/CA-LAB-SPR-2026/Vivado Labs/Lab10/Task2/Task2.sim/sim_1/behav/xsim'
"xvlog --incr --relax -prj tb_lab10_vlog.prj"
INFO: [VRFC 10-2263] Analyzing Verilog file "C:/Users/gs10403/CA-LAB-SPR-2026/Vivado Labs/Lab10/Task2/Task2.srcs/sources_1/new/im_tb.v" into library xil_defaultlib
INFO: [VRFC 10-311] analyzing module tb_lab10
INFO: [USF-XSim-69] 'compile' step finished in '1' seconds
Command: launch_simulation -simset sim_1 -mode behavioral
INFO: [Vivado 12-5682] Launching behavioral simulation in 'C:/Users/gs10403/CA-LAB-SPR-2026/Vivado Labs/Lab10/Task2/Task2.sim/sim_1/behav/xsim'
INFO: [USF-XSim-3] XSim::Elaborate design
INFO: [USF-XSim-61] Executing 'ELABORATE' step in 'C:/Users/gs10403/CA-LAB-SPR-2026/Vivado Labs/Lab10/Task2/Task2.sim/sim_1/behav/xsim'
"xelab -wto 719313e6d15e42468c418d6dcaccd35d --incr --debug typical --relax --mt 2 -L xil_defaultlib -L unisims_ver -L unimacro_ver -L secureip --snapshot tb_lab10_behav xil_defaultlib.tb_lab10 xil_defaultlib.glbl -log elaborate.log"
Vivado Simulator 2020.1
Copyright 1986-1999, 2001-2020 Xilinx, Inc. All Rights Reserved.
Running: C:/Xilinx/Vivado/2020.1/bin/unwrapped/win64.o/xelab.exe -wto 719313e6d15e42468c418d6dcaccd35d --incr --debug typical --relax --mt 2 -L xil_defaultlib -L unisims_ver -L unimacro_ver -L secureip --snapshot tb_lab10_behav xil_defaultlib.tb_lab10 xil_defaultlib.glbl -log elaborate.log 
Using 2 slave threads.
Starting static elaboration
Pass Through NonSizing Optimizer
ERROR: [VRFC 10-2063] Module <processor_top> not found while processing module instance <uut> [C:/Users/gs10403/CA-LAB-SPR-2026/Vivado Labs/Lab10/Task2/Task2.srcs/sources_1/new/im_tb.v:36]
ERROR: [XSIM 43-3322] Static elaboration of top level Verilog design unit(s) in library work failed.
INFO: [USF-XSim-69] 'elaborate' step finished in '1' seconds
INFO: [USF-XSim-99] Step results log file:'C:/Users/gs10403/CA-LAB-SPR-2026/Vivado Labs/Lab10/Task2/Task2.sim/sim_1/behav/xsim/elaborate.log'
ERROR: [USF-XSim-62] 'elaborate' step failed with error(s). Please check the Tcl console output or 'C:/Users/gs10403/CA-LAB-SPR-2026/Vivado Labs/Lab10/Task2/Task2.sim/sim_1/behav/xsim/elaborate.log' file for more information.
ERROR: [Vivado 12-4473] Detected error while running simulation. Please correct the issue and retry this operation.
ERROR: [Common 17-39] 'launch_simulation' failed due to earlier errors.
ERROR: [Common 17-69] Command failed: ERROR: [Common 17-39] 'launch_simulation' failed due to earlier errors.

relaunch_sim
Command: launch_simulation -simset sim_1 -mode behavioral
INFO: [Vivado 12-5682] Launching behavioral simulation in 'C:/Users/gs10403/CA-LAB-SPR-2026/Vivado Labs/Lab10/Task2/Task2.sim/sim_1/behav/xsim'
INFO: [SIM-utils-51] Simulation object is 'sim_1'
INFO: [SIM-utils-54] Inspecting design source files for 'tb_lab10' in fileset 'sim_1'...
INFO: [USF-XSim-97] Finding global include files...
INFO: [USF-XSim-98] Fetching design files from 'sim_1'...
INFO: [USF-XSim-2] XSim::Compile design
INFO: [USF-XSim-61] Executing 'COMPILE and ANALYZE' step in 'C:/Users/gs10403/CA-LAB-SPR-2026/Vivado Labs/Lab10/Task2/Task2.sim/sim_1/behav/xsim'
"xvlog --incr --relax -prj tb_lab10_vlog.prj"
INFO: [USF-XSim-69] 'compile' step finished in '1' seconds
Command: launch_simulation -simset sim_1 -mode behavioral
INFO: [Vivado 12-5682] Launching behavioral simulation in 'C:/Users/gs10403/CA-LAB-SPR-2026/Vivado Labs/Lab10/Task2/Task2.sim/sim_1/behav/xsim'
INFO: [USF-XSim-3] XSim::Elaborate design
INFO: [USF-XSim-61] Executing 'ELABORATE' step in 'C:/Users/gs10403/CA-LAB-SPR-2026/Vivado Labs/Lab10/Task2/Task2.sim/sim_1/behav/xsim'
"xelab -wto 719313e6d15e42468c418d6dcaccd35d --incr --debug typical --relax --mt 2 -L xil_defaultlib -L unisims_ver -L unimacro_ver -L secureip --snapshot tb_lab10_behav xil_defaultlib.tb_lab10 xil_defaultlib.glbl -log elaborate.log"
Vivado Simulator 2020.1
Copyright 1986-1999, 2001-2020 Xilinx, Inc. All Rights Reserved.
Running: C:/Xilinx/Vivado/2020.1/bin/unwrapped/win64.o/xelab.exe -wto 719313e6d15e42468c418d6dcaccd35d --incr --debug typical --relax --mt 2 -L xil_defaultlib -L unisims_ver -L unimacro_ver -L secureip --snapshot tb_lab10_behav xil_defaultlib.tb_lab10 xil_defaultlib.glbl -log elaborate.log 
Using 2 slave threads.
Starting static elaboration
Pass Through NonSizing Optimizer
ERROR: [VRFC 10-2063] Module <processor_top> not found while processing module instance <uut> [C:/Users/gs10403/CA-LAB-SPR-2026/Vivado Labs/Lab10/Task2/Task2.srcs/sources_1/new/im_tb.v:36]
ERROR: [XSIM 43-3322] Static elaboration of top level Verilog design unit(s) in library work failed.
INFO: [USF-XSim-69] 'elaborate' step finished in '1' seconds
INFO: [USF-XSim-99] Step results log file:'C:/Users/gs10403/CA-LAB-SPR-2026/Vivado Labs/Lab10/Task2/Task2.sim/sim_1/behav/xsim/elaborate.log'
ERROR: [USF-XSim-62] 'elaborate' step failed with error(s). Please check the Tcl console output or 'C:/Users/gs10403/CA-LAB-SPR-2026/Vivado Labs/Lab10/Task2/Task2.sim/sim_1/behav/xsim/elaborate.log' file for more information.
ERROR: [Vivado 12-4473] Detected error while running simulation. Please correct the issue and retry this operation.
ERROR: [Common 17-39] 'launch_simulation' failed due to earlier errors.
ERROR: [Common 17-69] Command failed: ERROR: [Common 17-39] 'launch_simulation' failed due to earlier errors.

relaunch_sim
Command: launch_simulation -simset sim_1 -mode behavioral
INFO: [Vivado 12-5682] Launching behavioral simulation in 'C:/Users/gs10403/CA-LAB-SPR-2026/Vivado Labs/Lab10/Task2/Task2.sim/sim_1/behav/xsim'
INFO: [SIM-utils-51] Simulation object is 'sim_1'
INFO: [SIM-utils-54] Inspecting design source files for 'tb_lab10' in fileset 'sim_1'...
INFO: [USF-XSim-97] Finding global include files...
INFO: [USF-XSim-98] Fetching design files from 'sim_1'...
INFO: [USF-XSim-2] XSim::Compile design
INFO: [USF-XSim-61] Executing 'COMPILE and ANALYZE' step in 'C:/Users/gs10403/CA-LAB-SPR-2026/Vivado Labs/Lab10/Task2/Task2.sim/sim_1/behav/xsim'
"xvlog --incr --relax -prj tb_lab10_vlog.prj"
INFO: [USF-XSim-69] 'compile' step finished in '1' seconds
Command: launch_simulation -simset sim_1 -mode behavioral
INFO: [Vivado 12-5682] Launching behavioral simulation in 'C:/Users/gs10403/CA-LAB-SPR-2026/Vivado Labs/Lab10/Task2/Task2.sim/sim_1/behav/xsim'
INFO: [USF-XSim-3] XSim::Elaborate design
INFO: [USF-XSim-61] Executing 'ELABORATE' step in 'C:/Users/gs10403/CA-LAB-SPR-2026/Vivado Labs/Lab10/Task2/Task2.sim/sim_1/behav/xsim'
"xelab -wto 719313e6d15e42468c418d6dcaccd35d --incr --debug typical --relax --mt 2 -L xil_defaultlib -L unisims_ver -L unimacro_ver -L secureip --snapshot tb_lab10_behav xil_defaultlib.tb_lab10 xil_defaultlib.glbl -log elaborate.log"
Vivado Simulator 2020.1
Copyright 1986-1999, 2001-2020 Xilinx, Inc. All Rights Reserved.
Running: C:/Xilinx/Vivado/2020.1/bin/unwrapped/win64.o/xelab.exe -wto 719313e6d15e42468c418d6dcaccd35d --incr --debug typical --relax --mt 2 -L xil_defaultlib -L unisims_ver -L unimacro_ver -L secureip --snapshot tb_lab10_behav xil_defaultlib.tb_lab10 xil_defaultlib.glbl -log elaborate.log 
Using 2 slave threads.
Starting static elaboration
Pass Through NonSizing Optimizer
ERROR: [VRFC 10-2063] Module <processor_top> not found while processing module instance <uut> [C:/Users/gs10403/CA-LAB-SPR-2026/Vivado Labs/Lab10/Task2/Task2.srcs/sources_1/new/im_tb.v:36]
ERROR: [XSIM 43-3322] Static elaboration of top level Verilog design unit(s) in library work failed.
INFO: [USF-XSim-69] 'elaborate' step finished in '2' seconds
INFO: [USF-XSim-99] Step results log file:'C:/Users/gs10403/CA-LAB-SPR-2026/Vivado Labs/Lab10/Task2/Task2.sim/sim_1/behav/xsim/elaborate.log'
ERROR: [USF-XSim-62] 'elaborate' step failed with error(s). Please check the Tcl console output or 'C:/Users/gs10403/CA-LAB-SPR-2026/Vivado Labs/Lab10/Task2/Task2.sim/sim_1/behav/xsim/elaborate.log' file for more information.
ERROR: [Vivado 12-4473] Detected error while running simulation. Please correct the issue and retry this operation.
ERROR: [Common 17-39] 'launch_simulation' failed due to earlier errors.
ERROR: [Common 17-69] Command failed: ERROR: [Common 17-39] 'launch_simulation' failed due to earlier errors.

launch_simulation
Command: launch_simulation 
INFO: [Vivado 12-5682] Launching behavioral simulation in 'C:/Users/gs10403/CA-LAB-SPR-2026/Vivado Labs/Lab10/Task2/Task2.sim/sim_1/behav/xsim'
INFO: [SIM-utils-51] Simulation object is 'sim_1'
INFO: [SIM-utils-54] Inspecting design source files for 'tb_lab10' in fileset 'sim_1'...
INFO: [USF-XSim-97] Finding global include files...
INFO: [USF-XSim-98] Fetching design files from 'sim_1'...
INFO: [USF-XSim-2] XSim::Compile design
INFO: [USF-XSim-61] Executing 'COMPILE and ANALYZE' step in 'C:/Users/gs10403/CA-LAB-SPR-2026/Vivado Labs/Lab10/Task2/Task2.sim/sim_1/behav/xsim'
"xvlog --incr --relax -prj tb_lab10_vlog.prj"
INFO: [USF-XSim-69] 'compile' step finished in '1' seconds
INFO: [USF-XSim-3] XSim::Elaborate design
INFO: [USF-XSim-61] Executing 'ELABORATE' step in 'C:/Users/gs10403/CA-LAB-SPR-2026/Vivado Labs/Lab10/Task2/Task2.sim/sim_1/behav/xsim'
"xelab -wto 719313e6d15e42468c418d6dcaccd35d --incr --debug typical --relax --mt 2 -L xil_defaultlib -L unisims_ver -L unimacro_ver -L secureip --snapshot tb_lab10_behav xil_defaultlib.tb_lab10 xil_defaultlib.glbl -log elaborate.log"
Vivado Simulator 2020.1
Copyright 1986-1999, 2001-2020 Xilinx, Inc. All Rights Reserved.
Running: C:/Xilinx/Vivado/2020.1/bin/unwrapped/win64.o/xelab.exe -wto 719313e6d15e42468c418d6dcaccd35d --incr --debug typical --relax --mt 2 -L xil_defaultlib -L unisims_ver -L unimacro_ver -L secureip --snapshot tb_lab10_behav xil_defaultlib.tb_lab10 xil_defaultlib.glbl -log elaborate.log 
Using 2 slave threads.
Starting static elaboration
Pass Through NonSizing Optimizer
ERROR: [VRFC 10-2063] Module <processor_top> not found while processing module instance <uut> [C:/Users/gs10403/CA-LAB-SPR-2026/Vivado Labs/Lab10/Task2/Task2.srcs/sources_1/new/im_tb.v:36]
ERROR: [XSIM 43-3322] Static elaboration of top level Verilog design unit(s) in library work failed.
INFO: [USF-XSim-69] 'elaborate' step finished in '2' seconds
INFO: [USF-XSim-99] Step results log file:'C:/Users/gs10403/CA-LAB-SPR-2026/Vivado Labs/Lab10/Task2/Task2.sim/sim_1/behav/xsim/elaborate.log'
ERROR: [USF-XSim-62] 'elaborate' step failed with error(s). Please check the Tcl console output or 'C:/Users/gs10403/CA-LAB-SPR-2026/Vivado Labs/Lab10/Task2/Task2.sim/sim_1/behav/xsim/elaborate.log' file for more information.
ERROR: [Vivado 12-4473] Detected error while running simulation. Please correct the issue and retry this operation.
ERROR: [Common 17-39] 'launch_simulation' failed due to earlier errors.
launch_simulation
Command: launch_simulation 
INFO: [Vivado 12-5682] Launching behavioral simulation in 'C:/Users/gs10403/CA-LAB-SPR-2026/Vivado Labs/Lab10/Task2/Task2.sim/sim_1/behav/xsim'
INFO: [SIM-utils-51] Simulation object is 'sim_1'
INFO: [SIM-utils-54] Inspecting design source files for 'tb_lab10' in fileset 'sim_1'...
INFO: [USF-XSim-97] Finding global include files...
INFO: [USF-XSim-98] Fetching design files from 'sim_1'...
INFO: [USF-XSim-2] XSim::Compile design
INFO: [USF-XSim-61] Executing 'COMPILE and ANALYZE' step in 'C:/Users/gs10403/CA-LAB-SPR-2026/Vivado Labs/Lab10/Task2/Task2.sim/sim_1/behav/xsim'
"xvlog --incr --relax -prj tb_lab10_vlog.prj"
INFO: [USF-XSim-69] 'compile' step finished in '1' seconds
INFO: [USF-XSim-3] XSim::Elaborate design
INFO: [USF-XSim-61] Executing 'ELABORATE' step in 'C:/Users/gs10403/CA-LAB-SPR-2026/Vivado Labs/Lab10/Task2/Task2.sim/sim_1/behav/xsim'
"xelab -wto 719313e6d15e42468c418d6dcaccd35d --incr --debug typical --relax --mt 2 -L xil_defaultlib -L unisims_ver -L unimacro_ver -L secureip --snapshot tb_lab10_behav xil_defaultlib.tb_lab10 xil_defaultlib.glbl -log elaborate.log"
Vivado Simulator 2020.1
Copyright 1986-1999, 2001-2020 Xilinx, Inc. All Rights Reserved.
Running: C:/Xilinx/Vivado/2020.1/bin/unwrapped/win64.o/xelab.exe -wto 719313e6d15e42468c418d6dcaccd35d --incr --debug typical --relax --mt 2 -L xil_defaultlib -L unisims_ver -L unimacro_ver -L secureip --snapshot tb_lab10_behav xil_defaultlib.tb_lab10 xil_defaultlib.glbl -log elaborate.log 
Using 2 slave threads.
Starting static elaboration
Pass Through NonSizing Optimizer
ERROR: [VRFC 10-2063] Module <processor_top> not found while processing module instance <uut> [C:/Users/gs10403/CA-LAB-SPR-2026/Vivado Labs/Lab10/Task2/Task2.srcs/sources_1/new/im_tb.v:36]
ERROR: [XSIM 43-3322] Static elaboration of top level Verilog design unit(s) in library work failed.
INFO: [USF-XSim-69] 'elaborate' step finished in '1' seconds
INFO: [USF-XSim-99] Step results log file:'C:/Users/gs10403/CA-LAB-SPR-2026/Vivado Labs/Lab10/Task2/Task2.sim/sim_1/behav/xsim/elaborate.log'
ERROR: [USF-XSim-62] 'elaborate' step failed with error(s). Please check the Tcl console output or 'C:/Users/gs10403/CA-LAB-SPR-2026/Vivado Labs/Lab10/Task2/Task2.sim/sim_1/behav/xsim/elaborate.log' file for more information.
ERROR: [Vivado 12-4473] Detected error while running simulation. Please correct the issue and retry this operation.
ERROR: [Common 17-39] 'launch_simulation' failed due to earlier errors.
current_project Task1
launch_simulation
Command: launch_simulation 
INFO: [Vivado 12-5682] Launching behavioral simulation in 'C:/Users/gs10403/CA-LAB-SPR-2026/Vivado Labs/Lab11/Task1/Task1.sim/sim_1/behav/xsim'
INFO: [SIM-utils-51] Simulation object is 'sim_1'
INFO: [SIM-utils-54] Inspecting design source files for 'tb_pc' in fileset 'sim_1'...
INFO: [USF-XSim-97] Finding global include files...
INFO: [USF-XSim-98] Fetching design files from 'sim_1'...
INFO: [USF-XSim-2] XSim::Compile design
INFO: [USF-XSim-61] Executing 'COMPILE and ANALYZE' step in 'C:/Users/gs10403/CA-LAB-SPR-2026/Vivado Labs/Lab11/Task1/Task1.sim/sim_1/behav/xsim'
"xvlog --incr --relax -prj tb_pc_vlog.prj"
INFO: [USF-XSim-69] 'compile' step finished in '1' seconds
INFO: [USF-XSim-3] XSim::Elaborate design
INFO: [USF-XSim-61] Executing 'ELABORATE' step in 'C:/Users/gs10403/CA-LAB-SPR-2026/Vivado Labs/Lab11/Task1/Task1.sim/sim_1/behav/xsim'
"xelab -wto a5076055fa414e098235b140e4d9f067 --incr --debug typical --relax --mt 2 -L xil_defaultlib -L unisims_ver -L unimacro_ver -L secureip --snapshot tb_pc_behav xil_defaultlib.tb_pc xil_defaultlib.glbl -log elaborate.log"
Vivado Simulator 2020.1
Copyright 1986-1999, 2001-2020 Xilinx, Inc. All Rights Reserved.
Running: C:/Xilinx/Vivado/2020.1/bin/unwrapped/win64.o/xelab.exe -wto a5076055fa414e098235b140e4d9f067 --incr --debug typical --relax --mt 2 -L xil_defaultlib -L unisims_ver -L unimacro_ver -L secureip --snapshot tb_pc_behav xil_defaultlib.tb_pc xil_defaultlib.glbl -log elaborate.log 
Using 2 slave threads.
Starting static elaboration
Pass Through NonSizing Optimizer
Completed static elaboration
INFO: [XSIM 43-4323] No Change in HDL. Linking previously generated obj files to create kernel
INFO: [USF-XSim-69] 'elaborate' step finished in '2' seconds
INFO: [USF-XSim-4] XSim::Simulate design
INFO: [USF-XSim-61] Executing 'SIMULATE' step in 'C:/Users/gs10403/CA-LAB-SPR-2026/Vivado Labs/Lab11/Task1/Task1.sim/sim_1/behav/xsim'
INFO: [USF-XSim-98] *** Running xsim
   with args "tb_pc_behav -key {Behavioral:sim_1:Functional:tb_pc} -tclbatch {tb_pc.tcl} -log {simulate.log}"
INFO: [USF-XSim-8] Loading simulator feature
Vivado Simulator 2020.1
Time resolution is 1 ps
source tb_pc.tcl
# set curr_wave [current_wave_config]
# if { [string length $curr_wave] == 0 } {
#   if { [llength [get_objects]] > 0} {
#     add_wave /
#     set_property needs_save false [current_wave_config]
#   } else {
#      send_msg_id Add_Wave-1 WARNING "No top level signals found. Simulator will start without a wave window. If you want to open a wave window go to 'File->New Waveform Configuration' or type 'create_wave_config' in the TCL console."
#   }
# }
# run 1000ns
$stop called at time : 90 ns : File "C:/Users/gs10403/CA-LAB-SPR-2026/Vivado Labs/Lab11/Task1/Task1.srcs/sources_1/new/testbench.v" Line 72
INFO: [USF-XSim-96] XSim completed. Design snapshot 'tb_pc_behav' loaded.
INFO: [USF-XSim-97] XSim simulation ran for 1000ns
launch_simulation: Time (s): cpu = 00:00:02 ; elapsed = 00:00:06 . Memory (MB): peak = 1038.836 ; gain = 0.000
current_project Task2
close [ open {C:/Users/gs10403/CA-LAB-SPR-2026/Vivado Labs/Lab10/Task2/Task2.srcs/sources_1/new/program.mem} w ]
add_files {{C:/Users/gs10403/CA-LAB-SPR-2026/Vivado Labs/Lab10/Task2/Task2.srcs/sources_1/new/program.mem}}
current_sim simulation_1
launch_simulation
Command: launch_simulation 
INFO: [Vivado 12-5682] Launching behavioral simulation in 'C:/Users/gs10403/CA-LAB-SPR-2026/Vivado Labs/Lab10/Task2/Task2.sim/sim_1/behav/xsim'
INFO: [SIM-utils-51] Simulation object is 'sim_1'
INFO: [SIM-utils-54] Inspecting design source files for 'tb_lab10' in fileset 'sim_1'...
INFO: [SIM-utils-43] Exported 'C:/Users/gs10403/CA-LAB-SPR-2026/Vivado Labs/Lab10/Task2/Task2.sim/sim_1/behav/xsim/program.mem'
INFO: [USF-XSim-97] Finding global include files...
INFO: [USF-XSim-98] Fetching design files from 'sim_1'...
INFO: [USF-XSim-2] XSim::Compile design
INFO: [USF-XSim-61] Executing 'COMPILE and ANALYZE' step in 'C:/Users/gs10403/CA-LAB-SPR-2026/Vivado Labs/Lab10/Task2/Task2.sim/sim_1/behav/xsim'
"xvlog --incr --relax -prj tb_lab10_vlog.prj"
INFO: [VRFC 10-2263] Analyzing Verilog file "C:/Users/gs10403/CA-LAB-SPR-2026/Vivado Labs/Lab10/Task2/Task2.srcs/sources_1/new/im_tb.v" into library xil_defaultlib
INFO: [VRFC 10-311] analyzing module tb_lab10
INFO: [USF-XSim-69] 'compile' step finished in '1' seconds
INFO: [USF-XSim-3] XSim::Elaborate design
INFO: [USF-XSim-61] Executing 'ELABORATE' step in 'C:/Users/gs10403/CA-LAB-SPR-2026/Vivado Labs/Lab10/Task2/Task2.sim/sim_1/behav/xsim'
"xelab -wto 719313e6d15e42468c418d6dcaccd35d --incr --debug typical --relax --mt 2 -L xil_defaultlib -L unisims_ver -L unimacro_ver -L secureip --snapshot tb_lab10_behav xil_defaultlib.tb_lab10 xil_defaultlib.glbl -log elaborate.log"
Vivado Simulator 2020.1
Copyright 1986-1999, 2001-2020 Xilinx, Inc. All Rights Reserved.
Running: C:/Xilinx/Vivado/2020.1/bin/unwrapped/win64.o/xelab.exe -wto 719313e6d15e42468c418d6dcaccd35d --incr --debug typical --relax --mt 2 -L xil_defaultlib -L unisims_ver -L unimacro_ver -L secureip --snapshot tb_lab10_behav xil_defaultlib.tb_lab10 xil_defaultlib.glbl -log elaborate.log 
Using 2 slave threads.
Starting static elaboration
Pass Through NonSizing Optimizer
ERROR: [VRFC 10-2063] Module <processor_top> not found while processing module instance <uut> [C:/Users/gs10403/CA-LAB-SPR-2026/Vivado Labs/Lab10/Task2/Task2.srcs/sources_1/new/im_tb.v:36]
ERROR: [XSIM 43-3322] Static elaboration of top level Verilog design unit(s) in library work failed.
INFO: [USF-XSim-69] 'elaborate' step finished in '1' seconds
INFO: [USF-XSim-99] Step results log file:'C:/Users/gs10403/CA-LAB-SPR-2026/Vivado Labs/Lab10/Task2/Task2.sim/sim_1/behav/xsim/elaborate.log'
ERROR: [USF-XSim-62] 'elaborate' step failed with error(s). Please check the Tcl console output or 'C:/Users/gs10403/CA-LAB-SPR-2026/Vivado Labs/Lab10/Task2/Task2.sim/sim_1/behav/xsim/elaborate.log' file for more information.
ERROR: [Vivado 12-4473] Detected error while running simulation. Please correct the issue and retry this operation.
ERROR: [Common 17-39] 'launch_simulation' failed due to earlier errors.
current_project Task1
current_sim simulation_2
close_sim
INFO: [Simtcl 6-16] Simulation closed
close_project
close_sim
INFO: [Simtcl 6-16] Simulation closed
exit
INFO: [Common 17-206] Exiting Vivado at Sat Apr 11 13:21:06 2026...
