Copyright 1986-2020 Xilinx, Inc. All Rights Reserved.
----------------------------------------------------------------------------------------------
| Tool Version : Vivado v.2020.1 (win64) Build 2902540 Wed May 27 19:54:49 MDT 2020
| Date         : Thu Apr 16 15:48:01 2026
| Host         : HULIB-FX62Y04 running 64-bit major release  (build 9200)
| Command      : report_control_sets -verbose -file TopLevelProcessor_control_sets_placed.rpt
| Design       : TopLevelProcessor
| Device       : xc7a35t
----------------------------------------------------------------------------------------------

Control Set Information

Table of Contents
-----------------
1. Summary
2. Histogram
3. Flip-Flop Distribution
4. Detailed Control Set Information

1. Summary
----------

+----------------------------------------------------------+-------+
|                          Status                          | Count |
+----------------------------------------------------------+-------+
| Total control sets                                       |    14 |
|    Minimum number of control sets                        |    14 |
|    Addition due to synthesis replication                 |     0 |
|    Addition due to physical synthesis replication        |     0 |
| Unused register locations in slices containing registers |    12 |
+----------------------------------------------------------+-------+
* Control sets can be merged at opt_design using control_set_merge or merge_equivalent_drivers
** Run report_qor_suggestions for automated merging and remapping suggestions


2. Histogram
------------

+--------------------+-------+
|       Fanout       | Count |
+--------------------+-------+
| Total control sets |    14 |
| >= 0 to < 4        |     0 |
| >= 4 to < 6        |     0 |
| >= 6 to < 8        |     0 |
| >= 8 to < 10       |     1 |
| >= 10 to < 12      |     0 |
| >= 12 to < 14      |     0 |
| >= 14 to < 16      |     0 |
| >= 16              |    13 |
+--------------------+-------+
* Control sets can be remapped at either synth_design or opt_design


3. Flip-Flop Distribution
-------------------------

+--------------+-----------------------+------------------------+-----------------+--------------+
| Clock Enable | Synchronous Set/Reset | Asynchronous Set/Reset | Total Registers | Total Slices |
+--------------+-----------------------+------------------------+-----------------+--------------+
| No           | No                    | No                     |              36 |           10 |
| No           | No                    | Yes                    |               0 |            0 |
| No           | Yes                   | No                     |               0 |            0 |
| Yes          | No                    | No                     |             288 |          186 |
| Yes          | No                    | Yes                    |               0 |            0 |
| Yes          | Yes                   | No                     |               0 |            0 |
+--------------+-----------------------+------------------------+-----------------+--------------+


4. Detailed Control Set Information
-----------------------------------

+----------------+----------------------------------------+------------------+------------------+----------------+--------------+
|  Clock Signal  |              Enable Signal             | Set/Reset Signal | Slice Load Count | Bel Load Count | Bels / Slice |
+----------------+----------------------------------------+------------------+------------------+----------------+--------------+
|  slow_clk_BUFG |                                        |                  |                3 |              9 |         3.00 |
|  slow_clk_BUFG | PC_reg/LEDWrite                        |                  |               10 |             16 |         1.60 |
|  slow_clk_BUFG | PC_reg/SwitchReadEnable                |                  |                8 |             16 |         2.00 |
|  clk_IBUF_BUFG |                                        |                  |                7 |             27 |         3.86 |
|  slow_clk_BUFG | PC_reg/PC_out_reg[5]_4                 |                  |               18 |             32 |         1.78 |
|  slow_clk_BUFG | PC_reg/PC_out_reg[6]_0                 |                  |               26 |             32 |         1.23 |
|  slow_clk_BUFG | PC_reg/PC_out_reg[7]_0                 |                  |               15 |             32 |         2.13 |
|  slow_clk_BUFG | PC_reg/PC_out_reg[7]_1                 |                  |               21 |             32 |         1.52 |
|  slow_clk_BUFG | PC_reg/PC_out_reg[5]_2                 |                  |               14 |             32 |         2.29 |
|  slow_clk_BUFG | PC_reg/PC_out_reg[5]_3                 |                  |               27 |             32 |         1.19 |
|  slow_clk_BUFG | PC_reg/PC_out_reg[7]_2                 |                  |               29 |             32 |         1.10 |
|  slow_clk_BUFG | PC_reg/PC_out_reg[5]_1                 |                  |               18 |             32 |         1.78 |
|  slow_clk_BUFG | MEM_IO//memory_reg_256_511_0_0_i_1_n_0 |                  |               31 |            124 |         4.00 |
|  slow_clk_BUFG | PC_reg/PC_out_reg[7]_4                 |                  |               32 |            128 |         4.00 |
+----------------+----------------------------------------+------------------+------------------+----------------+--------------+


