#-----------------------------------------------------------
# Vivado v2020.1 (64-bit)
# SW Build 2902540 on Wed May 27 19:54:49 MDT 2020
# IP Build 2902112 on Wed May 27 22:43:36 MDT 2020
# Start of session at: Thu Mar 19 20:02:03 2026
# Process ID: 4556
# Current directory: C:/Users/ghazi/CA-LAB-SPR-2026/Vivado Labs/Lab08/Lab08-Task2
# Command line: vivado.exe -gui_launcher_event rodinguilauncherevent23500 C:\Users\ghazi\CA-LAB-SPR-2026\Vivado Labs\Lab08\Lab08-Task2\Lab08-Task2.xpr
# Log file: C:/Users/ghazi/CA-LAB-SPR-2026/Vivado Labs/Lab08/Lab08-Task2/vivado.log
# Journal file: C:/Users/ghazi/CA-LAB-SPR-2026/Vivado Labs/Lab08/Lab08-Task2\vivado.jou
#-----------------------------------------------------------
start_gui
open_project {C:/Users/ghazi/CA-LAB-SPR-2026/Vivado Labs/Lab08/Lab08-Task2/Lab08-Task2.xpr}
INFO: [Project 1-313] Project file moved from 'C:/Users/gs10403/Downloads/CA-LAB-SPR-2026-main/CA-LAB-SPR-2026-main/Vivado Labs/Lab08/Lab08-Task2' since last save.
Scanning sources...
Finished scanning sources
INFO: [IP_Flow 19-234] Refreshing IP repositories
INFO: [IP_Flow 19-1704] No user IP repositories specified
INFO: [IP_Flow 19-2313] Loaded Vivado IP repository 'C:/Xilinx/Vivado/2020.1/data/ip'.
open_project: Time (s): cpu = 00:00:14 ; elapsed = 00:00:06 . Memory (MB): peak = 1027.836 ; gain = 0.000
update_compile_order -fileset sources_1
launch_simulation
Command: launch_simulation 
INFO: [Vivado 12-5682] Launching behavioral simulation in 'C:/Users/ghazi/CA-LAB-SPR-2026/Vivado Labs/Lab08/Lab08-Task2/Lab08-Task2.sim/sim_1/behav/xsim'
INFO: [SIM-utils-51] Simulation object is 'sim_1'
INFO: [SIM-utils-54] Inspecting design source files for 'MemorySystem_tb' in fileset 'sim_1'...
INFO: [USF-XSim-97] Finding global include files...
INFO: [USF-XSim-98] Fetching design files from 'sim_1'...
INFO: [USF-XSim-2] XSim::Compile design
INFO: [USF-XSim-61] Executing 'COMPILE and ANALYZE' step in 'C:/Users/ghazi/CA-LAB-SPR-2026/Vivado Labs/Lab08/Lab08-Task2/Lab08-Task2.sim/sim_1/behav/xsim'
"xvlog --incr --relax -prj MemorySystem_tb_vlog.prj"
INFO: [VRFC 10-2263] Analyzing Verilog file "C:/Users/ghazi/CA-LAB-SPR-2026/Vivado Labs/Lab08/Lab08-Task2/Lab08-Task2.srcs/sources_1/new/AddDecoder_Top.v" into library xil_defaultlib
INFO: [VRFC 10-311] analyzing module addressDecoderTop
INFO: [VRFC 10-2263] Analyzing Verilog file "C:/Users/ghazi/CA-LAB-SPR-2026/Vivado Labs/Lab08/Lab08-Task2/Lab08-Task2.srcs/sources_1/new/AddressDecoder.v" into library xil_defaultlib
INFO: [VRFC 10-311] analyzing module AddressDecoder
INFO: [VRFC 10-2263] Analyzing Verilog file "C:/Users/ghazi/CA-LAB-SPR-2026/Vivado Labs/Lab08/Lab08-Task2/Lab08-Task2.srcs/sources_1/new/DataMemory.v" into library xil_defaultlib
INFO: [VRFC 10-311] analyzing module DataMemory
INFO: [VRFC 10-2263] Analyzing Verilog file "C:/Users/ghazi/CA-LAB-SPR-2026/Vivado Labs/Lab08/Lab08-Task2/Lab08-Task2.srcs/sources_1/new/MemorySys_Tb.v" into library xil_defaultlib
INFO: [VRFC 10-311] analyzing module MemorySystem_tb
INFO: [VRFC 10-2263] Analyzing Verilog file "C:/Users/ghazi/CA-LAB-SPR-2026/Vivado Labs/Lab08/Lab08-Task2/Lab08-Task2.sim/sim_1/behav/xsim/glbl.v" into library xil_defaultlib
INFO: [VRFC 10-311] analyzing module glbl
INFO: [USF-XSim-69] 'compile' step finished in '3' seconds
INFO: [USF-XSim-3] XSim::Elaborate design
INFO: [USF-XSim-61] Executing 'ELABORATE' step in 'C:/Users/ghazi/CA-LAB-SPR-2026/Vivado Labs/Lab08/Lab08-Task2/Lab08-Task2.sim/sim_1/behav/xsim'
"xelab -wto aacf0b731f5540f2879d91254d24960f --incr --debug typical --relax --mt 2 -L xil_defaultlib -L unisims_ver -L unimacro_ver -L secureip --snapshot MemorySystem_tb_behav xil_defaultlib.MemorySystem_tb xil_defaultlib.glbl -log elaborate.log"
Vivado Simulator 2020.1
Copyright 1986-1999, 2001-2020 Xilinx, Inc. All Rights Reserved.
Running: C:/Xilinx/Vivado/2020.1/bin/unwrapped/win64.o/xelab.exe -wto aacf0b731f5540f2879d91254d24960f --incr --debug typical --relax --mt 2 -L xil_defaultlib -L unisims_ver -L unimacro_ver -L secureip --snapshot MemorySystem_tb_behav xil_defaultlib.MemorySystem_tb xil_defaultlib.glbl -log elaborate.log 
Using 2 slave threads.
Starting static elaboration
Pass Through NonSizing Optimizer
ERROR: [VRFC 10-2063] Module <switches> not found while processing module instance <led_driver> [C:/Users/ghazi/CA-LAB-SPR-2026/Vivado Labs/Lab08/Lab08-Task2/Lab08-Task2.srcs/sources_1/new/AddDecoder_Top.v:229]
ERROR: [VRFC 10-2063] Module <leds> not found while processing module instance <switch_reader> [C:/Users/ghazi/CA-LAB-SPR-2026/Vivado Labs/Lab08/Lab08-Task2/Lab08-Task2.srcs/sources_1/new/AddDecoder_Top.v:241]
ERROR: [XSIM 43-3322] Static elaboration of top level Verilog design unit(s) in library work failed.
INFO: [USF-XSim-69] 'elaborate' step finished in '2' seconds
INFO: [USF-XSim-99] Step results log file:'C:/Users/ghazi/CA-LAB-SPR-2026/Vivado Labs/Lab08/Lab08-Task2/Lab08-Task2.sim/sim_1/behav/xsim/elaborate.log'
ERROR: [USF-XSim-62] 'elaborate' step failed with error(s). Please check the Tcl console output or 'C:/Users/ghazi/CA-LAB-SPR-2026/Vivado Labs/Lab08/Lab08-Task2/Lab08-Task2.sim/sim_1/behav/xsim/elaborate.log' file for more information.
ERROR: [Vivado 12-4473] Detected error while running simulation. Please correct the issue and retry this operation.
launch_simulation: Time (s): cpu = 00:00:03 ; elapsed = 00:00:06 . Memory (MB): peak = 1027.836 ; gain = 0.000
ERROR: [Common 17-39] 'launch_simulation' failed due to earlier errors.
add_files -norecurse {{C:/Users/ghazi/CA-LAB-SPR-2026/Vivado Labs/Lab07/Lab07-Task3/Lab07-Task3.srcs/sources_1/new/led.v} {C:/Users/ghazi/CA-LAB-SPR-2026/Vivado Labs/Lab07/Lab07-Task3/Lab07-Task3.srcs/sources_1/new/switches.v}}
update_compile_order -fileset sources_1
launch_simulation
Command: launch_simulation 
INFO: [Vivado 12-5682] Launching behavioral simulation in 'C:/Users/ghazi/CA-LAB-SPR-2026/Vivado Labs/Lab08/Lab08-Task2/Lab08-Task2.sim/sim_1/behav/xsim'
INFO: [SIM-utils-51] Simulation object is 'sim_1'
INFO: [SIM-utils-54] Inspecting design source files for 'MemorySystem_tb' in fileset 'sim_1'...
INFO: [USF-XSim-97] Finding global include files...
INFO: [USF-XSim-98] Fetching design files from 'sim_1'...
INFO: [USF-XSim-2] XSim::Compile design
INFO: [USF-XSim-61] Executing 'COMPILE and ANALYZE' step in 'C:/Users/ghazi/CA-LAB-SPR-2026/Vivado Labs/Lab08/Lab08-Task2/Lab08-Task2.sim/sim_1/behav/xsim'
"xvlog --incr --relax -prj MemorySystem_tb_vlog.prj"
INFO: [VRFC 10-2263] Analyzing Verilog file "C:/Users/ghazi/CA-LAB-SPR-2026/Vivado Labs/Lab07/Lab07-Task3/Lab07-Task3.srcs/sources_1/new/led.v" into library xil_defaultlib
INFO: [VRFC 10-311] analyzing module leds
INFO: [VRFC 10-2263] Analyzing Verilog file "C:/Users/ghazi/CA-LAB-SPR-2026/Vivado Labs/Lab07/Lab07-Task3/Lab07-Task3.srcs/sources_1/new/switches.v" into library xil_defaultlib
INFO: [VRFC 10-311] analyzing module switches
INFO: [USF-XSim-69] 'compile' step finished in '2' seconds
INFO: [USF-XSim-3] XSim::Elaborate design
INFO: [USF-XSim-61] Executing 'ELABORATE' step in 'C:/Users/ghazi/CA-LAB-SPR-2026/Vivado Labs/Lab08/Lab08-Task2/Lab08-Task2.sim/sim_1/behav/xsim'
"xelab -wto aacf0b731f5540f2879d91254d24960f --incr --debug typical --relax --mt 2 -L xil_defaultlib -L unisims_ver -L unimacro_ver -L secureip --snapshot MemorySystem_tb_behav xil_defaultlib.MemorySystem_tb xil_defaultlib.glbl -log elaborate.log"
Vivado Simulator 2020.1
Copyright 1986-1999, 2001-2020 Xilinx, Inc. All Rights Reserved.
Running: C:/Xilinx/Vivado/2020.1/bin/unwrapped/win64.o/xelab.exe -wto aacf0b731f5540f2879d91254d24960f --incr --debug typical --relax --mt 2 -L xil_defaultlib -L unisims_ver -L unimacro_ver -L secureip --snapshot MemorySystem_tb_behav xil_defaultlib.MemorySystem_tb xil_defaultlib.glbl -log elaborate.log 
Using 2 slave threads.
Starting static elaboration
Pass Through NonSizing Optimizer
Completed static elaboration
Starting simulation data flow analysis
Completed simulation data flow analysis
Time Resolution for simulation is 1ps
Compiling module xil_defaultlib.AddressDecoder
Compiling module xil_defaultlib.DataMemory
Compiling module xil_defaultlib.switches
Compiling module xil_defaultlib.leds
Compiling module xil_defaultlib.addressDecoderTop
Compiling module xil_defaultlib.MemorySystem_tb
Compiling module xil_defaultlib.glbl
Built simulation snapshot MemorySystem_tb_behav

****** Webtalk v2020.1 (64-bit)
  **** SW Build 2902540 on Wed May 27 19:54:49 MDT 2020
  **** IP Build 2902112 on Wed May 27 22:43:36 MDT 2020
    ** Copyright 1986-2020 Xilinx, Inc. All Rights Reserved.

source C:/Users/ghazi/CA-LAB-SPR-2026/Vivado -notrace
invalid command name "%"
    while executing
"% Total    % Received % Xferd  Average Speed   Time    Time     Time  Current"
    (file "C:/Users/ghazi/CA-LAB-SPR-2026/Vivado" line 1)
INFO: [Common 17-206] Exiting Webtalk at Thu Mar 19 20:14:54 2026...
run_program: Time (s): cpu = 00:00:00 ; elapsed = 00:00:07 . Memory (MB): peak = 1027.836 ; gain = 0.000
INFO: [USF-XSim-69] 'elaborate' step finished in '6' seconds
INFO: [USF-XSim-4] XSim::Simulate design
INFO: [USF-XSim-61] Executing 'SIMULATE' step in 'C:/Users/ghazi/CA-LAB-SPR-2026/Vivado Labs/Lab08/Lab08-Task2/Lab08-Task2.sim/sim_1/behav/xsim'
INFO: [USF-XSim-98] *** Running xsim
   with args "MemorySystem_tb_behav -key {Behavioral:sim_1:Functional:MemorySystem_tb} -tclbatch {MemorySystem_tb.tcl} -log {simulate.log}"
INFO: [USF-XSim-8] Loading simulator feature
Vivado Simulator 2020.1
Time resolution is 1 ps
source MemorySystem_tb.tcl
# set curr_wave [current_wave_config]
# if { [string length $curr_wave] == 0 } {
#   if { [llength [get_objects]] > 0} {
#     add_wave /
#     set_property needs_save false [current_wave_config]
#   } else {
#      send_msg_id Add_Wave-1 WARNING "No top level signals found. Simulator will start without a wave window. If you want to open a wave window go to 'File->New Waveform Configuration' or type 'create_wave_config' in the TCL console."
#   }
# }
# run 1000ns
$stop called at time : 260 ns : File "C:/Users/ghazi/CA-LAB-SPR-2026/Vivado Labs/Lab08/Lab08-Task2/Lab08-Task2.srcs/sources_1/new/MemorySys_Tb.v" Line 213
INFO: [USF-XSim-96] XSim completed. Design snapshot 'MemorySystem_tb_behav' loaded.
INFO: [USF-XSim-97] XSim simulation ran for 1000ns
launch_simulation: Time (s): cpu = 00:00:10 ; elapsed = 00:00:12 . Memory (MB): peak = 1027.836 ; gain = 0.000
current_wave_config {Untitled 1}
Untitled 1
add_wave {{/MemorySystem_tb/uut}} 
current_wave_config {Untitled 1}
Untitled 1
add_wave {{/MemorySystem_tb/uut/DM}} 
relaunch_sim
Command: launch_simulation -simset sim_1 -mode behavioral
INFO: [Vivado 12-5682] Launching behavioral simulation in 'C:/Users/ghazi/CA-LAB-SPR-2026/Vivado Labs/Lab08/Lab08-Task2/Lab08-Task2.sim/sim_1/behav/xsim'
INFO: [SIM-utils-51] Simulation object is 'sim_1'
INFO: [SIM-utils-54] Inspecting design source files for 'MemorySystem_tb' in fileset 'sim_1'...
INFO: [USF-XSim-97] Finding global include files...
INFO: [USF-XSim-98] Fetching design files from 'sim_1'...
INFO: [USF-XSim-2] XSim::Compile design
INFO: [USF-XSim-61] Executing 'COMPILE and ANALYZE' step in 'C:/Users/ghazi/CA-LAB-SPR-2026/Vivado Labs/Lab08/Lab08-Task2/Lab08-Task2.sim/sim_1/behav/xsim'
"xvlog --incr --relax -prj MemorySystem_tb_vlog.prj"
INFO: [USF-XSim-69] 'compile' step finished in '1' seconds
Command: launch_simulation -simset sim_1 -mode behavioral
INFO: [Vivado 12-5682] Launching behavioral simulation in 'C:/Users/ghazi/CA-LAB-SPR-2026/Vivado Labs/Lab08/Lab08-Task2/Lab08-Task2.sim/sim_1/behav/xsim'
INFO: [USF-XSim-3] XSim::Elaborate design
INFO: [USF-XSim-61] Executing 'ELABORATE' step in 'C:/Users/ghazi/CA-LAB-SPR-2026/Vivado Labs/Lab08/Lab08-Task2/Lab08-Task2.sim/sim_1/behav/xsim'
"xelab -wto aacf0b731f5540f2879d91254d24960f --incr --debug typical --relax --mt 2 -L xil_defaultlib -L unisims_ver -L unimacro_ver -L secureip --snapshot MemorySystem_tb_behav xil_defaultlib.MemorySystem_tb xil_defaultlib.glbl -log elaborate.log"
Vivado Simulator 2020.1
Copyright 1986-1999, 2001-2020 Xilinx, Inc. All Rights Reserved.
Running: C:/Xilinx/Vivado/2020.1/bin/unwrapped/win64.o/xelab.exe -wto aacf0b731f5540f2879d91254d24960f --incr --debug typical --relax --mt 2 -L xil_defaultlib -L unisims_ver -L unimacro_ver -L secureip --snapshot MemorySystem_tb_behav xil_defaultlib.MemorySystem_tb xil_defaultlib.glbl -log elaborate.log 
Using 2 slave threads.
Starting static elaboration
Pass Through NonSizing Optimizer
Completed static elaboration
INFO: [XSIM 43-4323] No Change in HDL. Linking previously generated obj files to create kernel
INFO: [USF-XSim-69] 'elaborate' step finished in '2' seconds
Vivado Simulator 2020.1
Time resolution is 1 ps
$stop called at time : 260 ns : File "C:/Users/ghazi/CA-LAB-SPR-2026/Vivado Labs/Lab08/Lab08-Task2/Lab08-Task2.srcs/sources_1/new/MemorySys_Tb.v" Line 213
relaunch_sim: Time (s): cpu = 00:00:02 ; elapsed = 00:00:08 . Memory (MB): peak = 1027.836 ; gain = 0.000
close_sim
INFO: [Simtcl 6-16] Simulation closed
exit
INFO: [Common 17-206] Exiting Vivado at Thu Mar 19 21:22:12 2026...
