#-----------------------------------------------------------
# Vivado v2020.1 (64-bit)
# SW Build 2902540 on Wed May 27 19:54:49 MDT 2020
# IP Build 2902112 on Wed May 27 22:43:36 MDT 2020
# Start of session at: Wed Mar 18 10:29:02 2026
# Process ID: 4532
# Current directory: C:/Users/gs10403/Downloads/CA-LAB-SPR-2026-main/CA-LAB-SPR-2026-main/Vivado Labs/Lab08/Lab08-Task2
# Command line: vivado.exe -gui_launcher_event rodinguilauncherevent7324 C:\Users\gs10403\Downloads\CA-LAB-SPR-2026-main\CA-LAB-SPR-2026-main\Vivado Labs\Lab08\Lab08-Task2\Lab08-Task2.xpr
# Log file: C:/Users/gs10403/Downloads/CA-LAB-SPR-2026-main/CA-LAB-SPR-2026-main/Vivado Labs/Lab08/Lab08-Task2/vivado.log
# Journal file: C:/Users/gs10403/Downloads/CA-LAB-SPR-2026-main/CA-LAB-SPR-2026-main/Vivado Labs/Lab08/Lab08-Task2\vivado.jou
#-----------------------------------------------------------
start_gui
open_project {C:/Users/gs10403/Downloads/CA-LAB-SPR-2026-main/CA-LAB-SPR-2026-main/Vivado Labs/Lab08/Lab08-Task2/Lab08-Task2.xpr}
INFO: [ProjectBase 1-489] The host OS only allows 260 characters in a normal path. The project is stored in a path with more than 80 characters. If you experience issues with IP, Block Designs, or files not being found, please consider moving the project to a location with a shorter path. Alternately consider using the OS subst command to map part of the path to a drive letter.
Current project path is 'C:/Users/gs10403/Downloads/CA-LAB-SPR-2026-main/CA-LAB-SPR-2026-main/Vivado Labs/Lab08/Lab08-Task2'
Scanning sources...
Finished scanning sources
INFO: [IP_Flow 19-234] Refreshing IP repositories
INFO: [IP_Flow 19-1704] No user IP repositories specified
INFO: [IP_Flow 19-2313] Loaded Vivado IP repository 'C:/Xilinx/Vivado/2020.1/data/ip'.
update_compile_order -fileset sources_1
launch_simulation
Command: launch_simulation 
INFO: [Vivado 12-5682] Launching behavioral simulation in 'C:/Users/gs10403/Downloads/CA-LAB-SPR-2026-main/CA-LAB-SPR-2026-main/Vivado Labs/Lab08/Lab08-Task2/Lab08-Task2.sim/sim_1/behav/xsim'
INFO: [SIM-utils-51] Simulation object is 'sim_1'
INFO: [SIM-utils-54] Inspecting design source files for 'MemorySystem_tb' in fileset 'sim_1'...
INFO: [USF-XSim-97] Finding global include files...
INFO: [USF-XSim-98] Fetching design files from 'sim_1'...
INFO: [USF-XSim-2] XSim::Compile design
INFO: [USF-XSim-61] Executing 'COMPILE and ANALYZE' step in 'C:/Users/gs10403/Downloads/CA-LAB-SPR-2026-main/CA-LAB-SPR-2026-main/Vivado Labs/Lab08/Lab08-Task2/Lab08-Task2.sim/sim_1/behav/xsim'
"xvlog --incr --relax -prj MemorySystem_tb_vlog.prj"
INFO: [USF-XSim-69] 'compile' step finished in '2' seconds
INFO: [USF-XSim-3] XSim::Elaborate design
INFO: [USF-XSim-61] Executing 'ELABORATE' step in 'C:/Users/gs10403/Downloads/CA-LAB-SPR-2026-main/CA-LAB-SPR-2026-main/Vivado Labs/Lab08/Lab08-Task2/Lab08-Task2.sim/sim_1/behav/xsim'
"xelab -wto aacf0b731f5540f2879d91254d24960f --incr --debug typical --relax --mt 2 -L xil_defaultlib -L unisims_ver -L unimacro_ver -L secureip --snapshot MemorySystem_tb_behav xil_defaultlib.MemorySystem_tb xil_defaultlib.glbl -log elaborate.log"
Vivado Simulator 2020.1
Copyright 1986-1999, 2001-2020 Xilinx, Inc. All Rights Reserved.
Running: C:/Xilinx/Vivado/2020.1/bin/unwrapped/win64.o/xelab.exe -wto aacf0b731f5540f2879d91254d24960f --incr --debug typical --relax --mt 2 -L xil_defaultlib -L unisims_ver -L unimacro_ver -L secureip --snapshot MemorySystem_tb_behav xil_defaultlib.MemorySystem_tb xil_defaultlib.glbl -log elaborate.log 
Using 2 slave threads.
Starting static elaboration
Pass Through NonSizing Optimizer
WARNING: [VRFC 10-3091] actual bit length 8 differs from formal bit length 9 for port 'address' [C:/Users/gs10403/Downloads/CA-LAB-SPR-2026-main/CA-LAB-SPR-2026-main/Vivado Labs/Lab08/Lab08-Task2/Lab08-Task2.srcs/sources_1/new/AddDecoder_Top.v:153]
Completed static elaboration
INFO: [XSIM 43-4323] No Change in HDL. Linking previously generated obj files to create kernel
INFO: [USF-XSim-69] 'elaborate' step finished in '1' seconds
INFO: [USF-XSim-4] XSim::Simulate design
INFO: [USF-XSim-61] Executing 'SIMULATE' step in 'C:/Users/gs10403/Downloads/CA-LAB-SPR-2026-main/CA-LAB-SPR-2026-main/Vivado Labs/Lab08/Lab08-Task2/Lab08-Task2.sim/sim_1/behav/xsim'
INFO: [USF-XSim-98] *** Running xsim
   with args "MemorySystem_tb_behav -key {Behavioral:sim_1:Functional:MemorySystem_tb} -tclbatch {MemorySystem_tb.tcl} -log {simulate.log}"
INFO: [USF-XSim-8] Loading simulator feature
Vivado Simulator 2020.1
Time resolution is 1 ps
source MemorySystem_tb.tcl
# set curr_wave [current_wave_config]
# if { [string length $curr_wave] == 0 } {
#   if { [llength [get_objects]] > 0} {
#     add_wave /
#     set_property needs_save false [current_wave_config]
#   } else {
#      send_msg_id Add_Wave-1 WARNING "No top level signals found. Simulator will start without a wave window. If you want to open a wave window go to 'File->New Waveform Configuration' or type 'create_wave_config' in the TCL console."
#   }
# }
# run 1000ns
$stop called at time : 260 ns : File "C:/Users/gs10403/Downloads/CA-LAB-SPR-2026-main/CA-LAB-SPR-2026-main/Vivado Labs/Lab08/Lab08-Task2/Lab08-Task2.srcs/sources_1/new/MemorySys_Tb.v" Line 214
INFO: [USF-XSim-96] XSim completed. Design snapshot 'MemorySystem_tb_behav' loaded.
INFO: [USF-XSim-97] XSim simulation ran for 1000ns
launch_simulation: Time (s): cpu = 00:00:07 ; elapsed = 00:00:06 . Memory (MB): peak = 1024.516 ; gain = 0.000
add_bp {C:/Users/gs10403/Downloads/CA-LAB-SPR-2026-main/CA-LAB-SPR-2026-main/Vivado Labs/Lab08/Lab08-Task2/Lab08-Task2.srcs/sources_1/new/AddDecoder_Top.v} 162
remove_bps -file {C:/Users/gs10403/Downloads/CA-LAB-SPR-2026-main/CA-LAB-SPR-2026-main/Vivado Labs/Lab08/Lab08-Task2/Lab08-Task2.srcs/sources_1/new/AddDecoder_Top.v} -line 162
close_sim
ERROR: [Vivado 12-106] *** Exception: java.lang.NullPointerException (See C:/Users/gs10403/Downloads/CA-LAB-SPR-2026-main/CA-LAB-SPR-2026-main/Vivado Labs/Lab08/Lab08-Task2/vivado_pid4532.debug)
INFO: [Simtcl 6-16] Simulation closed
ERROR: [Common 17-39] 'close_sim' failed due to earlier errors.
launch_simulation
Command: launch_simulation 
INFO: [Vivado 12-5682] Launching behavioral simulation in 'C:/Users/gs10403/Downloads/CA-LAB-SPR-2026-main/CA-LAB-SPR-2026-main/Vivado Labs/Lab08/Lab08-Task2/Lab08-Task2.sim/sim_1/behav/xsim'
INFO: [SIM-utils-51] Simulation object is 'sim_1'
INFO: [SIM-utils-54] Inspecting design source files for 'MemorySystem_tb' in fileset 'sim_1'...
INFO: [USF-XSim-97] Finding global include files...
INFO: [USF-XSim-98] Fetching design files from 'sim_1'...
INFO: [USF-XSim-2] XSim::Compile design
INFO: [USF-XSim-61] Executing 'COMPILE and ANALYZE' step in 'C:/Users/gs10403/Downloads/CA-LAB-SPR-2026-main/CA-LAB-SPR-2026-main/Vivado Labs/Lab08/Lab08-Task2/Lab08-Task2.sim/sim_1/behav/xsim'
"xvlog --incr --relax -prj MemorySystem_tb_vlog.prj"
INFO: [VRFC 10-2263] Analyzing Verilog file "C:/Users/gs10403/Downloads/CA-LAB-SPR-2026-main/CA-LAB-SPR-2026-main/Vivado Labs/Lab08/Lab08-Task2/Lab08-Task2.srcs/sources_1/new/AddDecoder_Top.v" into library xil_defaultlib
INFO: [VRFC 10-311] analyzing module addressDecoderTop
INFO: [VRFC 10-2263] Analyzing Verilog file "C:/Users/gs10403/Downloads/CA-LAB-SPR-2026-main/CA-LAB-SPR-2026-main/Vivado Labs/Lab08/Lab08-Task2/Lab08-Task2.srcs/sources_1/new/AddressDecoder.v" into library xil_defaultlib
INFO: [VRFC 10-311] analyzing module AddressDecoder
INFO: [VRFC 10-2263] Analyzing Verilog file "C:/Users/gs10403/Downloads/CA-LAB-SPR-2026-main/CA-LAB-SPR-2026-main/Vivado Labs/Lab08/Lab08-Task2/Lab08-Task2.srcs/sources_1/new/DataMemory.v" into library xil_defaultlib
INFO: [VRFC 10-311] analyzing module DataMemory
WARNING: [VRFC 10-3248] data object 'memory' is already declared [C:/Users/gs10403/Downloads/CA-LAB-SPR-2026-main/CA-LAB-SPR-2026-main/Vivado Labs/Lab08/Lab08-Task2/Lab08-Task2.srcs/sources_1/new/DataMemory.v:33]
WARNING: [VRFC 10-3703] second declaration of 'memory' ignored [C:/Users/gs10403/Downloads/CA-LAB-SPR-2026-main/CA-LAB-SPR-2026-main/Vivado Labs/Lab08/Lab08-Task2/Lab08-Task2.srcs/sources_1/new/DataMemory.v:33]
INFO: [VRFC 10-2263] Analyzing Verilog file "C:/Users/gs10403/Downloads/CA-LAB-SPR-2026-main/CA-LAB-SPR-2026-main/Vivado Labs/Lab08/Lab08-Task2/Lab08-Task2.srcs/sources_1/new/MemorySys_Tb.v" into library xil_defaultlib
INFO: [VRFC 10-311] analyzing module MemorySystem_tb
INFO: [USF-XSim-69] 'compile' step finished in '1' seconds
INFO: [USF-XSim-3] XSim::Elaborate design
INFO: [USF-XSim-61] Executing 'ELABORATE' step in 'C:/Users/gs10403/Downloads/CA-LAB-SPR-2026-main/CA-LAB-SPR-2026-main/Vivado Labs/Lab08/Lab08-Task2/Lab08-Task2.sim/sim_1/behav/xsim'
"xelab -wto aacf0b731f5540f2879d91254d24960f --incr --debug typical --relax --mt 2 -L xil_defaultlib -L unisims_ver -L unimacro_ver -L secureip --snapshot MemorySystem_tb_behav xil_defaultlib.MemorySystem_tb xil_defaultlib.glbl -log elaborate.log"
Vivado Simulator 2020.1
Copyright 1986-1999, 2001-2020 Xilinx, Inc. All Rights Reserved.
Running: C:/Xilinx/Vivado/2020.1/bin/unwrapped/win64.o/xelab.exe -wto aacf0b731f5540f2879d91254d24960f --incr --debug typical --relax --mt 2 -L xil_defaultlib -L unisims_ver -L unimacro_ver -L secureip --snapshot MemorySystem_tb_behav xil_defaultlib.MemorySystem_tb xil_defaultlib.glbl -log elaborate.log 
Using 2 slave threads.
Starting static elaboration
Pass Through NonSizing Optimizer
WARNING: [VRFC 10-3091] actual bit length 8 differs from formal bit length 9 for port 'address' [C:/Users/gs10403/Downloads/CA-LAB-SPR-2026-main/CA-LAB-SPR-2026-main/Vivado Labs/Lab08/Lab08-Task2/Lab08-Task2.srcs/sources_1/new/AddDecoder_Top.v:153]
Completed static elaboration
Starting simulation data flow analysis
Completed simulation data flow analysis
Time Resolution for simulation is 1ps
Compiling module xil_defaultlib.AddressDecoder
Compiling module xil_defaultlib.DataMemory
Compiling module xil_defaultlib.addressDecoderTop
Compiling module xil_defaultlib.MemorySystem_tb
Compiling module xil_defaultlib.glbl
Built simulation snapshot MemorySystem_tb_behav
INFO: [USF-XSim-69] 'elaborate' step finished in '2' seconds
INFO: [USF-XSim-4] XSim::Simulate design
INFO: [USF-XSim-61] Executing 'SIMULATE' step in 'C:/Users/gs10403/Downloads/CA-LAB-SPR-2026-main/CA-LAB-SPR-2026-main/Vivado Labs/Lab08/Lab08-Task2/Lab08-Task2.sim/sim_1/behav/xsim'
INFO: [USF-XSim-98] *** Running xsim
   with args "MemorySystem_tb_behav -key {Behavioral:sim_1:Functional:MemorySystem_tb} -tclbatch {MemorySystem_tb.tcl} -log {simulate.log}"
INFO: [USF-XSim-8] Loading simulator feature
Vivado Simulator 2020.1
Time resolution is 1 ps
source MemorySystem_tb.tcl
# set curr_wave [current_wave_config]
# if { [string length $curr_wave] == 0 } {
#   if { [llength [get_objects]] > 0} {
#     add_wave /
#     set_property needs_save false [current_wave_config]
#   } else {
#      send_msg_id Add_Wave-1 WARNING "No top level signals found. Simulator will start without a wave window. If you want to open a wave window go to 'File->New Waveform Configuration' or type 'create_wave_config' in the TCL console."
#   }
# }
# run 1000ns
$stop called at time : 260 ns : File "C:/Users/gs10403/Downloads/CA-LAB-SPR-2026-main/CA-LAB-SPR-2026-main/Vivado Labs/Lab08/Lab08-Task2/Lab08-Task2.srcs/sources_1/new/MemorySys_Tb.v" Line 214
INFO: [USF-XSim-96] XSim completed. Design snapshot 'MemorySystem_tb_behav' loaded.
INFO: [USF-XSim-97] XSim simulation ran for 1000ns
launch_simulation: Time (s): cpu = 00:00:04 ; elapsed = 00:00:06 . Memory (MB): peak = 1024.516 ; gain = 0.000
close_sim
INFO: [Simtcl 6-16] Simulation closed
launch_simulation
Command: launch_simulation 
INFO: [Vivado 12-5682] Launching behavioral simulation in 'C:/Users/gs10403/Downloads/CA-LAB-SPR-2026-main/CA-LAB-SPR-2026-main/Vivado Labs/Lab08/Lab08-Task2/Lab08-Task2.sim/sim_1/behav/xsim'
INFO: [SIM-utils-51] Simulation object is 'sim_1'
INFO: [SIM-utils-54] Inspecting design source files for 'MemorySystem_tb' in fileset 'sim_1'...
INFO: [USF-XSim-97] Finding global include files...
INFO: [USF-XSim-98] Fetching design files from 'sim_1'...
INFO: [USF-XSim-2] XSim::Compile design
INFO: [USF-XSim-61] Executing 'COMPILE and ANALYZE' step in 'C:/Users/gs10403/Downloads/CA-LAB-SPR-2026-main/CA-LAB-SPR-2026-main/Vivado Labs/Lab08/Lab08-Task2/Lab08-Task2.sim/sim_1/behav/xsim'
"xvlog --incr --relax -prj MemorySystem_tb_vlog.prj"
INFO: [VRFC 10-2263] Analyzing Verilog file "C:/Users/gs10403/Downloads/CA-LAB-SPR-2026-main/CA-LAB-SPR-2026-main/Vivado Labs/Lab08/Lab08-Task2/Lab08-Task2.srcs/sources_1/new/AddDecoder_Top.v" into library xil_defaultlib
INFO: [VRFC 10-311] analyzing module addressDecoderTop
INFO: [VRFC 10-2263] Analyzing Verilog file "C:/Users/gs10403/Downloads/CA-LAB-SPR-2026-main/CA-LAB-SPR-2026-main/Vivado Labs/Lab08/Lab08-Task2/Lab08-Task2.srcs/sources_1/new/AddressDecoder.v" into library xil_defaultlib
INFO: [VRFC 10-311] analyzing module AddressDecoder
INFO: [VRFC 10-2263] Analyzing Verilog file "C:/Users/gs10403/Downloads/CA-LAB-SPR-2026-main/CA-LAB-SPR-2026-main/Vivado Labs/Lab08/Lab08-Task2/Lab08-Task2.srcs/sources_1/new/DataMemory.v" into library xil_defaultlib
INFO: [VRFC 10-311] analyzing module DataMemory
WARNING: [VRFC 10-3248] data object 'memory' is already declared [C:/Users/gs10403/Downloads/CA-LAB-SPR-2026-main/CA-LAB-SPR-2026-main/Vivado Labs/Lab08/Lab08-Task2/Lab08-Task2.srcs/sources_1/new/DataMemory.v:33]
WARNING: [VRFC 10-3703] second declaration of 'memory' ignored [C:/Users/gs10403/Downloads/CA-LAB-SPR-2026-main/CA-LAB-SPR-2026-main/Vivado Labs/Lab08/Lab08-Task2/Lab08-Task2.srcs/sources_1/new/DataMemory.v:33]
INFO: [VRFC 10-2263] Analyzing Verilog file "C:/Users/gs10403/Downloads/CA-LAB-SPR-2026-main/CA-LAB-SPR-2026-main/Vivado Labs/Lab08/Lab08-Task2/Lab08-Task2.srcs/sources_1/new/MemorySys_Tb.v" into library xil_defaultlib
INFO: [VRFC 10-311] analyzing module MemorySystem_tb
INFO: [USF-XSim-69] 'compile' step finished in '1' seconds
INFO: [USF-XSim-3] XSim::Elaborate design
INFO: [USF-XSim-61] Executing 'ELABORATE' step in 'C:/Users/gs10403/Downloads/CA-LAB-SPR-2026-main/CA-LAB-SPR-2026-main/Vivado Labs/Lab08/Lab08-Task2/Lab08-Task2.sim/sim_1/behav/xsim'
"xelab -wto aacf0b731f5540f2879d91254d24960f --incr --debug typical --relax --mt 2 -L xil_defaultlib -L unisims_ver -L unimacro_ver -L secureip --snapshot MemorySystem_tb_behav xil_defaultlib.MemorySystem_tb xil_defaultlib.glbl -log elaborate.log"
Vivado Simulator 2020.1
Copyright 1986-1999, 2001-2020 Xilinx, Inc. All Rights Reserved.
Running: C:/Xilinx/Vivado/2020.1/bin/unwrapped/win64.o/xelab.exe -wto aacf0b731f5540f2879d91254d24960f --incr --debug typical --relax --mt 2 -L xil_defaultlib -L unisims_ver -L unimacro_ver -L secureip --snapshot MemorySystem_tb_behav xil_defaultlib.MemorySystem_tb xil_defaultlib.glbl -log elaborate.log 
Using 2 slave threads.
Starting static elaboration
Pass Through NonSizing Optimizer
WARNING: [VRFC 10-3091] actual bit length 8 differs from formal bit length 9 for port 'address' [C:/Users/gs10403/Downloads/CA-LAB-SPR-2026-main/CA-LAB-SPR-2026-main/Vivado Labs/Lab08/Lab08-Task2/Lab08-Task2.srcs/sources_1/new/AddDecoder_Top.v:153]
Completed static elaboration
Starting simulation data flow analysis
Completed simulation data flow analysis
Time Resolution for simulation is 1ps
Compiling module xil_defaultlib.AddressDecoder
Compiling module xil_defaultlib.DataMemory
Compiling module xil_defaultlib.addressDecoderTop
Compiling module xil_defaultlib.MemorySystem_tb
Compiling module xil_defaultlib.glbl
Built simulation snapshot MemorySystem_tb_behav
INFO: [USF-XSim-69] 'elaborate' step finished in '1' seconds
INFO: [USF-XSim-4] XSim::Simulate design
INFO: [USF-XSim-61] Executing 'SIMULATE' step in 'C:/Users/gs10403/Downloads/CA-LAB-SPR-2026-main/CA-LAB-SPR-2026-main/Vivado Labs/Lab08/Lab08-Task2/Lab08-Task2.sim/sim_1/behav/xsim'
INFO: [USF-XSim-98] *** Running xsim
   with args "MemorySystem_tb_behav -key {Behavioral:sim_1:Functional:MemorySystem_tb} -tclbatch {MemorySystem_tb.tcl} -log {simulate.log}"
INFO: [USF-XSim-8] Loading simulator feature
Vivado Simulator 2020.1
Time resolution is 1 ps
source MemorySystem_tb.tcl
# set curr_wave [current_wave_config]
# if { [string length $curr_wave] == 0 } {
#   if { [llength [get_objects]] > 0} {
#     add_wave /
#     set_property needs_save false [current_wave_config]
#   } else {
#      send_msg_id Add_Wave-1 WARNING "No top level signals found. Simulator will start without a wave window. If you want to open a wave window go to 'File->New Waveform Configuration' or type 'create_wave_config' in the TCL console."
#   }
# }
# run 1000ns
$stop called at time : 260 ns : File "C:/Users/gs10403/Downloads/CA-LAB-SPR-2026-main/CA-LAB-SPR-2026-main/Vivado Labs/Lab08/Lab08-Task2/Lab08-Task2.srcs/sources_1/new/MemorySys_Tb.v" Line 214
INFO: [USF-XSim-96] XSim completed. Design snapshot 'MemorySystem_tb_behav' loaded.
INFO: [USF-XSim-97] XSim simulation ran for 1000ns
relaunch_sim
Command: launch_simulation -simset sim_1 -mode behavioral
INFO: [Vivado 12-5682] Launching behavioral simulation in 'C:/Users/gs10403/Downloads/CA-LAB-SPR-2026-main/CA-LAB-SPR-2026-main/Vivado Labs/Lab08/Lab08-Task2/Lab08-Task2.sim/sim_1/behav/xsim'
INFO: [SIM-utils-51] Simulation object is 'sim_1'
INFO: [SIM-utils-54] Inspecting design source files for 'MemorySystem_tb' in fileset 'sim_1'...
INFO: [USF-XSim-97] Finding global include files...
INFO: [USF-XSim-98] Fetching design files from 'sim_1'...
INFO: [USF-XSim-2] XSim::Compile design
INFO: [USF-XSim-61] Executing 'COMPILE and ANALYZE' step in 'C:/Users/gs10403/Downloads/CA-LAB-SPR-2026-main/CA-LAB-SPR-2026-main/Vivado Labs/Lab08/Lab08-Task2/Lab08-Task2.sim/sim_1/behav/xsim'
"xvlog --incr --relax -prj MemorySystem_tb_vlog.prj"
INFO: [USF-XSim-69] 'compile' step finished in '1' seconds
Command: launch_simulation -simset sim_1 -mode behavioral
INFO: [Vivado 12-5682] Launching behavioral simulation in 'C:/Users/gs10403/Downloads/CA-LAB-SPR-2026-main/CA-LAB-SPR-2026-main/Vivado Labs/Lab08/Lab08-Task2/Lab08-Task2.sim/sim_1/behav/xsim'
INFO: [USF-XSim-3] XSim::Elaborate design
INFO: [USF-XSim-61] Executing 'ELABORATE' step in 'C:/Users/gs10403/Downloads/CA-LAB-SPR-2026-main/CA-LAB-SPR-2026-main/Vivado Labs/Lab08/Lab08-Task2/Lab08-Task2.sim/sim_1/behav/xsim'
"xelab -wto aacf0b731f5540f2879d91254d24960f --incr --debug typical --relax --mt 2 -L xil_defaultlib -L unisims_ver -L unimacro_ver -L secureip --snapshot MemorySystem_tb_behav xil_defaultlib.MemorySystem_tb xil_defaultlib.glbl -log elaborate.log"
Vivado Simulator 2020.1
Copyright 1986-1999, 2001-2020 Xilinx, Inc. All Rights Reserved.
Running: C:/Xilinx/Vivado/2020.1/bin/unwrapped/win64.o/xelab.exe -wto aacf0b731f5540f2879d91254d24960f --incr --debug typical --relax --mt 2 -L xil_defaultlib -L unisims_ver -L unimacro_ver -L secureip --snapshot MemorySystem_tb_behav xil_defaultlib.MemorySystem_tb xil_defaultlib.glbl -log elaborate.log 
Using 2 slave threads.
Starting static elaboration
Pass Through NonSizing Optimizer
WARNING: [VRFC 10-3091] actual bit length 8 differs from formal bit length 9 for port 'address' [C:/Users/gs10403/Downloads/CA-LAB-SPR-2026-main/CA-LAB-SPR-2026-main/Vivado Labs/Lab08/Lab08-Task2/Lab08-Task2.srcs/sources_1/new/AddDecoder_Top.v:153]
Completed static elaboration
INFO: [XSIM 43-4323] No Change in HDL. Linking previously generated obj files to create kernel
INFO: [USF-XSim-69] 'elaborate' step finished in '2' seconds
Vivado Simulator 2020.1
Time resolution is 1 ps
$stop called at time : 260 ns : File "C:/Users/gs10403/Downloads/CA-LAB-SPR-2026-main/CA-LAB-SPR-2026-main/Vivado Labs/Lab08/Lab08-Task2/Lab08-Task2.srcs/sources_1/new/MemorySys_Tb.v" Line 214
relaunch_sim: Time (s): cpu = 00:00:01 ; elapsed = 00:00:05 . Memory (MB): peak = 1024.516 ; gain = 0.000
close_sim
ERROR: [Vivado 12-106] *** Exception: java.lang.NullPointerException (See C:/Users/gs10403/Downloads/CA-LAB-SPR-2026-main/CA-LAB-SPR-2026-main/Vivado Labs/Lab08/Lab08-Task2/vivado_pid4532.debug)
INFO: [Simtcl 6-16] Simulation closed
ERROR: [Common 17-39] 'close_sim' failed due to earlier errors.
launch_simulation
Command: launch_simulation 
INFO: [Vivado 12-5682] Launching behavioral simulation in 'C:/Users/gs10403/Downloads/CA-LAB-SPR-2026-main/CA-LAB-SPR-2026-main/Vivado Labs/Lab08/Lab08-Task2/Lab08-Task2.sim/sim_1/behav/xsim'
INFO: [SIM-utils-51] Simulation object is 'sim_1'
INFO: [SIM-utils-54] Inspecting design source files for 'MemorySystem_tb' in fileset 'sim_1'...
INFO: [USF-XSim-97] Finding global include files...
INFO: [USF-XSim-98] Fetching design files from 'sim_1'...
INFO: [USF-XSim-2] XSim::Compile design
INFO: [USF-XSim-61] Executing 'COMPILE and ANALYZE' step in 'C:/Users/gs10403/Downloads/CA-LAB-SPR-2026-main/CA-LAB-SPR-2026-main/Vivado Labs/Lab08/Lab08-Task2/Lab08-Task2.sim/sim_1/behav/xsim'
"xvlog --incr --relax -prj MemorySystem_tb_vlog.prj"
INFO: [VRFC 10-2263] Analyzing Verilog file "C:/Users/gs10403/Downloads/CA-LAB-SPR-2026-main/CA-LAB-SPR-2026-main/Vivado Labs/Lab08/Lab08-Task2/Lab08-Task2.srcs/sources_1/new/AddDecoder_Top.v" into library xil_defaultlib
INFO: [VRFC 10-311] analyzing module addressDecoderTop
INFO: [VRFC 10-2263] Analyzing Verilog file "C:/Users/gs10403/Downloads/CA-LAB-SPR-2026-main/CA-LAB-SPR-2026-main/Vivado Labs/Lab08/Lab08-Task2/Lab08-Task2.srcs/sources_1/new/AddressDecoder.v" into library xil_defaultlib
INFO: [VRFC 10-311] analyzing module AddressDecoder
INFO: [VRFC 10-2263] Analyzing Verilog file "C:/Users/gs10403/Downloads/CA-LAB-SPR-2026-main/CA-LAB-SPR-2026-main/Vivado Labs/Lab08/Lab08-Task2/Lab08-Task2.srcs/sources_1/new/DataMemory.v" into library xil_defaultlib
INFO: [VRFC 10-311] analyzing module DataMemory
INFO: [VRFC 10-2263] Analyzing Verilog file "C:/Users/gs10403/Downloads/CA-LAB-SPR-2026-main/CA-LAB-SPR-2026-main/Vivado Labs/Lab08/Lab08-Task2/Lab08-Task2.srcs/sources_1/new/MemorySys_Tb.v" into library xil_defaultlib
INFO: [VRFC 10-311] analyzing module MemorySystem_tb
INFO: [USF-XSim-69] 'compile' step finished in '1' seconds
INFO: [USF-XSim-3] XSim::Elaborate design
INFO: [USF-XSim-61] Executing 'ELABORATE' step in 'C:/Users/gs10403/Downloads/CA-LAB-SPR-2026-main/CA-LAB-SPR-2026-main/Vivado Labs/Lab08/Lab08-Task2/Lab08-Task2.sim/sim_1/behav/xsim'
"xelab -wto aacf0b731f5540f2879d91254d24960f --incr --debug typical --relax --mt 2 -L xil_defaultlib -L unisims_ver -L unimacro_ver -L secureip --snapshot MemorySystem_tb_behav xil_defaultlib.MemorySystem_tb xil_defaultlib.glbl -log elaborate.log"
Vivado Simulator 2020.1
Copyright 1986-1999, 2001-2020 Xilinx, Inc. All Rights Reserved.
Running: C:/Xilinx/Vivado/2020.1/bin/unwrapped/win64.o/xelab.exe -wto aacf0b731f5540f2879d91254d24960f --incr --debug typical --relax --mt 2 -L xil_defaultlib -L unisims_ver -L unimacro_ver -L secureip --snapshot MemorySystem_tb_behav xil_defaultlib.MemorySystem_tb xil_defaultlib.glbl -log elaborate.log 
Using 2 slave threads.
Starting static elaboration
Pass Through NonSizing Optimizer
Completed static elaboration
Starting simulation data flow analysis
Completed simulation data flow analysis
Time Resolution for simulation is 1ps
Compiling module xil_defaultlib.AddressDecoder
Compiling module xil_defaultlib.DataMemory
Compiling module xil_defaultlib.addressDecoderTop
Compiling module xil_defaultlib.MemorySystem_tb
Compiling module xil_defaultlib.glbl
Built simulation snapshot MemorySystem_tb_behav
INFO: [USF-XSim-69] 'elaborate' step finished in '1' seconds
INFO: [USF-XSim-4] XSim::Simulate design
INFO: [USF-XSim-61] Executing 'SIMULATE' step in 'C:/Users/gs10403/Downloads/CA-LAB-SPR-2026-main/CA-LAB-SPR-2026-main/Vivado Labs/Lab08/Lab08-Task2/Lab08-Task2.sim/sim_1/behav/xsim'
INFO: [USF-XSim-98] *** Running xsim
   with args "MemorySystem_tb_behav -key {Behavioral:sim_1:Functional:MemorySystem_tb} -tclbatch {MemorySystem_tb.tcl} -log {simulate.log}"
INFO: [USF-XSim-8] Loading simulator feature
Vivado Simulator 2020.1
Time resolution is 1 ps
source MemorySystem_tb.tcl
# set curr_wave [current_wave_config]
# if { [string length $curr_wave] == 0 } {
#   if { [llength [get_objects]] > 0} {
#     add_wave /
#     set_property needs_save false [current_wave_config]
#   } else {
#      send_msg_id Add_Wave-1 WARNING "No top level signals found. Simulator will start without a wave window. If you want to open a wave window go to 'File->New Waveform Configuration' or type 'create_wave_config' in the TCL console."
#   }
# }
# run 1000ns
$stop called at time : 260 ns : File "C:/Users/gs10403/Downloads/CA-LAB-SPR-2026-main/CA-LAB-SPR-2026-main/Vivado Labs/Lab08/Lab08-Task2/Lab08-Task2.srcs/sources_1/new/MemorySys_Tb.v" Line 214
INFO: [USF-XSim-96] XSim completed. Design snapshot 'MemorySystem_tb_behav' loaded.
INFO: [USF-XSim-97] XSim simulation ran for 1000ns
launch_simulation: Time (s): cpu = 00:00:04 ; elapsed = 00:00:05 . Memory (MB): peak = 1024.516 ; gain = 0.000
close_sim
INFO: [Simtcl 6-16] Simulation closed
launch_simulation
Command: launch_simulation 
INFO: [Vivado 12-5682] Launching behavioral simulation in 'C:/Users/gs10403/Downloads/CA-LAB-SPR-2026-main/CA-LAB-SPR-2026-main/Vivado Labs/Lab08/Lab08-Task2/Lab08-Task2.sim/sim_1/behav/xsim'
INFO: [SIM-utils-51] Simulation object is 'sim_1'
INFO: [SIM-utils-54] Inspecting design source files for 'MemorySystem_tb' in fileset 'sim_1'...
INFO: [USF-XSim-97] Finding global include files...
INFO: [USF-XSim-98] Fetching design files from 'sim_1'...
INFO: [USF-XSim-2] XSim::Compile design
INFO: [USF-XSim-61] Executing 'COMPILE and ANALYZE' step in 'C:/Users/gs10403/Downloads/CA-LAB-SPR-2026-main/CA-LAB-SPR-2026-main/Vivado Labs/Lab08/Lab08-Task2/Lab08-Task2.sim/sim_1/behav/xsim'
"xvlog --incr --relax -prj MemorySystem_tb_vlog.prj"
INFO: [VRFC 10-2263] Analyzing Verilog file "C:/Users/gs10403/Downloads/CA-LAB-SPR-2026-main/CA-LAB-SPR-2026-main/Vivado Labs/Lab08/Lab08-Task2/Lab08-Task2.srcs/sources_1/new/AddDecoder_Top.v" into library xil_defaultlib
INFO: [VRFC 10-311] analyzing module addressDecoderTop
INFO: [VRFC 10-2263] Analyzing Verilog file "C:/Users/gs10403/Downloads/CA-LAB-SPR-2026-main/CA-LAB-SPR-2026-main/Vivado Labs/Lab08/Lab08-Task2/Lab08-Task2.srcs/sources_1/new/AddressDecoder.v" into library xil_defaultlib
INFO: [VRFC 10-311] analyzing module AddressDecoder
INFO: [VRFC 10-2263] Analyzing Verilog file "C:/Users/gs10403/Downloads/CA-LAB-SPR-2026-main/CA-LAB-SPR-2026-main/Vivado Labs/Lab08/Lab08-Task2/Lab08-Task2.srcs/sources_1/new/DataMemory.v" into library xil_defaultlib
INFO: [VRFC 10-311] analyzing module DataMemory
INFO: [VRFC 10-2263] Analyzing Verilog file "C:/Users/gs10403/Downloads/CA-LAB-SPR-2026-main/CA-LAB-SPR-2026-main/Vivado Labs/Lab08/Lab08-Task2/Lab08-Task2.srcs/sources_1/new/MemorySys_Tb.v" into library xil_defaultlib
INFO: [VRFC 10-311] analyzing module MemorySystem_tb
INFO: [USF-XSim-69] 'compile' step finished in '1' seconds
INFO: [USF-XSim-3] XSim::Elaborate design
INFO: [USF-XSim-61] Executing 'ELABORATE' step in 'C:/Users/gs10403/Downloads/CA-LAB-SPR-2026-main/CA-LAB-SPR-2026-main/Vivado Labs/Lab08/Lab08-Task2/Lab08-Task2.sim/sim_1/behav/xsim'
"xelab -wto aacf0b731f5540f2879d91254d24960f --incr --debug typical --relax --mt 2 -L xil_defaultlib -L unisims_ver -L unimacro_ver -L secureip --snapshot MemorySystem_tb_behav xil_defaultlib.MemorySystem_tb xil_defaultlib.glbl -log elaborate.log"
Vivado Simulator 2020.1
Copyright 1986-1999, 2001-2020 Xilinx, Inc. All Rights Reserved.
Running: C:/Xilinx/Vivado/2020.1/bin/unwrapped/win64.o/xelab.exe -wto aacf0b731f5540f2879d91254d24960f --incr --debug typical --relax --mt 2 -L xil_defaultlib -L unisims_ver -L unimacro_ver -L secureip --snapshot MemorySystem_tb_behav xil_defaultlib.MemorySystem_tb xil_defaultlib.glbl -log elaborate.log 
Using 2 slave threads.
Starting static elaboration
Pass Through NonSizing Optimizer
Completed static elaboration
Starting simulation data flow analysis
Completed simulation data flow analysis
Time Resolution for simulation is 1ps
Compiling module xil_defaultlib.AddressDecoder
Compiling module xil_defaultlib.DataMemory
Compiling module xil_defaultlib.addressDecoderTop
Compiling module xil_defaultlib.MemorySystem_tb
Compiling module xil_defaultlib.glbl
Built simulation snapshot MemorySystem_tb_behav
INFO: [USF-XSim-69] 'elaborate' step finished in '1' seconds
INFO: [USF-XSim-4] XSim::Simulate design
INFO: [USF-XSim-61] Executing 'SIMULATE' step in 'C:/Users/gs10403/Downloads/CA-LAB-SPR-2026-main/CA-LAB-SPR-2026-main/Vivado Labs/Lab08/Lab08-Task2/Lab08-Task2.sim/sim_1/behav/xsim'
INFO: [USF-XSim-98] *** Running xsim
   with args "MemorySystem_tb_behav -key {Behavioral:sim_1:Functional:MemorySystem_tb} -tclbatch {MemorySystem_tb.tcl} -log {simulate.log}"
INFO: [USF-XSim-8] Loading simulator feature
Vivado Simulator 2020.1
Time resolution is 1 ps
source MemorySystem_tb.tcl
# set curr_wave [current_wave_config]
# if { [string length $curr_wave] == 0 } {
#   if { [llength [get_objects]] > 0} {
#     add_wave /
#     set_property needs_save false [current_wave_config]
#   } else {
#      send_msg_id Add_Wave-1 WARNING "No top level signals found. Simulator will start without a wave window. If you want to open a wave window go to 'File->New Waveform Configuration' or type 'create_wave_config' in the TCL console."
#   }
# }
# run 1000ns
$stop called at time : 260 ns : File "C:/Users/gs10403/Downloads/CA-LAB-SPR-2026-main/CA-LAB-SPR-2026-main/Vivado Labs/Lab08/Lab08-Task2/Lab08-Task2.srcs/sources_1/new/MemorySys_Tb.v" Line 214
INFO: [USF-XSim-96] XSim completed. Design snapshot 'MemorySystem_tb_behav' loaded.
INFO: [USF-XSim-97] XSim simulation ran for 1000ns
relaunch_sim
Command: launch_simulation -simset sim_1 -mode behavioral
INFO: [Vivado 12-5682] Launching behavioral simulation in 'C:/Users/gs10403/Downloads/CA-LAB-SPR-2026-main/CA-LAB-SPR-2026-main/Vivado Labs/Lab08/Lab08-Task2/Lab08-Task2.sim/sim_1/behav/xsim'
INFO: [SIM-utils-51] Simulation object is 'sim_1'
INFO: [SIM-utils-54] Inspecting design source files for 'MemorySystem_tb' in fileset 'sim_1'...
INFO: [USF-XSim-97] Finding global include files...
INFO: [USF-XSim-98] Fetching design files from 'sim_1'...
INFO: [USF-XSim-2] XSim::Compile design
INFO: [USF-XSim-61] Executing 'COMPILE and ANALYZE' step in 'C:/Users/gs10403/Downloads/CA-LAB-SPR-2026-main/CA-LAB-SPR-2026-main/Vivado Labs/Lab08/Lab08-Task2/Lab08-Task2.sim/sim_1/behav/xsim'
"xvlog --incr --relax -prj MemorySystem_tb_vlog.prj"
INFO: [VRFC 10-2263] Analyzing Verilog file "C:/Users/gs10403/Downloads/CA-LAB-SPR-2026-main/CA-LAB-SPR-2026-main/Vivado Labs/Lab08/Lab08-Task2/Lab08-Task2.srcs/sources_1/new/AddDecoder_Top.v" into library xil_defaultlib
INFO: [VRFC 10-311] analyzing module addressDecoderTop
INFO: [VRFC 10-2263] Analyzing Verilog file "C:/Users/gs10403/Downloads/CA-LAB-SPR-2026-main/CA-LAB-SPR-2026-main/Vivado Labs/Lab08/Lab08-Task2/Lab08-Task2.srcs/sources_1/new/AddressDecoder.v" into library xil_defaultlib
INFO: [VRFC 10-311] analyzing module AddressDecoder
INFO: [VRFC 10-2263] Analyzing Verilog file "C:/Users/gs10403/Downloads/CA-LAB-SPR-2026-main/CA-LAB-SPR-2026-main/Vivado Labs/Lab08/Lab08-Task2/Lab08-Task2.srcs/sources_1/new/DataMemory.v" into library xil_defaultlib
INFO: [VRFC 10-311] analyzing module DataMemory
INFO: [VRFC 10-2263] Analyzing Verilog file "C:/Users/gs10403/Downloads/CA-LAB-SPR-2026-main/CA-LAB-SPR-2026-main/Vivado Labs/Lab08/Lab08-Task2/Lab08-Task2.srcs/sources_1/new/MemorySys_Tb.v" into library xil_defaultlib
INFO: [VRFC 10-311] analyzing module MemorySystem_tb
INFO: [USF-XSim-69] 'compile' step finished in '1' seconds
Command: launch_simulation -simset sim_1 -mode behavioral
INFO: [Vivado 12-5682] Launching behavioral simulation in 'C:/Users/gs10403/Downloads/CA-LAB-SPR-2026-main/CA-LAB-SPR-2026-main/Vivado Labs/Lab08/Lab08-Task2/Lab08-Task2.sim/sim_1/behav/xsim'
INFO: [USF-XSim-3] XSim::Elaborate design
INFO: [USF-XSim-61] Executing 'ELABORATE' step in 'C:/Users/gs10403/Downloads/CA-LAB-SPR-2026-main/CA-LAB-SPR-2026-main/Vivado Labs/Lab08/Lab08-Task2/Lab08-Task2.sim/sim_1/behav/xsim'
"xelab -wto aacf0b731f5540f2879d91254d24960f --incr --debug typical --relax --mt 2 -L xil_defaultlib -L unisims_ver -L unimacro_ver -L secureip --snapshot MemorySystem_tb_behav xil_defaultlib.MemorySystem_tb xil_defaultlib.glbl -log elaborate.log"
Vivado Simulator 2020.1
Copyright 1986-1999, 2001-2020 Xilinx, Inc. All Rights Reserved.
Running: C:/Xilinx/Vivado/2020.1/bin/unwrapped/win64.o/xelab.exe -wto aacf0b731f5540f2879d91254d24960f --incr --debug typical --relax --mt 2 -L xil_defaultlib -L unisims_ver -L unimacro_ver -L secureip --snapshot MemorySystem_tb_behav xil_defaultlib.MemorySystem_tb xil_defaultlib.glbl -log elaborate.log 
Using 2 slave threads.
Starting static elaboration
Pass Through NonSizing Optimizer
Completed static elaboration
Starting simulation data flow analysis
Completed simulation data flow analysis
Time Resolution for simulation is 1ps
Compiling module xil_defaultlib.AddressDecoder
Compiling module xil_defaultlib.DataMemory
Compiling module xil_defaultlib.addressDecoderTop
Compiling module xil_defaultlib.MemorySystem_tb
Compiling module xil_defaultlib.glbl
Built simulation snapshot MemorySystem_tb_behav
INFO: [USF-XSim-69] 'elaborate' step finished in '1' seconds
Vivado Simulator 2020.1
Time resolution is 1 ps
$stop called at time : 260 ns : File "C:/Users/gs10403/Downloads/CA-LAB-SPR-2026-main/CA-LAB-SPR-2026-main/Vivado Labs/Lab08/Lab08-Task2/Lab08-Task2.srcs/sources_1/new/MemorySys_Tb.v" Line 214
relaunch_sim: Time (s): cpu = 00:00:02 ; elapsed = 00:00:05 . Memory (MB): peak = 1024.516 ; gain = 0.000
relaunch_sim
Command: launch_simulation -simset sim_1 -mode behavioral
INFO: [Vivado 12-5682] Launching behavioral simulation in 'C:/Users/gs10403/Downloads/CA-LAB-SPR-2026-main/CA-LAB-SPR-2026-main/Vivado Labs/Lab08/Lab08-Task2/Lab08-Task2.sim/sim_1/behav/xsim'
INFO: [SIM-utils-51] Simulation object is 'sim_1'
INFO: [SIM-utils-54] Inspecting design source files for 'MemorySystem_tb' in fileset 'sim_1'...
INFO: [USF-XSim-97] Finding global include files...
INFO: [USF-XSim-98] Fetching design files from 'sim_1'...
INFO: [USF-XSim-2] XSim::Compile design
INFO: [USF-XSim-61] Executing 'COMPILE and ANALYZE' step in 'C:/Users/gs10403/Downloads/CA-LAB-SPR-2026-main/CA-LAB-SPR-2026-main/Vivado Labs/Lab08/Lab08-Task2/Lab08-Task2.sim/sim_1/behav/xsim'
"xvlog --incr --relax -prj MemorySystem_tb_vlog.prj"
INFO: [VRFC 10-2263] Analyzing Verilog file "C:/Users/gs10403/Downloads/CA-LAB-SPR-2026-main/CA-LAB-SPR-2026-main/Vivado Labs/Lab08/Lab08-Task2/Lab08-Task2.srcs/sources_1/new/AddDecoder_Top.v" into library xil_defaultlib
INFO: [VRFC 10-311] analyzing module addressDecoderTop
INFO: [VRFC 10-2263] Analyzing Verilog file "C:/Users/gs10403/Downloads/CA-LAB-SPR-2026-main/CA-LAB-SPR-2026-main/Vivado Labs/Lab08/Lab08-Task2/Lab08-Task2.srcs/sources_1/new/AddressDecoder.v" into library xil_defaultlib
INFO: [VRFC 10-311] analyzing module AddressDecoder
INFO: [VRFC 10-2263] Analyzing Verilog file "C:/Users/gs10403/Downloads/CA-LAB-SPR-2026-main/CA-LAB-SPR-2026-main/Vivado Labs/Lab08/Lab08-Task2/Lab08-Task2.srcs/sources_1/new/DataMemory.v" into library xil_defaultlib
INFO: [VRFC 10-311] analyzing module DataMemory
INFO: [VRFC 10-2263] Analyzing Verilog file "C:/Users/gs10403/Downloads/CA-LAB-SPR-2026-main/CA-LAB-SPR-2026-main/Vivado Labs/Lab08/Lab08-Task2/Lab08-Task2.srcs/sources_1/new/MemorySys_Tb.v" into library xil_defaultlib
INFO: [VRFC 10-311] analyzing module MemorySystem_tb
INFO: [USF-XSim-69] 'compile' step finished in '1' seconds
Command: launch_simulation -simset sim_1 -mode behavioral
INFO: [Vivado 12-5682] Launching behavioral simulation in 'C:/Users/gs10403/Downloads/CA-LAB-SPR-2026-main/CA-LAB-SPR-2026-main/Vivado Labs/Lab08/Lab08-Task2/Lab08-Task2.sim/sim_1/behav/xsim'
INFO: [USF-XSim-3] XSim::Elaborate design
INFO: [USF-XSim-61] Executing 'ELABORATE' step in 'C:/Users/gs10403/Downloads/CA-LAB-SPR-2026-main/CA-LAB-SPR-2026-main/Vivado Labs/Lab08/Lab08-Task2/Lab08-Task2.sim/sim_1/behav/xsim'
"xelab -wto aacf0b731f5540f2879d91254d24960f --incr --debug typical --relax --mt 2 -L xil_defaultlib -L unisims_ver -L unimacro_ver -L secureip --snapshot MemorySystem_tb_behav xil_defaultlib.MemorySystem_tb xil_defaultlib.glbl -log elaborate.log"
Vivado Simulator 2020.1
Copyright 1986-1999, 2001-2020 Xilinx, Inc. All Rights Reserved.
Running: C:/Xilinx/Vivado/2020.1/bin/unwrapped/win64.o/xelab.exe -wto aacf0b731f5540f2879d91254d24960f --incr --debug typical --relax --mt 2 -L xil_defaultlib -L unisims_ver -L unimacro_ver -L secureip --snapshot MemorySystem_tb_behav xil_defaultlib.MemorySystem_tb xil_defaultlib.glbl -log elaborate.log 
Using 2 slave threads.
Starting static elaboration
Pass Through NonSizing Optimizer
Completed static elaboration
Starting simulation data flow analysis
Completed simulation data flow analysis
Time Resolution for simulation is 1ps
Compiling module xil_defaultlib.AddressDecoder
Compiling module xil_defaultlib.DataMemory
Compiling module xil_defaultlib.addressDecoderTop
Compiling module xil_defaultlib.MemorySystem_tb
Compiling module xil_defaultlib.glbl
Built simulation snapshot MemorySystem_tb_behav
INFO: [USF-XSim-69] 'elaborate' step finished in '1' seconds
Vivado Simulator 2020.1
Time resolution is 1 ps
$stop called at time : 260 ns : File "C:/Users/gs10403/Downloads/CA-LAB-SPR-2026-main/CA-LAB-SPR-2026-main/Vivado Labs/Lab08/Lab08-Task2/Lab08-Task2.srcs/sources_1/new/MemorySys_Tb.v" Line 214
relaunch_sim: Time (s): cpu = 00:00:01 ; elapsed = 00:00:05 . Memory (MB): peak = 1024.516 ; gain = 0.000
relaunch_sim
Command: launch_simulation -simset sim_1 -mode behavioral
INFO: [Vivado 12-5682] Launching behavioral simulation in 'C:/Users/gs10403/Downloads/CA-LAB-SPR-2026-main/CA-LAB-SPR-2026-main/Vivado Labs/Lab08/Lab08-Task2/Lab08-Task2.sim/sim_1/behav/xsim'
INFO: [SIM-utils-51] Simulation object is 'sim_1'
INFO: [SIM-utils-54] Inspecting design source files for 'MemorySystem_tb' in fileset 'sim_1'...
INFO: [USF-XSim-97] Finding global include files...
INFO: [USF-XSim-98] Fetching design files from 'sim_1'...
INFO: [USF-XSim-2] XSim::Compile design
INFO: [USF-XSim-61] Executing 'COMPILE and ANALYZE' step in 'C:/Users/gs10403/Downloads/CA-LAB-SPR-2026-main/CA-LAB-SPR-2026-main/Vivado Labs/Lab08/Lab08-Task2/Lab08-Task2.sim/sim_1/behav/xsim'
"xvlog --incr --relax -prj MemorySystem_tb_vlog.prj"
INFO: [USF-XSim-69] 'compile' step finished in '1' seconds
Command: launch_simulation -simset sim_1 -mode behavioral
INFO: [Vivado 12-5682] Launching behavioral simulation in 'C:/Users/gs10403/Downloads/CA-LAB-SPR-2026-main/CA-LAB-SPR-2026-main/Vivado Labs/Lab08/Lab08-Task2/Lab08-Task2.sim/sim_1/behav/xsim'
INFO: [USF-XSim-3] XSim::Elaborate design
INFO: [USF-XSim-61] Executing 'ELABORATE' step in 'C:/Users/gs10403/Downloads/CA-LAB-SPR-2026-main/CA-LAB-SPR-2026-main/Vivado Labs/Lab08/Lab08-Task2/Lab08-Task2.sim/sim_1/behav/xsim'
"xelab -wto aacf0b731f5540f2879d91254d24960f --incr --debug typical --relax --mt 2 -L xil_defaultlib -L unisims_ver -L unimacro_ver -L secureip --snapshot MemorySystem_tb_behav xil_defaultlib.MemorySystem_tb xil_defaultlib.glbl -log elaborate.log"
Vivado Simulator 2020.1
Copyright 1986-1999, 2001-2020 Xilinx, Inc. All Rights Reserved.
Running: C:/Xilinx/Vivado/2020.1/bin/unwrapped/win64.o/xelab.exe -wto aacf0b731f5540f2879d91254d24960f --incr --debug typical --relax --mt 2 -L xil_defaultlib -L unisims_ver -L unimacro_ver -L secureip --snapshot MemorySystem_tb_behav xil_defaultlib.MemorySystem_tb xil_defaultlib.glbl -log elaborate.log 
Using 2 slave threads.
Starting static elaboration
Pass Through NonSizing Optimizer
Completed static elaboration
INFO: [XSIM 43-4323] No Change in HDL. Linking previously generated obj files to create kernel
INFO: [USF-XSim-69] 'elaborate' step finished in '1' seconds
Vivado Simulator 2020.1
Time resolution is 1 ps
$stop called at time : 260 ns : File "C:/Users/gs10403/Downloads/CA-LAB-SPR-2026-main/CA-LAB-SPR-2026-main/Vivado Labs/Lab08/Lab08-Task2/Lab08-Task2.srcs/sources_1/new/MemorySys_Tb.v" Line 214
close_sim
INFO: [Simtcl 6-16] Simulation closed
launch_simulation
Command: launch_simulation 
INFO: [Vivado 12-5682] Launching behavioral simulation in 'C:/Users/gs10403/Downloads/CA-LAB-SPR-2026-main/CA-LAB-SPR-2026-main/Vivado Labs/Lab08/Lab08-Task2/Lab08-Task2.sim/sim_1/behav/xsim'
INFO: [SIM-utils-51] Simulation object is 'sim_1'
INFO: [SIM-utils-54] Inspecting design source files for 'MemorySystem_tb' in fileset 'sim_1'...
INFO: [USF-XSim-97] Finding global include files...
INFO: [USF-XSim-98] Fetching design files from 'sim_1'...
INFO: [USF-XSim-2] XSim::Compile design
INFO: [USF-XSim-61] Executing 'COMPILE and ANALYZE' step in 'C:/Users/gs10403/Downloads/CA-LAB-SPR-2026-main/CA-LAB-SPR-2026-main/Vivado Labs/Lab08/Lab08-Task2/Lab08-Task2.sim/sim_1/behav/xsim'
"xvlog --incr --relax -prj MemorySystem_tb_vlog.prj"
INFO: [USF-XSim-69] 'compile' step finished in '1' seconds
INFO: [USF-XSim-3] XSim::Elaborate design
INFO: [USF-XSim-61] Executing 'ELABORATE' step in 'C:/Users/gs10403/Downloads/CA-LAB-SPR-2026-main/CA-LAB-SPR-2026-main/Vivado Labs/Lab08/Lab08-Task2/Lab08-Task2.sim/sim_1/behav/xsim'
"xelab -wto aacf0b731f5540f2879d91254d24960f --incr --debug typical --relax --mt 2 -L xil_defaultlib -L unisims_ver -L unimacro_ver -L secureip --snapshot MemorySystem_tb_behav xil_defaultlib.MemorySystem_tb xil_defaultlib.glbl -log elaborate.log"
Vivado Simulator 2020.1
Copyright 1986-1999, 2001-2020 Xilinx, Inc. All Rights Reserved.
Running: C:/Xilinx/Vivado/2020.1/bin/unwrapped/win64.o/xelab.exe -wto aacf0b731f5540f2879d91254d24960f --incr --debug typical --relax --mt 2 -L xil_defaultlib -L unisims_ver -L unimacro_ver -L secureip --snapshot MemorySystem_tb_behav xil_defaultlib.MemorySystem_tb xil_defaultlib.glbl -log elaborate.log 
Using 2 slave threads.
Starting static elaboration
Pass Through NonSizing Optimizer
Completed static elaboration
INFO: [XSIM 43-4323] No Change in HDL. Linking previously generated obj files to create kernel
INFO: [USF-XSim-69] 'elaborate' step finished in '1' seconds
INFO: [USF-XSim-4] XSim::Simulate design
INFO: [USF-XSim-61] Executing 'SIMULATE' step in 'C:/Users/gs10403/Downloads/CA-LAB-SPR-2026-main/CA-LAB-SPR-2026-main/Vivado Labs/Lab08/Lab08-Task2/Lab08-Task2.sim/sim_1/behav/xsim'
INFO: [USF-XSim-98] *** Running xsim
   with args "MemorySystem_tb_behav -key {Behavioral:sim_1:Functional:MemorySystem_tb} -tclbatch {MemorySystem_tb.tcl} -log {simulate.log}"
INFO: [USF-XSim-8] Loading simulator feature
Vivado Simulator 2020.1
Time resolution is 1 ps
source MemorySystem_tb.tcl
# set curr_wave [current_wave_config]
# if { [string length $curr_wave] == 0 } {
#   if { [llength [get_objects]] > 0} {
#     add_wave /
#     set_property needs_save false [current_wave_config]
#   } else {
#      send_msg_id Add_Wave-1 WARNING "No top level signals found. Simulator will start without a wave window. If you want to open a wave window go to 'File->New Waveform Configuration' or type 'create_wave_config' in the TCL console."
#   }
# }
# run 1000ns
$stop called at time : 260 ns : File "C:/Users/gs10403/Downloads/CA-LAB-SPR-2026-main/CA-LAB-SPR-2026-main/Vivado Labs/Lab08/Lab08-Task2/Lab08-Task2.srcs/sources_1/new/MemorySys_Tb.v" Line 214
INFO: [USF-XSim-96] XSim completed. Design snapshot 'MemorySystem_tb_behav' loaded.
INFO: [USF-XSim-97] XSim simulation ran for 1000ns
close_sim
INFO: [Simtcl 6-16] Simulation closed
launch_simulation
Command: launch_simulation 
INFO: [Vivado 12-5682] Launching behavioral simulation in 'C:/Users/gs10403/Downloads/CA-LAB-SPR-2026-main/CA-LAB-SPR-2026-main/Vivado Labs/Lab08/Lab08-Task2/Lab08-Task2.sim/sim_1/behav/xsim'
INFO: [SIM-utils-51] Simulation object is 'sim_1'
INFO: [SIM-utils-54] Inspecting design source files for 'MemorySystem_tb' in fileset 'sim_1'...
INFO: [USF-XSim-97] Finding global include files...
INFO: [USF-XSim-98] Fetching design files from 'sim_1'...
INFO: [USF-XSim-2] XSim::Compile design
INFO: [USF-XSim-61] Executing 'COMPILE and ANALYZE' step in 'C:/Users/gs10403/Downloads/CA-LAB-SPR-2026-main/CA-LAB-SPR-2026-main/Vivado Labs/Lab08/Lab08-Task2/Lab08-Task2.sim/sim_1/behav/xsim'
"xvlog --incr --relax -prj MemorySystem_tb_vlog.prj"
INFO: [VRFC 10-2263] Analyzing Verilog file "C:/Users/gs10403/Downloads/CA-LAB-SPR-2026-main/CA-LAB-SPR-2026-main/Vivado Labs/Lab08/Lab08-Task2/Lab08-Task2.srcs/sources_1/new/AddDecoder_Top.v" into library xil_defaultlib
INFO: [VRFC 10-311] analyzing module addressDecoderTop
INFO: [VRFC 10-2263] Analyzing Verilog file "C:/Users/gs10403/Downloads/CA-LAB-SPR-2026-main/CA-LAB-SPR-2026-main/Vivado Labs/Lab08/Lab08-Task2/Lab08-Task2.srcs/sources_1/new/AddressDecoder.v" into library xil_defaultlib
INFO: [VRFC 10-311] analyzing module AddressDecoder
INFO: [VRFC 10-2263] Analyzing Verilog file "C:/Users/gs10403/Downloads/CA-LAB-SPR-2026-main/CA-LAB-SPR-2026-main/Vivado Labs/Lab08/Lab08-Task2/Lab08-Task2.srcs/sources_1/new/DataMemory.v" into library xil_defaultlib
INFO: [VRFC 10-311] analyzing module DataMemory
INFO: [VRFC 10-2263] Analyzing Verilog file "C:/Users/gs10403/Downloads/CA-LAB-SPR-2026-main/CA-LAB-SPR-2026-main/Vivado Labs/Lab08/Lab08-Task2/Lab08-Task2.srcs/sources_1/new/MemorySys_Tb.v" into library xil_defaultlib
INFO: [VRFC 10-311] analyzing module MemorySystem_tb
INFO: [USF-XSim-69] 'compile' step finished in '1' seconds
INFO: [USF-XSim-3] XSim::Elaborate design
INFO: [USF-XSim-61] Executing 'ELABORATE' step in 'C:/Users/gs10403/Downloads/CA-LAB-SPR-2026-main/CA-LAB-SPR-2026-main/Vivado Labs/Lab08/Lab08-Task2/Lab08-Task2.sim/sim_1/behav/xsim'
"xelab -wto aacf0b731f5540f2879d91254d24960f --incr --debug typical --relax --mt 2 -L xil_defaultlib -L unisims_ver -L unimacro_ver -L secureip --snapshot MemorySystem_tb_behav xil_defaultlib.MemorySystem_tb xil_defaultlib.glbl -log elaborate.log"
Vivado Simulator 2020.1
Copyright 1986-1999, 2001-2020 Xilinx, Inc. All Rights Reserved.
Running: C:/Xilinx/Vivado/2020.1/bin/unwrapped/win64.o/xelab.exe -wto aacf0b731f5540f2879d91254d24960f --incr --debug typical --relax --mt 2 -L xil_defaultlib -L unisims_ver -L unimacro_ver -L secureip --snapshot MemorySystem_tb_behav xil_defaultlib.MemorySystem_tb xil_defaultlib.glbl -log elaborate.log 
Using 2 slave threads.
Starting static elaboration
Pass Through NonSizing Optimizer
Completed static elaboration
Starting simulation data flow analysis
Completed simulation data flow analysis
Time Resolution for simulation is 1ps
Compiling module xil_defaultlib.AddressDecoder
Compiling module xil_defaultlib.DataMemory
Compiling module xil_defaultlib.addressDecoderTop
Compiling module xil_defaultlib.MemorySystem_tb
Compiling module xil_defaultlib.glbl
Built simulation snapshot MemorySystem_tb_behav
INFO: [USF-XSim-69] 'elaborate' step finished in '1' seconds
INFO: [USF-XSim-4] XSim::Simulate design
INFO: [USF-XSim-61] Executing 'SIMULATE' step in 'C:/Users/gs10403/Downloads/CA-LAB-SPR-2026-main/CA-LAB-SPR-2026-main/Vivado Labs/Lab08/Lab08-Task2/Lab08-Task2.sim/sim_1/behav/xsim'
INFO: [USF-XSim-98] *** Running xsim
   with args "MemorySystem_tb_behav -key {Behavioral:sim_1:Functional:MemorySystem_tb} -tclbatch {MemorySystem_tb.tcl} -log {simulate.log}"
INFO: [USF-XSim-8] Loading simulator feature
Vivado Simulator 2020.1
Time resolution is 1 ps
source MemorySystem_tb.tcl
# set curr_wave [current_wave_config]
# if { [string length $curr_wave] == 0 } {
#   if { [llength [get_objects]] > 0} {
#     add_wave /
#     set_property needs_save false [current_wave_config]
#   } else {
#      send_msg_id Add_Wave-1 WARNING "No top level signals found. Simulator will start without a wave window. If you want to open a wave window go to 'File->New Waveform Configuration' or type 'create_wave_config' in the TCL console."
#   }
# }
# run 1000ns
$stop called at time : 260 ns : File "C:/Users/gs10403/Downloads/CA-LAB-SPR-2026-main/CA-LAB-SPR-2026-main/Vivado Labs/Lab08/Lab08-Task2/Lab08-Task2.srcs/sources_1/new/MemorySys_Tb.v" Line 214
INFO: [USF-XSim-96] XSim completed. Design snapshot 'MemorySystem_tb_behav' loaded.
INFO: [USF-XSim-97] XSim simulation ran for 1000ns
close_sim
ERROR: [Vivado 12-106] *** Exception: java.lang.NullPointerException (See C:/Users/gs10403/Downloads/CA-LAB-SPR-2026-main/CA-LAB-SPR-2026-main/Vivado Labs/Lab08/Lab08-Task2/vivado_pid4532.debug)
INFO: [Simtcl 6-16] Simulation closed
ERROR: [Common 17-39] 'close_sim' failed due to earlier errors.
exit
INFO: [Common 17-206] Exiting Vivado at Wed Mar 18 11:36:32 2026...
