#-----------------------------------------------------------
# Vivado v2020.1 (64-bit)
# SW Build 2902540 on Wed May 27 19:54:49 MDT 2020
# IP Build 2902112 on Wed May 27 22:43:36 MDT 2020
# Start of session at: Thu Mar 12 09:56:39 2026
# Process ID: 20064
# Current directory: C:/Users/gs10403/CA-LAB-SPR-2026/Vivado Labs/Lab07/Lab07-Task3
# Command line: vivado.exe -gui_launcher_event rodinguilauncherevent15796 C:\Users\gs10403\CA-LAB-SPR-2026\Vivado Labs\Lab07\Lab07-Task3\Lab07-Task3.xpr
# Log file: C:/Users/gs10403/CA-LAB-SPR-2026/Vivado Labs/Lab07/Lab07-Task3/vivado.log
# Journal file: C:/Users/gs10403/CA-LAB-SPR-2026/Vivado Labs/Lab07/Lab07-Task3\vivado.jou
#-----------------------------------------------------------
start_gui
open_project {C:/Users/gs10403/CA-LAB-SPR-2026/Vivado Labs/Lab07/Lab07-Task3/Lab07-Task3.xpr}
INFO: [Project 1-313] Project file moved from 'C:/Users/ghazi/CA-LAB-SPR-2026/Vivado Labs/Lab07/Lab07-Task3' since last save.
Scanning sources...
Finished scanning sources
INFO: [IP_Flow 19-234] Refreshing IP repositories
INFO: [IP_Flow 19-1704] No user IP repositories specified
INFO: [IP_Flow 19-2313] Loaded Vivado IP repository 'C:/Xilinx/Vivado/2020.1/data/ip'.
open_project: Time (s): cpu = 00:00:18 ; elapsed = 00:00:07 . Memory (MB): peak = 1029.984 ; gain = 0.000
update_compile_order -fileset sources_1
reset_run synth_1
launch_runs synth_1
[Thu Mar 12 09:59:56 2026] Launched synth_1...
Run output will be captured here: C:/Users/gs10403/CA-LAB-SPR-2026/Vivado Labs/Lab07/Lab07-Task3/Lab07-Task3.runs/synth_1/runme.log
launch_runs impl_1
[Thu Mar 12 10:00:29 2026] Launched impl_1...
Run output will be captured here: C:/Users/gs10403/CA-LAB-SPR-2026/Vivado Labs/Lab07/Lab07-Task3/Lab07-Task3.runs/impl_1/runme.log
launch_runs impl_1 -to_step write_bitstream
[Thu Mar 12 10:01:12 2026] Launched impl_1...
Run output will be captured here: C:/Users/gs10403/CA-LAB-SPR-2026/Vivado Labs/Lab07/Lab07-Task3/Lab07-Task3.runs/impl_1/runme.log
WARNING: [filemgmt 56-199] Attempt to get parsing info during refresh. "On-the-fly" syntax checking information may be incorrect. [C:\Users\gs10403\CA-LAB-SPR-2026\Vivado Labs\Lab06\Lab06-CA_task2\Lab06-CA.srcs\sources_1\new\ALU.v:]
WARNING: [filemgmt 56-199] Attempt to get parsing info during refresh. "On-the-fly" syntax checking information may be incorrect. [C:\Users\gs10403\CA-LAB-SPR-2026\Vivado Labs\Lab07\Lab07-Task3\Lab07-Task3.srcs\sources_1\new\TopModule.v:]
WARNING: [filemgmt 56-199] Attempt to get parsing info during refresh. "On-the-fly" syntax checking information may be incorrect. [C:\Users\gs10403\CA-LAB-SPR-2026\Vivado Labs\Lab07\Lab07-CA-Task2\Lab07-CA-Task2.srcs\sources_1\new\register.v:]
WARNING: [filemgmt 56-199] Attempt to get parsing info during refresh. "On-the-fly" syntax checking information may be incorrect. [C:\Users\gs10403\CA-LAB-SPR-2026\Vivado Labs\Lab06\Lab06-CA_task2\Lab06-CA.srcs\sources_1\new\ALU.v:]
WARNING: [filemgmt 56-199] Attempt to get parsing info during refresh. "On-the-fly" syntax checking information may be incorrect. [C:\Users\gs10403\CA-LAB-SPR-2026\Vivado Labs\Lab07\Lab07-Task3\Lab07-Task3.srcs\sources_1\new\TopModule.v:]
WARNING: [filemgmt 56-199] Attempt to get parsing info during refresh. "On-the-fly" syntax checking information may be incorrect. [C:\Users\gs10403\CA-LAB-SPR-2026\Vivado Labs\Lab07\Lab07-CA-Task2\Lab07-CA-Task2.srcs\sources_1\new\register.v:]
ERROR: [Common 17-180] Spawn failed: No error
synth_design -rtl -name rtl_1
Command: synth_design -rtl -name rtl_1
Starting synth_design
Using part: xc7a35tcpg236-1
Top: top_rf_alu
INFO: [Device 21-403] Loading part xc7a35tcpg236-1
---------------------------------------------------------------------------------
Starting RTL Elaboration : Time (s): cpu = 00:00:02 ; elapsed = 00:00:02 . Memory (MB): peak = 2413.426 ; gain = 0.000
---------------------------------------------------------------------------------
INFO: [Synth 8-6157] synthesizing module 'top_rf_alu' [C:/Users/gs10403/CA-LAB-SPR-2026/Vivado Labs/Lab07/Lab07-Task3/Lab07-Task3.srcs/sources_1/new/TopModule.v:25]
	Parameter IDLE bound to: 0 - type: integer 
	Parameter WRITE_A bound to: 1 - type: integer 
	Parameter WRITE_B bound to: 2 - type: integer 
	Parameter EXECUTE bound to: 3 - type: integer 
	Parameter STORE bound to: 4 - type: integer 
INFO: [Synth 8-6157] synthesizing module 'RegisterFile' [C:/Users/gs10403/CA-LAB-SPR-2026/Vivado Labs/Lab07/Lab07-CA-Task2/Lab07-CA-Task2.srcs/sources_1/new/register.v:3]
INFO: [Synth 8-6155] done synthesizing module 'RegisterFile' (1#1) [C:/Users/gs10403/CA-LAB-SPR-2026/Vivado Labs/Lab07/Lab07-CA-Task2/Lab07-CA-Task2.srcs/sources_1/new/register.v:3]
INFO: [Synth 8-6157] synthesizing module 'ALU_32bit' [C:/Users/gs10403/CA-LAB-SPR-2026/Vivado Labs/Lab06/Lab06-CA_task2/Lab06-CA.srcs/sources_1/new/ALU.v:82]
INFO: [Synth 8-6157] synthesizing module 'ALU_1bit' [C:/Users/gs10403/CA-LAB-SPR-2026/Vivado Labs/Lab06/Lab06-CA_task2/Lab06-CA.srcs/sources_1/new/ALU.v:40]
INFO: [Synth 8-6157] synthesizing module 'full_adder' [C:/Users/gs10403/CA-LAB-SPR-2026/Vivado Labs/Lab06/Lab06-CA_task2/Lab06-CA.srcs/sources_1/new/ALU.v:27]
INFO: [Synth 8-6155] done synthesizing module 'full_adder' (2#1) [C:/Users/gs10403/CA-LAB-SPR-2026/Vivado Labs/Lab06/Lab06-CA_task2/Lab06-CA.srcs/sources_1/new/ALU.v:27]
INFO: [Synth 8-6155] done synthesizing module 'ALU_1bit' (3#1) [C:/Users/gs10403/CA-LAB-SPR-2026/Vivado Labs/Lab06/Lab06-CA_task2/Lab06-CA.srcs/sources_1/new/ALU.v:40]
INFO: [Synth 8-6155] done synthesizing module 'ALU_32bit' (4#1) [C:/Users/gs10403/CA-LAB-SPR-2026/Vivado Labs/Lab06/Lab06-CA_task2/Lab06-CA.srcs/sources_1/new/ALU.v:82]
INFO: [Synth 8-155] case statement is not full and has no default [C:/Users/gs10403/CA-LAB-SPR-2026/Vivado Labs/Lab07/Lab07-Task3/Lab07-Task3.srcs/sources_1/new/TopModule.v:106]
INFO: [Synth 8-6155] done synthesizing module 'top_rf_alu' (5#1) [C:/Users/gs10403/CA-LAB-SPR-2026/Vivado Labs/Lab07/Lab07-Task3/Lab07-Task3.srcs/sources_1/new/TopModule.v:25]
---------------------------------------------------------------------------------
Finished RTL Elaboration : Time (s): cpu = 00:00:03 ; elapsed = 00:00:03 . Memory (MB): peak = 2413.426 ; gain = 0.000
---------------------------------------------------------------------------------
---------------------------------------------------------------------------------
Start Handling Custom Attributes
---------------------------------------------------------------------------------
---------------------------------------------------------------------------------
Finished Handling Custom Attributes : Time (s): cpu = 00:00:03 ; elapsed = 00:00:03 . Memory (MB): peak = 2413.426 ; gain = 0.000
---------------------------------------------------------------------------------
---------------------------------------------------------------------------------
Finished RTL Optimization Phase 1 : Time (s): cpu = 00:00:03 ; elapsed = 00:00:03 . Memory (MB): peak = 2413.426 ; gain = 0.000
---------------------------------------------------------------------------------
Netlist sorting complete. Time (s): cpu = 00:00:00 ; elapsed = 00:00:00.009 . Memory (MB): peak = 2413.426 ; gain = 0.000
INFO: [Project 1-570] Preparing netlist for logic optimization

Processing XDC Constraints
Initializing timing engine
Parsing XDC File [C:/Users/gs10403/CA-LAB-SPR-2026/Vivado Labs/Lab07/Lab07-Task3/Lab07-Task3.srcs/constrs_1/new/const_updated.xdc]
CRITICAL WARNING: [Vivado 12-1411] Cannot set LOC property of ports, Terminal state_led[0] cannot be placed on U16 (IOB_X0Y3) because the pad is already occupied by terminal leds[0] possibly due to user constraint [C:/Users/gs10403/CA-LAB-SPR-2026/Vivado Labs/Lab07/Lab07-Task3/Lab07-Task3.srcs/constrs_1/new/const_updated.xdc:79]
CRITICAL WARNING: [Vivado 12-1411] Cannot set LOC property of ports, Terminal state_led[1] cannot be placed on E19 (IOB_X0Y43) because the pad is already occupied by terminal leds[1] possibly due to user constraint [C:/Users/gs10403/CA-LAB-SPR-2026/Vivado Labs/Lab07/Lab07-Task3/Lab07-Task3.srcs/constrs_1/new/const_updated.xdc:82]
CRITICAL WARNING: [Vivado 12-1411] Cannot set LOC property of ports, Terminal state_led[2] cannot be placed on U19 (IOB_X0Y20) because the pad is already occupied by terminal leds[2] possibly due to user constraint [C:/Users/gs10403/CA-LAB-SPR-2026/Vivado Labs/Lab07/Lab07-Task3/Lab07-Task3.srcs/constrs_1/new/const_updated.xdc:85]
CRITICAL WARNING: [Vivado 12-1411] Cannot set LOC property of ports, Terminal state_led[3] cannot be placed on V19 (IOB_X0Y19) because the pad is already occupied by terminal leds[3] possibly due to user constraint [C:/Users/gs10403/CA-LAB-SPR-2026/Vivado Labs/Lab07/Lab07-Task3/Lab07-Task3.srcs/constrs_1/new/const_updated.xdc:88]
Finished Parsing XDC File [C:/Users/gs10403/CA-LAB-SPR-2026/Vivado Labs/Lab07/Lab07-Task3/Lab07-Task3.srcs/constrs_1/new/const_updated.xdc]
Completed Processing XDC Constraints

INFO: [Opt 31-138] Pushed 0 inverter(s) to 0 load pin(s).
Netlist sorting complete. Time (s): cpu = 00:00:00 ; elapsed = 00:00:00 . Memory (MB): peak = 2413.426 ; gain = 0.000
INFO: [Project 1-111] Unisim Transformation Summary:
No Unisim elements were transformed.

RTL Elaboration Complete:  : Time (s): cpu = 00:00:09 ; elapsed = 00:00:06 . Memory (MB): peak = 2413.426 ; gain = 0.000
15 Infos, 0 Warnings, 4 Critical Warnings and 0 Errors encountered.
synth_design completed successfully
synth_design: Time (s): cpu = 00:00:12 ; elapsed = 00:00:16 . Memory (MB): peak = 2413.426 ; gain = 116.160
close_design
open_run impl_1
Netlist sorting complete. Time (s): cpu = 00:00:00 ; elapsed = 00:00:00 . Memory (MB): peak = 2413.426 ; gain = 0.000
INFO: [Project 1-479] Netlist was created with Vivado 2020.1
INFO: [Project 1-570] Preparing netlist for logic optimization
INFO: [Timing 38-478] Restoring timing data from binary archive.
INFO: [Timing 38-479] Binary timing data restore complete.
INFO: [Project 1-856] Restoring constraints from binary archive.
INFO: [Project 1-853] Binary constraint restore complete.
Reading XDEF placement.
Reading placer database...
Reading XDEF routing.
Read XDEF File: Time (s): cpu = 00:00:00 ; elapsed = 00:00:00.019 . Memory (MB): peak = 2413.426 ; gain = 0.000
Restored from archive | CPU: 0.000000 secs | Memory: 0.000000 MB |
Finished XDEF File Restore: Time (s): cpu = 00:00:00 ; elapsed = 00:00:00.019 . Memory (MB): peak = 2413.426 ; gain = 0.000
Netlist sorting complete. Time (s): cpu = 00:00:00 ; elapsed = 00:00:00 . Memory (MB): peak = 2413.426 ; gain = 0.000
INFO: [Project 1-111] Unisim Transformation Summary:
No Unisim elements were transformed.

open_run: Time (s): cpu = 00:00:09 ; elapsed = 00:00:07 . Memory (MB): peak = 2413.426 ; gain = 0.000
synth_design -rtl -name rtl_1
Command: synth_design -rtl -name rtl_1
Starting synth_design
Using part: xc7a35tcpg236-1
Top: top_rf_alu
---------------------------------------------------------------------------------
Starting RTL Elaboration : Time (s): cpu = 00:00:02 ; elapsed = 00:00:02 . Memory (MB): peak = 2413.426 ; gain = 0.000
---------------------------------------------------------------------------------
INFO: [Synth 8-6157] synthesizing module 'top_rf_alu' [C:/Users/gs10403/CA-LAB-SPR-2026/Vivado Labs/Lab07/Lab07-Task3/Lab07-Task3.srcs/sources_1/new/TopModule.v:25]
	Parameter IDLE bound to: 0 - type: integer 
	Parameter WRITE_A bound to: 1 - type: integer 
	Parameter WRITE_B bound to: 2 - type: integer 
	Parameter EXECUTE bound to: 3 - type: integer 
	Parameter STORE bound to: 4 - type: integer 
INFO: [Synth 8-6157] synthesizing module 'RegisterFile' [C:/Users/gs10403/CA-LAB-SPR-2026/Vivado Labs/Lab07/Lab07-CA-Task2/Lab07-CA-Task2.srcs/sources_1/new/register.v:3]
INFO: [Synth 8-6155] done synthesizing module 'RegisterFile' (1#1) [C:/Users/gs10403/CA-LAB-SPR-2026/Vivado Labs/Lab07/Lab07-CA-Task2/Lab07-CA-Task2.srcs/sources_1/new/register.v:3]
INFO: [Synth 8-6157] synthesizing module 'ALU_32bit' [C:/Users/gs10403/CA-LAB-SPR-2026/Vivado Labs/Lab06/Lab06-CA_task2/Lab06-CA.srcs/sources_1/new/ALU.v:82]
INFO: [Synth 8-6157] synthesizing module 'ALU_1bit' [C:/Users/gs10403/CA-LAB-SPR-2026/Vivado Labs/Lab06/Lab06-CA_task2/Lab06-CA.srcs/sources_1/new/ALU.v:40]
INFO: [Synth 8-6157] synthesizing module 'full_adder' [C:/Users/gs10403/CA-LAB-SPR-2026/Vivado Labs/Lab06/Lab06-CA_task2/Lab06-CA.srcs/sources_1/new/ALU.v:27]
INFO: [Synth 8-6155] done synthesizing module 'full_adder' (2#1) [C:/Users/gs10403/CA-LAB-SPR-2026/Vivado Labs/Lab06/Lab06-CA_task2/Lab06-CA.srcs/sources_1/new/ALU.v:27]
INFO: [Synth 8-6155] done synthesizing module 'ALU_1bit' (3#1) [C:/Users/gs10403/CA-LAB-SPR-2026/Vivado Labs/Lab06/Lab06-CA_task2/Lab06-CA.srcs/sources_1/new/ALU.v:40]
INFO: [Synth 8-6155] done synthesizing module 'ALU_32bit' (4#1) [C:/Users/gs10403/CA-LAB-SPR-2026/Vivado Labs/Lab06/Lab06-CA_task2/Lab06-CA.srcs/sources_1/new/ALU.v:82]
INFO: [Synth 8-155] case statement is not full and has no default [C:/Users/gs10403/CA-LAB-SPR-2026/Vivado Labs/Lab07/Lab07-Task3/Lab07-Task3.srcs/sources_1/new/TopModule.v:106]
INFO: [Synth 8-6155] done synthesizing module 'top_rf_alu' (5#1) [C:/Users/gs10403/CA-LAB-SPR-2026/Vivado Labs/Lab07/Lab07-Task3/Lab07-Task3.srcs/sources_1/new/TopModule.v:25]
---------------------------------------------------------------------------------
Finished RTL Elaboration : Time (s): cpu = 00:00:02 ; elapsed = 00:00:03 . Memory (MB): peak = 2413.426 ; gain = 0.000
---------------------------------------------------------------------------------
---------------------------------------------------------------------------------
Start Handling Custom Attributes
---------------------------------------------------------------------------------
---------------------------------------------------------------------------------
Finished Handling Custom Attributes : Time (s): cpu = 00:00:02 ; elapsed = 00:00:03 . Memory (MB): peak = 2413.426 ; gain = 0.000
---------------------------------------------------------------------------------
---------------------------------------------------------------------------------
Finished RTL Optimization Phase 1 : Time (s): cpu = 00:00:02 ; elapsed = 00:00:03 . Memory (MB): peak = 2413.426 ; gain = 0.000
---------------------------------------------------------------------------------
Netlist sorting complete. Time (s): cpu = 00:00:00 ; elapsed = 00:00:00.009 . Memory (MB): peak = 2413.426 ; gain = 0.000
INFO: [Project 1-570] Preparing netlist for logic optimization

Processing XDC Constraints
Initializing timing engine
Parsing XDC File [C:/Users/gs10403/CA-LAB-SPR-2026/Vivado Labs/Lab07/Lab07-Task3/Lab07-Task3.srcs/constrs_1/new/const_updated.xdc]
CRITICAL WARNING: [Vivado 12-1411] Cannot set LOC property of ports, Terminal state_led[0] cannot be placed on U16 (IOB_X0Y3) because the pad is already occupied by terminal leds[0] possibly due to user constraint [C:/Users/gs10403/CA-LAB-SPR-2026/Vivado Labs/Lab07/Lab07-Task3/Lab07-Task3.srcs/constrs_1/new/const_updated.xdc:79]
CRITICAL WARNING: [Vivado 12-1411] Cannot set LOC property of ports, Terminal state_led[1] cannot be placed on E19 (IOB_X0Y43) because the pad is already occupied by terminal leds[1] possibly due to user constraint [C:/Users/gs10403/CA-LAB-SPR-2026/Vivado Labs/Lab07/Lab07-Task3/Lab07-Task3.srcs/constrs_1/new/const_updated.xdc:82]
CRITICAL WARNING: [Vivado 12-1411] Cannot set LOC property of ports, Terminal state_led[2] cannot be placed on U19 (IOB_X0Y20) because the pad is already occupied by terminal leds[2] possibly due to user constraint [C:/Users/gs10403/CA-LAB-SPR-2026/Vivado Labs/Lab07/Lab07-Task3/Lab07-Task3.srcs/constrs_1/new/const_updated.xdc:85]
CRITICAL WARNING: [Vivado 12-1411] Cannot set LOC property of ports, Terminal state_led[3] cannot be placed on V19 (IOB_X0Y19) because the pad is already occupied by terminal leds[3] possibly due to user constraint [C:/Users/gs10403/CA-LAB-SPR-2026/Vivado Labs/Lab07/Lab07-Task3/Lab07-Task3.srcs/constrs_1/new/const_updated.xdc:88]
Finished Parsing XDC File [C:/Users/gs10403/CA-LAB-SPR-2026/Vivado Labs/Lab07/Lab07-Task3/Lab07-Task3.srcs/constrs_1/new/const_updated.xdc]
Completed Processing XDC Constraints

INFO: [Opt 31-138] Pushed 0 inverter(s) to 0 load pin(s).
Netlist sorting complete. Time (s): cpu = 00:00:00 ; elapsed = 00:00:00 . Memory (MB): peak = 2449.047 ; gain = 0.000
INFO: [Project 1-111] Unisim Transformation Summary:
No Unisim elements were transformed.

RTL Elaboration Complete:  : Time (s): cpu = 00:00:05 ; elapsed = 00:00:04 . Memory (MB): peak = 2449.047 ; gain = 35.621
14 Infos, 0 Warnings, 4 Critical Warnings and 0 Errors encountered.
synth_design completed successfully
reset_run synth_1
launch_runs synth_1
[Thu Mar 12 10:13:47 2026] Launched synth_1...
Run output will be captured here: C:/Users/gs10403/CA-LAB-SPR-2026/Vivado Labs/Lab07/Lab07-Task3/Lab07-Task3.runs/synth_1/runme.log
