#-----------------------------------------------------------
# Vivado v2020.1 (64-bit)
# SW Build 2902540 on Wed May 27 19:54:49 MDT 2020
# IP Build 2902112 on Wed May 27 22:43:36 MDT 2020
# Start of session at: Thu Mar  5 09:17:50 2026
# Process ID: 9852
# Current directory: C:/Users/gs10403/CA-LAB-SPR-2026/Vivado Labs/Lab06/CA_Lab06_task3
# Command line: vivado.exe -gui_launcher_event rodinguilauncherevent13116 C:\Users\gs10403\CA-LAB-SPR-2026\Vivado Labs\Lab06\CA_Lab06_task3\CA_Lab06_task3.xpr
# Log file: C:/Users/gs10403/CA-LAB-SPR-2026/Vivado Labs/Lab06/CA_Lab06_task3/vivado.log
# Journal file: C:/Users/gs10403/CA-LAB-SPR-2026/Vivado Labs/Lab06/CA_Lab06_task3\vivado.jou
#-----------------------------------------------------------
start_gui
open_project {C:/Users/gs10403/CA-LAB-SPR-2026/Vivado Labs/Lab06/CA_Lab06_task3/CA_Lab06_task3.xpr}
INFO: [Project 1-313] Project file moved from 'C:/Users/ghazi/CA-LAB-SPR-2026/Vivado Labs/Lab06/CA_Lab06_task3' since last save.
Scanning sources...
Finished scanning sources
INFO: [IP_Flow 19-234] Refreshing IP repositories
INFO: [IP_Flow 19-1704] No user IP repositories specified
INFO: [IP_Flow 19-2313] Loaded Vivado IP repository 'C:/Xilinx/Vivado/2020.1/data/ip'.
update_compile_order -fileset sources_1
copy_run -name impl_1_copy_1 [get_runs impl_1] -parent_run synth_1
impl_1_copy_1
set_property part xc7a35tcpg236-1 [current_project]
reset_run synth_1
launch_runs synth_1 -jobs 3
[Thu Mar  5 09:26:08 2026] Launched synth_1...
Run output will be captured here: C:/Users/gs10403/CA-LAB-SPR-2026/Vivado Labs/Lab06/CA_Lab06_task3/CA_Lab06_task3.runs/synth_1/runme.log
launch_runs impl_1 -jobs 3
[Thu Mar  5 09:26:44 2026] Launched impl_1...
Run output will be captured here: C:/Users/gs10403/CA-LAB-SPR-2026/Vivado Labs/Lab06/CA_Lab06_task3/CA_Lab06_task3.runs/impl_1/runme.log
reset_run synth_1
launch_runs synth_1 -jobs 3
[Thu Mar  5 09:33:45 2026] Launched synth_1...
Run output will be captured here: C:/Users/gs10403/CA-LAB-SPR-2026/Vivado Labs/Lab06/CA_Lab06_task3/CA_Lab06_task3.runs/synth_1/runme.log
reset_run synth_1
launch_runs synth_1 -jobs 3
[Thu Mar  5 09:35:50 2026] Launched synth_1...
Run output will be captured here: C:/Users/gs10403/CA-LAB-SPR-2026/Vivado Labs/Lab06/CA_Lab06_task3/CA_Lab06_task3.runs/synth_1/runme.log
launch_runs impl_1 -jobs 3
[Thu Mar  5 09:36:20 2026] Launched impl_1...
Run output will be captured here: C:/Users/gs10403/CA-LAB-SPR-2026/Vivado Labs/Lab06/CA_Lab06_task3/CA_Lab06_task3.runs/impl_1/runme.log
reset_run synth_1
launch_runs synth_1
[Thu Mar  5 09:38:37 2026] Launched synth_1...
Run output will be captured here: C:/Users/gs10403/CA-LAB-SPR-2026/Vivado Labs/Lab06/CA_Lab06_task3/CA_Lab06_task3.runs/synth_1/runme.log
launch_runs impl_1
[Thu Mar  5 09:39:08 2026] Launched impl_1...
Run output will be captured here: C:/Users/gs10403/CA-LAB-SPR-2026/Vivado Labs/Lab06/CA_Lab06_task3/CA_Lab06_task3.runs/impl_1/runme.log
reset_run synth_1
launch_runs synth_1
[Thu Mar  5 09:41:53 2026] Launched synth_1...
Run output will be captured here: C:/Users/gs10403/CA-LAB-SPR-2026/Vivado Labs/Lab06/CA_Lab06_task3/CA_Lab06_task3.runs/synth_1/runme.log
launch_runs impl_1
[Thu Mar  5 09:42:30 2026] Launched impl_1...
Run output will be captured here: C:/Users/gs10403/CA-LAB-SPR-2026/Vivado Labs/Lab06/CA_Lab06_task3/CA_Lab06_task3.runs/impl_1/runme.log
launch_runs impl_1 -to_step write_bitstream
[Thu Mar  5 09:43:15 2026] Launched impl_1...
Run output will be captured here: C:/Users/gs10403/CA-LAB-SPR-2026/Vivado Labs/Lab06/CA_Lab06_task3/CA_Lab06_task3.runs/impl_1/runme.log
open_hw_manager
connect_hw_server -allow_non_jtag
INFO: [Labtools 27-2285] Connecting to hw_server url TCP:localhost:3121
INFO: [Labtools 27-2222] Launching hw_server...
INFO: [Labtools 27-2221] Launch Output:

****** Xilinx hw_server v2020.1
  **** Build date : May 27 2020 at 20:24:38
    ** Copyright 1986-2020 Xilinx, Inc. All Rights Reserved.


INFO: [Labtools 27-3415] Connecting to cs_server url TCP:localhost:3042
INFO: [Labtools 27-3417] Launching cs_server...
INFO: [Common 17-41] Interrupt caught. Command should exit soon.
INFO: [Labtools 27-2221] Launch Output:


****** Xilinx cs_server v2020.1.0
  **** Build date : May 14 2020-06:10:29
    ** Copyright 2017-2020 Xilinx, Inc. All Rights Reserved.



connect_hw_server: Time (s): cpu = 00:00:00 ; elapsed = 00:00:08 . Memory (MB): peak = 1267.895 ; gain = 4.234
INFO: [Common 17-344] 'connect_hw_server' was cancelled
disconnect_hw_server localhost:3121
connect_hw_server -allow_non_jtag
INFO: [Labtools 27-2285] Connecting to hw_server url TCP:localhost:3121
INFO: [Labtools 27-3415] Connecting to cs_server url TCP:localhost:3042
INFO: [Labtools 27-3414] Connected to existing cs_server.
open_hw_target
INFO: [Labtoolstcl 44-466] Opening hw_target localhost:3121/xilinx_tcf/Digilent/210183AF3064A
set_property PROGRAM.FILE {C:/Users/gs10403/CA-LAB-SPR-2026/Vivado Labs/Lab06/CA_Lab06_task3/CA_Lab06_task3.runs/impl_1/ALU_FPGA.bit} [get_hw_devices xc7a35t_0]
current_hw_device [get_hw_devices xc7a35t_0]
refresh_hw_device -update_hw_probes false [lindex [get_hw_devices xc7a35t_0] 0]
INFO: [Labtools 27-1434] Device xc7a35t (JTAG device index = 0) is programmed with a design that has no supported debug core(s) in it.
close_hw_manager
open_hw_manager
connect_hw_server -allow_non_jtag
INFO: [Labtools 27-2285] Connecting to hw_server url TCP:localhost:3121
INFO: [Labtools 27-3415] Connecting to cs_server url TCP:localhost:3042
INFO: [Labtools 27-3414] Connected to existing cs_server.
open_hw_target
INFO: [Labtoolstcl 44-466] Opening hw_target localhost:3121/xilinx_tcf/Digilent/210183AF3064A
set_property PROGRAM.FILE {C:/Users/gs10403/CA-LAB-SPR-2026/Vivado Labs/Lab06/CA_Lab06_task3/CA_Lab06_task3.runs/impl_1/ALU_FPGA.bit} [get_hw_devices xc7a35t_0]
current_hw_device [get_hw_devices xc7a35t_0]
refresh_hw_device -update_hw_probes false [lindex [get_hw_devices xc7a35t_0] 0]
INFO: [Labtools 27-1434] Device xc7a35t (JTAG device index = 0) is programmed with a design that has no supported debug core(s) in it.
set_property PROBES.FILE {} [get_hw_devices xc7a35t_0]
set_property FULL_PROBES.FILE {} [get_hw_devices xc7a35t_0]
set_property PROGRAM.FILE {C:/Users/gs10403/CA-LAB-SPR-2026/Vivado Labs/Lab06/CA_Lab06_task3/CA_Lab06_task3.runs/impl_1/ALU_FPGA.bit} [get_hw_devices xc7a35t_0]
program_hw_devices [get_hw_devices xc7a35t_0]
INFO: [Labtools 27-3164] End of startup status: HIGH
refresh_hw_device [lindex [get_hw_devices xc7a35t_0] 0]
INFO: [Labtools 27-1434] Device xc7a35t (JTAG device index = 0) is programmed with a design that has no supported debug core(s) in it.
set_property PROBES.FILE {} [get_hw_devices xc7a35t_0]
set_property FULL_PROBES.FILE {} [get_hw_devices xc7a35t_0]
set_property PROGRAM.FILE {C:/Users/gs10403/CA-LAB-SPR-2026/Vivado Labs/Lab06/CA_Lab06_task3/CA_Lab06_task3.runs/impl_1/ALU_FPGA.bit} [get_hw_devices xc7a35t_0]
program_hw_devices [get_hw_devices xc7a35t_0]
INFO: [Labtools 27-3164] End of startup status: HIGH
refresh_hw_device [lindex [get_hw_devices xc7a35t_0] 0]
INFO: [Labtools 27-1434] Device xc7a35t (JTAG device index = 0) is programmed with a design that has no supported debug core(s) in it.
create_bd_design "design_1"
INFO: [Common 17-41] Interrupt caught. Command should exit soon.
ERROR: [Ip 78-89] Error in evaluating command source [rdi::utils::find_approot_file scripts/xguifrmwork/init.tcl]
 - 
    while executing
"source [rdi::utils::find_approot_file scripts/xguifrmwork/init.tcl]"
ERROR: [Ip 78-89] Error in evaluating command source init.tcl
 - 
    while executing
"source init.tcl"
1
ERROR: [Ip 78-89] Error in evaluating command source [rdi::utils::find_approot_file scripts/xguifrmwork/init.tcl]
 - 
    while executing
"source [rdi::utils::find_approot_file scripts/xguifrmwork/init.tcl]"
ERROR: [Ip 78-89] Error in evaluating command source init.tcl
 - 
    while executing
"source init.tcl"
1
Wrote  : <C:\Users\gs10403\CA-LAB-SPR-2026\Vivado Labs\Lab06\CA_Lab06_task3\CA_Lab06_task3.srcs\sources_1\bd\design_1\design_1.bd> 
INFO: [Common 17-344] 'create_bd_design' was cancelled
update_compile_order -fileset sources_1
export_ip_user_files -of_objects  [get_files {{C:/Users/gs10403/CA-LAB-SPR-2026/Vivado Labs/Lab06/CA_Lab06_task3/CA_Lab06_task3.srcs/sources_1/bd/design_1/design_1.bd}}] -no_script -reset -force -quiet
remove_files  {{C:/Users/gs10403/CA-LAB-SPR-2026/Vivado Labs/Lab06/CA_Lab06_task3/CA_Lab06_task3.srcs/sources_1/bd/design_1/design_1.bd}}
Wrote  : <C:/Users/gs10403/CA-LAB-SPR-2026/Vivado Labs/Lab06/CA_Lab06_task3/CA_Lab06_task3.srcs/sources_1/bd/design_1/ui/bd_1f5defd0.ui> 
reset_run synth_1
launch_runs synth_1
[Thu Mar  5 09:50:32 2026] Launched synth_1...
Run output will be captured here: C:/Users/gs10403/CA-LAB-SPR-2026/Vivado Labs/Lab06/CA_Lab06_task3/CA_Lab06_task3.runs/synth_1/runme.log
launch_runs impl_1
[Thu Mar  5 09:51:02 2026] Launched impl_1...
Run output will be captured here: C:/Users/gs10403/CA-LAB-SPR-2026/Vivado Labs/Lab06/CA_Lab06_task3/CA_Lab06_task3.runs/impl_1/runme.log
launch_runs impl_1 -to_step write_bitstream
[Thu Mar  5 09:52:00 2026] Launched impl_1...
Run output will be captured here: C:/Users/gs10403/CA-LAB-SPR-2026/Vivado Labs/Lab06/CA_Lab06_task3/CA_Lab06_task3.runs/impl_1/runme.log
set_property PROBES.FILE {} [get_hw_devices xc7a35t_0]
set_property FULL_PROBES.FILE {} [get_hw_devices xc7a35t_0]
set_property PROGRAM.FILE {C:/Users/gs10403/CA-LAB-SPR-2026/Vivado Labs/Lab06/CA_Lab06_task3/CA_Lab06_task3.runs/impl_1/ALU_FPGA.bit} [get_hw_devices xc7a35t_0]
program_hw_devices [get_hw_devices xc7a35t_0]
INFO: [Labtools 27-3164] End of startup status: HIGH
refresh_hw_device [lindex [get_hw_devices xc7a35t_0] 0]
INFO: [Labtools 27-1434] Device xc7a35t (JTAG device index = 0) is programmed with a design that has no supported debug core(s) in it.
ERROR: [Labtoolstcl 44-513] HW Target shutdown. Closing target: localhost:3121/xilinx_tcf/Digilent/210183AF3064A
reset_run synth_1
launch_runs synth_1
[Thu Mar  5 09:53:58 2026] Launched synth_1...
Run output will be captured here: C:/Users/gs10403/CA-LAB-SPR-2026/Vivado Labs/Lab06/CA_Lab06_task3/CA_Lab06_task3.runs/synth_1/runme.log
launch_runs impl_1
[Thu Mar  5 09:54:28 2026] Launched impl_1...
Run output will be captured here: C:/Users/gs10403/CA-LAB-SPR-2026/Vivado Labs/Lab06/CA_Lab06_task3/CA_Lab06_task3.runs/impl_1/runme.log
INFO: [Labtoolstcl 44-466] Opening hw_target localhost:3121/xilinx_tcf/Digilent/210183AF3064A
INFO: [Labtools 27-1434] Device xc7a35t (JTAG device index = 0) is programmed with a design that has no supported debug core(s) in it.
WARNING: [Labtoolstcl 44-129] No matching hw_ila_data was found.
launch_runs impl_1 -to_step write_bitstream
[Thu Mar  5 09:55:18 2026] Launched impl_1...
Run output will be captured here: C:/Users/gs10403/CA-LAB-SPR-2026/Vivado Labs/Lab06/CA_Lab06_task3/CA_Lab06_task3.runs/impl_1/runme.log
refresh_hw_device [lindex [get_hw_devices xc7a35t_0] 0]
INFO: [Labtools 27-1434] Device xc7a35t (JTAG device index = 0) is programmed with a design that has no supported debug core(s) in it.
set_property PROBES.FILE {} [get_hw_devices xc7a35t_0]
set_property FULL_PROBES.FILE {} [get_hw_devices xc7a35t_0]
set_property PROGRAM.FILE {C:/Users/gs10403/CA-LAB-SPR-2026/Vivado Labs/Lab06/CA_Lab06_task3/CA_Lab06_task3.runs/impl_1/ALU_FPGA.bit} [get_hw_devices xc7a35t_0]
program_hw_devices [get_hw_devices xc7a35t_0]
INFO: [Labtools 27-3164] End of startup status: HIGH
refresh_hw_device [lindex [get_hw_devices xc7a35t_0] 0]
INFO: [Labtools 27-1434] Device xc7a35t (JTAG device index = 0) is programmed with a design that has no supported debug core(s) in it.
set_property PROBES.FILE {} [get_hw_devices xc7a35t_0]
set_property FULL_PROBES.FILE {} [get_hw_devices xc7a35t_0]
set_property PROGRAM.FILE {C:/Users/gs10403/CA-LAB-SPR-2026/Vivado Labs/Lab06/CA_Lab06_task3/CA_Lab06_task3.runs/impl_1/ALU_FPGA.bit} [get_hw_devices xc7a35t_0]
program_hw_devices [get_hw_devices xc7a35t_0]
INFO: [Labtools 27-3164] End of startup status: HIGH
refresh_hw_device [lindex [get_hw_devices xc7a35t_0] 0]
INFO: [Labtools 27-1434] Device xc7a35t (JTAG device index = 0) is programmed with a design that has no supported debug core(s) in it.
reset_run synth_1
launch_runs synth_1
[Thu Mar  5 09:59:00 2026] Launched synth_1...
Run output will be captured here: C:/Users/gs10403/CA-LAB-SPR-2026/Vivado Labs/Lab06/CA_Lab06_task3/CA_Lab06_task3.runs/synth_1/runme.log
launch_runs impl_1
[Thu Mar  5 09:59:29 2026] Launched impl_1...
Run output will be captured here: C:/Users/gs10403/CA-LAB-SPR-2026/Vivado Labs/Lab06/CA_Lab06_task3/CA_Lab06_task3.runs/impl_1/runme.log
launch_runs impl_1 -to_step write_bitstream
[Thu Mar  5 10:00:16 2026] Launched impl_1...
Run output will be captured here: C:/Users/gs10403/CA-LAB-SPR-2026/Vivado Labs/Lab06/CA_Lab06_task3/CA_Lab06_task3.runs/impl_1/runme.log
refresh_hw_device [lindex [get_hw_devices xc7a35t_0] 0]
INFO: [Labtools 27-1434] Device xc7a35t (JTAG device index = 0) is programmed with a design that has no supported debug core(s) in it.
set_property PROBES.FILE {} [get_hw_devices xc7a35t_0]
set_property FULL_PROBES.FILE {} [get_hw_devices xc7a35t_0]
set_property PROGRAM.FILE {C:/Users/gs10403/CA-LAB-SPR-2026/Vivado Labs/Lab06/CA_Lab06_task3/CA_Lab06_task3.runs/impl_1/ALU_FPGA.bit} [get_hw_devices xc7a35t_0]
program_hw_devices [get_hw_devices xc7a35t_0]
INFO: [Labtools 27-3164] End of startup status: HIGH
refresh_hw_device [lindex [get_hw_devices xc7a35t_0] 0]
INFO: [Labtools 27-1434] Device xc7a35t (JTAG device index = 0) is programmed with a design that has no supported debug core(s) in it.
ERROR: [Labtoolstcl 44-513] HW Target shutdown. Closing target: localhost:3121/xilinx_tcf/Digilent/210183AF3064A
INFO: [Labtoolstcl 44-466] Opening hw_target localhost:3121/xilinx_tcf/Digilent/210183AF3064A
INFO: [Labtools 27-1434] Device xc7a35t (JTAG device index = 0) is programmed with a design that has no supported debug core(s) in it.
WARNING: [Labtoolstcl 44-129] No matching hw_ila_data was found.
set_property PROBES.FILE {} [get_hw_devices xc7a35t_0]
set_property FULL_PROBES.FILE {} [get_hw_devices xc7a35t_0]
set_property PROGRAM.FILE {C:/Users/gs10403/CA-LAB-SPR-2026/Vivado Labs/Lab06/CA_Lab06_task3/CA_Lab06_task3.runs/impl_1/ALU_FPGA.bit} [get_hw_devices xc7a35t_0]
program_hw_devices [get_hw_devices xc7a35t_0]
INFO: [Labtools 27-3164] End of startup status: HIGH
refresh_hw_device [lindex [get_hw_devices xc7a35t_0] 0]
INFO: [Labtools 27-1434] Device xc7a35t (JTAG device index = 0) is programmed with a design that has no supported debug core(s) in it.
ERROR: [Labtoolstcl 44-513] HW Target shutdown. Closing target: localhost:3121/xilinx_tcf/Digilent/210183AF3064A
create_project Lab07-CA-Task2 {C:/Users/gs10403/CA-LAB-SPR-2026/Vivado Labs/Lab07/Lab07-CA-Task2} -part xc7a35tcpg236-1
INFO: [IP_Flow 19-234] Refreshing IP repositories
INFO: [IP_Flow 19-1704] No user IP repositories specified
INFO: [IP_Flow 19-2313] Loaded Vivado IP repository 'C:/Xilinx/Vivado/2020.1/data/ip'.
add_files -norecurse {C:/Users/gs10403/Downloads/switches_.v C:/Users/gs10403/Downloads/led.v {C:/Users/gs10403/CA-LAB-SPR-2026/Vivado Labs/Lab06/Lab06-CA_task2/Lab06-CA.srcs/sources_1/new/ALU.v}}
add_files -fileset constrs_1 -norecurse {{C:/Users/gs10403/CA-LAB-SPR-2026/Vivado Labs/Lab06/CA_Lab06_task3/CA_Lab06_task3.srcs/constrs_1/new/const.xdc}}
update_compile_order -fileset sources_1
update_compile_order -fileset sources_1
file mkdir C:/Users/gs10403/CA-LAB-SPR-2026/Vivado Labs/Lab07/Lab07-CA-Task2/Lab07-CA-Task2.srcs/sources_1/new
can't create directory "C:/Users/gs10403/CA-LAB-SPR-2026/Vivado": file already exists
file mkdir C:/Users/gs10403/CA-LAB-SPR-2026/Vivado Labs/Lab07/Lab07-CA-Task2/Lab07-CA-Task2.srcs/sources_1/new
can't create directory "C:/Users/gs10403/CA-LAB-SPR-2026/Vivado": file already exists
file mkdir C:/Users/gs10403/CA-LAB-SPR-2026/Vivado Labs/Lab07/Lab07-CA-Task2/Lab07-CA-Task2.srcs/sources_1/new
can't create directory "C:/Users/gs10403/CA-LAB-SPR-2026/Vivado": file already exists
file mkdir C:/Users/gs10403/CA-LAB-SPR-2026/Vivado Labs/Lab07/Lab07-CA-Task2/Lab07-CA-Task2.srcs/sources_1/new
can't create directory "C:/Users/gs10403/CA-LAB-SPR-2026/Vivado": file already exists
file mkdir C:/Users/gs10403/CA-LAB-SPR-2026/Vivado Labs/Lab07/Lab07-CA-Task2/Lab07-CA-Task2.srcs/sources_1/new
can't create directory "C:/Users/gs10403/CA-LAB-SPR-2026/Vivado": file already exists
file mkdir C:/Users/gs10403/CA-LAB-SPR-2026/Vivado Labs/Lab07/Lab07-CA-Task2/Lab07-CA-Task2.srcs/sources_1/new
can't create directory "C:/Users/gs10403/CA-LAB-SPR-2026/Vivado": file already exists
file mkdir {C:/Users/gs10403/CA-LAB-SPR-2026/Vivado Labs/Lab07/Lab07-CA-Task2/Lab07-CA-Task2.srcs/sources_1/new}
close [ open {C:/Users/gs10403/CA-LAB-SPR-2026/Vivado Labs/Lab07/Lab07-CA-Task2/Lab07-CA-Task2.srcs/sources_1/new/register.v} w ]
add_files {{C:/Users/gs10403/CA-LAB-SPR-2026/Vivado Labs/Lab07/Lab07-CA-Task2/Lab07-CA-Task2.srcs/sources_1/new/register.v}}
update_compile_order -fileset sources_1
