#-----------------------------------------------------------
# Vivado v2020.1 (64-bit)
# SW Build 2902540 on Wed May 27 19:54:49 MDT 2020
# IP Build 2902112 on Wed May 27 22:43:36 MDT 2020
# Start of session at: Fri Mar  6 12:07:08 2026
# Process ID: 10420
# Current directory: C:/Users/ghazi/CA-LAB-SPR-2026/Vivado Labs/Lab06/CA_Lab06_task3
# Command line: vivado.exe -gui_launcher_event rodinguilauncherevent16588 C:\Users\ghazi\CA-LAB-SPR-2026\Vivado Labs\Lab06\CA_Lab06_task3\CA_Lab06_task3.xpr
# Log file: C:/Users/ghazi/CA-LAB-SPR-2026/Vivado Labs/Lab06/CA_Lab06_task3/vivado.log
# Journal file: C:/Users/ghazi/CA-LAB-SPR-2026/Vivado Labs/Lab06/CA_Lab06_task3\vivado.jou
#-----------------------------------------------------------
start_gui
open_project {C:/Users/ghazi/CA-LAB-SPR-2026/Vivado Labs/Lab06/CA_Lab06_task3/CA_Lab06_task3.xpr}
INFO: [Project 1-313] Project file moved from 'C:/Users/gs10403/CA-LAB-SPR-2026/Vivado Labs/Lab06/CA_Lab06_task3' since last save.
Scanning sources...
Finished scanning sources
INFO: [IP_Flow 19-234] Refreshing IP repositories
INFO: [IP_Flow 19-1704] No user IP repositories specified
INFO: [IP_Flow 19-2313] Loaded Vivado IP repository 'C:/Xilinx/Vivado/2020.1/data/ip'.
open_project: Time (s): cpu = 00:00:32 ; elapsed = 00:00:08 . Memory (MB): peak = 1024.152 ; gain = 0.000
update_compile_order -fileset sources_1
update_compile_order -fileset sources_1
update_compile_order -fileset sources_1
exit
INFO: [Common 17-206] Exiting Vivado at Fri Mar  6 13:09:52 2026...
