#-----------------------------------------------------------
# Vivado v2020.1 (64-bit)
# SW Build 2902540 on Wed May 27 19:54:49 MDT 2020
# IP Build 2902112 on Wed May 27 22:43:36 MDT 2020
# Start of session at: Fri Mar  6 14:13:17 2026
# Process ID: 12008
# Current directory: C:/Users/ghazi/CA-LAB-SPR-2026/Vivado Labs/Lab06/CA_Lab06_task3
# Command line: vivado.exe -gui_launcher_event rodinguilauncherevent14700 C:\Users\ghazi\CA-LAB-SPR-2026\Vivado Labs\Lab06\CA_Lab06_task3\CA_Lab06_task3.xpr
# Log file: C:/Users/ghazi/CA-LAB-SPR-2026/Vivado Labs/Lab06/CA_Lab06_task3/vivado.log
# Journal file: C:/Users/ghazi/CA-LAB-SPR-2026/Vivado Labs/Lab06/CA_Lab06_task3\vivado.jou
#-----------------------------------------------------------
start_gui
open_project {C:/Users/ghazi/CA-LAB-SPR-2026/Vivado Labs/Lab06/CA_Lab06_task3/CA_Lab06_task3.xpr}
Scanning sources...
Finished scanning sources
INFO: [IP_Flow 19-234] Refreshing IP repositories
INFO: [IP_Flow 19-1704] No user IP repositories specified
INFO: [IP_Flow 19-2313] Loaded Vivado IP repository 'C:/Xilinx/Vivado/2020.1/data/ip'.
open_project: Time (s): cpu = 00:00:16 ; elapsed = 00:00:06 . Memory (MB): peak = 1212.809 ; gain = 0.000
update_compile_order -fileset sources_1
launch_simulation
Command: launch_simulation 
INFO: [Vivado 12-5682] Launching behavioral simulation in 'C:/Users/ghazi/CA-LAB-SPR-2026/Vivado Labs/Lab06/CA_Lab06_task3/CA_Lab06_task3.sim/sim_1/behav/xsim'
INFO: [SIM-utils-51] Simulation object is 'sim_1'
INFO: [SIM-utils-54] Inspecting design source files for 'ALU_FPGA' in fileset 'sim_1'...
INFO: [USF-XSim-97] Finding global include files...
INFO: [USF-XSim-98] Fetching design files from 'sim_1'...
INFO: [USF-XSim-2] XSim::Compile design
INFO: [USF-XSim-61] Executing 'COMPILE and ANALYZE' step in 'C:/Users/ghazi/CA-LAB-SPR-2026/Vivado Labs/Lab06/CA_Lab06_task3/CA_Lab06_task3.sim/sim_1/behav/xsim'
"xvlog --incr --relax -prj ALU_FPGA_vlog.prj"
INFO: [VRFC 10-2263] Analyzing Verilog file "C:/Users/ghazi/CA-LAB-SPR-2026/Vivado Labs/Lab06/Lab06-CA_task2/Lab06-CA.srcs/sources_1/new/ALU.v" into library xil_defaultlib
INFO: [VRFC 10-311] analyzing module full_adder
INFO: [VRFC 10-311] analyzing module ALU_1bit
INFO: [VRFC 10-311] analyzing module ALU_32bit
INFO: [VRFC 10-2263] Analyzing Verilog file "C:/Users/ghazi/CA-LAB-SPR-2026/Vivado Labs/Lab06/CA_Lab06_task3/CA_Lab06_task3.srcs/sources_1/new/ALU_FPGA.v" into library xil_defaultlib
INFO: [VRFC 10-311] analyzing module ALU_FPGA
INFO: [VRFC 10-2263] Analyzing Verilog file "C:/Users/ghazi/CA-LAB-SPR-2026/Vivado Labs/Lab06/CA_Lab06_task3/CA_Lab06_task3.sim/sim_1/behav/xsim/glbl.v" into library xil_defaultlib
INFO: [VRFC 10-311] analyzing module glbl
INFO: [USF-XSim-69] 'compile' step finished in '2' seconds
INFO: [USF-XSim-3] XSim::Elaborate design
INFO: [USF-XSim-61] Executing 'ELABORATE' step in 'C:/Users/ghazi/CA-LAB-SPR-2026/Vivado Labs/Lab06/CA_Lab06_task3/CA_Lab06_task3.sim/sim_1/behav/xsim'
"xelab -wto 4f694f1a6ed34858900af846afc723a7 --incr --debug typical --relax --mt 2 -L xil_defaultlib -L unisims_ver -L unimacro_ver -L secureip --snapshot ALU_FPGA_behav xil_defaultlib.ALU_FPGA xil_defaultlib.glbl -log elaborate.log"
Vivado Simulator 2020.1
Copyright 1986-1999, 2001-2020 Xilinx, Inc. All Rights Reserved.
Running: C:/Xilinx/Vivado/2020.1/bin/unwrapped/win64.o/xelab.exe -wto 4f694f1a6ed34858900af846afc723a7 --incr --debug typical --relax --mt 2 -L xil_defaultlib -L unisims_ver -L unimacro_ver -L secureip --snapshot ALU_FPGA_behav xil_defaultlib.ALU_FPGA xil_defaultlib.glbl -log elaborate.log 
Using 2 slave threads.
Starting static elaboration
Pass Through NonSizing Optimizer
Completed static elaboration
Starting simulation data flow analysis
WARNING: [XSIM 43-4100] "C:/Users/ghazi/CA-LAB-SPR-2026/Vivado Labs/Lab06/CA_Lab06_task3/CA_Lab06_task3.sim/sim_1/behav/xsim/glbl.v" Line 6. Module glbl has a timescale but at least one module in design doesn't have timescale.
WARNING: [XSIM 43-4100] "C:/Users/ghazi/CA-LAB-SPR-2026/Vivado Labs/Lab06/CA_Lab06_task3/CA_Lab06_task3.sim/sim_1/behav/xsim/glbl.v" Line 6. Module glbl has a timescale but at least one module in design doesn't have timescale.
Completed simulation data flow analysis
Time Resolution for simulation is 1ps
Compiling module xil_defaultlib.full_adder
Compiling module xil_defaultlib.ALU_1bit
Compiling module xil_defaultlib.ALU_32bit_default
Compiling module xil_defaultlib.ALU_FPGA
Compiling module xil_defaultlib.glbl
Built simulation snapshot ALU_FPGA_behav

****** Webtalk v2020.1 (64-bit)
  **** SW Build 2902540 on Wed May 27 19:54:49 MDT 2020
  **** IP Build 2902112 on Wed May 27 22:43:36 MDT 2020
    ** Copyright 1986-2020 Xilinx, Inc. All Rights Reserved.

source C:/Users/ghazi/CA-LAB-SPR-2026/Vivado -notrace
invalid command name "******"
ambiguous command name "******": after append apply array auto_execok auto_import auto_load auto_load_index auto_qualify binary break case catch cd chan clock close close_msg_db cmd concat config_webtalk continue create_cluster_configuration create_gui_custom_command create_gui_custom_command_arg create_msg_db create_property dict encoding eof error eval exec exit expr fblocked fconfigure fcopy file fileevent flush for foreach format get_cluster_configurations get_gui_custom_command_args get_gui_custom_commands get_msg_config get_param get_property gets glob global help history if incr info interp join lappend lassign lindex linsert lint_files list list_param list_property list_property_value llength load load_msg_db lrange lrepeat lreplace lreverse lsearch lset lsort namespace open package pid proc puts pwd read regexp register_proc regsub remove_cluster_configurations remove_gui_custom_command_args remove_gui_custom_commands rename report_environment report_param report_property reset_msg_config reset_msg_count reset_param reset_property return scan seek send_gid_msg send_msg_id set set_msg_config set_param set_property socket source split string subst switch tclLog tell time trace unknown unload unregister_proc unset update uplevel upvar validate_cluster_configurations variable version vwait webserver webtalk_add_data webtalk_dump_data webtalk_init webtalk_register_client webtalk_terminate webtalk_transmit while
    while executing
"****** Webtalk v2020.1 (64-bit)"
    (file "C:/Users/ghazi/CA-LAB-SPR-2026/Vivado" line 2)
INFO: [Common 17-206] Exiting Webtalk at Fri Mar  6 14:14:16 2026...
INFO: [USF-XSim-69] 'elaborate' step finished in '3' seconds
INFO: [USF-XSim-4] XSim::Simulate design
INFO: [USF-XSim-61] Executing 'SIMULATE' step in 'C:/Users/ghazi/CA-LAB-SPR-2026/Vivado Labs/Lab06/CA_Lab06_task3/CA_Lab06_task3.sim/sim_1/behav/xsim'
INFO: [USF-XSim-98] *** Running xsim
   with args "ALU_FPGA_behav -key {Behavioral:sim_1:Functional:ALU_FPGA} -tclbatch {ALU_FPGA.tcl} -log {simulate.log}"
INFO: [USF-XSim-8] Loading simulator feature
Vivado Simulator 2020.1
Time resolution is 1 ps
source ALU_FPGA.tcl
# set curr_wave [current_wave_config]
# if { [string length $curr_wave] == 0 } {
#   if { [llength [get_objects]] > 0} {
#     add_wave /
#     set_property needs_save false [current_wave_config]
#   } else {
#      send_msg_id Add_Wave-1 WARNING "No top level signals found. Simulator will start without a wave window. If you want to open a wave window go to 'File->New Waveform Configuration' or type 'create_wave_config' in the TCL console."
#   }
# }
# run 1000ns
INFO: [USF-XSim-96] XSim completed. Design snapshot 'ALU_FPGA_behav' loaded.
INFO: [USF-XSim-97] XSim simulation ran for 1000ns
launch_simulation: Time (s): cpu = 00:00:11 ; elapsed = 00:00:10 . Memory (MB): peak = 1212.809 ; gain = 0.000
synth_design -rtl -name rtl_1
Command: synth_design -rtl -name rtl_1
Starting synth_design
Using part: xc7a35tcpg236-1
Top: ALU_FPGA
INFO: [Device 21-403] Loading part xc7a35tcpg236-1
---------------------------------------------------------------------------------
Starting RTL Elaboration : Time (s): cpu = 00:00:07 ; elapsed = 00:00:06 . Memory (MB): peak = 1381.234 ; gain = 168.426
---------------------------------------------------------------------------------
INFO: [Synth 8-6157] synthesizing module 'ALU_FPGA' [C:/Users/ghazi/CA-LAB-SPR-2026/Vivado Labs/Lab06/CA_Lab06_task3/CA_Lab06_task3.srcs/sources_1/new/ALU_FPGA.v:1]
INFO: [Synth 8-6157] synthesizing module 'ALU_32bit' [C:/Users/ghazi/CA-LAB-SPR-2026/Vivado Labs/Lab06/Lab06-CA_task2/Lab06-CA.srcs/sources_1/new/ALU.v:82]
INFO: [Synth 8-6157] synthesizing module 'ALU_1bit' [C:/Users/ghazi/CA-LAB-SPR-2026/Vivado Labs/Lab06/Lab06-CA_task2/Lab06-CA.srcs/sources_1/new/ALU.v:40]
INFO: [Synth 8-6157] synthesizing module 'full_adder' [C:/Users/ghazi/CA-LAB-SPR-2026/Vivado Labs/Lab06/Lab06-CA_task2/Lab06-CA.srcs/sources_1/new/ALU.v:27]
INFO: [Synth 8-6155] done synthesizing module 'full_adder' (1#1) [C:/Users/ghazi/CA-LAB-SPR-2026/Vivado Labs/Lab06/Lab06-CA_task2/Lab06-CA.srcs/sources_1/new/ALU.v:27]
INFO: [Synth 8-6155] done synthesizing module 'ALU_1bit' (2#1) [C:/Users/ghazi/CA-LAB-SPR-2026/Vivado Labs/Lab06/Lab06-CA_task2/Lab06-CA.srcs/sources_1/new/ALU.v:40]
INFO: [Synth 8-6155] done synthesizing module 'ALU_32bit' (3#1) [C:/Users/ghazi/CA-LAB-SPR-2026/Vivado Labs/Lab06/Lab06-CA_task2/Lab06-CA.srcs/sources_1/new/ALU.v:82]
INFO: [Synth 8-6155] done synthesizing module 'ALU_FPGA' (4#1) [C:/Users/ghazi/CA-LAB-SPR-2026/Vivado Labs/Lab06/CA_Lab06_task3/CA_Lab06_task3.srcs/sources_1/new/ALU_FPGA.v:1]
---------------------------------------------------------------------------------
Finished RTL Elaboration : Time (s): cpu = 00:00:08 ; elapsed = 00:00:08 . Memory (MB): peak = 1433.309 ; gain = 220.500
---------------------------------------------------------------------------------
---------------------------------------------------------------------------------
Start Handling Custom Attributes
---------------------------------------------------------------------------------
---------------------------------------------------------------------------------
Finished Handling Custom Attributes : Time (s): cpu = 00:00:09 ; elapsed = 00:00:09 . Memory (MB): peak = 1449.473 ; gain = 236.664
---------------------------------------------------------------------------------
---------------------------------------------------------------------------------
Finished RTL Optimization Phase 1 : Time (s): cpu = 00:00:09 ; elapsed = 00:00:09 . Memory (MB): peak = 1449.473 ; gain = 236.664
---------------------------------------------------------------------------------
Netlist sorting complete. Time (s): cpu = 00:00:00 ; elapsed = 00:00:00.006 . Memory (MB): peak = 1449.473 ; gain = 0.000
INFO: [Project 1-570] Preparing netlist for logic optimization

Processing XDC Constraints
Initializing timing engine
Parsing XDC File [C:/Users/ghazi/CA-LAB-SPR-2026/Vivado Labs/Lab06/CA_Lab06_task3/CA_Lab06_task3.srcs/constrs_1/new/const.xdc]
Finished Parsing XDC File [C:/Users/ghazi/CA-LAB-SPR-2026/Vivado Labs/Lab06/CA_Lab06_task3/CA_Lab06_task3.srcs/constrs_1/new/const.xdc]
Completed Processing XDC Constraints

INFO: [Opt 31-138] Pushed 0 inverter(s) to 0 load pin(s).
Netlist sorting complete. Time (s): cpu = 00:00:00 ; elapsed = 00:00:00 . Memory (MB): peak = 1562.320 ; gain = 0.000
INFO: [Project 1-111] Unisim Transformation Summary:
No Unisim elements were transformed.

RTL Elaboration Complete:  : Time (s): cpu = 00:00:22 ; elapsed = 00:00:15 . Memory (MB): peak = 1570.168 ; gain = 357.359
12 Infos, 0 Warnings, 0 Critical Warnings and 0 Errors encountered.
synth_design completed successfully
synth_design: Time (s): cpu = 00:00:28 ; elapsed = 00:00:23 . Memory (MB): peak = 1570.168 ; gain = 357.359
write_schematic -format pdf -orientation landscape -force C:/Users/ghazi/Desktop/schematic.pdf
C:/Users/ghazi/Desktop/schematic.pdf
close_sim
INFO: [Simtcl 6-16] Simulation closed
exit
INFO: [Common 17-206] Exiting Vivado at Fri Mar  6 14:18:36 2026...
