#-----------------------------------------------------------
# Vivado v2020.1 (64-bit)
# SW Build 2902540 on Wed May 27 19:54:49 MDT 2020
# IP Build 2902112 on Wed May 27 22:43:36 MDT 2020
# Start of session at: Fri Mar  6 12:04:49 2026
# Process ID: 4564
# Current directory: C:/Users/ghazi/CA-LAB-SPR-2026/Vivado Labs/Lab07/Lab07-CA-Task2
# Command line: vivado.exe -gui_launcher_event rodinguilauncherevent13620 C:\Users\ghazi\CA-LAB-SPR-2026\Vivado Labs\Lab07\Lab07-CA-Task2\Lab07-CA-Task2.xpr
# Log file: C:/Users/ghazi/CA-LAB-SPR-2026/Vivado Labs/Lab07/Lab07-CA-Task2/vivado.log
# Journal file: C:/Users/ghazi/CA-LAB-SPR-2026/Vivado Labs/Lab07/Lab07-CA-Task2\vivado.jou
#-----------------------------------------------------------
start_gui
open_project {C:/Users/ghazi/CA-LAB-SPR-2026/Vivado Labs/Lab07/Lab07-CA-Task2/Lab07-CA-Task2.xpr}
INFO: [Project 1-313] Project file moved from 'C:/Users/gs10403/CA-LAB-SPR-2026/Vivado Labs/Lab07/Lab07-CA-Task2' since last save.
Scanning sources...
Finished scanning sources
INFO: [IP_Flow 19-234] Refreshing IP repositories
INFO: [IP_Flow 19-1704] No user IP repositories specified
INFO: [IP_Flow 19-2313] Loaded Vivado IP repository 'C:/Xilinx/Vivado/2020.1/data/ip'.
open_project: Time (s): cpu = 00:00:18 ; elapsed = 00:00:11 . Memory (MB): peak = 1015.359 ; gain = 0.000
