Vivado Simulator 2020.1
Copyright 1986-1999, 2001-2020 Xilinx, Inc. All Rights Reserved.
Running: C:/Xilinx/Vivado/2020.1/bin/unwrapped/win64.o/xelab.exe -wto 9ee9ebcdf6e244a6867081315626ec0b --incr --debug typical --relax --mt 2 -L xil_defaultlib -L unisims_ver -L unimacro_ver -L secureip --snapshot TopLevelProcessor_tb_behav xil_defaultlib.TopLevelProcessor_tb xil_defaultlib.glbl -log elaborate.log 
Using 2 slave threads.
Starting static elaboration
Pass Through NonSizing Optimizer
Completed static elaboration
Starting simulation data flow analysis
WARNING: [XSIM 43-4099] "C:/Users/gs10403/CA-LAB-SPR-2026/Vivado Labs/Lab06/Lab06-CA_task2/Lab06-CA.srcs/sources_1/new/ALU.v" Line 27. Module full_adder doesn't have a timescale but at least one module in design has a timescale.
WARNING: [XSIM 43-4099] "C:/Users/gs10403/CA-LAB-SPR-2026/Vivado Labs/Lab06/Lab06-CA_task2/Lab06-CA.srcs/sources_1/new/ALU.v" Line 27. Module full_adder doesn't have a timescale but at least one module in design has a timescale.
WARNING: [XSIM 43-4099] "C:/Users/gs10403/CA-LAB-SPR-2026/Vivado Labs/Lab06/Lab06-CA_task2/Lab06-CA.srcs/sources_1/new/ALU.v" Line 27. Module full_adder doesn't have a timescale but at least one module in design has a timescale.
WARNING: [XSIM 43-4099] "C:/Users/gs10403/CA-LAB-SPR-2026/Vivado Labs/Lab06/Lab06-CA_task2/Lab06-CA.srcs/sources_1/new/ALU.v" Line 27. Module full_adder doesn't have a timescale but at least one module in design has a timescale.
WARNING: [XSIM 43-4099] "C:/Users/gs10403/CA-LAB-SPR-2026/Vivado Labs/Lab06/Lab06-CA_task2/Lab06-CA.srcs/sources_1/new/ALU.v" Line 27. Module full_adder doesn't have a timescale but at least one module in design has a timescale.
WARNING: [XSIM 43-4099] "C:/Users/gs10403/CA-LAB-SPR-2026/Vivado Labs/Lab06/Lab06-CA_task2/Lab06-CA.srcs/sources_1/new/ALU.v" Line 27. Module full_adder doesn't have a timescale but at least one module in design has a timescale.
WARNING: [XSIM 43-4099] "C:/Users/gs10403/CA-LAB-SPR-2026/Vivado Labs/Lab06/Lab06-CA_task2/Lab06-CA.srcs/sources_1/new/ALU.v" Line 27. Module full_adder doesn't have a timescale but at least one module in design has a timescale.
WARNING: [XSIM 43-4099] "C:/Users/gs10403/CA-LAB-SPR-2026/Vivado Labs/Lab06/Lab06-CA_task2/Lab06-CA.srcs/sources_1/new/ALU.v" Line 27. Module full_adder doesn't have a timescale but at least one module in design has a timescale.
WARNING: [XSIM 43-4099] "C:/Users/gs10403/CA-LAB-SPR-2026/Vivado Labs/Lab06/Lab06-CA_task2/Lab06-CA.srcs/sources_1/new/ALU.v" Line 27. Module full_adder doesn't have a timescale but at least one module in design has a timescale.
WARNING: [XSIM 43-4099] "C:/Users/gs10403/CA-LAB-SPR-2026/Vivado Labs/Lab06/Lab06-CA_task2/Lab06-CA.srcs/sources_1/new/ALU.v" Line 27. Module full_adder doesn't have a timescale but at least one module in design has a timescale.
WARNING: [XSIM 43-4099] "C:/Users/gs10403/CA-LAB-SPR-2026/Vivado Labs/Lab06/Lab06-CA_task2/Lab06-CA.srcs/sources_1/new/ALU.v" Line 27. Module full_adder doesn't have a timescale but at least one module in design has a timescale.
WARNING: [XSIM 43-4099] "C:/Users/gs10403/CA-LAB-SPR-2026/Vivado Labs/Lab06/Lab06-CA_task2/Lab06-CA.srcs/sources_1/new/ALU.v" Line 27. Module full_adder doesn't have a timescale but at least one module in design has a timescale.
WARNING: [XSIM 43-4099] "C:/Users/gs10403/CA-LAB-SPR-2026/Vivado Labs/Lab06/Lab06-CA_task2/Lab06-CA.srcs/sources_1/new/ALU.v" Line 27. Module full_adder doesn't have a timescale but at least one module in design has a timescale.
WARNING: [XSIM 43-4099] "C:/Users/gs10403/CA-LAB-SPR-2026/Vivado Labs/Lab06/Lab06-CA_task2/Lab06-CA.srcs/sources_1/new/ALU.v" Line 27. Module full_adder doesn't have a timescale but at least one module in design has a timescale.
WARNING: [XSIM 43-4099] "C:/Users/gs10403/CA-LAB-SPR-2026/Vivado Labs/Lab06/Lab06-CA_task2/Lab06-CA.srcs/sources_1/new/ALU.v" Line 27. Module full_adder doesn't have a timescale but at least one module in design has a timescale.
WARNING: [XSIM 43-4099] "C:/Users/gs10403/CA-LAB-SPR-2026/Vivado Labs/Lab06/Lab06-CA_task2/Lab06-CA.srcs/sources_1/new/ALU.v" Line 27. Module full_adder doesn't have a timescale but at least one module in design has a timescale.
WARNING: [XSIM 43-4099] "C:/Users/gs10403/CA-LAB-SPR-2026/Vivado Labs/Lab06/Lab06-CA_task2/Lab06-CA.srcs/sources_1/new/ALU.v" Line 27. Module full_adder doesn't have a timescale but at least one module in design has a timescale.
WARNING: [XSIM 43-4099] "C:/Users/gs10403/CA-LAB-SPR-2026/Vivado Labs/Lab06/Lab06-CA_task2/Lab06-CA.srcs/sources_1/new/ALU.v" Line 27. Module full_adder doesn't have a timescale but at least one module in design has a timescale.
WARNING: [XSIM 43-4099] "C:/Users/gs10403/CA-LAB-SPR-2026/Vivado Labs/Lab06/Lab06-CA_task2/Lab06-CA.srcs/sources_1/new/ALU.v" Line 27. Module full_adder doesn't have a timescale but at least one module in design has a timescale.
WARNING: [XSIM 43-4099] "C:/Users/gs10403/CA-LAB-SPR-2026/Vivado Labs/Lab06/Lab06-CA_task2/Lab06-CA.srcs/sources_1/new/ALU.v" Line 27. Module full_adder doesn't have a timescale but at least one module in design has a timescale.
WARNING: [XSIM 43-4099] "C:/Users/gs10403/CA-LAB-SPR-2026/Vivado Labs/Lab06/Lab06-CA_task2/Lab06-CA.srcs/sources_1/new/ALU.v" Line 27. Module full_adder doesn't have a timescale but at least one module in design has a timescale.
WARNING: [XSIM 43-4099] "C:/Users/gs10403/CA-LAB-SPR-2026/Vivado Labs/Lab06/Lab06-CA_task2/Lab06-CA.srcs/sources_1/new/ALU.v" Line 27. Module full_adder doesn't have a timescale but at least one module in design has a timescale.
WARNING: [XSIM 43-4099] "C:/Users/gs10403/CA-LAB-SPR-2026/Vivado Labs/Lab06/Lab06-CA_task2/Lab06-CA.srcs/sources_1/new/ALU.v" Line 27. Module full_adder doesn't have a timescale but at least one module in design has a timescale.
WARNING: [XSIM 43-4099] "C:/Users/gs10403/CA-LAB-SPR-2026/Vivado Labs/Lab06/Lab06-CA_task2/Lab06-CA.srcs/sources_1/new/ALU.v" Line 27. Module full_adder doesn't have a timescale but at least one module in design has a timescale.
WARNING: [XSIM 43-4099] "C:/Users/gs10403/CA-LAB-SPR-2026/Vivado Labs/Lab06/Lab06-CA_task2/Lab06-CA.srcs/sources_1/new/ALU.v" Line 27. Module full_adder doesn't have a timescale but at least one module in design has a timescale.
WARNING: [XSIM 43-4099] "C:/Users/gs10403/CA-LAB-SPR-2026/Vivado Labs/Lab06/Lab06-CA_task2/Lab06-CA.srcs/sources_1/new/ALU.v" Line 27. Module full_adder doesn't have a timescale but at least one module in design has a timescale.
WARNING: [XSIM 43-4099] "C:/Users/gs10403/CA-LAB-SPR-2026/Vivado Labs/Lab06/Lab06-CA_task2/Lab06-CA.srcs/sources_1/new/ALU.v" Line 27. Module full_adder doesn't have a timescale but at least one module in design has a timescale.
WARNING: [XSIM 43-4099] "C:/Users/gs10403/CA-LAB-SPR-2026/Vivado Labs/Lab06/Lab06-CA_task2/Lab06-CA.srcs/sources_1/new/ALU.v" Line 27. Module full_adder doesn't have a timescale but at least one module in design has a timescale.
WARNING: [XSIM 43-4099] "C:/Users/gs10403/CA-LAB-SPR-2026/Vivado Labs/Lab06/Lab06-CA_task2/Lab06-CA.srcs/sources_1/new/ALU.v" Line 27. Module full_adder doesn't have a timescale but at least one module in design has a timescale.
WARNING: [XSIM 43-4099] "C:/Users/gs10403/CA-LAB-SPR-2026/Vivado Labs/Lab06/Lab06-CA_task2/Lab06-CA.srcs/sources_1/new/ALU.v" Line 27. Module full_adder doesn't have a timescale but at least one module in design has a timescale.
WARNING: [XSIM 43-4099] "C:/Users/gs10403/CA-LAB-SPR-2026/Vivado Labs/Lab06/Lab06-CA_task2/Lab06-CA.srcs/sources_1/new/ALU.v" Line 27. Module full_adder doesn't have a timescale but at least one module in design has a timescale.
WARNING: [XSIM 43-4099] "C:/Users/gs10403/CA-LAB-SPR-2026/Vivado Labs/Lab06/Lab06-CA_task2/Lab06-CA.srcs/sources_1/new/ALU.v" Line 27. Module full_adder doesn't have a timescale but at least one module in design has a timescale.
WARNING: [XSIM 43-4099] "C:/Users/gs10403/CA-LAB-SPR-2026/Vivado Labs/Lab06/Lab06-CA_task2/Lab06-CA.srcs/sources_1/new/ALU.v" Line 82. Module ALU_32bit_default doesn't have a timescale but at least one module in design has a timescale.
WARNING: [XSIM 43-4099] "C:/Users/gs10403/CA-LAB-SPR-2026/Vivado Labs/Lab06/Lab06-CA_task2/Lab06-CA.srcs/sources_1/new/ALU.v" Line 40. Module ALU_1bit doesn't have a timescale but at least one module in design has a timescale.
WARNING: [XSIM 43-4099] "C:/Users/gs10403/CA-LAB-SPR-2026/Vivado Labs/Lab06/Lab06-CA_task2/Lab06-CA.srcs/sources_1/new/ALU.v" Line 27. Module full_adder doesn't have a timescale but at least one module in design has a timescale.
WARNING: [XSIM 43-4099] "C:/Users/gs10403/CA-LAB-SPR-2026/Vivado Labs/Lab06/Lab06-CA_task2/Lab06-CA.srcs/sources_1/new/ALU.v" Line 40. Module ALU_1bit doesn't have a timescale but at least one module in design has a timescale.
WARNING: [XSIM 43-4099] "C:/Users/gs10403/CA-LAB-SPR-2026/Vivado Labs/Lab06/Lab06-CA_task2/Lab06-CA.srcs/sources_1/new/ALU.v" Line 27. Module full_adder doesn't have a timescale but at least one module in design has a timescale.
WARNING: [XSIM 43-4099] "C:/Users/gs10403/CA-LAB-SPR-2026/Vivado Labs/Lab06/Lab06-CA_task2/Lab06-CA.srcs/sources_1/new/ALU.v" Line 40. Module ALU_1bit doesn't have a timescale but at least one module in design has a timescale.
WARNING: [XSIM 43-4099] "C:/Users/gs10403/CA-LAB-SPR-2026/Vivado Labs/Lab06/Lab06-CA_task2/Lab06-CA.srcs/sources_1/new/ALU.v" Line 27. Module full_adder doesn't have a timescale but at least one module in design has a timescale.
WARNING: [XSIM 43-4099] "C:/Users/gs10403/CA-LAB-SPR-2026/Vivado Labs/Lab06/Lab06-CA_task2/Lab06-CA.srcs/sources_1/new/ALU.v" Line 40. Module ALU_1bit doesn't have a timescale but at least one module in design has a timescale.
WARNING: [XSIM 43-4099] "C:/Users/gs10403/CA-LAB-SPR-2026/Vivado Labs/Lab06/Lab06-CA_task2/Lab06-CA.srcs/sources_1/new/ALU.v" Line 27. Module full_adder doesn't have a timescale but at least one module in design has a timescale.
WARNING: [XSIM 43-4099] "C:/Users/gs10403/CA-LAB-SPR-2026/Vivado Labs/Lab06/Lab06-CA_task2/Lab06-CA.srcs/sources_1/new/ALU.v" Line 40. Module ALU_1bit doesn't have a timescale but at least one module in design has a timescale.
WARNING: [XSIM 43-4099] "C:/Users/gs10403/CA-LAB-SPR-2026/Vivado Labs/Lab06/Lab06-CA_task2/Lab06-CA.srcs/sources_1/new/ALU.v" Line 27. Module full_adder doesn't have a timescale but at least one module in design has a timescale.
WARNING: [XSIM 43-4099] "C:/Users/gs10403/CA-LAB-SPR-2026/Vivado Labs/Lab06/Lab06-CA_task2/Lab06-CA.srcs/sources_1/new/ALU.v" Line 40. Module ALU_1bit doesn't have a timescale but at least one module in design has a timescale.
WARNING: [XSIM 43-4099] "C:/Users/gs10403/CA-LAB-SPR-2026/Vivado Labs/Lab06/Lab06-CA_task2/Lab06-CA.srcs/sources_1/new/ALU.v" Line 27. Module full_adder doesn't have a timescale but at least one module in design has a timescale.
WARNING: [XSIM 43-4099] "C:/Users/gs10403/CA-LAB-SPR-2026/Vivado Labs/Lab06/Lab06-CA_task2/Lab06-CA.srcs/sources_1/new/ALU.v" Line 40. Module ALU_1bit doesn't have a timescale but at least one module in design has a timescale.
WARNING: [XSIM 43-4099] "C:/Users/gs10403/CA-LAB-SPR-2026/Vivado Labs/Lab06/Lab06-CA_task2/Lab06-CA.srcs/sources_1/new/ALU.v" Line 27. Module full_adder doesn't have a timescale but at least one module in design has a timescale.
WARNING: [XSIM 43-4099] "C:/Users/gs10403/CA-LAB-SPR-2026/Vivado Labs/Lab06/Lab06-CA_task2/Lab06-CA.srcs/sources_1/new/ALU.v" Line 40. Module ALU_1bit doesn't have a timescale but at least one module in design has a timescale.
WARNING: [XSIM 43-4099] "C:/Users/gs10403/CA-LAB-SPR-2026/Vivado Labs/Lab06/Lab06-CA_task2/Lab06-CA.srcs/sources_1/new/ALU.v" Line 27. Module full_adder doesn't have a timescale but at least one module in design has a timescale.
WARNING: [XSIM 43-4099] "C:/Users/gs10403/CA-LAB-SPR-2026/Vivado Labs/Lab06/Lab06-CA_task2/Lab06-CA.srcs/sources_1/new/ALU.v" Line 40. Module ALU_1bit doesn't have a timescale but at least one module in design has a timescale.
WARNING: [XSIM 43-4099] "C:/Users/gs10403/CA-LAB-SPR-2026/Vivado Labs/Lab06/Lab06-CA_task2/Lab06-CA.srcs/sources_1/new/ALU.v" Line 27. Module full_adder doesn't have a timescale but at least one module in design has a timescale.
WARNING: [XSIM 43-4099] "C:/Users/gs10403/CA-LAB-SPR-2026/Vivado Labs/Lab06/Lab06-CA_task2/Lab06-CA.srcs/sources_1/new/ALU.v" Line 40. Module ALU_1bit doesn't have a timescale but at least one module in design has a timescale.
WARNING: [XSIM 43-4099] "C:/Users/gs10403/CA-LAB-SPR-2026/Vivado Labs/Lab06/Lab06-CA_task2/Lab06-CA.srcs/sources_1/new/ALU.v" Line 27. Module full_adder doesn't have a timescale but at least one module in design has a timescale.
WARNING: [XSIM 43-4099] "C:/Users/gs10403/CA-LAB-SPR-2026/Vivado Labs/Lab06/Lab06-CA_task2/Lab06-CA.srcs/sources_1/new/ALU.v" Line 40. Module ALU_1bit doesn't have a timescale but at least one module in design has a timescale.
WARNING: [XSIM 43-4099] "C:/Users/gs10403/CA-LAB-SPR-2026/Vivado Labs/Lab06/Lab06-CA_task2/Lab06-CA.srcs/sources_1/new/ALU.v" Line 27. Module full_adder doesn't have a timescale but at least one module in design has a timescale.
WARNING: [XSIM 43-4099] "C:/Users/gs10403/CA-LAB-SPR-2026/Vivado Labs/Lab06/Lab06-CA_task2/Lab06-CA.srcs/sources_1/new/ALU.v" Line 40. Module ALU_1bit doesn't have a timescale but at least one module in design has a timescale.
WARNING: [XSIM 43-4099] "C:/Users/gs10403/CA-LAB-SPR-2026/Vivado Labs/Lab06/Lab06-CA_task2/Lab06-CA.srcs/sources_1/new/ALU.v" Line 27. Module full_adder doesn't have a timescale but at least one module in design has a timescale.
WARNING: [XSIM 43-4099] "C:/Users/gs10403/CA-LAB-SPR-2026/Vivado Labs/Lab06/Lab06-CA_task2/Lab06-CA.srcs/sources_1/new/ALU.v" Line 40. Module ALU_1bit doesn't have a timescale but at least one module in design has a timescale.
WARNING: [XSIM 43-4099] "C:/Users/gs10403/CA-LAB-SPR-2026/Vivado Labs/Lab06/Lab06-CA_task2/Lab06-CA.srcs/sources_1/new/ALU.v" Line 27. Module full_adder doesn't have a timescale but at least one module in design has a timescale.
WARNING: [XSIM 43-4099] "C:/Users/gs10403/CA-LAB-SPR-2026/Vivado Labs/Lab06/Lab06-CA_task2/Lab06-CA.srcs/sources_1/new/ALU.v" Line 40. Module ALU_1bit doesn't have a timescale but at least one module in design has a timescale.
WARNING: [XSIM 43-4099] "C:/Users/gs10403/CA-LAB-SPR-2026/Vivado Labs/Lab06/Lab06-CA_task2/Lab06-CA.srcs/sources_1/new/ALU.v" Line 27. Module full_adder doesn't have a timescale but at least one module in design has a timescale.
WARNING: [XSIM 43-4099] "C:/Users/gs10403/CA-LAB-SPR-2026/Vivado Labs/Lab06/Lab06-CA_task2/Lab06-CA.srcs/sources_1/new/ALU.v" Line 40. Module ALU_1bit doesn't have a timescale but at least one module in design has a timescale.
WARNING: [XSIM 43-4099] "C:/Users/gs10403/CA-LAB-SPR-2026/Vivado Labs/Lab06/Lab06-CA_task2/Lab06-CA.srcs/sources_1/new/ALU.v" Line 27. Module full_adder doesn't have a timescale but at least one module in design has a timescale.
WARNING: [XSIM 43-4099] "C:/Users/gs10403/CA-LAB-SPR-2026/Vivado Labs/Lab06/Lab06-CA_task2/Lab06-CA.srcs/sources_1/new/ALU.v" Line 40. Module ALU_1bit doesn't have a timescale but at least one module in design has a timescale.
WARNING: [XSIM 43-4099] "C:/Users/gs10403/CA-LAB-SPR-2026/Vivado Labs/Lab06/Lab06-CA_task2/Lab06-CA.srcs/sources_1/new/ALU.v" Line 27. Module full_adder doesn't have a timescale but at least one module in design has a timescale.
WARNING: [XSIM 43-4099] "C:/Users/gs10403/CA-LAB-SPR-2026/Vivado Labs/Lab06/Lab06-CA_task2/Lab06-CA.srcs/sources_1/new/ALU.v" Line 40. Module ALU_1bit doesn't have a timescale but at least one module in design has a timescale.
WARNING: [XSIM 43-4099] "C:/Users/gs10403/CA-LAB-SPR-2026/Vivado Labs/Lab06/Lab06-CA_task2/Lab06-CA.srcs/sources_1/new/ALU.v" Line 27. Module full_adder doesn't have a timescale but at least one module in design has a timescale.
WARNING: [XSIM 43-4099] "C:/Users/gs10403/CA-LAB-SPR-2026/Vivado Labs/Lab06/Lab06-CA_task2/Lab06-CA.srcs/sources_1/new/ALU.v" Line 40. Module ALU_1bit doesn't have a timescale but at least one module in design has a timescale.
WARNING: [XSIM 43-4099] "C:/Users/gs10403/CA-LAB-SPR-2026/Vivado Labs/Lab06/Lab06-CA_task2/Lab06-CA.srcs/sources_1/new/ALU.v" Line 27. Module full_adder doesn't have a timescale but at least one module in design has a timescale.
WARNING: [XSIM 43-4099] "C:/Users/gs10403/CA-LAB-SPR-2026/Vivado Labs/Lab06/Lab06-CA_task2/Lab06-CA.srcs/sources_1/new/ALU.v" Line 40. Module ALU_1bit doesn't have a timescale but at least one module in design has a timescale.
WARNING: [XSIM 43-4099] "C:/Users/gs10403/CA-LAB-SPR-2026/Vivado Labs/Lab06/Lab06-CA_task2/Lab06-CA.srcs/sources_1/new/ALU.v" Line 27. Module full_adder doesn't have a timescale but at least one module in design has a timescale.
WARNING: [XSIM 43-4099] "C:/Users/gs10403/CA-LAB-SPR-2026/Vivado Labs/Lab06/Lab06-CA_task2/Lab06-CA.srcs/sources_1/new/ALU.v" Line 40. Module ALU_1bit doesn't have a timescale but at least one module in design has a timescale.
WARNING: [XSIM 43-4099] "C:/Users/gs10403/CA-LAB-SPR-2026/Vivado Labs/Lab06/Lab06-CA_task2/Lab06-CA.srcs/sources_1/new/ALU.v" Line 27. Module full_adder doesn't have a timescale but at least one module in design has a timescale.
WARNING: [XSIM 43-4099] "C:/Users/gs10403/CA-LAB-SPR-2026/Vivado Labs/Lab06/Lab06-CA_task2/Lab06-CA.srcs/sources_1/new/ALU.v" Line 40. Module ALU_1bit doesn't have a timescale but at least one module in design has a timescale.
WARNING: [XSIM 43-4099] "C:/Users/gs10403/CA-LAB-SPR-2026/Vivado Labs/Lab06/Lab06-CA_task2/Lab06-CA.srcs/sources_1/new/ALU.v" Line 27. Module full_adder doesn't have a timescale but at least one module in design has a timescale.
WARNING: [XSIM 43-4099] "C:/Users/gs10403/CA-LAB-SPR-2026/Vivado Labs/Lab06/Lab06-CA_task2/Lab06-CA.srcs/sources_1/new/ALU.v" Line 40. Module ALU_1bit doesn't have a timescale but at least one module in design has a timescale.
WARNING: [XSIM 43-4099] "C:/Users/gs10403/CA-LAB-SPR-2026/Vivado Labs/Lab06/Lab06-CA_task2/Lab06-CA.srcs/sources_1/new/ALU.v" Line 27. Module full_adder doesn't have a timescale but at least one module in design has a timescale.
WARNING: [XSIM 43-4099] "C:/Users/gs10403/CA-LAB-SPR-2026/Vivado Labs/Lab06/Lab06-CA_task2/Lab06-CA.srcs/sources_1/new/ALU.v" Line 40. Module ALU_1bit doesn't have a timescale but at least one module in design has a timescale.
WARNING: [XSIM 43-4099] "C:/Users/gs10403/CA-LAB-SPR-2026/Vivado Labs/Lab06/Lab06-CA_task2/Lab06-CA.srcs/sources_1/new/ALU.v" Line 27. Module full_adder doesn't have a timescale but at least one module in design has a timescale.
WARNING: [XSIM 43-4099] "C:/Users/gs10403/CA-LAB-SPR-2026/Vivado Labs/Lab06/Lab06-CA_task2/Lab06-CA.srcs/sources_1/new/ALU.v" Line 40. Module ALU_1bit doesn't have a timescale but at least one module in design has a timescale.
WARNING: [XSIM 43-4099] "C:/Users/gs10403/CA-LAB-SPR-2026/Vivado Labs/Lab06/Lab06-CA_task2/Lab06-CA.srcs/sources_1/new/ALU.v" Line 27. Module full_adder doesn't have a timescale but at least one module in design has a timescale.
WARNING: [XSIM 43-4099] "C:/Users/gs10403/CA-LAB-SPR-2026/Vivado Labs/Lab06/Lab06-CA_task2/Lab06-CA.srcs/sources_1/new/ALU.v" Line 40. Module ALU_1bit doesn't have a timescale but at least one module in design has a timescale.
WARNING: [XSIM 43-4099] "C:/Users/gs10403/CA-LAB-SPR-2026/Vivado Labs/Lab06/Lab06-CA_task2/Lab06-CA.srcs/sources_1/new/ALU.v" Line 27. Module full_adder doesn't have a timescale but at least one module in design has a timescale.
WARNING: [XSIM 43-4099] "C:/Users/gs10403/CA-LAB-SPR-2026/Vivado Labs/Lab06/Lab06-CA_task2/Lab06-CA.srcs/sources_1/new/ALU.v" Line 40. Module ALU_1bit doesn't have a timescale but at least one module in design has a timescale.
WARNING: [XSIM 43-4099] "C:/Users/gs10403/CA-LAB-SPR-2026/Vivado Labs/Lab06/Lab06-CA_task2/Lab06-CA.srcs/sources_1/new/ALU.v" Line 27. Module full_adder doesn't have a timescale but at least one module in design has a timescale.
WARNING: [XSIM 43-4099] "C:/Users/gs10403/CA-LAB-SPR-2026/Vivado Labs/Lab06/Lab06-CA_task2/Lab06-CA.srcs/sources_1/new/ALU.v" Line 40. Module ALU_1bit doesn't have a timescale but at least one module in design has a timescale.
WARNING: [XSIM 43-4099] "C:/Users/gs10403/CA-LAB-SPR-2026/Vivado Labs/Lab06/Lab06-CA_task2/Lab06-CA.srcs/sources_1/new/ALU.v" Line 27. Module full_adder doesn't have a timescale but at least one module in design has a timescale.
WARNING: [XSIM 43-4099] "C:/Users/gs10403/CA-LAB-SPR-2026/Vivado Labs/Lab06/Lab06-CA_task2/Lab06-CA.srcs/sources_1/new/ALU.v" Line 40. Module ALU_1bit doesn't have a timescale but at least one module in design has a timescale.
WARNING: [XSIM 43-4099] "C:/Users/gs10403/CA-LAB-SPR-2026/Vivado Labs/Lab06/Lab06-CA_task2/Lab06-CA.srcs/sources_1/new/ALU.v" Line 27. Module full_adder doesn't have a timescale but at least one module in design has a timescale.
WARNING: [XSIM 43-4099] "C:/Users/gs10403/CA-LAB-SPR-2026/Vivado Labs/Lab06/Lab06-CA_task2/Lab06-CA.srcs/sources_1/new/ALU.v" Line 40. Module ALU_1bit doesn't have a timescale but at least one module in design has a timescale.
WARNING: [XSIM 43-4099] "C:/Users/gs10403/CA-LAB-SPR-2026/Vivado Labs/Lab06/Lab06-CA_task2/Lab06-CA.srcs/sources_1/new/ALU.v" Line 27. Module full_adder doesn't have a timescale but at least one module in design has a timescale.
WARNING: [XSIM 43-4099] "C:/Users/gs10403/CA-LAB-SPR-2026/Vivado Labs/Lab06/Lab06-CA_task2/Lab06-CA.srcs/sources_1/new/ALU.v" Line 40. Module ALU_1bit doesn't have a timescale but at least one module in design has a timescale.
WARNING: [XSIM 43-4099] "C:/Users/gs10403/CA-LAB-SPR-2026/Vivado Labs/Lab06/Lab06-CA_task2/Lab06-CA.srcs/sources_1/new/ALU.v" Line 27. Module full_adder doesn't have a timescale but at least one module in design has a timescale.
WARNING: [XSIM 43-4099] "C:/Users/gs10403/CA-LAB-SPR-2026/Vivado Labs/Lab06/Lab06-CA_task2/Lab06-CA.srcs/sources_1/new/ALU.v" Line 40. Module ALU_1bit doesn't have a timescale but at least one module in design has a timescale.
WARNING: [XSIM 43-4099] "C:/Users/gs10403/CA-LAB-SPR-2026/Vivado Labs/Lab06/Lab06-CA_task2/Lab06-CA.srcs/sources_1/new/ALU.v" Line 27. Module full_adder doesn't have a timescale but at least one module in design has a timescale.
WARNING: [XSIM 43-4099] "C:/Users/gs10403/CA-LAB-SPR-2026/Vivado Labs/Lab06/Lab06-CA_task2/Lab06-CA.srcs/sources_1/new/ALU.v" Line 40. Module ALU_1bit doesn't have a timescale but at least one module in design has a timescale.
WARNING: [XSIM 43-4099] "C:/Users/gs10403/CA-LAB-SPR-2026/Vivado Labs/Lab06/Lab06-CA_task2/Lab06-CA.srcs/sources_1/new/ALU.v" Line 27. Module full_adder doesn't have a timescale but at least one module in design has a timescale.
WARNING: [XSIM 43-4099] "C:/Users/gs10403/CA-LAB-SPR-2026/Vivado Labs/Lab06/Lab06-CA_task2/Lab06-CA.srcs/sources_1/new/ALU.v" Line 27. Module full_adder doesn't have a timescale but at least one module in design has a timescale.
WARNING: [XSIM 43-4099] "C:/Users/gs10403/CA-LAB-SPR-2026/Vivado Labs/Lab06/Lab06-CA_task2/Lab06-CA.srcs/sources_1/new/ALU.v" Line 27. Module full_adder doesn't have a timescale but at least one module in design has a timescale.
WARNING: [XSIM 43-4099] "C:/Users/gs10403/CA-LAB-SPR-2026/Vivado Labs/Lab06/Lab06-CA_task2/Lab06-CA.srcs/sources_1/new/ALU.v" Line 27. Module full_adder doesn't have a timescale but at least one module in design has a timescale.
INFO: [Common 17-14] Message 'XSIM 43-4099' appears 100 times and further instances of the messages will be disabled. Use the Tcl command set_msg_config to change the current settings.
Completed simulation data flow analysis
Time Resolution for simulation is 1ps
Compiling module xil_defaultlib.ProgramCounter
Compiling module xil_defaultlib.full_adder
Compiling module xil_defaultlib.pcAdder_default
Compiling module xil_defaultlib.instructionMemory
Compiling module xil_defaultlib.MainControl
Compiling module xil_defaultlib.RegisterFile
Compiling module xil_defaultlib.immGen
Compiling module xil_defaultlib.ALUControl
Compiling module xil_defaultlib.mux2
Compiling module xil_defaultlib.ALU_1bit
Compiling module xil_defaultlib.ALU_32bit_default
Compiling module xil_defaultlib.branchAdder
Compiling module xil_defaultlib.AddressDecoder
Compiling module xil_defaultlib.DataMemory
Compiling module xil_defaultlib.led_driver
Compiling module xil_defaultlib.switch_reader
Compiling module xil_defaultlib.addressDecoderTop
Compiling module xil_defaultlib.TopLevelProcessor
Compiling module xil_defaultlib.TopLevelProcessor_tb
Compiling module xil_defaultlib.glbl
Built simulation snapshot TopLevelProcessor_tb_behav
