INFO: [VRFC 10-2263] Analyzing Verilog file "C:/Users/ghazi/CA-LAB-SPR-2026/Vivado Labs/Lab06/Lab06-CA_task2/Lab06-CA.srcs/sources_1/new/ALU.v" into library xil_defaultlib
INFO: [VRFC 10-311] analyzing module full_adder
INFO: [VRFC 10-311] analyzing module ALU_1bit
INFO: [VRFC 10-311] analyzing module ALU_32bit
INFO: [VRFC 10-2263] Analyzing Verilog file "C:/Users/ghazi/CA-LAB-SPR-2026/Vivado Labs/Lab08/Lab08-Task2/Lab08-Task2.srcs/sources_1/new/AddDecoder_Top.v" into library xil_defaultlib
INFO: [VRFC 10-311] analyzing module addressDecoderTop
INFO: [VRFC 10-2263] Analyzing Verilog file "C:/Users/ghazi/CA-LAB-SPR-2026/Vivado Labs/Lab08/Lab08-Task2/Lab08-Task2.srcs/sources_1/new/AddressDecoder.v" into library xil_defaultlib
INFO: [VRFC 10-311] analyzing module AddressDecoder
INFO: [VRFC 10-2263] Analyzing Verilog file "C:/Users/ghazi/CA-LAB-SPR-2026/Vivado Labs/Lab08/Lab08-Task2/Lab08-Task2.srcs/sources_1/new/DataMemory.v" into library xil_defaultlib
INFO: [VRFC 10-311] analyzing module DataMemory
INFO: [VRFC 10-2263] Analyzing Verilog file "C:/Users/ghazi/CA-LAB-SPR-2026/Vivado Labs/Lab10/Task2/Task2.srcs/sources_1/new/InstructionMemory.v" into library xil_defaultlib
INFO: [VRFC 10-311] analyzing module instructionMemory
INFO: [VRFC 10-2263] Analyzing Verilog file "C:/Users/ghazi/CA-LAB-SPR-2026/Vivado Labs/Lab11/Task1/Task1.srcs/sources_1/new/ProgramCounter.v" into library xil_defaultlib
INFO: [VRFC 10-311] analyzing module ProgramCounter
INFO: [VRFC 10-2263] Analyzing Verilog file "C:/Users/ghazi/CA-LAB-SPR-2026/Vivado Labs/Lab11/Task2/Task2.srcs/sources_1/new/TopProcessor.v" into library xil_defaultlib
INFO: [VRFC 10-311] analyzing module TopLevelProcessor
WARNING: [VRFC 10-3380] identifier 'instruction' is used before its declaration [C:/Users/ghazi/CA-LAB-SPR-2026/Vivado Labs/Lab11/Task2/Task2.srcs/sources_1/new/TopProcessor.v:38]
INFO: [VRFC 10-2263] Analyzing Verilog file "C:/Users/ghazi/CA-LAB-SPR-2026/Vivado Labs/Lab09/Lab09_task1/Lab09_task1.srcs/sources_1/new/alu_control.v" into library xil_defaultlib
INFO: [VRFC 10-311] analyzing module ALUControl
INFO: [VRFC 10-2263] Analyzing Verilog file "C:/Users/ghazi/CA-LAB-SPR-2026/Vivado Labs/Lab11/Task1/Task1.srcs/sources_1/new/branchAdder.v" into library xil_defaultlib
INFO: [VRFC 10-311] analyzing module branchAdder
INFO: [VRFC 10-2263] Analyzing Verilog file "C:/Users/ghazi/CA-LAB-SPR-2026/Vivado Labs/Lab11/Task1/Task1.srcs/sources_1/new/immGen.v" into library xil_defaultlib
INFO: [VRFC 10-311] analyzing module immGen
INFO: [VRFC 10-2263] Analyzing Verilog file "C:/Users/ghazi/CA-LAB-SPR-2026/Vivado Labs/Lab07/Lab07-Task3/Lab07-Task3.srcs/sources_1/new/led.v" into library xil_defaultlib
INFO: [VRFC 10-311] analyzing module led_driver
INFO: [VRFC 10-2263] Analyzing Verilog file "C:/Users/ghazi/CA-LAB-SPR-2026/Vivado Labs/Lab09/Lab09_task1/Lab09_task1.srcs/sources_1/new/main_control.v" into library xil_defaultlib
INFO: [VRFC 10-311] analyzing module MainControl
INFO: [VRFC 10-2263] Analyzing Verilog file "C:/Users/ghazi/CA-LAB-SPR-2026/Vivado Labs/Lab11/Task1/Task1.srcs/sources_1/new/mux.v" into library xil_defaultlib
INFO: [VRFC 10-311] analyzing module mux2
INFO: [VRFC 10-2263] Analyzing Verilog file "C:/Users/ghazi/CA-LAB-SPR-2026/Vivado Labs/Lab11/Task1/Task1.srcs/sources_1/new/pcAdder.v" into library xil_defaultlib
INFO: [VRFC 10-311] analyzing module pcAdder
INFO: [VRFC 10-2263] Analyzing Verilog file "C:/Users/ghazi/CA-LAB-SPR-2026/Vivado Labs/Lab07/Lab07-CA-Task2/Lab07-CA-Task2.srcs/sources_1/new/register.v" into library xil_defaultlib
INFO: [VRFC 10-311] analyzing module RegisterFile
INFO: [VRFC 10-2263] Analyzing Verilog file "C:/Users/ghazi/CA-LAB-SPR-2026/Vivado Labs/Lab07/Lab07-Task3/Lab07-Task3.srcs/sources_1/new/switches.v" into library xil_defaultlib
INFO: [VRFC 10-311] analyzing module switch_reader
INFO: [VRFC 10-2263] Analyzing Verilog file "C:/Users/ghazi/CA-LAB-SPR-2026/Vivado Labs/Lab11/Task2/Task2.srcs/sources_1/new/proc_tb.v" into library xil_defaultlib
INFO: [VRFC 10-311] analyzing module TopLevelProcessor_tb
