#-----------------------------------------------------------
# Vivado v2020.1 (64-bit)
# SW Build 2902540 on Wed May 27 19:54:49 MDT 2020
# IP Build 2902112 on Wed May 27 22:43:36 MDT 2020
# Start of session at: Wed Mar  4 17:29:38 2026
# Process ID: 14412
# Current directory: C:/Users/ghazi/CA-LAB-SPR-2026/Vivado Labs/Lab06/Lab06-CA_task2
# Command line: vivado.exe -gui_launcher_event rodinguilauncherevent14124 C:\Users\ghazi\CA-LAB-SPR-2026\Vivado Labs\Lab06\Lab06-CA_task2\Lab06-CA.xpr
# Log file: C:/Users/ghazi/CA-LAB-SPR-2026/Vivado Labs/Lab06/Lab06-CA_task2/vivado.log
# Journal file: C:/Users/ghazi/CA-LAB-SPR-2026/Vivado Labs/Lab06/Lab06-CA_task2\vivado.jou
#-----------------------------------------------------------
start_guiopen_project {C:/Users/ghazi/CA-LAB-SPR-2026/Vivado Labs/Lab06/Lab06-CA_task2/Lab06-CA.xpr}
IINFO: [Project 1-313] Project file moved from 'C:/Users/gs10403/Downloads/New folder/Lab06-CA_task2' since last save.SScanning sources...Finished scanning sources
IINFO: [IP_Flow 19-234] Refreshing IP repositories
INFO: [IP_Flow 19-1704] No user IP repositories specifiedINFO: [IP_Flow 19-2313] Loaded Vivado IP repository 'C:/Xilinx/Vivado/2020.1/data/ip'.
EINFO: [Common 17-41] Interrupt caught. Command should exit soon.
INFO: [Common 17-344] 'source' was cancelled
1
INFO: [Common 17-344] 'open_project' was cancellexit
INFO: [Common 17-206] Exiting Vivado at Wed Mar  4 17:30:29 2026...
..
