#-----------------------------------------------------------
# Vivado v2020.1 (64-bit)
# SW Build 2902540 on Wed May 27 19:54:49 MDT 2020
# IP Build 2902112 on Wed May 27 22:43:36 MDT 2020
# Start of session at: Thu Feb 26 11:23:12 2026
# Process ID: 7028
# Current directory: C:/Users/gs10403/Downloads/New folder/Lab06-CA_task2
# Command line: vivado.exe -gui_launcher_event rodinguilauncherevent10924 C:\Users\gs10403\Downloads\New folder\Lab06-CA_task2\Lab06-CA_task2.xpr
# Log file: C:/Users/gs10403/Downloads/New folder/Lab06-CA_task2/vivado.log
# Journal file: C:/Users/gs10403/Downloads/New folder/Lab06-CA_task2\vivado.jou
#-----------------------------------------------------------
start_gui
open_project {C:/Users/gs10403/Downloads/New folder/Lab06-CA_task2/Lab06-CA_task2.xpr}
INFO: [Project 1-313] Project file moved from 'C:/Users/gs10403/Downloads/New folder/Lab06-CA' since last save.
CRITICAL WARNING: [Project 1-311] Could not find the file 'C:/Users/gs10403/Downloads/New folder/Lab06-CA_task2/Lab06-CA_task2.srcs/sources_1/new/ALU.v', nor could it be found using path 'C:/Users/gs10403/Downloads/New folder/Lab06-CA/Lab06-CA.srcs/sources_1/new/ALU.v'.
CRITICAL WARNING: [Project 1-311] Could not find the file 'C:/Users/gs10403/Downloads/New folder/Lab06-CA_task2/Lab06-CA_task2.srcs/sources_1/new/ALU_tb.v', nor could it be found using path 'C:/Users/gs10403/Downloads/New folder/Lab06-CA/Lab06-CA.srcs/sources_1/new/ALU_tb.v'.
Scanning sources...
Finished scanning sources
WARNING: [Project 1-509] GeneratedRun file for 'synth_1' not found
WARNING: [Project 1-509] GeneratedRun file for 'impl_1' not found
WARNING: [filemgmt 56-2] Default IP Output Path : Could not find the directory 'C:/Users/gs10403/Downloads/New folder/Lab06-CA_task2/Lab06-CA_task2.srcs/sources_1', nor could it be found using path 'C:/Users/gs10403/Downloads/New folder/Lab06-CA/Lab06-CA.srcs/sources_1'.
WARNING: [filemgmt 56-2] IPUserFilesDir: Could not find the directory 'C:/Users/gs10403/Downloads/New folder/Lab06-CA_task2/Lab06-CA_task2.ip_user_files', nor could it be found using path 'C:/Users/gs10403/Downloads/New folder/Lab06-CA/Lab06-CA.ip_user_files'.
INFO: [IP_Flow 19-234] Refreshing IP repositories
INFO: [IP_Flow 19-1704] No user IP repositories specified
INFO: [IP_Flow 19-2313] Loaded Vivado IP repository 'C:/Xilinx/Vivado/2020.1/data/ip'.
update_compile_order -fileset sources_1
exit
INFO: [Common 17-206] Exiting Vivado at Thu Feb 26 11:23:50 2026...

