#-----------------------------------------------------------
# Vivado v2020.1 (64-bit)
# SW Build 2902540 on Wed May 27 19:54:49 MDT 2020
# IP Build 2902112 on Wed May 27 22:43:36 MDT 2020
# Start of session at: Sun Mar 15 15:23:08 2026
# Process ID: 11872
# Current directory: C:/Users/ghazi/CA-LAB-SPR-2026/Vivado Labs/Lab08/Lab08-Task3
# Command line: vivado.exe -gui_launcher_event rodinguilauncherevent18576 C:\Users\ghazi\CA-LAB-SPR-2026\Vivado Labs\Lab08\Lab08-Task3\Lab08-Task3.xpr
# Log file: C:/Users/ghazi/CA-LAB-SPR-2026/Vivado Labs/Lab08/Lab08-Task3/vivado.log
# Journal file: C:/Users/ghazi/CA-LAB-SPR-2026/Vivado Labs/Lab08/Lab08-Task3\vivado.jou
#-----------------------------------------------------------
start_gui
open_project {C:/Users/ghazi/CA-LAB-SPR-2026/Vivado Labs/Lab08/Lab08-Task3/Lab08-Task3.xpr}
Scanning sources...
Finished scanning sources
INFO: [IP_Flow 19-234] Refreshing IP repositories
INFO: [IP_Flow 19-1704] No user IP repositories specified
INFO: [IP_Flow 19-2313] Loaded Vivado IP repository 'C:/Xilinx/Vivado/2020.1/data/ip'.
open_project: Time (s): cpu = 00:00:18 ; elapsed = 00:00:13 . Memory (MB): peak = 1017.152 ; gain = 0.000
update_compile_order -fileset sources_1
reset_run impl_1 -prev_step 
launch_runs impl_1 -to_step write_bitstream
WARNING: [Vivado 12-872] Run step 'Design Initialization' is out-of-date.
[Sun Mar 15 15:25:55 2026] Launched impl_1...
Run output will be captured here: C:/Users/ghazi/CA-LAB-SPR-2026/Vivado Labs/Lab08/Lab08-Task3/Lab08-Task3.runs/impl_1/runme.log
reset_run synth_1
launch_runs synth_1
[Sun Mar 15 15:26:57 2026] Launched synth_1...
Run output will be captured here: C:/Users/ghazi/CA-LAB-SPR-2026/Vivado Labs/Lab08/Lab08-Task3/Lab08-Task3.runs/synth_1/runme.log
launch_runs impl_1
[Sun Mar 15 15:38:15 2026] Launched impl_1...
Run output will be captured here: C:/Users/ghazi/CA-LAB-SPR-2026/Vivado Labs/Lab08/Lab08-Task3/Lab08-Task3.runs/impl_1/runme.log
launch_runs impl_1 -to_step write_bitstream
[Sun Mar 15 15:45:29 2026] Launched impl_1...
Run output will be captured here: C:/Users/ghazi/CA-LAB-SPR-2026/Vivado Labs/Lab08/Lab08-Task3/Lab08-Task3.runs/impl_1/runme.log
open_run impl_1
INFO: [Device 21-403] Loading part xc7a35tcpg236-1
Netlist sorting complete. Time (s): cpu = 00:00:00 ; elapsed = 00:00:00.001 . Memory (MB): peak = 1607.453 ; gain = 0.000
INFO: [Project 1-479] Netlist was created with Vivado 2020.1
INFO: [Project 1-570] Preparing netlist for logic optimization
INFO: [Timing 38-478] Restoring timing data from binary archive.
INFO: [Timing 38-479] Binary timing data restore complete.
INFO: [Project 1-856] Restoring constraints from binary archive.
INFO: [Project 1-853] Binary constraint restore complete.
Reading XDEF placement.
Reading placer database...
Reading XDEF routing.
Read XDEF File: Time (s): cpu = 00:00:00 ; elapsed = 00:00:00.053 . Memory (MB): peak = 1857.602 ; gain = 0.000
Restored from archive | CPU: 0.000000 secs | Memory: 0.000000 MB |
Finished XDEF File Restore: Time (s): cpu = 00:00:00 ; elapsed = 00:00:00.053 . Memory (MB): peak = 1857.602 ; gain = 0.000
Netlist sorting complete. Time (s): cpu = 00:00:00 ; elapsed = 00:00:00.001 . Memory (MB): peak = 1857.602 ; gain = 0.000
INFO: [Project 1-111] Unisim Transformation Summary:
No Unisim elements were transformed.

open_run: Time (s): cpu = 00:00:35 ; elapsed = 00:00:25 . Memory (MB): peak = 1958.723 ; gain = 593.859
reset_run synth_1
launch_runs synth_1
[Sun Mar 15 15:53:56 2026] Launched synth_1...
Run output will be captured here: C:/Users/ghazi/CA-LAB-SPR-2026/Vivado Labs/Lab08/Lab08-Task3/Lab08-Task3.runs/synth_1/runme.log
launch_runs impl_1
[Sun Mar 15 16:10:44 2026] Launched impl_1...
Run output will be captured here: C:/Users/ghazi/CA-LAB-SPR-2026/Vivado Labs/Lab08/Lab08-Task3/Lab08-Task3.runs/impl_1/runme.log
close_design
launch_runs impl_1 -to_step write_bitstream
[Sun Mar 15 16:11:56 2026] Launched impl_1...
Run output will be captured here: C:/Users/ghazi/CA-LAB-SPR-2026/Vivado Labs/Lab08/Lab08-Task3/Lab08-Task3.runs/impl_1/runme.log
exit
INFO: [Common 17-206] Exiting Vivado at Sun Mar 15 16:13:18 2026...
