Copyright 1986-2020 Xilinx, Inc. All Rights Reserved.
-----------------------------------------------------------------------------------------------------------------------------------------------------------------------------------------------------------------
| Tool Version : Vivado v.2020.1 (win64) Build 2902540 Wed May 27 19:54:49 MDT 2020
| Date         : Thu Mar 19 18:55:00 2026
| Host         : DESKTOP-1MEKRSF running 64-bit major release  (build 9200)
| Command      : report_timing_summary -max_paths 10 -file memoryFPGA_Top_timing_summary_routed.rpt -pb memoryFPGA_Top_timing_summary_routed.pb -rpx memoryFPGA_Top_timing_summary_routed.rpx -warn_on_violation
| Design       : memoryFPGA_Top
| Device       : 7a35t-cpg236
| Speed File   : -1  PRODUCTION 1.23 2018-06-13
-----------------------------------------------------------------------------------------------------------------------------------------------------------------------------------------------------------------

Timing Summary Report

------------------------------------------------------------------------------------------------
| Timer Settings
| --------------
------------------------------------------------------------------------------------------------

  Enable Multi Corner Analysis               :  Yes
  Enable Pessimism Removal                   :  Yes
  Pessimism Removal Resolution               :  Nearest Common Node
  Enable Input Delay Default Clock           :  No
  Enable Preset / Clear Arcs                 :  No
  Disable Flight Delays                      :  No
  Ignore I/O Paths                           :  No
  Timing Early Launch at Borrowing Latches   :  No
  Borrow Time for Max Delay Exceptions       :  Yes
  Merge Timing Exceptions                    :  Yes

  Corner  Analyze    Analyze    
  Name    Max Paths  Min Paths  
  ------  ---------  ---------  
  Slow    Yes        Yes        
  Fast    Yes        Yes        



check_timing report

Table of Contents
-----------------
1. checking no_clock (0)
2. checking constant_clock (0)
3. checking pulse_width_clock (0)
4. checking unconstrained_internal_endpoints (0)
5. checking no_input_delay (18)
6. checking no_output_delay (16)
7. checking multiple_clock (0)
8. checking generated_clocks (0)
9. checking loops (0)
10. checking partial_input_delay (0)
11. checking partial_output_delay (0)
12. checking latch_loops (0)

1. checking no_clock (0)
------------------------
 There are 0 register/latch pins with no clock.


2. checking constant_clock (0)
------------------------------
 There are 0 register/latch pins with constant_clock.


3. checking pulse_width_clock (0)
---------------------------------
 There are 0 register/latch pins which need pulse_width check


4. checking unconstrained_internal_endpoints (0)
------------------------------------------------
 There are 0 pins that are not constrained for maximum delay.

 There are 0 pins that are not constrained for maximum delay due to constant clock.


5. checking no_input_delay (18)
-------------------------------
 There are 18 input ports with no input delay specified. (HIGH)

 There are 0 input ports with no input delay but user has a false path constraint.


6. checking no_output_delay (16)
--------------------------------
 There are 16 ports with no output delay specified. (HIGH)

 There are 0 ports with no output delay but user has a false path constraint

 There are 0 ports with no output delay but with a timing clock defined on it or propagating through it


7. checking multiple_clock (0)
------------------------------
 There are 0 register/latch pins with multiple clocks.


8. checking generated_clocks (0)
--------------------------------
 There are 0 generated clocks that are not connected to a clock source.


9. checking loops (0)
---------------------
 There are 0 combinational loops in the design.


10. checking partial_input_delay (0)
------------------------------------
 There are 0 input ports with partial input delay specified.


11. checking partial_output_delay (0)
-------------------------------------
 There are 0 ports with partial output delay specified.


12. checking latch_loops (0)
----------------------------
 There are 0 combinational latch loops in the design through latch input



------------------------------------------------------------------------------------------------
| Design Timing Summary
| ---------------------
------------------------------------------------------------------------------------------------

    WNS(ns)      TNS(ns)  TNS Failing Endpoints  TNS Total Endpoints      WHS(ns)      THS(ns)  THS Failing Endpoints  THS Total Endpoints     WPWS(ns)     TPWS(ns)  TPWS Failing Endpoints  TPWS Total Endpoints  
    -------      -------  ---------------------  -------------------      -------      -------  ---------------------  -------------------     --------     --------  ----------------------  --------------------  
      6.267        0.000                      0                   16        0.548        0.000                      0                   16        4.500        0.000                       0                    19  


All user specified timing constraints are met.


------------------------------------------------------------------------------------------------
| Clock Summary
| -------------
------------------------------------------------------------------------------------------------

Clock  Waveform(ns)       Period(ns)      Frequency(MHz)
-----  ------------       ----------      --------------
clk    {0.000 5.000}      10.000          100.000         


------------------------------------------------------------------------------------------------
| Intra Clock Table
| -----------------
------------------------------------------------------------------------------------------------

Clock             WNS(ns)      TNS(ns)  TNS Failing Endpoints  TNS Total Endpoints      WHS(ns)      THS(ns)  THS Failing Endpoints  THS Total Endpoints     WPWS(ns)     TPWS(ns)  TPWS Failing Endpoints  TPWS Total Endpoints  
-----             -------      -------  ---------------------  -------------------      -------      -------  ---------------------  -------------------     --------     --------  ----------------------  --------------------  
clk                 6.267        0.000                      0                   16        0.548        0.000                      0                   16        4.500        0.000                       0                    19  


------------------------------------------------------------------------------------------------
| Inter Clock Table
| -----------------
------------------------------------------------------------------------------------------------

From Clock    To Clock          WNS(ns)      TNS(ns)  TNS Failing Endpoints  TNS Total Endpoints      WHS(ns)      THS(ns)  THS Failing Endpoints  THS Total Endpoints  
----------    --------          -------      -------  ---------------------  -------------------      -------      -------  ---------------------  -------------------  


------------------------------------------------------------------------------------------------
| Other Path Groups Table
| -----------------------
------------------------------------------------------------------------------------------------

Path Group    From Clock    To Clock          WNS(ns)      TNS(ns)  TNS Failing Endpoints  TNS Total Endpoints      WHS(ns)      THS(ns)  THS Failing Endpoints  THS Total Endpoints  
----------    ----------    --------          -------      -------  ---------------------  -------------------      -------      -------  ---------------------  -------------------  


------------------------------------------------------------------------------------------------
| Timing Details
| --------------
------------------------------------------------------------------------------------------------


---------------------------------------------------------------------------------------------------
From Clock:  clk
  To Clock:  clk

Setup :            0  Failing Endpoints,  Worst Slack        6.267ns,  Total Violation        0.000ns
Hold  :            0  Failing Endpoints,  Worst Slack        0.548ns,  Total Violation        0.000ns
PW    :            0  Failing Endpoints,  Worst Slack        4.500ns,  Total Violation        0.000ns
---------------------------------------------------------------------------------------------------


Max Delay Paths
--------------------------------------------------------------------------------------
Slack (MET) :             6.267ns  (required time - arrival time)
  Source:                 latched_address_reg[8]/C
                            (rising edge-triggered cell FDCE clocked by clk  {rise@0.000ns fall@5.000ns period=10.000ns})
  Destination:            memorySystem/led_driver/leds_reg[6]/CE
                            (rising edge-triggered cell FDCE clocked by clk  {rise@0.000ns fall@5.000ns period=10.000ns})
  Path Group:             clk
  Path Type:              Setup (Max at Slow Process Corner)
  Requirement:            10.000ns  (clk rise@10.000ns - clk rise@0.000ns)
  Data Path Delay:        3.530ns  (logic 0.580ns (16.430%)  route 2.950ns (83.570%))
  Logic Levels:           1  (LUT2=1)
  Clock Path Skew:        0.037ns (DCD - SCD + CPR)
    Destination Clock Delay (DCD):    4.860ns = ( 14.860 - 10.000 ) 
    Source Clock Delay      (SCD):    5.083ns
    Clock Pessimism Removal (CPR):    0.260ns
  Clock Uncertainty:      0.035ns  ((TSJ^2 + TIJ^2)^1/2 + DJ) / 2 + PE
    Total System Jitter     (TSJ):    0.071ns
    Total Input Jitter      (TIJ):    0.000ns
    Discrete Jitter          (DJ):    0.000ns
    Phase Error              (PE):    0.000ns

    Location             Delay type                Incr(ns)  Path(ns)    Netlist Resource(s)
  -------------------------------------------------------------------    -------------------
                         (clock clk rise edge)        0.000     0.000 r  
    W5                                                0.000     0.000 r  clk (IN)
                         net (fo=0)                   0.000     0.000    clk
    W5                   IBUF (Prop_ibuf_I_O)         1.458     1.458 r  clk_IBUF_inst/O
                         net (fo=1, routed)           1.967     3.425    clk_IBUF
    BUFGCTRL_X0Y0        BUFG (Prop_bufg_I_O)         0.096     3.521 r  clk_IBUF_BUFG_inst/O
                         net (fo=18, routed)          1.562     5.083    clk_IBUF_BUFG
    SLICE_X9Y34          FDCE                                         r  latched_address_reg[8]/C
  -------------------------------------------------------------------    -------------------
    SLICE_X9Y34          FDCE (Prop_fdce_C_Q)         0.456     5.539 r  latched_address_reg[8]/Q
                         net (fo=1, routed)           0.493     6.032    memorySystem/led_driver/Q[0]
    SLICE_X9Y34          LUT2 (Prop_lut2_I0_O)        0.124     6.156 r  memorySystem/led_driver/leds[15]_i_1/O
                         net (fo=16, routed)          2.457     8.613    memorySystem/led_driver/LEDWrite
    SLICE_X0Y6           FDCE                                         r  memorySystem/led_driver/leds_reg[6]/CE
  -------------------------------------------------------------------    -------------------

                         (clock clk rise edge)       10.000    10.000 r  
    W5                                                0.000    10.000 r  clk (IN)
                         net (fo=0)                   0.000    10.000    clk
    W5                   IBUF (Prop_ibuf_I_O)         1.388    11.388 r  clk_IBUF_inst/O
                         net (fo=1, routed)           1.862    13.250    clk_IBUF
    BUFGCTRL_X0Y0        BUFG (Prop_bufg_I_O)         0.091    13.341 r  clk_IBUF_BUFG_inst/O
                         net (fo=18, routed)          1.519    14.860    memorySystem/led_driver/CLK
    SLICE_X0Y6           FDCE                                         r  memorySystem/led_driver/leds_reg[6]/C
                         clock pessimism              0.260    15.120    
                         clock uncertainty           -0.035    15.085    
    SLICE_X0Y6           FDCE (Setup_fdce_C_CE)      -0.205    14.880    memorySystem/led_driver/leds_reg[6]
  -------------------------------------------------------------------
                         required time                         14.880    
                         arrival time                          -8.613    
  -------------------------------------------------------------------
                         slack                                  6.267    

Slack (MET) :             6.267ns  (required time - arrival time)
  Source:                 latched_address_reg[8]/C
                            (rising edge-triggered cell FDCE clocked by clk  {rise@0.000ns fall@5.000ns period=10.000ns})
  Destination:            memorySystem/led_driver/leds_reg[7]/CE
                            (rising edge-triggered cell FDCE clocked by clk  {rise@0.000ns fall@5.000ns period=10.000ns})
  Path Group:             clk
  Path Type:              Setup (Max at Slow Process Corner)
  Requirement:            10.000ns  (clk rise@10.000ns - clk rise@0.000ns)
  Data Path Delay:        3.530ns  (logic 0.580ns (16.430%)  route 2.950ns (83.570%))
  Logic Levels:           1  (LUT2=1)
  Clock Path Skew:        0.037ns (DCD - SCD + CPR)
    Destination Clock Delay (DCD):    4.860ns = ( 14.860 - 10.000 ) 
    Source Clock Delay      (SCD):    5.083ns
    Clock Pessimism Removal (CPR):    0.260ns
  Clock Uncertainty:      0.035ns  ((TSJ^2 + TIJ^2)^1/2 + DJ) / 2 + PE
    Total System Jitter     (TSJ):    0.071ns
    Total Input Jitter      (TIJ):    0.000ns
    Discrete Jitter          (DJ):    0.000ns
    Phase Error              (PE):    0.000ns

    Location             Delay type                Incr(ns)  Path(ns)    Netlist Resource(s)
  -------------------------------------------------------------------    -------------------
                         (clock clk rise edge)        0.000     0.000 r  
    W5                                                0.000     0.000 r  clk (IN)
                         net (fo=0)                   0.000     0.000    clk
    W5                   IBUF (Prop_ibuf_I_O)         1.458     1.458 r  clk_IBUF_inst/O
                         net (fo=1, routed)           1.967     3.425    clk_IBUF
    BUFGCTRL_X0Y0        BUFG (Prop_bufg_I_O)         0.096     3.521 r  clk_IBUF_BUFG_inst/O
                         net (fo=18, routed)          1.562     5.083    clk_IBUF_BUFG
    SLICE_X9Y34          FDCE                                         r  latched_address_reg[8]/C
  -------------------------------------------------------------------    -------------------
    SLICE_X9Y34          FDCE (Prop_fdce_C_Q)         0.456     5.539 r  latched_address_reg[8]/Q
                         net (fo=1, routed)           0.493     6.032    memorySystem/led_driver/Q[0]
    SLICE_X9Y34          LUT2 (Prop_lut2_I0_O)        0.124     6.156 r  memorySystem/led_driver/leds[15]_i_1/O
                         net (fo=16, routed)          2.457     8.613    memorySystem/led_driver/LEDWrite
    SLICE_X0Y6           FDCE                                         r  memorySystem/led_driver/leds_reg[7]/CE
  -------------------------------------------------------------------    -------------------

                         (clock clk rise edge)       10.000    10.000 r  
    W5                                                0.000    10.000 r  clk (IN)
                         net (fo=0)                   0.000    10.000    clk
    W5                   IBUF (Prop_ibuf_I_O)         1.388    11.388 r  clk_IBUF_inst/O
                         net (fo=1, routed)           1.862    13.250    clk_IBUF
    BUFGCTRL_X0Y0        BUFG (Prop_bufg_I_O)         0.091    13.341 r  clk_IBUF_BUFG_inst/O
                         net (fo=18, routed)          1.519    14.860    memorySystem/led_driver/CLK
    SLICE_X0Y6           FDCE                                         r  memorySystem/led_driver/leds_reg[7]/C
                         clock pessimism              0.260    15.120    
                         clock uncertainty           -0.035    15.085    
    SLICE_X0Y6           FDCE (Setup_fdce_C_CE)      -0.205    14.880    memorySystem/led_driver/leds_reg[7]
  -------------------------------------------------------------------
                         required time                         14.880    
                         arrival time                          -8.613    
  -------------------------------------------------------------------
                         slack                                  6.267    

Slack (MET) :             6.409ns  (required time - arrival time)
  Source:                 latched_address_reg[8]/C
                            (rising edge-triggered cell FDCE clocked by clk  {rise@0.000ns fall@5.000ns period=10.000ns})
  Destination:            memorySystem/led_driver/leds_reg[5]/CE
                            (rising edge-triggered cell FDCE clocked by clk  {rise@0.000ns fall@5.000ns period=10.000ns})
  Path Group:             clk
  Path Type:              Setup (Max at Slow Process Corner)
  Requirement:            10.000ns  (clk rise@10.000ns - clk rise@0.000ns)
  Data Path Delay:        3.387ns  (logic 0.580ns (17.124%)  route 2.807ns (82.876%))
  Logic Levels:           1  (LUT2=1)
  Clock Path Skew:        0.036ns (DCD - SCD + CPR)
    Destination Clock Delay (DCD):    4.859ns = ( 14.859 - 10.000 ) 
    Source Clock Delay      (SCD):    5.083ns
    Clock Pessimism Removal (CPR):    0.260ns
  Clock Uncertainty:      0.035ns  ((TSJ^2 + TIJ^2)^1/2 + DJ) / 2 + PE
    Total System Jitter     (TSJ):    0.071ns
    Total Input Jitter      (TIJ):    0.000ns
    Discrete Jitter          (DJ):    0.000ns
    Phase Error              (PE):    0.000ns

    Location             Delay type                Incr(ns)  Path(ns)    Netlist Resource(s)
  -------------------------------------------------------------------    -------------------
                         (clock clk rise edge)        0.000     0.000 r  
    W5                                                0.000     0.000 r  clk (IN)
                         net (fo=0)                   0.000     0.000    clk
    W5                   IBUF (Prop_ibuf_I_O)         1.458     1.458 r  clk_IBUF_inst/O
                         net (fo=1, routed)           1.967     3.425    clk_IBUF
    BUFGCTRL_X0Y0        BUFG (Prop_bufg_I_O)         0.096     3.521 r  clk_IBUF_BUFG_inst/O
                         net (fo=18, routed)          1.562     5.083    clk_IBUF_BUFG
    SLICE_X9Y34          FDCE                                         r  latched_address_reg[8]/C
  -------------------------------------------------------------------    -------------------
    SLICE_X9Y34          FDCE (Prop_fdce_C_Q)         0.456     5.539 r  latched_address_reg[8]/Q
                         net (fo=1, routed)           0.493     6.032    memorySystem/led_driver/Q[0]
    SLICE_X9Y34          LUT2 (Prop_lut2_I0_O)        0.124     6.156 r  memorySystem/led_driver/leds[15]_i_1/O
                         net (fo=16, routed)          2.314     8.470    memorySystem/led_driver/LEDWrite
    SLICE_X0Y8           FDCE                                         r  memorySystem/led_driver/leds_reg[5]/CE
  -------------------------------------------------------------------    -------------------

                         (clock clk rise edge)       10.000    10.000 r  
    W5                                                0.000    10.000 r  clk (IN)
                         net (fo=0)                   0.000    10.000    clk
    W5                   IBUF (Prop_ibuf_I_O)         1.388    11.388 r  clk_IBUF_inst/O
                         net (fo=1, routed)           1.862    13.250    clk_IBUF
    BUFGCTRL_X0Y0        BUFG (Prop_bufg_I_O)         0.091    13.341 r  clk_IBUF_BUFG_inst/O
                         net (fo=18, routed)          1.518    14.859    memorySystem/led_driver/CLK
    SLICE_X0Y8           FDCE                                         r  memorySystem/led_driver/leds_reg[5]/C
                         clock pessimism              0.260    15.119    
                         clock uncertainty           -0.035    15.084    
    SLICE_X0Y8           FDCE (Setup_fdce_C_CE)      -0.205    14.879    memorySystem/led_driver/leds_reg[5]
  -------------------------------------------------------------------
                         required time                         14.879    
                         arrival time                          -8.470    
  -------------------------------------------------------------------
                         slack                                  6.409    

Slack (MET) :             6.701ns  (required time - arrival time)
  Source:                 latched_address_reg[8]/C
                            (rising edge-triggered cell FDCE clocked by clk  {rise@0.000ns fall@5.000ns period=10.000ns})
  Destination:            memorySystem/led_driver/leds_reg[0]/CE
                            (rising edge-triggered cell FDCE clocked by clk  {rise@0.000ns fall@5.000ns period=10.000ns})
  Path Group:             clk
  Path Type:              Setup (Max at Slow Process Corner)
  Requirement:            10.000ns  (clk rise@10.000ns - clk rise@0.000ns)
  Data Path Delay:        3.093ns  (logic 0.580ns (18.753%)  route 2.513ns (81.247%))
  Logic Levels:           1  (LUT2=1)
  Clock Path Skew:        0.034ns (DCD - SCD + CPR)
    Destination Clock Delay (DCD):    4.857ns = ( 14.857 - 10.000 ) 
    Source Clock Delay      (SCD):    5.083ns
    Clock Pessimism Removal (CPR):    0.260ns
  Clock Uncertainty:      0.035ns  ((TSJ^2 + TIJ^2)^1/2 + DJ) / 2 + PE
    Total System Jitter     (TSJ):    0.071ns
    Total Input Jitter      (TIJ):    0.000ns
    Discrete Jitter          (DJ):    0.000ns
    Phase Error              (PE):    0.000ns

    Location             Delay type                Incr(ns)  Path(ns)    Netlist Resource(s)
  -------------------------------------------------------------------    -------------------
                         (clock clk rise edge)        0.000     0.000 r  
    W5                                                0.000     0.000 r  clk (IN)
                         net (fo=0)                   0.000     0.000    clk
    W5                   IBUF (Prop_ibuf_I_O)         1.458     1.458 r  clk_IBUF_inst/O
                         net (fo=1, routed)           1.967     3.425    clk_IBUF
    BUFGCTRL_X0Y0        BUFG (Prop_bufg_I_O)         0.096     3.521 r  clk_IBUF_BUFG_inst/O
                         net (fo=18, routed)          1.562     5.083    clk_IBUF_BUFG
    SLICE_X9Y34          FDCE                                         r  latched_address_reg[8]/C
  -------------------------------------------------------------------    -------------------
    SLICE_X9Y34          FDCE (Prop_fdce_C_Q)         0.456     5.539 r  latched_address_reg[8]/Q
                         net (fo=1, routed)           0.493     6.032    memorySystem/led_driver/Q[0]
    SLICE_X9Y34          LUT2 (Prop_lut2_I0_O)        0.124     6.156 r  memorySystem/led_driver/leds[15]_i_1/O
                         net (fo=16, routed)          2.020     8.176    memorySystem/led_driver/LEDWrite
    SLICE_X0Y11          FDCE                                         r  memorySystem/led_driver/leds_reg[0]/CE
  -------------------------------------------------------------------    -------------------

                         (clock clk rise edge)       10.000    10.000 r  
    W5                                                0.000    10.000 r  clk (IN)
                         net (fo=0)                   0.000    10.000    clk
    W5                   IBUF (Prop_ibuf_I_O)         1.388    11.388 r  clk_IBUF_inst/O
                         net (fo=1, routed)           1.862    13.250    clk_IBUF
    BUFGCTRL_X0Y0        BUFG (Prop_bufg_I_O)         0.091    13.341 r  clk_IBUF_BUFG_inst/O
                         net (fo=18, routed)          1.516    14.857    memorySystem/led_driver/CLK
    SLICE_X0Y11          FDCE                                         r  memorySystem/led_driver/leds_reg[0]/C
                         clock pessimism              0.260    15.117    
                         clock uncertainty           -0.035    15.082    
    SLICE_X0Y11          FDCE (Setup_fdce_C_CE)      -0.205    14.877    memorySystem/led_driver/leds_reg[0]
  -------------------------------------------------------------------
                         required time                         14.877    
                         arrival time                          -8.176    
  -------------------------------------------------------------------
                         slack                                  6.701    

Slack (MET) :             6.852ns  (required time - arrival time)
  Source:                 latched_address_reg[8]/C
                            (rising edge-triggered cell FDCE clocked by clk  {rise@0.000ns fall@5.000ns period=10.000ns})
  Destination:            memorySystem/led_driver/leds_reg[4]/CE
                            (rising edge-triggered cell FDCE clocked by clk  {rise@0.000ns fall@5.000ns period=10.000ns})
  Path Group:             clk
  Path Type:              Setup (Max at Slow Process Corner)
  Requirement:            10.000ns  (clk rise@10.000ns - clk rise@0.000ns)
  Data Path Delay:        2.940ns  (logic 0.580ns (19.729%)  route 2.360ns (80.271%))
  Logic Levels:           1  (LUT2=1)
  Clock Path Skew:        0.032ns (DCD - SCD + CPR)
    Destination Clock Delay (DCD):    4.855ns = ( 14.855 - 10.000 ) 
    Source Clock Delay      (SCD):    5.083ns
    Clock Pessimism Removal (CPR):    0.260ns
  Clock Uncertainty:      0.035ns  ((TSJ^2 + TIJ^2)^1/2 + DJ) / 2 + PE
    Total System Jitter     (TSJ):    0.071ns
    Total Input Jitter      (TIJ):    0.000ns
    Discrete Jitter          (DJ):    0.000ns
    Phase Error              (PE):    0.000ns

    Location             Delay type                Incr(ns)  Path(ns)    Netlist Resource(s)
  -------------------------------------------------------------------    -------------------
                         (clock clk rise edge)        0.000     0.000 r  
    W5                                                0.000     0.000 r  clk (IN)
                         net (fo=0)                   0.000     0.000    clk
    W5                   IBUF (Prop_ibuf_I_O)         1.458     1.458 r  clk_IBUF_inst/O
                         net (fo=1, routed)           1.967     3.425    clk_IBUF
    BUFGCTRL_X0Y0        BUFG (Prop_bufg_I_O)         0.096     3.521 r  clk_IBUF_BUFG_inst/O
                         net (fo=18, routed)          1.562     5.083    clk_IBUF_BUFG
    SLICE_X9Y34          FDCE                                         r  latched_address_reg[8]/C
  -------------------------------------------------------------------    -------------------
    SLICE_X9Y34          FDCE (Prop_fdce_C_Q)         0.456     5.539 r  latched_address_reg[8]/Q
                         net (fo=1, routed)           0.493     6.032    memorySystem/led_driver/Q[0]
    SLICE_X9Y34          LUT2 (Prop_lut2_I0_O)        0.124     6.156 r  memorySystem/led_driver/leds[15]_i_1/O
                         net (fo=16, routed)          1.867     8.023    memorySystem/led_driver/LEDWrite
    SLICE_X0Y13          FDCE                                         r  memorySystem/led_driver/leds_reg[4]/CE
  -------------------------------------------------------------------    -------------------

                         (clock clk rise edge)       10.000    10.000 r  
    W5                                                0.000    10.000 r  clk (IN)
                         net (fo=0)                   0.000    10.000    clk
    W5                   IBUF (Prop_ibuf_I_O)         1.388    11.388 r  clk_IBUF_inst/O
                         net (fo=1, routed)           1.862    13.250    clk_IBUF
    BUFGCTRL_X0Y0        BUFG (Prop_bufg_I_O)         0.091    13.341 r  clk_IBUF_BUFG_inst/O
                         net (fo=18, routed)          1.514    14.855    memorySystem/led_driver/CLK
    SLICE_X0Y13          FDCE                                         r  memorySystem/led_driver/leds_reg[4]/C
                         clock pessimism              0.260    15.115    
                         clock uncertainty           -0.035    15.080    
    SLICE_X0Y13          FDCE (Setup_fdce_C_CE)      -0.205    14.875    memorySystem/led_driver/leds_reg[4]
  -------------------------------------------------------------------
                         required time                         14.875    
                         arrival time                          -8.023    
  -------------------------------------------------------------------
                         slack                                  6.852    

Slack (MET) :             7.146ns  (required time - arrival time)
  Source:                 latched_address_reg[8]/C
                            (rising edge-triggered cell FDCE clocked by clk  {rise@0.000ns fall@5.000ns period=10.000ns})
  Destination:            memorySystem/led_driver/leds_reg[2]/CE
                            (rising edge-triggered cell FDCE clocked by clk  {rise@0.000ns fall@5.000ns period=10.000ns})
  Path Group:             clk
  Path Type:              Setup (Max at Slow Process Corner)
  Requirement:            10.000ns  (clk rise@10.000ns - clk rise@0.000ns)
  Data Path Delay:        2.642ns  (logic 0.580ns (21.949%)  route 2.062ns (78.051%))
  Logic Levels:           1  (LUT2=1)
  Clock Path Skew:        0.029ns (DCD - SCD + CPR)
    Destination Clock Delay (DCD):    4.852ns = ( 14.852 - 10.000 ) 
    Source Clock Delay      (SCD):    5.083ns
    Clock Pessimism Removal (CPR):    0.260ns
  Clock Uncertainty:      0.035ns  ((TSJ^2 + TIJ^2)^1/2 + DJ) / 2 + PE
    Total System Jitter     (TSJ):    0.071ns
    Total Input Jitter      (TIJ):    0.000ns
    Discrete Jitter          (DJ):    0.000ns
    Phase Error              (PE):    0.000ns

    Location             Delay type                Incr(ns)  Path(ns)    Netlist Resource(s)
  -------------------------------------------------------------------    -------------------
                         (clock clk rise edge)        0.000     0.000 r  
    W5                                                0.000     0.000 r  clk (IN)
                         net (fo=0)                   0.000     0.000    clk
    W5                   IBUF (Prop_ibuf_I_O)         1.458     1.458 r  clk_IBUF_inst/O
                         net (fo=1, routed)           1.967     3.425    clk_IBUF
    BUFGCTRL_X0Y0        BUFG (Prop_bufg_I_O)         0.096     3.521 r  clk_IBUF_BUFG_inst/O
                         net (fo=18, routed)          1.562     5.083    clk_IBUF_BUFG
    SLICE_X9Y34          FDCE                                         r  latched_address_reg[8]/C
  -------------------------------------------------------------------    -------------------
    SLICE_X9Y34          FDCE (Prop_fdce_C_Q)         0.456     5.539 r  latched_address_reg[8]/Q
                         net (fo=1, routed)           0.493     6.032    memorySystem/led_driver/Q[0]
    SLICE_X9Y34          LUT2 (Prop_lut2_I0_O)        0.124     6.156 r  memorySystem/led_driver/leds[15]_i_1/O
                         net (fo=16, routed)          1.569     7.726    memorySystem/led_driver/LEDWrite
    SLICE_X0Y17          FDCE                                         r  memorySystem/led_driver/leds_reg[2]/CE
  -------------------------------------------------------------------    -------------------

                         (clock clk rise edge)       10.000    10.000 r  
    W5                                                0.000    10.000 r  clk (IN)
                         net (fo=0)                   0.000    10.000    clk
    W5                   IBUF (Prop_ibuf_I_O)         1.388    11.388 r  clk_IBUF_inst/O
                         net (fo=1, routed)           1.862    13.250    clk_IBUF
    BUFGCTRL_X0Y0        BUFG (Prop_bufg_I_O)         0.091    13.341 r  clk_IBUF_BUFG_inst/O
                         net (fo=18, routed)          1.511    14.852    memorySystem/led_driver/CLK
    SLICE_X0Y17          FDCE                                         r  memorySystem/led_driver/leds_reg[2]/C
                         clock pessimism              0.260    15.112    
                         clock uncertainty           -0.035    15.077    
    SLICE_X0Y17          FDCE (Setup_fdce_C_CE)      -0.205    14.872    memorySystem/led_driver/leds_reg[2]
  -------------------------------------------------------------------
                         required time                         14.872    
                         arrival time                          -7.726    
  -------------------------------------------------------------------
                         slack                                  7.146    

Slack (MET) :             7.146ns  (required time - arrival time)
  Source:                 latched_address_reg[8]/C
                            (rising edge-triggered cell FDCE clocked by clk  {rise@0.000ns fall@5.000ns period=10.000ns})
  Destination:            memorySystem/led_driver/leds_reg[3]/CE
                            (rising edge-triggered cell FDCE clocked by clk  {rise@0.000ns fall@5.000ns period=10.000ns})
  Path Group:             clk
  Path Type:              Setup (Max at Slow Process Corner)
  Requirement:            10.000ns  (clk rise@10.000ns - clk rise@0.000ns)
  Data Path Delay:        2.642ns  (logic 0.580ns (21.949%)  route 2.062ns (78.051%))
  Logic Levels:           1  (LUT2=1)
  Clock Path Skew:        0.029ns (DCD - SCD + CPR)
    Destination Clock Delay (DCD):    4.852ns = ( 14.852 - 10.000 ) 
    Source Clock Delay      (SCD):    5.083ns
    Clock Pessimism Removal (CPR):    0.260ns
  Clock Uncertainty:      0.035ns  ((TSJ^2 + TIJ^2)^1/2 + DJ) / 2 + PE
    Total System Jitter     (TSJ):    0.071ns
    Total Input Jitter      (TIJ):    0.000ns
    Discrete Jitter          (DJ):    0.000ns
    Phase Error              (PE):    0.000ns

    Location             Delay type                Incr(ns)  Path(ns)    Netlist Resource(s)
  -------------------------------------------------------------------    -------------------
                         (clock clk rise edge)        0.000     0.000 r  
    W5                                                0.000     0.000 r  clk (IN)
                         net (fo=0)                   0.000     0.000    clk
    W5                   IBUF (Prop_ibuf_I_O)         1.458     1.458 r  clk_IBUF_inst/O
                         net (fo=1, routed)           1.967     3.425    clk_IBUF
    BUFGCTRL_X0Y0        BUFG (Prop_bufg_I_O)         0.096     3.521 r  clk_IBUF_BUFG_inst/O
                         net (fo=18, routed)          1.562     5.083    clk_IBUF_BUFG
    SLICE_X9Y34          FDCE                                         r  latched_address_reg[8]/C
  -------------------------------------------------------------------    -------------------
    SLICE_X9Y34          FDCE (Prop_fdce_C_Q)         0.456     5.539 r  latched_address_reg[8]/Q
                         net (fo=1, routed)           0.493     6.032    memorySystem/led_driver/Q[0]
    SLICE_X9Y34          LUT2 (Prop_lut2_I0_O)        0.124     6.156 r  memorySystem/led_driver/leds[15]_i_1/O
                         net (fo=16, routed)          1.569     7.726    memorySystem/led_driver/LEDWrite
    SLICE_X0Y17          FDCE                                         r  memorySystem/led_driver/leds_reg[3]/CE
  -------------------------------------------------------------------    -------------------

                         (clock clk rise edge)       10.000    10.000 r  
    W5                                                0.000    10.000 r  clk (IN)
                         net (fo=0)                   0.000    10.000    clk
    W5                   IBUF (Prop_ibuf_I_O)         1.388    11.388 r  clk_IBUF_inst/O
                         net (fo=1, routed)           1.862    13.250    clk_IBUF
    BUFGCTRL_X0Y0        BUFG (Prop_bufg_I_O)         0.091    13.341 r  clk_IBUF_BUFG_inst/O
                         net (fo=18, routed)          1.511    14.852    memorySystem/led_driver/CLK
    SLICE_X0Y17          FDCE                                         r  memorySystem/led_driver/leds_reg[3]/C
                         clock pessimism              0.260    15.112    
                         clock uncertainty           -0.035    15.077    
    SLICE_X0Y17          FDCE (Setup_fdce_C_CE)      -0.205    14.872    memorySystem/led_driver/leds_reg[3]
  -------------------------------------------------------------------
                         required time                         14.872    
                         arrival time                          -7.726    
  -------------------------------------------------------------------
                         slack                                  7.146    

Slack (MET) :             7.726ns  (required time - arrival time)
  Source:                 latched_address_reg[8]/C
                            (rising edge-triggered cell FDCE clocked by clk  {rise@0.000ns fall@5.000ns period=10.000ns})
  Destination:            memorySystem/led_driver/leds_reg[12]/CE
                            (rising edge-triggered cell FDCE clocked by clk  {rise@0.000ns fall@5.000ns period=10.000ns})
  Path Group:             clk
  Path Type:              Setup (Max at Slow Process Corner)
  Requirement:            10.000ns  (clk rise@10.000ns - clk rise@0.000ns)
  Data Path Delay:        2.013ns  (logic 0.580ns (28.815%)  route 1.433ns (71.185%))
  Logic Levels:           1  (LUT2=1)
  Clock Path Skew:        -0.021ns (DCD - SCD + CPR)
    Destination Clock Delay (DCD):    4.788ns = ( 14.788 - 10.000 ) 
    Source Clock Delay      (SCD):    5.083ns
    Clock Pessimism Removal (CPR):    0.274ns
  Clock Uncertainty:      0.035ns  ((TSJ^2 + TIJ^2)^1/2 + DJ) / 2 + PE
    Total System Jitter     (TSJ):    0.071ns
    Total Input Jitter      (TIJ):    0.000ns
    Discrete Jitter          (DJ):    0.000ns
    Phase Error              (PE):    0.000ns

    Location             Delay type                Incr(ns)  Path(ns)    Netlist Resource(s)
  -------------------------------------------------------------------    -------------------
                         (clock clk rise edge)        0.000     0.000 r  
    W5                                                0.000     0.000 r  clk (IN)
                         net (fo=0)                   0.000     0.000    clk
    W5                   IBUF (Prop_ibuf_I_O)         1.458     1.458 r  clk_IBUF_inst/O
                         net (fo=1, routed)           1.967     3.425    clk_IBUF
    BUFGCTRL_X0Y0        BUFG (Prop_bufg_I_O)         0.096     3.521 r  clk_IBUF_BUFG_inst/O
                         net (fo=18, routed)          1.562     5.083    clk_IBUF_BUFG
    SLICE_X9Y34          FDCE                                         r  latched_address_reg[8]/C
  -------------------------------------------------------------------    -------------------
    SLICE_X9Y34          FDCE (Prop_fdce_C_Q)         0.456     5.539 r  latched_address_reg[8]/Q
                         net (fo=1, routed)           0.493     6.032    memorySystem/led_driver/Q[0]
    SLICE_X9Y34          LUT2 (Prop_lut2_I0_O)        0.124     6.156 r  memorySystem/led_driver/leds[15]_i_1/O
                         net (fo=16, routed)          0.940     7.096    memorySystem/led_driver/LEDWrite
    SLICE_X9Y38          FDCE                                         r  memorySystem/led_driver/leds_reg[12]/CE
  -------------------------------------------------------------------    -------------------

                         (clock clk rise edge)       10.000    10.000 r  
    W5                                                0.000    10.000 r  clk (IN)
                         net (fo=0)                   0.000    10.000    clk
    W5                   IBUF (Prop_ibuf_I_O)         1.388    11.388 r  clk_IBUF_inst/O
                         net (fo=1, routed)           1.862    13.250    clk_IBUF
    BUFGCTRL_X0Y0        BUFG (Prop_bufg_I_O)         0.091    13.341 r  clk_IBUF_BUFG_inst/O
                         net (fo=18, routed)          1.447    14.788    memorySystem/led_driver/CLK
    SLICE_X9Y38          FDCE                                         r  memorySystem/led_driver/leds_reg[12]/C
                         clock pessimism              0.274    15.062    
                         clock uncertainty           -0.035    15.027    
    SLICE_X9Y38          FDCE (Setup_fdce_C_CE)      -0.205    14.822    memorySystem/led_driver/leds_reg[12]
  -------------------------------------------------------------------
                         required time                         14.822    
                         arrival time                          -7.096    
  -------------------------------------------------------------------
                         slack                                  7.726    

Slack (MET) :             7.726ns  (required time - arrival time)
  Source:                 latched_address_reg[8]/C
                            (rising edge-triggered cell FDCE clocked by clk  {rise@0.000ns fall@5.000ns period=10.000ns})
  Destination:            memorySystem/led_driver/leds_reg[13]/CE
                            (rising edge-triggered cell FDCE clocked by clk  {rise@0.000ns fall@5.000ns period=10.000ns})
  Path Group:             clk
  Path Type:              Setup (Max at Slow Process Corner)
  Requirement:            10.000ns  (clk rise@10.000ns - clk rise@0.000ns)
  Data Path Delay:        2.013ns  (logic 0.580ns (28.815%)  route 1.433ns (71.185%))
  Logic Levels:           1  (LUT2=1)
  Clock Path Skew:        -0.021ns (DCD - SCD + CPR)
    Destination Clock Delay (DCD):    4.788ns = ( 14.788 - 10.000 ) 
    Source Clock Delay      (SCD):    5.083ns
    Clock Pessimism Removal (CPR):    0.274ns
  Clock Uncertainty:      0.035ns  ((TSJ^2 + TIJ^2)^1/2 + DJ) / 2 + PE
    Total System Jitter     (TSJ):    0.071ns
    Total Input Jitter      (TIJ):    0.000ns
    Discrete Jitter          (DJ):    0.000ns
    Phase Error              (PE):    0.000ns

    Location             Delay type                Incr(ns)  Path(ns)    Netlist Resource(s)
  -------------------------------------------------------------------    -------------------
                         (clock clk rise edge)        0.000     0.000 r  
    W5                                                0.000     0.000 r  clk (IN)
                         net (fo=0)                   0.000     0.000    clk
    W5                   IBUF (Prop_ibuf_I_O)         1.458     1.458 r  clk_IBUF_inst/O
                         net (fo=1, routed)           1.967     3.425    clk_IBUF
    BUFGCTRL_X0Y0        BUFG (Prop_bufg_I_O)         0.096     3.521 r  clk_IBUF_BUFG_inst/O
                         net (fo=18, routed)          1.562     5.083    clk_IBUF_BUFG
    SLICE_X9Y34          FDCE                                         r  latched_address_reg[8]/C
  -------------------------------------------------------------------    -------------------
    SLICE_X9Y34          FDCE (Prop_fdce_C_Q)         0.456     5.539 r  latched_address_reg[8]/Q
                         net (fo=1, routed)           0.493     6.032    memorySystem/led_driver/Q[0]
    SLICE_X9Y34          LUT2 (Prop_lut2_I0_O)        0.124     6.156 r  memorySystem/led_driver/leds[15]_i_1/O
                         net (fo=16, routed)          0.940     7.096    memorySystem/led_driver/LEDWrite
    SLICE_X9Y38          FDCE                                         r  memorySystem/led_driver/leds_reg[13]/CE
  -------------------------------------------------------------------    -------------------

                         (clock clk rise edge)       10.000    10.000 r  
    W5                                                0.000    10.000 r  clk (IN)
                         net (fo=0)                   0.000    10.000    clk
    W5                   IBUF (Prop_ibuf_I_O)         1.388    11.388 r  clk_IBUF_inst/O
                         net (fo=1, routed)           1.862    13.250    clk_IBUF
    BUFGCTRL_X0Y0        BUFG (Prop_bufg_I_O)         0.091    13.341 r  clk_IBUF_BUFG_inst/O
                         net (fo=18, routed)          1.447    14.788    memorySystem/led_driver/CLK
    SLICE_X9Y38          FDCE                                         r  memorySystem/led_driver/leds_reg[13]/C
                         clock pessimism              0.274    15.062    
                         clock uncertainty           -0.035    15.027    
    SLICE_X9Y38          FDCE (Setup_fdce_C_CE)      -0.205    14.822    memorySystem/led_driver/leds_reg[13]
  -------------------------------------------------------------------
                         required time                         14.822    
                         arrival time                          -7.096    
  -------------------------------------------------------------------
                         slack                                  7.726    

Slack (MET) :             7.726ns  (required time - arrival time)
  Source:                 latched_address_reg[8]/C
                            (rising edge-triggered cell FDCE clocked by clk  {rise@0.000ns fall@5.000ns period=10.000ns})
  Destination:            memorySystem/led_driver/leds_reg[14]/CE
                            (rising edge-triggered cell FDCE clocked by clk  {rise@0.000ns fall@5.000ns period=10.000ns})
  Path Group:             clk
  Path Type:              Setup (Max at Slow Process Corner)
  Requirement:            10.000ns  (clk rise@10.000ns - clk rise@0.000ns)
  Data Path Delay:        2.013ns  (logic 0.580ns (28.815%)  route 1.433ns (71.185%))
  Logic Levels:           1  (LUT2=1)
  Clock Path Skew:        -0.021ns (DCD - SCD + CPR)
    Destination Clock Delay (DCD):    4.788ns = ( 14.788 - 10.000 ) 
    Source Clock Delay      (SCD):    5.083ns
    Clock Pessimism Removal (CPR):    0.274ns
  Clock Uncertainty:      0.035ns  ((TSJ^2 + TIJ^2)^1/2 + DJ) / 2 + PE
    Total System Jitter     (TSJ):    0.071ns
    Total Input Jitter      (TIJ):    0.000ns
    Discrete Jitter          (DJ):    0.000ns
    Phase Error              (PE):    0.000ns

    Location             Delay type                Incr(ns)  Path(ns)    Netlist Resource(s)
  -------------------------------------------------------------------    -------------------
                         (clock clk rise edge)        0.000     0.000 r  
    W5                                                0.000     0.000 r  clk (IN)
                         net (fo=0)                   0.000     0.000    clk
    W5                   IBUF (Prop_ibuf_I_O)         1.458     1.458 r  clk_IBUF_inst/O
                         net (fo=1, routed)           1.967     3.425    clk_IBUF
    BUFGCTRL_X0Y0        BUFG (Prop_bufg_I_O)         0.096     3.521 r  clk_IBUF_BUFG_inst/O
                         net (fo=18, routed)          1.562     5.083    clk_IBUF_BUFG
    SLICE_X9Y34          FDCE                                         r  latched_address_reg[8]/C
  -------------------------------------------------------------------    -------------------
    SLICE_X9Y34          FDCE (Prop_fdce_C_Q)         0.456     5.539 r  latched_address_reg[8]/Q
                         net (fo=1, routed)           0.493     6.032    memorySystem/led_driver/Q[0]
    SLICE_X9Y34          LUT2 (Prop_lut2_I0_O)        0.124     6.156 r  memorySystem/led_driver/leds[15]_i_1/O
                         net (fo=16, routed)          0.940     7.096    memorySystem/led_driver/LEDWrite
    SLICE_X9Y38          FDCE                                         r  memorySystem/led_driver/leds_reg[14]/CE
  -------------------------------------------------------------------    -------------------

                         (clock clk rise edge)       10.000    10.000 r  
    W5                                                0.000    10.000 r  clk (IN)
                         net (fo=0)                   0.000    10.000    clk
    W5                   IBUF (Prop_ibuf_I_O)         1.388    11.388 r  clk_IBUF_inst/O
                         net (fo=1, routed)           1.862    13.250    clk_IBUF
    BUFGCTRL_X0Y0        BUFG (Prop_bufg_I_O)         0.091    13.341 r  clk_IBUF_BUFG_inst/O
                         net (fo=18, routed)          1.447    14.788    memorySystem/led_driver/CLK
    SLICE_X9Y38          FDCE                                         r  memorySystem/led_driver/leds_reg[14]/C
                         clock pessimism              0.274    15.062    
                         clock uncertainty           -0.035    15.027    
    SLICE_X9Y38          FDCE (Setup_fdce_C_CE)      -0.205    14.822    memorySystem/led_driver/leds_reg[14]
  -------------------------------------------------------------------
                         required time                         14.822    
                         arrival time                          -7.096    
  -------------------------------------------------------------------
                         slack                                  7.726    





Min Delay Paths
--------------------------------------------------------------------------------------
Slack (MET) :             0.548ns  (arrival time - required time)
  Source:                 latched_address_reg[8]/C
                            (rising edge-triggered cell FDCE clocked by clk  {rise@0.000ns fall@5.000ns period=10.000ns})
  Destination:            memorySystem/led_driver/leds_reg[8]/CE
                            (rising edge-triggered cell FDCE clocked by clk  {rise@0.000ns fall@5.000ns period=10.000ns})
  Path Group:             clk
  Path Type:              Hold (Min at Fast Process Corner)
  Requirement:            0.000ns  (clk rise@0.000ns - clk rise@0.000ns)
  Data Path Delay:        0.545ns  (logic 0.186ns (34.111%)  route 0.359ns (65.889%))
  Logic Levels:           1  (LUT2=1)
  Clock Path Skew:        0.013ns (DCD - SCD - CPR)
    Destination Clock Delay (DCD):    1.957ns
    Source Clock Delay      (SCD):    1.445ns
    Clock Pessimism Removal (CPR):    0.499ns

    Location             Delay type                Incr(ns)  Path(ns)    Netlist Resource(s)
  -------------------------------------------------------------------    -------------------
                         (clock clk rise edge)        0.000     0.000 r  
    W5                                                0.000     0.000 r  clk (IN)
                         net (fo=0)                   0.000     0.000    clk
    W5                   IBUF (Prop_ibuf_I_O)         0.226     0.226 r  clk_IBUF_inst/O
                         net (fo=1, routed)           0.631     0.858    clk_IBUF
    BUFGCTRL_X0Y0        BUFG (Prop_bufg_I_O)         0.026     0.884 r  clk_IBUF_BUFG_inst/O
                         net (fo=18, routed)          0.562     1.445    clk_IBUF_BUFG
    SLICE_X9Y34          FDCE                                         r  latched_address_reg[8]/C
  -------------------------------------------------------------------    -------------------
    SLICE_X9Y34          FDCE (Prop_fdce_C_Q)         0.141     1.586 r  latched_address_reg[8]/Q
                         net (fo=1, routed)           0.156     1.742    memorySystem/led_driver/Q[0]
    SLICE_X9Y34          LUT2 (Prop_lut2_I0_O)        0.045     1.787 r  memorySystem/led_driver/leds[15]_i_1/O
                         net (fo=16, routed)          0.203     1.990    memorySystem/led_driver/LEDWrite
    SLICE_X8Y34          FDCE                                         r  memorySystem/led_driver/leds_reg[8]/CE
  -------------------------------------------------------------------    -------------------

                         (clock clk rise edge)        0.000     0.000 r  
    W5                                                0.000     0.000 r  clk (IN)
                         net (fo=0)                   0.000     0.000    clk
    W5                   IBUF (Prop_ibuf_I_O)         0.414     0.414 r  clk_IBUF_inst/O
                         net (fo=1, routed)           0.685     1.099    clk_IBUF
    BUFGCTRL_X0Y0        BUFG (Prop_bufg_I_O)         0.029     1.128 r  clk_IBUF_BUFG_inst/O
                         net (fo=18, routed)          0.830     1.957    memorySystem/led_driver/CLK
    SLICE_X8Y34          FDCE                                         r  memorySystem/led_driver/leds_reg[8]/C
                         clock pessimism             -0.499     1.458    
    SLICE_X8Y34          FDCE (Hold_fdce_C_CE)       -0.016     1.442    memorySystem/led_driver/leds_reg[8]
  -------------------------------------------------------------------
                         required time                         -1.442    
                         arrival time                           1.990    
  -------------------------------------------------------------------
                         slack                                  0.548    

Slack (MET) :             0.558ns  (arrival time - required time)
  Source:                 latched_address_reg[8]/C
                            (rising edge-triggered cell FDCE clocked by clk  {rise@0.000ns fall@5.000ns period=10.000ns})
  Destination:            memorySystem/led_driver/leds_reg[11]/CE
                            (rising edge-triggered cell FDCE clocked by clk  {rise@0.000ns fall@5.000ns period=10.000ns})
  Path Group:             clk
  Path Type:              Hold (Min at Fast Process Corner)
  Requirement:            0.000ns  (clk rise@0.000ns - clk rise@0.000ns)
  Data Path Delay:        0.531ns  (logic 0.186ns (35.031%)  route 0.345ns (64.969%))
  Logic Levels:           1  (LUT2=1)
  Clock Path Skew:        0.012ns (DCD - SCD - CPR)
    Destination Clock Delay (DCD):    1.955ns
    Source Clock Delay      (SCD):    1.445ns
    Clock Pessimism Removal (CPR):    0.498ns

    Location             Delay type                Incr(ns)  Path(ns)    Netlist Resource(s)
  -------------------------------------------------------------------    -------------------
                         (clock clk rise edge)        0.000     0.000 r  
    W5                                                0.000     0.000 r  clk (IN)
                         net (fo=0)                   0.000     0.000    clk
    W5                   IBUF (Prop_ibuf_I_O)         0.226     0.226 r  clk_IBUF_inst/O
                         net (fo=1, routed)           0.631     0.858    clk_IBUF
    BUFGCTRL_X0Y0        BUFG (Prop_bufg_I_O)         0.026     0.884 r  clk_IBUF_BUFG_inst/O
                         net (fo=18, routed)          0.562     1.445    clk_IBUF_BUFG
    SLICE_X9Y34          FDCE                                         r  latched_address_reg[8]/C
  -------------------------------------------------------------------    -------------------
    SLICE_X9Y34          FDCE (Prop_fdce_C_Q)         0.141     1.586 r  latched_address_reg[8]/Q
                         net (fo=1, routed)           0.156     1.742    memorySystem/led_driver/Q[0]
    SLICE_X9Y34          LUT2 (Prop_lut2_I0_O)        0.045     1.787 r  memorySystem/led_driver/leds[15]_i_1/O
                         net (fo=16, routed)          0.189     1.976    memorySystem/led_driver/LEDWrite
    SLICE_X9Y32          FDCE                                         r  memorySystem/led_driver/leds_reg[11]/CE
  -------------------------------------------------------------------    -------------------

                         (clock clk rise edge)        0.000     0.000 r  
    W5                                                0.000     0.000 r  clk (IN)
                         net (fo=0)                   0.000     0.000    clk
    W5                   IBUF (Prop_ibuf_I_O)         0.414     0.414 r  clk_IBUF_inst/O
                         net (fo=1, routed)           0.685     1.099    clk_IBUF
    BUFGCTRL_X0Y0        BUFG (Prop_bufg_I_O)         0.029     1.128 r  clk_IBUF_BUFG_inst/O
                         net (fo=18, routed)          0.828     1.955    memorySystem/led_driver/CLK
    SLICE_X9Y32          FDCE                                         r  memorySystem/led_driver/leds_reg[11]/C
                         clock pessimism             -0.498     1.457    
    SLICE_X9Y32          FDCE (Hold_fdce_C_CE)       -0.039     1.418    memorySystem/led_driver/leds_reg[11]
  -------------------------------------------------------------------
                         required time                         -1.418    
                         arrival time                           1.976    
  -------------------------------------------------------------------
                         slack                                  0.558    

Slack (MET) :             0.631ns  (arrival time - required time)
  Source:                 latched_address_reg[8]/C
                            (rising edge-triggered cell FDCE clocked by clk  {rise@0.000ns fall@5.000ns period=10.000ns})
  Destination:            memorySystem/led_driver/leds_reg[10]/CE
                            (rising edge-triggered cell FDCE clocked by clk  {rise@0.000ns fall@5.000ns period=10.000ns})
  Path Group:             clk
  Path Type:              Hold (Min at Fast Process Corner)
  Requirement:            0.000ns  (clk rise@0.000ns - clk rise@0.000ns)
  Data Path Delay:        0.608ns  (logic 0.186ns (30.598%)  route 0.422ns (69.402%))
  Logic Levels:           1  (LUT2=1)
  Clock Path Skew:        0.016ns (DCD - SCD - CPR)
    Destination Clock Delay (DCD):    1.959ns
    Source Clock Delay      (SCD):    1.445ns
    Clock Pessimism Removal (CPR):    0.498ns

    Location             Delay type                Incr(ns)  Path(ns)    Netlist Resource(s)
  -------------------------------------------------------------------    -------------------
                         (clock clk rise edge)        0.000     0.000 r  
    W5                                                0.000     0.000 r  clk (IN)
                         net (fo=0)                   0.000     0.000    clk
    W5                   IBUF (Prop_ibuf_I_O)         0.226     0.226 r  clk_IBUF_inst/O
                         net (fo=1, routed)           0.631     0.858    clk_IBUF
    BUFGCTRL_X0Y0        BUFG (Prop_bufg_I_O)         0.026     0.884 r  clk_IBUF_BUFG_inst/O
                         net (fo=18, routed)          0.562     1.445    clk_IBUF_BUFG
    SLICE_X9Y34          FDCE                                         r  latched_address_reg[8]/C
  -------------------------------------------------------------------    -------------------
    SLICE_X9Y34          FDCE (Prop_fdce_C_Q)         0.141     1.586 r  latched_address_reg[8]/Q
                         net (fo=1, routed)           0.156     1.742    memorySystem/led_driver/Q[0]
    SLICE_X9Y34          LUT2 (Prop_lut2_I0_O)        0.045     1.787 r  memorySystem/led_driver/leds[15]_i_1/O
                         net (fo=16, routed)          0.266     2.053    memorySystem/led_driver/LEDWrite
    SLICE_X9Y37          FDCE                                         r  memorySystem/led_driver/leds_reg[10]/CE
  -------------------------------------------------------------------    -------------------

                         (clock clk rise edge)        0.000     0.000 r  
    W5                                                0.000     0.000 r  clk (IN)
                         net (fo=0)                   0.000     0.000    clk
    W5                   IBUF (Prop_ibuf_I_O)         0.414     0.414 r  clk_IBUF_inst/O
                         net (fo=1, routed)           0.685     1.099    clk_IBUF
    BUFGCTRL_X0Y0        BUFG (Prop_bufg_I_O)         0.029     1.128 r  clk_IBUF_BUFG_inst/O
                         net (fo=18, routed)          0.832     1.959    memorySystem/led_driver/CLK
    SLICE_X9Y37          FDCE                                         r  memorySystem/led_driver/leds_reg[10]/C
                         clock pessimism             -0.498     1.461    
    SLICE_X9Y37          FDCE (Hold_fdce_C_CE)       -0.039     1.422    memorySystem/led_driver/leds_reg[10]
  -------------------------------------------------------------------
                         required time                         -1.422    
                         arrival time                           2.053    
  -------------------------------------------------------------------
                         slack                                  0.631    

Slack (MET) :             0.631ns  (arrival time - required time)
  Source:                 latched_address_reg[8]/C
                            (rising edge-triggered cell FDCE clocked by clk  {rise@0.000ns fall@5.000ns period=10.000ns})
  Destination:            memorySystem/led_driver/leds_reg[9]/CE
                            (rising edge-triggered cell FDCE clocked by clk  {rise@0.000ns fall@5.000ns period=10.000ns})
  Path Group:             clk
  Path Type:              Hold (Min at Fast Process Corner)
  Requirement:            0.000ns  (clk rise@0.000ns - clk rise@0.000ns)
  Data Path Delay:        0.608ns  (logic 0.186ns (30.598%)  route 0.422ns (69.402%))
  Logic Levels:           1  (LUT2=1)
  Clock Path Skew:        0.016ns (DCD - SCD - CPR)
    Destination Clock Delay (DCD):    1.959ns
    Source Clock Delay      (SCD):    1.445ns
    Clock Pessimism Removal (CPR):    0.498ns

    Location             Delay type                Incr(ns)  Path(ns)    Netlist Resource(s)
  -------------------------------------------------------------------    -------------------
                         (clock clk rise edge)        0.000     0.000 r  
    W5                                                0.000     0.000 r  clk (IN)
                         net (fo=0)                   0.000     0.000    clk
    W5                   IBUF (Prop_ibuf_I_O)         0.226     0.226 r  clk_IBUF_inst/O
                         net (fo=1, routed)           0.631     0.858    clk_IBUF
    BUFGCTRL_X0Y0        BUFG (Prop_bufg_I_O)         0.026     0.884 r  clk_IBUF_BUFG_inst/O
                         net (fo=18, routed)          0.562     1.445    clk_IBUF_BUFG
    SLICE_X9Y34          FDCE                                         r  latched_address_reg[8]/C
  -------------------------------------------------------------------    -------------------
    SLICE_X9Y34          FDCE (Prop_fdce_C_Q)         0.141     1.586 r  latched_address_reg[8]/Q
                         net (fo=1, routed)           0.156     1.742    memorySystem/led_driver/Q[0]
    SLICE_X9Y34          LUT2 (Prop_lut2_I0_O)        0.045     1.787 r  memorySystem/led_driver/leds[15]_i_1/O
                         net (fo=16, routed)          0.266     2.053    memorySystem/led_driver/LEDWrite
    SLICE_X9Y37          FDCE                                         r  memorySystem/led_driver/leds_reg[9]/CE
  -------------------------------------------------------------------    -------------------

                         (clock clk rise edge)        0.000     0.000 r  
    W5                                                0.000     0.000 r  clk (IN)
                         net (fo=0)                   0.000     0.000    clk
    W5                   IBUF (Prop_ibuf_I_O)         0.414     0.414 r  clk_IBUF_inst/O
                         net (fo=1, routed)           0.685     1.099    clk_IBUF
    BUFGCTRL_X0Y0        BUFG (Prop_bufg_I_O)         0.029     1.128 r  clk_IBUF_BUFG_inst/O
                         net (fo=18, routed)          0.832     1.959    memorySystem/led_driver/CLK
    SLICE_X9Y37          FDCE                                         r  memorySystem/led_driver/leds_reg[9]/C
                         clock pessimism             -0.498     1.461    
    SLICE_X9Y37          FDCE (Hold_fdce_C_CE)       -0.039     1.422    memorySystem/led_driver/leds_reg[9]
  -------------------------------------------------------------------
                         required time                         -1.422    
                         arrival time                           2.053    
  -------------------------------------------------------------------
                         slack                                  0.631    

Slack (MET) :             0.658ns  (arrival time - required time)
  Source:                 latched_address_reg[8]/C
                            (rising edge-triggered cell FDCE clocked by clk  {rise@0.000ns fall@5.000ns period=10.000ns})
  Destination:            memorySystem/led_driver/leds_reg[1]/CE
                            (rising edge-triggered cell FDCE clocked by clk  {rise@0.000ns fall@5.000ns period=10.000ns})
  Path Group:             clk
  Path Type:              Hold (Min at Fast Process Corner)
  Requirement:            0.000ns  (clk rise@0.000ns - clk rise@0.000ns)
  Data Path Delay:        0.683ns  (logic 0.186ns (27.247%)  route 0.497ns (72.753%))
  Logic Levels:           1  (LUT2=1)
  Clock Path Skew:        0.064ns (DCD - SCD - CPR)
    Destination Clock Delay (DCD):    1.987ns
    Source Clock Delay      (SCD):    1.445ns
    Clock Pessimism Removal (CPR):    0.478ns

    Location             Delay type                Incr(ns)  Path(ns)    Netlist Resource(s)
  -------------------------------------------------------------------    -------------------
                         (clock clk rise edge)        0.000     0.000 r  
    W5                                                0.000     0.000 r  clk (IN)
                         net (fo=0)                   0.000     0.000    clk
    W5                   IBUF (Prop_ibuf_I_O)         0.226     0.226 r  clk_IBUF_inst/O
                         net (fo=1, routed)           0.631     0.858    clk_IBUF
    BUFGCTRL_X0Y0        BUFG (Prop_bufg_I_O)         0.026     0.884 r  clk_IBUF_BUFG_inst/O
                         net (fo=18, routed)          0.562     1.445    clk_IBUF_BUFG
    SLICE_X9Y34          FDCE                                         r  latched_address_reg[8]/C
  -------------------------------------------------------------------    -------------------
    SLICE_X9Y34          FDCE (Prop_fdce_C_Q)         0.141     1.586 r  latched_address_reg[8]/Q
                         net (fo=1, routed)           0.156     1.742    memorySystem/led_driver/Q[0]
    SLICE_X9Y34          LUT2 (Prop_lut2_I0_O)        0.045     1.787 r  memorySystem/led_driver/leds[15]_i_1/O
                         net (fo=16, routed)          0.341     2.128    memorySystem/led_driver/LEDWrite
    SLICE_X0Y34          FDCE                                         r  memorySystem/led_driver/leds_reg[1]/CE
  -------------------------------------------------------------------    -------------------

                         (clock clk rise edge)        0.000     0.000 r  
    W5                                                0.000     0.000 r  clk (IN)
                         net (fo=0)                   0.000     0.000    clk
    W5                   IBUF (Prop_ibuf_I_O)         0.414     0.414 r  clk_IBUF_inst/O
                         net (fo=1, routed)           0.685     1.099    clk_IBUF
    BUFGCTRL_X0Y0        BUFG (Prop_bufg_I_O)         0.029     1.128 r  clk_IBUF_BUFG_inst/O
                         net (fo=18, routed)          0.860     1.987    memorySystem/led_driver/CLK
    SLICE_X0Y34          FDCE                                         r  memorySystem/led_driver/leds_reg[1]/C
                         clock pessimism             -0.478     1.509    
    SLICE_X0Y34          FDCE (Hold_fdce_C_CE)       -0.039     1.470    memorySystem/led_driver/leds_reg[1]
  -------------------------------------------------------------------
                         required time                         -1.470    
                         arrival time                           2.128    
  -------------------------------------------------------------------
                         slack                                  0.658    

Slack (MET) :             0.718ns  (arrival time - required time)
  Source:                 latched_address_reg[8]/C
                            (rising edge-triggered cell FDCE clocked by clk  {rise@0.000ns fall@5.000ns period=10.000ns})
  Destination:            memorySystem/led_driver/leds_reg[12]/CE
                            (rising edge-triggered cell FDCE clocked by clk  {rise@0.000ns fall@5.000ns period=10.000ns})
  Path Group:             clk
  Path Type:              Hold (Min at Fast Process Corner)
  Requirement:            0.000ns  (clk rise@0.000ns - clk rise@0.000ns)
  Data Path Delay:        0.697ns  (logic 0.186ns (26.692%)  route 0.511ns (73.308%))
  Logic Levels:           1  (LUT2=1)
  Clock Path Skew:        0.018ns (DCD - SCD - CPR)
    Destination Clock Delay (DCD):    1.961ns
    Source Clock Delay      (SCD):    1.445ns
    Clock Pessimism Removal (CPR):    0.498ns

    Location             Delay type                Incr(ns)  Path(ns)    Netlist Resource(s)
  -------------------------------------------------------------------    -------------------
                         (clock clk rise edge)        0.000     0.000 r  
    W5                                                0.000     0.000 r  clk (IN)
                         net (fo=0)                   0.000     0.000    clk
    W5                   IBUF (Prop_ibuf_I_O)         0.226     0.226 r  clk_IBUF_inst/O
                         net (fo=1, routed)           0.631     0.858    clk_IBUF
    BUFGCTRL_X0Y0        BUFG (Prop_bufg_I_O)         0.026     0.884 r  clk_IBUF_BUFG_inst/O
                         net (fo=18, routed)          0.562     1.445    clk_IBUF_BUFG
    SLICE_X9Y34          FDCE                                         r  latched_address_reg[8]/C
  -------------------------------------------------------------------    -------------------
    SLICE_X9Y34          FDCE (Prop_fdce_C_Q)         0.141     1.586 r  latched_address_reg[8]/Q
                         net (fo=1, routed)           0.156     1.742    memorySystem/led_driver/Q[0]
    SLICE_X9Y34          LUT2 (Prop_lut2_I0_O)        0.045     1.787 r  memorySystem/led_driver/leds[15]_i_1/O
                         net (fo=16, routed)          0.355     2.142    memorySystem/led_driver/LEDWrite
    SLICE_X9Y38          FDCE                                         r  memorySystem/led_driver/leds_reg[12]/CE
  -------------------------------------------------------------------    -------------------

                         (clock clk rise edge)        0.000     0.000 r  
    W5                                                0.000     0.000 r  clk (IN)
                         net (fo=0)                   0.000     0.000    clk
    W5                   IBUF (Prop_ibuf_I_O)         0.414     0.414 r  clk_IBUF_inst/O
                         net (fo=1, routed)           0.685     1.099    clk_IBUF
    BUFGCTRL_X0Y0        BUFG (Prop_bufg_I_O)         0.029     1.128 r  clk_IBUF_BUFG_inst/O
                         net (fo=18, routed)          0.834     1.961    memorySystem/led_driver/CLK
    SLICE_X9Y38          FDCE                                         r  memorySystem/led_driver/leds_reg[12]/C
                         clock pessimism             -0.498     1.463    
    SLICE_X9Y38          FDCE (Hold_fdce_C_CE)       -0.039     1.424    memorySystem/led_driver/leds_reg[12]
  -------------------------------------------------------------------
                         required time                         -1.424    
                         arrival time                           2.142    
  -------------------------------------------------------------------
                         slack                                  0.718    

Slack (MET) :             0.718ns  (arrival time - required time)
  Source:                 latched_address_reg[8]/C
                            (rising edge-triggered cell FDCE clocked by clk  {rise@0.000ns fall@5.000ns period=10.000ns})
  Destination:            memorySystem/led_driver/leds_reg[13]/CE
                            (rising edge-triggered cell FDCE clocked by clk  {rise@0.000ns fall@5.000ns period=10.000ns})
  Path Group:             clk
  Path Type:              Hold (Min at Fast Process Corner)
  Requirement:            0.000ns  (clk rise@0.000ns - clk rise@0.000ns)
  Data Path Delay:        0.697ns  (logic 0.186ns (26.692%)  route 0.511ns (73.308%))
  Logic Levels:           1  (LUT2=1)
  Clock Path Skew:        0.018ns (DCD - SCD - CPR)
    Destination Clock Delay (DCD):    1.961ns
    Source Clock Delay      (SCD):    1.445ns
    Clock Pessimism Removal (CPR):    0.498ns

    Location             Delay type                Incr(ns)  Path(ns)    Netlist Resource(s)
  -------------------------------------------------------------------    -------------------
                         (clock clk rise edge)        0.000     0.000 r  
    W5                                                0.000     0.000 r  clk (IN)
                         net (fo=0)                   0.000     0.000    clk
    W5                   IBUF (Prop_ibuf_I_O)         0.226     0.226 r  clk_IBUF_inst/O
                         net (fo=1, routed)           0.631     0.858    clk_IBUF
    BUFGCTRL_X0Y0        BUFG (Prop_bufg_I_O)         0.026     0.884 r  clk_IBUF_BUFG_inst/O
                         net (fo=18, routed)          0.562     1.445    clk_IBUF_BUFG
    SLICE_X9Y34          FDCE                                         r  latched_address_reg[8]/C
  -------------------------------------------------------------------    -------------------
    SLICE_X9Y34          FDCE (Prop_fdce_C_Q)         0.141     1.586 r  latched_address_reg[8]/Q
                         net (fo=1, routed)           0.156     1.742    memorySystem/led_driver/Q[0]
    SLICE_X9Y34          LUT2 (Prop_lut2_I0_O)        0.045     1.787 r  memorySystem/led_driver/leds[15]_i_1/O
                         net (fo=16, routed)          0.355     2.142    memorySystem/led_driver/LEDWrite
    SLICE_X9Y38          FDCE                                         r  memorySystem/led_driver/leds_reg[13]/CE
  -------------------------------------------------------------------    -------------------

                         (clock clk rise edge)        0.000     0.000 r  
    W5                                                0.000     0.000 r  clk (IN)
                         net (fo=0)                   0.000     0.000    clk
    W5                   IBUF (Prop_ibuf_I_O)         0.414     0.414 r  clk_IBUF_inst/O
                         net (fo=1, routed)           0.685     1.099    clk_IBUF
    BUFGCTRL_X0Y0        BUFG (Prop_bufg_I_O)         0.029     1.128 r  clk_IBUF_BUFG_inst/O
                         net (fo=18, routed)          0.834     1.961    memorySystem/led_driver/CLK
    SLICE_X9Y38          FDCE                                         r  memorySystem/led_driver/leds_reg[13]/C
                         clock pessimism             -0.498     1.463    
    SLICE_X9Y38          FDCE (Hold_fdce_C_CE)       -0.039     1.424    memorySystem/led_driver/leds_reg[13]
  -------------------------------------------------------------------
                         required time                         -1.424    
                         arrival time                           2.142    
  -------------------------------------------------------------------
                         slack                                  0.718    

Slack (MET) :             0.718ns  (arrival time - required time)
  Source:                 latched_address_reg[8]/C
                            (rising edge-triggered cell FDCE clocked by clk  {rise@0.000ns fall@5.000ns period=10.000ns})
  Destination:            memorySystem/led_driver/leds_reg[14]/CE
                            (rising edge-triggered cell FDCE clocked by clk  {rise@0.000ns fall@5.000ns period=10.000ns})
  Path Group:             clk
  Path Type:              Hold (Min at Fast Process Corner)
  Requirement:            0.000ns  (clk rise@0.000ns - clk rise@0.000ns)
  Data Path Delay:        0.697ns  (logic 0.186ns (26.692%)  route 0.511ns (73.308%))
  Logic Levels:           1  (LUT2=1)
  Clock Path Skew:        0.018ns (DCD - SCD - CPR)
    Destination Clock Delay (DCD):    1.961ns
    Source Clock Delay      (SCD):    1.445ns
    Clock Pessimism Removal (CPR):    0.498ns

    Location             Delay type                Incr(ns)  Path(ns)    Netlist Resource(s)
  -------------------------------------------------------------------    -------------------
                         (clock clk rise edge)        0.000     0.000 r  
    W5                                                0.000     0.000 r  clk (IN)
                         net (fo=0)                   0.000     0.000    clk
    W5                   IBUF (Prop_ibuf_I_O)         0.226     0.226 r  clk_IBUF_inst/O
                         net (fo=1, routed)           0.631     0.858    clk_IBUF
    BUFGCTRL_X0Y0        BUFG (Prop_bufg_I_O)         0.026     0.884 r  clk_IBUF_BUFG_inst/O
                         net (fo=18, routed)          0.562     1.445    clk_IBUF_BUFG
    SLICE_X9Y34          FDCE                                         r  latched_address_reg[8]/C
  -------------------------------------------------------------------    -------------------
    SLICE_X9Y34          FDCE (Prop_fdce_C_Q)         0.141     1.586 r  latched_address_reg[8]/Q
                         net (fo=1, routed)           0.156     1.742    memorySystem/led_driver/Q[0]
    SLICE_X9Y34          LUT2 (Prop_lut2_I0_O)        0.045     1.787 r  memorySystem/led_driver/leds[15]_i_1/O
                         net (fo=16, routed)          0.355     2.142    memorySystem/led_driver/LEDWrite
    SLICE_X9Y38          FDCE                                         r  memorySystem/led_driver/leds_reg[14]/CE
  -------------------------------------------------------------------    -------------------

                         (clock clk rise edge)        0.000     0.000 r  
    W5                                                0.000     0.000 r  clk (IN)
                         net (fo=0)                   0.000     0.000    clk
    W5                   IBUF (Prop_ibuf_I_O)         0.414     0.414 r  clk_IBUF_inst/O
                         net (fo=1, routed)           0.685     1.099    clk_IBUF
    BUFGCTRL_X0Y0        BUFG (Prop_bufg_I_O)         0.029     1.128 r  clk_IBUF_BUFG_inst/O
                         net (fo=18, routed)          0.834     1.961    memorySystem/led_driver/CLK
    SLICE_X9Y38          FDCE                                         r  memorySystem/led_driver/leds_reg[14]/C
                         clock pessimism             -0.498     1.463    
    SLICE_X9Y38          FDCE (Hold_fdce_C_CE)       -0.039     1.424    memorySystem/led_driver/leds_reg[14]
  -------------------------------------------------------------------
                         required time                         -1.424    
                         arrival time                           2.142    
  -------------------------------------------------------------------
                         slack                                  0.718    

Slack (MET) :             0.718ns  (arrival time - required time)
  Source:                 latched_address_reg[8]/C
                            (rising edge-triggered cell FDCE clocked by clk  {rise@0.000ns fall@5.000ns period=10.000ns})
  Destination:            memorySystem/led_driver/leds_reg[15]/CE
                            (rising edge-triggered cell FDCE clocked by clk  {rise@0.000ns fall@5.000ns period=10.000ns})
  Path Group:             clk
  Path Type:              Hold (Min at Fast Process Corner)
  Requirement:            0.000ns  (clk rise@0.000ns - clk rise@0.000ns)
  Data Path Delay:        0.697ns  (logic 0.186ns (26.692%)  route 0.511ns (73.308%))
  Logic Levels:           1  (LUT2=1)
  Clock Path Skew:        0.018ns (DCD - SCD - CPR)
    Destination Clock Delay (DCD):    1.961ns
    Source Clock Delay      (SCD):    1.445ns
    Clock Pessimism Removal (CPR):    0.498ns

    Location             Delay type                Incr(ns)  Path(ns)    Netlist Resource(s)
  -------------------------------------------------------------------    -------------------
                         (clock clk rise edge)        0.000     0.000 r  
    W5                                                0.000     0.000 r  clk (IN)
                         net (fo=0)                   0.000     0.000    clk
    W5                   IBUF (Prop_ibuf_I_O)         0.226     0.226 r  clk_IBUF_inst/O
                         net (fo=1, routed)           0.631     0.858    clk_IBUF
    BUFGCTRL_X0Y0        BUFG (Prop_bufg_I_O)         0.026     0.884 r  clk_IBUF_BUFG_inst/O
                         net (fo=18, routed)          0.562     1.445    clk_IBUF_BUFG
    SLICE_X9Y34          FDCE                                         r  latched_address_reg[8]/C
  -------------------------------------------------------------------    -------------------
    SLICE_X9Y34          FDCE (Prop_fdce_C_Q)         0.141     1.586 r  latched_address_reg[8]/Q
                         net (fo=1, routed)           0.156     1.742    memorySystem/led_driver/Q[0]
    SLICE_X9Y34          LUT2 (Prop_lut2_I0_O)        0.045     1.787 r  memorySystem/led_driver/leds[15]_i_1/O
                         net (fo=16, routed)          0.355     2.142    memorySystem/led_driver/LEDWrite
    SLICE_X9Y38          FDCE                                         r  memorySystem/led_driver/leds_reg[15]/CE
  -------------------------------------------------------------------    -------------------

                         (clock clk rise edge)        0.000     0.000 r  
    W5                                                0.000     0.000 r  clk (IN)
                         net (fo=0)                   0.000     0.000    clk
    W5                   IBUF (Prop_ibuf_I_O)         0.414     0.414 r  clk_IBUF_inst/O
                         net (fo=1, routed)           0.685     1.099    clk_IBUF
    BUFGCTRL_X0Y0        BUFG (Prop_bufg_I_O)         0.029     1.128 r  clk_IBUF_BUFG_inst/O
                         net (fo=18, routed)          0.834     1.961    memorySystem/led_driver/CLK
    SLICE_X9Y38          FDCE                                         r  memorySystem/led_driver/leds_reg[15]/C
                         clock pessimism             -0.498     1.463    
    SLICE_X9Y38          FDCE (Hold_fdce_C_CE)       -0.039     1.424    memorySystem/led_driver/leds_reg[15]
  -------------------------------------------------------------------
                         required time                         -1.424    
                         arrival time                           2.142    
  -------------------------------------------------------------------
                         slack                                  0.718    

Slack (MET) :             1.120ns  (arrival time - required time)
  Source:                 latched_address_reg[8]/C
                            (rising edge-triggered cell FDCE clocked by clk  {rise@0.000ns fall@5.000ns period=10.000ns})
  Destination:            memorySystem/led_driver/leds_reg[2]/CE
                            (rising edge-triggered cell FDCE clocked by clk  {rise@0.000ns fall@5.000ns period=10.000ns})
  Path Group:             clk
  Path Type:              Hold (Min at Fast Process Corner)
  Requirement:            0.000ns  (clk rise@0.000ns - clk rise@0.000ns)
  Data Path Delay:        1.143ns  (logic 0.186ns (16.266%)  route 0.957ns (83.734%))
  Logic Levels:           1  (LUT2=1)
  Clock Path Skew:        0.062ns (DCD - SCD - CPR)
    Destination Clock Delay (DCD):    1.985ns
    Source Clock Delay      (SCD):    1.445ns
    Clock Pessimism Removal (CPR):    0.478ns

    Location             Delay type                Incr(ns)  Path(ns)    Netlist Resource(s)
  -------------------------------------------------------------------    -------------------
                         (clock clk rise edge)        0.000     0.000 r  
    W5                                                0.000     0.000 r  clk (IN)
                         net (fo=0)                   0.000     0.000    clk
    W5                   IBUF (Prop_ibuf_I_O)         0.226     0.226 r  clk_IBUF_inst/O
                         net (fo=1, routed)           0.631     0.858    clk_IBUF
    BUFGCTRL_X0Y0        BUFG (Prop_bufg_I_O)         0.026     0.884 r  clk_IBUF_BUFG_inst/O
                         net (fo=18, routed)          0.562     1.445    clk_IBUF_BUFG
    SLICE_X9Y34          FDCE                                         r  latched_address_reg[8]/C
  -------------------------------------------------------------------    -------------------
    SLICE_X9Y34          FDCE (Prop_fdce_C_Q)         0.141     1.586 r  latched_address_reg[8]/Q
                         net (fo=1, routed)           0.156     1.742    memorySystem/led_driver/Q[0]
    SLICE_X9Y34          LUT2 (Prop_lut2_I0_O)        0.045     1.787 r  memorySystem/led_driver/leds[15]_i_1/O
                         net (fo=16, routed)          0.801     2.589    memorySystem/led_driver/LEDWrite
    SLICE_X0Y17          FDCE                                         r  memorySystem/led_driver/leds_reg[2]/CE
  -------------------------------------------------------------------    -------------------

                         (clock clk rise edge)        0.000     0.000 r  
    W5                                                0.000     0.000 r  clk (IN)
                         net (fo=0)                   0.000     0.000    clk
    W5                   IBUF (Prop_ibuf_I_O)         0.414     0.414 r  clk_IBUF_inst/O
                         net (fo=1, routed)           0.685     1.099    clk_IBUF
    BUFGCTRL_X0Y0        BUFG (Prop_bufg_I_O)         0.029     1.128 r  clk_IBUF_BUFG_inst/O
                         net (fo=18, routed)          0.858     1.985    memorySystem/led_driver/CLK
    SLICE_X0Y17          FDCE                                         r  memorySystem/led_driver/leds_reg[2]/C
                         clock pessimism             -0.478     1.507    
    SLICE_X0Y17          FDCE (Hold_fdce_C_CE)       -0.039     1.468    memorySystem/led_driver/leds_reg[2]
  -------------------------------------------------------------------
                         required time                         -1.468    
                         arrival time                           2.589    
  -------------------------------------------------------------------
                         slack                                  1.120    





Pulse Width Checks
--------------------------------------------------------------------------------------
Clock Name:         clk
Waveform(ns):       { 0.000 5.000 }
Period(ns):         10.000
Sources:            { clk }

Check Type        Corner  Lib Pin  Reference Pin  Required(ns)  Actual(ns)  Slack(ns)  Location       Pin
Min Period        n/a     BUFG/I   n/a            2.155         10.000      7.845      BUFGCTRL_X0Y0  clk_IBUF_BUFG_inst/I
Min Period        n/a     FDCE/C   n/a            1.000         10.000      9.000      SLICE_X9Y34    latched_address_reg[8]/C
Min Period        n/a     FDCE/C   n/a            1.000         10.000      9.000      SLICE_X9Y34    latched_address_reg[9]/C
Min Period        n/a     FDCE/C   n/a            1.000         10.000      9.000      SLICE_X0Y11    memorySystem/led_driver/leds_reg[0]/C
Min Period        n/a     FDCE/C   n/a            1.000         10.000      9.000      SLICE_X9Y37    memorySystem/led_driver/leds_reg[10]/C
Min Period        n/a     FDCE/C   n/a            1.000         10.000      9.000      SLICE_X9Y32    memorySystem/led_driver/leds_reg[11]/C
Min Period        n/a     FDCE/C   n/a            1.000         10.000      9.000      SLICE_X9Y38    memorySystem/led_driver/leds_reg[12]/C
Min Period        n/a     FDCE/C   n/a            1.000         10.000      9.000      SLICE_X9Y38    memorySystem/led_driver/leds_reg[13]/C
Min Period        n/a     FDCE/C   n/a            1.000         10.000      9.000      SLICE_X9Y38    memorySystem/led_driver/leds_reg[14]/C
Min Period        n/a     FDCE/C   n/a            1.000         10.000      9.000      SLICE_X9Y38    memorySystem/led_driver/leds_reg[15]/C
Low Pulse Width   Slow    FDCE/C   n/a            0.500         5.000       4.500      SLICE_X9Y37    memorySystem/led_driver/leds_reg[10]/C
Low Pulse Width   Slow    FDCE/C   n/a            0.500         5.000       4.500      SLICE_X9Y38    memorySystem/led_driver/leds_reg[12]/C
Low Pulse Width   Slow    FDCE/C   n/a            0.500         5.000       4.500      SLICE_X9Y38    memorySystem/led_driver/leds_reg[13]/C
Low Pulse Width   Slow    FDCE/C   n/a            0.500         5.000       4.500      SLICE_X9Y38    memorySystem/led_driver/leds_reg[14]/C
Low Pulse Width   Slow    FDCE/C   n/a            0.500         5.000       4.500      SLICE_X9Y38    memorySystem/led_driver/leds_reg[15]/C
Low Pulse Width   Slow    FDCE/C   n/a            0.500         5.000       4.500      SLICE_X9Y37    memorySystem/led_driver/leds_reg[9]/C
Low Pulse Width   Fast    FDCE/C   n/a            0.500         5.000       4.500      SLICE_X9Y34    latched_address_reg[8]/C
Low Pulse Width   Fast    FDCE/C   n/a            0.500         5.000       4.500      SLICE_X9Y34    latched_address_reg[9]/C
Low Pulse Width   Fast    FDCE/C   n/a            0.500         5.000       4.500      SLICE_X0Y11    memorySystem/led_driver/leds_reg[0]/C
Low Pulse Width   Fast    FDCE/C   n/a            0.500         5.000       4.500      SLICE_X9Y37    memorySystem/led_driver/leds_reg[10]/C
High Pulse Width  Slow    FDCE/C   n/a            0.500         5.000       4.500      SLICE_X0Y34    memorySystem/led_driver/leds_reg[1]/C
High Pulse Width  Slow    FDCE/C   n/a            0.500         5.000       4.500      SLICE_X0Y17    memorySystem/led_driver/leds_reg[2]/C
High Pulse Width  Slow    FDCE/C   n/a            0.500         5.000       4.500      SLICE_X0Y17    memorySystem/led_driver/leds_reg[3]/C
High Pulse Width  Slow    FDCE/C   n/a            0.500         5.000       4.500      SLICE_X0Y6     memorySystem/led_driver/leds_reg[6]/C
High Pulse Width  Slow    FDCE/C   n/a            0.500         5.000       4.500      SLICE_X0Y6     memorySystem/led_driver/leds_reg[7]/C
High Pulse Width  Slow    FDCE/C   n/a            0.500         5.000       4.500      SLICE_X9Y34    latched_address_reg[8]/C
High Pulse Width  Fast    FDCE/C   n/a            0.500         5.000       4.500      SLICE_X9Y34    latched_address_reg[8]/C
High Pulse Width  Slow    FDCE/C   n/a            0.500         5.000       4.500      SLICE_X9Y34    latched_address_reg[9]/C
High Pulse Width  Fast    FDCE/C   n/a            0.500         5.000       4.500      SLICE_X9Y34    latched_address_reg[9]/C
High Pulse Width  Fast    FDCE/C   n/a            0.500         5.000       4.500      SLICE_X9Y37    memorySystem/led_driver/leds_reg[10]/C



