#-----------------------------------------------------------
# Vivado v2020.1 (64-bit)
# SW Build 2902540 on Wed May 27 19:54:49 MDT 2020
# IP Build 2902112 on Wed May 27 22:43:36 MDT 2020
# Start of session at: Wed Mar 18 14:18:02 2026
# Process ID: 6412
# Current directory: C:/Users/gs10403/Downloads/CA-LAB-SPR-2026-main/CA-LAB-SPR-2026-main/Vivado Labs/Lab05/Lab05_Task2
# Command line: vivado.exe -gui_launcher_event rodinguilauncherevent11664 C:\Users\gs10403\Downloads\CA-LAB-SPR-2026-main\CA-LAB-SPR-2026-main\Vivado Labs\Lab05\Lab05_Task2\Lab05_Task2.xpr
# Log file: C:/Users/gs10403/Downloads/CA-LAB-SPR-2026-main/CA-LAB-SPR-2026-main/Vivado Labs/Lab05/Lab05_Task2/vivado.log
# Journal file: C:/Users/gs10403/Downloads/CA-LAB-SPR-2026-main/CA-LAB-SPR-2026-main/Vivado Labs/Lab05/Lab05_Task2\vivado.jou
#-----------------------------------------------------------
start_gui
open_project {C:/Users/gs10403/Downloads/CA-LAB-SPR-2026-main/CA-LAB-SPR-2026-main/Vivado Labs/Lab05/Lab05_Task2/Lab05_Task2.xpr}
INFO: [ProjectBase 1-489] The host OS only allows 260 characters in a normal path. The project is stored in a path with more than 80 characters. If you experience issues with IP, Block Designs, or files not being found, please consider moving the project to a location with a shorter path. Alternately consider using the OS subst command to map part of the path to a drive letter.
Current project path is 'C:/Users/gs10403/Downloads/CA-LAB-SPR-2026-main/CA-LAB-SPR-2026-main/Vivado Labs/Lab05/Lab05_Task2'
INFO: [Project 1-313] Project file moved from 'C:/Users/ghazi/CA-LAB-SPR-2026/Vivado Labs/Lab05/Lab05_Task2' since last save.
Scanning sources...
Finished scanning sources
INFO: [IP_Flow 19-234] Refreshing IP repositories
INFO: [IP_Flow 19-1704] No user IP repositories specified
INFO: [IP_Flow 19-2313] Loaded Vivado IP repository 'C:/Xilinx/Vivado/2020.1/data/ip'.
update_compile_order -fileset sources_1
exit
INFO: [Common 17-206] Exiting Vivado at Wed Mar 18 16:28:58 2026...
