Copyright 1986-2020 Xilinx, Inc. All Rights Reserved.
--------------------------------------------------------------------------------------------------------------------------------------------------------------------------------------------------------------------------
| Tool Version : Vivado v.2020.1 (win64) Build 2902540 Wed May 27 19:54:49 MDT 2020
| Date         : Thu Apr 30 04:40:32 2026
| Host         : DESKTOP-1MEKRSF running 64-bit major release  (build 9200)
| Command      : report_timing_summary -max_paths 10 -file TopLevelProcessor_timing_summary_routed.rpt -pb TopLevelProcessor_timing_summary_routed.pb -rpx TopLevelProcessor_timing_summary_routed.rpx -warn_on_violation
| Design       : TopLevelProcessor
| Device       : 7a35t-cpg236
| Speed File   : -1  PRODUCTION 1.23 2018-06-13
--------------------------------------------------------------------------------------------------------------------------------------------------------------------------------------------------------------------------

Timing Summary Report

------------------------------------------------------------------------------------------------
| Timer Settings
| --------------
------------------------------------------------------------------------------------------------

  Enable Multi Corner Analysis               :  Yes
  Enable Pessimism Removal                   :  Yes
  Pessimism Removal Resolution               :  Nearest Common Node
  Enable Input Delay Default Clock           :  No
  Enable Preset / Clear Arcs                 :  No
  Disable Flight Delays                      :  No
  Ignore I/O Paths                           :  No
  Timing Early Launch at Borrowing Latches   :  No
  Borrow Time for Max Delay Exceptions       :  Yes
  Merge Timing Exceptions                    :  Yes

  Corner  Analyze    Analyze    
  Name    Max Paths  Min Paths  
  ------  ---------  ---------  
  Slow    Yes        Yes        
  Fast    Yes        Yes        



check_timing report

Table of Contents
-----------------
1. checking no_clock (1312)
2. checking constant_clock (0)
3. checking pulse_width_clock (0)
4. checking unconstrained_internal_endpoints (5696)
5. checking no_input_delay (17)
6. checking no_output_delay (16)
7. checking multiple_clock (0)
8. checking generated_clocks (0)
9. checking loops (0)
10. checking partial_input_delay (0)
11. checking partial_output_delay (0)
12. checking latch_loops (0)

1. checking no_clock (1312)
---------------------------
 There are 1312 register/latch pins with no clock driven by root clock pin: counter_reg[26]/Q (HIGH)


2. checking constant_clock (0)
------------------------------
 There are 0 register/latch pins with constant_clock.


3. checking pulse_width_clock (0)
---------------------------------
 There are 0 register/latch pins which need pulse_width check


4. checking unconstrained_internal_endpoints (5696)
---------------------------------------------------
 There are 5696 pins that are not constrained for maximum delay. (HIGH)

 There are 0 pins that are not constrained for maximum delay due to constant clock.


5. checking no_input_delay (17)
-------------------------------
 There are 17 input ports with no input delay specified. (HIGH)

 There are 0 input ports with no input delay but user has a false path constraint.


6. checking no_output_delay (16)
--------------------------------
 There are 16 ports with no output delay specified. (HIGH)

 There are 0 ports with no output delay but user has a false path constraint

 There are 0 ports with no output delay but with a timing clock defined on it or propagating through it


7. checking multiple_clock (0)
------------------------------
 There are 0 register/latch pins with multiple clocks.


8. checking generated_clocks (0)
--------------------------------
 There are 0 generated clocks that are not connected to a clock source.


9. checking loops (0)
---------------------
 There are 0 combinational loops in the design.


10. checking partial_input_delay (0)
------------------------------------
 There are 0 input ports with partial input delay specified.


11. checking partial_output_delay (0)
-------------------------------------
 There are 0 ports with partial output delay specified.


12. checking latch_loops (0)
----------------------------
 There are 0 combinational latch loops in the design through latch input



------------------------------------------------------------------------------------------------
| Design Timing Summary
| ---------------------
------------------------------------------------------------------------------------------------

    WNS(ns)      TNS(ns)  TNS Failing Endpoints  TNS Total Endpoints      WHS(ns)      THS(ns)  THS Failing Endpoints  THS Total Endpoints     WPWS(ns)     TPWS(ns)  TPWS Failing Endpoints  TPWS Total Endpoints  
    -------      -------  ---------------------  -------------------      -------      -------  ---------------------  -------------------     --------     --------  ----------------------  --------------------  
      6.657        0.000                      0                   70        0.145        0.000                      0                   70        4.500        0.000                       0                    52  


All user specified timing constraints are met.


------------------------------------------------------------------------------------------------
| Clock Summary
| -------------
------------------------------------------------------------------------------------------------

Clock    Waveform(ns)       Period(ns)      Frequency(MHz)
-----    ------------       ----------      --------------
sys_clk  {0.000 5.000}      10.000          100.000         


------------------------------------------------------------------------------------------------
| Intra Clock Table
| -----------------
------------------------------------------------------------------------------------------------

Clock             WNS(ns)      TNS(ns)  TNS Failing Endpoints  TNS Total Endpoints      WHS(ns)      THS(ns)  THS Failing Endpoints  THS Total Endpoints     WPWS(ns)     TPWS(ns)  TPWS Failing Endpoints  TPWS Total Endpoints  
-----             -------      -------  ---------------------  -------------------      -------      -------  ---------------------  -------------------     --------     --------  ----------------------  --------------------  
sys_clk             6.657        0.000                      0                   70        0.145        0.000                      0                   70        4.500        0.000                       0                    52  


------------------------------------------------------------------------------------------------
| Inter Clock Table
| -----------------
------------------------------------------------------------------------------------------------

From Clock    To Clock          WNS(ns)      TNS(ns)  TNS Failing Endpoints  TNS Total Endpoints      WHS(ns)      THS(ns)  THS Failing Endpoints  THS Total Endpoints  
----------    --------          -------      -------  ---------------------  -------------------      -------      -------  ---------------------  -------------------  


------------------------------------------------------------------------------------------------
| Other Path Groups Table
| -----------------------
------------------------------------------------------------------------------------------------

Path Group    From Clock    To Clock          WNS(ns)      TNS(ns)  TNS Failing Endpoints  TNS Total Endpoints      WHS(ns)      THS(ns)  THS Failing Endpoints  THS Total Endpoints  
----------    ----------    --------          -------      -------  ---------------------  -------------------      -------      -------  ---------------------  -------------------  


------------------------------------------------------------------------------------------------
| Timing Details
| --------------
------------------------------------------------------------------------------------------------


---------------------------------------------------------------------------------------------------
From Clock:  sys_clk
  To Clock:  sys_clk

Setup :            0  Failing Endpoints,  Worst Slack        6.657ns,  Total Violation        0.000ns
Hold  :            0  Failing Endpoints,  Worst Slack        0.145ns,  Total Violation        0.000ns
PW    :            0  Failing Endpoints,  Worst Slack        4.500ns,  Total Violation        0.000ns
---------------------------------------------------------------------------------------------------


Max Delay Paths
--------------------------------------------------------------------------------------
Slack (MET) :             6.657ns  (required time - arrival time)
  Source:                 counter_reg[26]/C
                            (rising edge-triggered cell FDRE clocked by sys_clk  {rise@0.000ns fall@5.000ns period=10.000ns})
  Destination:            counter_reg[26]/D
                            (rising edge-triggered cell FDRE clocked by sys_clk  {rise@0.000ns fall@5.000ns period=10.000ns})
  Path Group:             sys_clk
  Path Type:              Setup (Max at Slow Process Corner)
  Requirement:            10.000ns  (sys_clk rise@10.000ns - sys_clk rise@0.000ns)
  Data Path Delay:        3.369ns  (logic 0.924ns (27.425%)  route 2.445ns (72.575%))
  Logic Levels:           2  (BUFG=1 CARRY4=1)
  Clock Path Skew:        0.000ns (DCD - SCD + CPR)
    Destination Clock Delay (DCD):    4.786ns = ( 14.786 - 10.000 ) 
    Source Clock Delay      (SCD):    5.086ns
    Clock Pessimism Removal (CPR):    0.300ns
  Clock Uncertainty:      0.035ns  ((TSJ^2 + TIJ^2)^1/2 + DJ) / 2 + PE
    Total System Jitter     (TSJ):    0.071ns
    Total Input Jitter      (TIJ):    0.000ns
    Discrete Jitter          (DJ):    0.000ns
    Phase Error              (PE):    0.000ns

    Location             Delay type                Incr(ns)  Path(ns)    Netlist Resource(s)
  -------------------------------------------------------------------    -------------------
                         (clock sys_clk rise edge)    0.000     0.000 r  
    W5                                                0.000     0.000 r  clk (IN)
                         net (fo=0)                   0.000     0.000    clk
    W5                   IBUF (Prop_ibuf_I_O)         1.458     1.458 r  clk_IBUF_inst/O
                         net (fo=1, routed)           1.967     3.425    clk_IBUF
    BUFGCTRL_X0Y1        BUFG (Prop_bufg_I_O)         0.096     3.521 r  clk_IBUF_BUFG_inst/O
                         net (fo=51, routed)          1.565     5.086    clk_IBUF_BUFG
    SLICE_X36Y46         FDRE                                         r  counter_reg[26]/C
  -------------------------------------------------------------------    -------------------
    SLICE_X36Y46         FDRE (Prop_fdre_C_Q)         0.456     5.542 r  counter_reg[26]/Q
                         net (fo=1, routed)           0.725     6.267    counter_reg[26]__0
    BUFGCTRL_X0Y0        BUFG (Prop_bufg_I_O)         0.096     6.363 r  counter_reg_BUFG[26]_inst/O
                         net (fo=1313, routed)        1.720     8.083    counter_reg_BUFG[26]
    SLICE_X36Y46         CARRY4 (Prop_carry4_S[2]_O[2])
                                                      0.372     8.455 r  counter_reg[24]_i_1/O[2]
                         net (fo=1, routed)           0.000     8.455    counter_reg[24]_i_1_n_5
    SLICE_X36Y46         FDRE                                         r  counter_reg[26]/D
  -------------------------------------------------------------------    -------------------

                         (clock sys_clk rise edge)   10.000    10.000 r  
    W5                                                0.000    10.000 r  clk (IN)
                         net (fo=0)                   0.000    10.000    clk
    W5                   IBUF (Prop_ibuf_I_O)         1.388    11.388 r  clk_IBUF_inst/O
                         net (fo=1, routed)           1.862    13.250    clk_IBUF
    BUFGCTRL_X0Y1        BUFG (Prop_bufg_I_O)         0.091    13.341 r  clk_IBUF_BUFG_inst/O
                         net (fo=51, routed)          1.445    14.786    clk_IBUF_BUFG
    SLICE_X36Y46         FDRE                                         r  counter_reg[26]/C
                         clock pessimism              0.300    15.086    
                         clock uncertainty           -0.035    15.051    
    SLICE_X36Y46         FDRE (Setup_fdre_C_D)        0.062    15.113    counter_reg[26]
  -------------------------------------------------------------------
                         required time                         15.113    
                         arrival time                          -8.455    
  -------------------------------------------------------------------
                         slack                                  6.657    

Slack (MET) :             7.126ns  (required time - arrival time)
  Source:                 db_reset/counter_reg[11]/C
                            (rising edge-triggered cell FDRE clocked by sys_clk  {rise@0.000ns fall@5.000ns period=10.000ns})
  Destination:            db_reset/stable_reg/D
                            (rising edge-triggered cell FDRE clocked by sys_clk  {rise@0.000ns fall@5.000ns period=10.000ns})
  Path Group:             sys_clk
  Path Type:              Setup (Max at Slow Process Corner)
  Requirement:            10.000ns  (sys_clk rise@10.000ns - sys_clk rise@0.000ns)
  Data Path Delay:        2.843ns  (logic 0.766ns (26.946%)  route 2.077ns (73.054%))
  Logic Levels:           2  (LUT6=2)
  Clock Path Skew:        -0.025ns (DCD - SCD + CPR)
    Destination Clock Delay (DCD):    4.854ns = ( 14.854 - 10.000 ) 
    Source Clock Delay      (SCD):    5.152ns
    Clock Pessimism Removal (CPR):    0.273ns
  Clock Uncertainty:      0.035ns  ((TSJ^2 + TIJ^2)^1/2 + DJ) / 2 + PE
    Total System Jitter     (TSJ):    0.071ns
    Total Input Jitter      (TIJ):    0.000ns
    Discrete Jitter          (DJ):    0.000ns
    Phase Error              (PE):    0.000ns

    Location             Delay type                Incr(ns)  Path(ns)    Netlist Resource(s)
  -------------------------------------------------------------------    -------------------
                         (clock sys_clk rise edge)    0.000     0.000 r  
    W5                                                0.000     0.000 r  clk (IN)
                         net (fo=0)                   0.000     0.000    clk
    W5                   IBUF (Prop_ibuf_I_O)         1.458     1.458 r  clk_IBUF_inst/O
                         net (fo=1, routed)           1.967     3.425    clk_IBUF
    BUFGCTRL_X0Y1        BUFG (Prop_bufg_I_O)         0.096     3.521 r  clk_IBUF_BUFG_inst/O
                         net (fo=51, routed)          1.631     5.152    db_reset/clk_IBUF_BUFG
    SLICE_X6Y12          FDRE                                         r  db_reset/counter_reg[11]/C
  -------------------------------------------------------------------    -------------------
    SLICE_X6Y12          FDRE (Prop_fdre_C_Q)         0.518     5.670 f  db_reset/counter_reg[11]/Q
                         net (fo=2, routed)           1.075     6.745    db_reset/counter_reg[11]
    SLICE_X7Y12          LUT6 (Prop_lut6_I1_O)        0.124     6.869 r  db_reset/stable_i_2/O
                         net (fo=1, routed)           1.002     7.871    db_reset/stable_i_2_n_0
    SLICE_X5Y12          LUT6 (Prop_lut6_I1_O)        0.124     7.995 r  db_reset/stable_i_1/O
                         net (fo=1, routed)           0.000     7.995    db_reset/stable_i_1_n_0
    SLICE_X5Y12          FDRE                                         r  db_reset/stable_reg/D
  -------------------------------------------------------------------    -------------------

                         (clock sys_clk rise edge)   10.000    10.000 r  
    W5                                                0.000    10.000 r  clk (IN)
                         net (fo=0)                   0.000    10.000    clk
    W5                   IBUF (Prop_ibuf_I_O)         1.388    11.388 r  clk_IBUF_inst/O
                         net (fo=1, routed)           1.862    13.250    clk_IBUF
    BUFGCTRL_X0Y1        BUFG (Prop_bufg_I_O)         0.091    13.341 r  clk_IBUF_BUFG_inst/O
                         net (fo=51, routed)          1.513    14.854    db_reset/clk_IBUF_BUFG
    SLICE_X5Y12          FDRE                                         r  db_reset/stable_reg/C
                         clock pessimism              0.273    15.127    
                         clock uncertainty           -0.035    15.092    
    SLICE_X5Y12          FDRE (Setup_fdre_C_D)        0.029    15.121    db_reset/stable_reg
  -------------------------------------------------------------------
                         required time                         15.121    
                         arrival time                          -7.995    
  -------------------------------------------------------------------
                         slack                                  7.126    

Slack (MET) :             7.431ns  (required time - arrival time)
  Source:                 counter_reg[1]/C
                            (rising edge-triggered cell FDRE clocked by sys_clk  {rise@0.000ns fall@5.000ns period=10.000ns})
  Destination:            counter_reg[25]/D
                            (rising edge-triggered cell FDRE clocked by sys_clk  {rise@0.000ns fall@5.000ns period=10.000ns})
  Path Group:             sys_clk
  Path Type:              Setup (Max at Slow Process Corner)
  Requirement:            10.000ns  (sys_clk rise@10.000ns - sys_clk rise@0.000ns)
  Data Path Delay:        2.573ns  (logic 2.034ns (79.056%)  route 0.539ns (20.944%))
  Logic Levels:           7  (CARRY4=7)
  Clock Path Skew:        -0.023ns (DCD - SCD + CPR)
    Destination Clock Delay (DCD):    4.786ns = ( 14.786 - 10.000 ) 
    Source Clock Delay      (SCD):    5.084ns
    Clock Pessimism Removal (CPR):    0.275ns
  Clock Uncertainty:      0.035ns  ((TSJ^2 + TIJ^2)^1/2 + DJ) / 2 + PE
    Total System Jitter     (TSJ):    0.071ns
    Total Input Jitter      (TIJ):    0.000ns
    Discrete Jitter          (DJ):    0.000ns
    Phase Error              (PE):    0.000ns

    Location             Delay type                Incr(ns)  Path(ns)    Netlist Resource(s)
  -------------------------------------------------------------------    -------------------
                         (clock sys_clk rise edge)    0.000     0.000 r  
    W5                                                0.000     0.000 r  clk (IN)
                         net (fo=0)                   0.000     0.000    clk
    W5                   IBUF (Prop_ibuf_I_O)         1.458     1.458 r  clk_IBUF_inst/O
                         net (fo=1, routed)           1.967     3.425    clk_IBUF
    BUFGCTRL_X0Y1        BUFG (Prop_bufg_I_O)         0.096     3.521 r  clk_IBUF_BUFG_inst/O
                         net (fo=51, routed)          1.563     5.084    clk_IBUF_BUFG
    SLICE_X36Y40         FDRE                                         r  counter_reg[1]/C
  -------------------------------------------------------------------    -------------------
    SLICE_X36Y40         FDRE (Prop_fdre_C_Q)         0.456     5.540 r  counter_reg[1]/Q
                         net (fo=1, routed)           0.539     6.079    counter_reg_n_0_[1]
    SLICE_X36Y40         CARRY4 (Prop_carry4_S[1]_CO[3])
                                                      0.674     6.753 r  counter_reg[0]_i_1/CO[3]
                         net (fo=1, routed)           0.000     6.753    counter_reg[0]_i_1_n_0
    SLICE_X36Y41         CARRY4 (Prop_carry4_CI_CO[3])
                                                      0.114     6.867 r  counter_reg[4]_i_1__0/CO[3]
                         net (fo=1, routed)           0.000     6.867    counter_reg[4]_i_1__0_n_0
    SLICE_X36Y42         CARRY4 (Prop_carry4_CI_CO[3])
                                                      0.114     6.981 r  counter_reg[8]_i_1__0/CO[3]
                         net (fo=1, routed)           0.000     6.981    counter_reg[8]_i_1__0_n_0
    SLICE_X36Y43         CARRY4 (Prop_carry4_CI_CO[3])
                                                      0.114     7.095 r  counter_reg[12]_i_1__0/CO[3]
                         net (fo=1, routed)           0.000     7.095    counter_reg[12]_i_1__0_n_0
    SLICE_X36Y44         CARRY4 (Prop_carry4_CI_CO[3])
                                                      0.114     7.209 r  counter_reg[16]_i_1__0/CO[3]
                         net (fo=1, routed)           0.000     7.209    counter_reg[16]_i_1__0_n_0
    SLICE_X36Y45         CARRY4 (Prop_carry4_CI_CO[3])
                                                      0.114     7.323 r  counter_reg[20]_i_1/CO[3]
                         net (fo=1, routed)           0.000     7.323    counter_reg[20]_i_1_n_0
    SLICE_X36Y46         CARRY4 (Prop_carry4_CI_O[1])
                                                      0.334     7.657 r  counter_reg[24]_i_1/O[1]
                         net (fo=1, routed)           0.000     7.657    counter_reg[24]_i_1_n_6
    SLICE_X36Y46         FDRE                                         r  counter_reg[25]/D
  -------------------------------------------------------------------    -------------------

                         (clock sys_clk rise edge)   10.000    10.000 r  
    W5                                                0.000    10.000 r  clk (IN)
                         net (fo=0)                   0.000    10.000    clk
    W5                   IBUF (Prop_ibuf_I_O)         1.388    11.388 r  clk_IBUF_inst/O
                         net (fo=1, routed)           1.862    13.250    clk_IBUF
    BUFGCTRL_X0Y1        BUFG (Prop_bufg_I_O)         0.091    13.341 r  clk_IBUF_BUFG_inst/O
                         net (fo=51, routed)          1.445    14.786    clk_IBUF_BUFG
    SLICE_X36Y46         FDRE                                         r  counter_reg[25]/C
                         clock pessimism              0.275    15.061    
                         clock uncertainty           -0.035    15.026    
    SLICE_X36Y46         FDRE (Setup_fdre_C_D)        0.062    15.088    counter_reg[25]
  -------------------------------------------------------------------
                         required time                         15.088    
                         arrival time                          -7.657    
  -------------------------------------------------------------------
                         slack                                  7.431    

Slack (MET) :             7.542ns  (required time - arrival time)
  Source:                 counter_reg[1]/C
                            (rising edge-triggered cell FDRE clocked by sys_clk  {rise@0.000ns fall@5.000ns period=10.000ns})
  Destination:            counter_reg[24]/D
                            (rising edge-triggered cell FDRE clocked by sys_clk  {rise@0.000ns fall@5.000ns period=10.000ns})
  Path Group:             sys_clk
  Path Type:              Setup (Max at Slow Process Corner)
  Requirement:            10.000ns  (sys_clk rise@10.000ns - sys_clk rise@0.000ns)
  Data Path Delay:        2.462ns  (logic 1.923ns (78.112%)  route 0.539ns (21.888%))
  Logic Levels:           7  (CARRY4=7)
  Clock Path Skew:        -0.023ns (DCD - SCD + CPR)
    Destination Clock Delay (DCD):    4.786ns = ( 14.786 - 10.000 ) 
    Source Clock Delay      (SCD):    5.084ns
    Clock Pessimism Removal (CPR):    0.275ns
  Clock Uncertainty:      0.035ns  ((TSJ^2 + TIJ^2)^1/2 + DJ) / 2 + PE
    Total System Jitter     (TSJ):    0.071ns
    Total Input Jitter      (TIJ):    0.000ns
    Discrete Jitter          (DJ):    0.000ns
    Phase Error              (PE):    0.000ns

    Location             Delay type                Incr(ns)  Path(ns)    Netlist Resource(s)
  -------------------------------------------------------------------    -------------------
                         (clock sys_clk rise edge)    0.000     0.000 r  
    W5                                                0.000     0.000 r  clk (IN)
                         net (fo=0)                   0.000     0.000    clk
    W5                   IBUF (Prop_ibuf_I_O)         1.458     1.458 r  clk_IBUF_inst/O
                         net (fo=1, routed)           1.967     3.425    clk_IBUF
    BUFGCTRL_X0Y1        BUFG (Prop_bufg_I_O)         0.096     3.521 r  clk_IBUF_BUFG_inst/O
                         net (fo=51, routed)          1.563     5.084    clk_IBUF_BUFG
    SLICE_X36Y40         FDRE                                         r  counter_reg[1]/C
  -------------------------------------------------------------------    -------------------
    SLICE_X36Y40         FDRE (Prop_fdre_C_Q)         0.456     5.540 r  counter_reg[1]/Q
                         net (fo=1, routed)           0.539     6.079    counter_reg_n_0_[1]
    SLICE_X36Y40         CARRY4 (Prop_carry4_S[1]_CO[3])
                                                      0.674     6.753 r  counter_reg[0]_i_1/CO[3]
                         net (fo=1, routed)           0.000     6.753    counter_reg[0]_i_1_n_0
    SLICE_X36Y41         CARRY4 (Prop_carry4_CI_CO[3])
                                                      0.114     6.867 r  counter_reg[4]_i_1__0/CO[3]
                         net (fo=1, routed)           0.000     6.867    counter_reg[4]_i_1__0_n_0
    SLICE_X36Y42         CARRY4 (Prop_carry4_CI_CO[3])
                                                      0.114     6.981 r  counter_reg[8]_i_1__0/CO[3]
                         net (fo=1, routed)           0.000     6.981    counter_reg[8]_i_1__0_n_0
    SLICE_X36Y43         CARRY4 (Prop_carry4_CI_CO[3])
                                                      0.114     7.095 r  counter_reg[12]_i_1__0/CO[3]
                         net (fo=1, routed)           0.000     7.095    counter_reg[12]_i_1__0_n_0
    SLICE_X36Y44         CARRY4 (Prop_carry4_CI_CO[3])
                                                      0.114     7.209 r  counter_reg[16]_i_1__0/CO[3]
                         net (fo=1, routed)           0.000     7.209    counter_reg[16]_i_1__0_n_0
    SLICE_X36Y45         CARRY4 (Prop_carry4_CI_CO[3])
                                                      0.114     7.323 r  counter_reg[20]_i_1/CO[3]
                         net (fo=1, routed)           0.000     7.323    counter_reg[20]_i_1_n_0
    SLICE_X36Y46         CARRY4 (Prop_carry4_CI_O[0])
                                                      0.223     7.546 r  counter_reg[24]_i_1/O[0]
                         net (fo=1, routed)           0.000     7.546    counter_reg[24]_i_1_n_7
    SLICE_X36Y46         FDRE                                         r  counter_reg[24]/D
  -------------------------------------------------------------------    -------------------

                         (clock sys_clk rise edge)   10.000    10.000 r  
    W5                                                0.000    10.000 r  clk (IN)
                         net (fo=0)                   0.000    10.000    clk
    W5                   IBUF (Prop_ibuf_I_O)         1.388    11.388 r  clk_IBUF_inst/O
                         net (fo=1, routed)           1.862    13.250    clk_IBUF
    BUFGCTRL_X0Y1        BUFG (Prop_bufg_I_O)         0.091    13.341 r  clk_IBUF_BUFG_inst/O
                         net (fo=51, routed)          1.445    14.786    clk_IBUF_BUFG
    SLICE_X36Y46         FDRE                                         r  counter_reg[24]/C
                         clock pessimism              0.275    15.061    
                         clock uncertainty           -0.035    15.026    
    SLICE_X36Y46         FDRE (Setup_fdre_C_D)        0.062    15.088    counter_reg[24]
  -------------------------------------------------------------------
                         required time                         15.088    
                         arrival time                          -7.546    
  -------------------------------------------------------------------
                         slack                                  7.542    

Slack (MET) :             7.545ns  (required time - arrival time)
  Source:                 counter_reg[1]/C
                            (rising edge-triggered cell FDRE clocked by sys_clk  {rise@0.000ns fall@5.000ns period=10.000ns})
  Destination:            counter_reg[21]/D
                            (rising edge-triggered cell FDRE clocked by sys_clk  {rise@0.000ns fall@5.000ns period=10.000ns})
  Path Group:             sys_clk
  Path Type:              Setup (Max at Slow Process Corner)
  Requirement:            10.000ns  (sys_clk rise@10.000ns - sys_clk rise@0.000ns)
  Data Path Delay:        2.459ns  (logic 1.920ns (78.085%)  route 0.539ns (21.915%))
  Logic Levels:           6  (CARRY4=6)
  Clock Path Skew:        -0.023ns (DCD - SCD + CPR)
    Destination Clock Delay (DCD):    4.786ns = ( 14.786 - 10.000 ) 
    Source Clock Delay      (SCD):    5.084ns
    Clock Pessimism Removal (CPR):    0.275ns
  Clock Uncertainty:      0.035ns  ((TSJ^2 + TIJ^2)^1/2 + DJ) / 2 + PE
    Total System Jitter     (TSJ):    0.071ns
    Total Input Jitter      (TIJ):    0.000ns
    Discrete Jitter          (DJ):    0.000ns
    Phase Error              (PE):    0.000ns

    Location             Delay type                Incr(ns)  Path(ns)    Netlist Resource(s)
  -------------------------------------------------------------------    -------------------
                         (clock sys_clk rise edge)    0.000     0.000 r  
    W5                                                0.000     0.000 r  clk (IN)
                         net (fo=0)                   0.000     0.000    clk
    W5                   IBUF (Prop_ibuf_I_O)         1.458     1.458 r  clk_IBUF_inst/O
                         net (fo=1, routed)           1.967     3.425    clk_IBUF
    BUFGCTRL_X0Y1        BUFG (Prop_bufg_I_O)         0.096     3.521 r  clk_IBUF_BUFG_inst/O
                         net (fo=51, routed)          1.563     5.084    clk_IBUF_BUFG
    SLICE_X36Y40         FDRE                                         r  counter_reg[1]/C
  -------------------------------------------------------------------    -------------------
    SLICE_X36Y40         FDRE (Prop_fdre_C_Q)         0.456     5.540 r  counter_reg[1]/Q
                         net (fo=1, routed)           0.539     6.079    counter_reg_n_0_[1]
    SLICE_X36Y40         CARRY4 (Prop_carry4_S[1]_CO[3])
                                                      0.674     6.753 r  counter_reg[0]_i_1/CO[3]
                         net (fo=1, routed)           0.000     6.753    counter_reg[0]_i_1_n_0
    SLICE_X36Y41         CARRY4 (Prop_carry4_CI_CO[3])
                                                      0.114     6.867 r  counter_reg[4]_i_1__0/CO[3]
                         net (fo=1, routed)           0.000     6.867    counter_reg[4]_i_1__0_n_0
    SLICE_X36Y42         CARRY4 (Prop_carry4_CI_CO[3])
                                                      0.114     6.981 r  counter_reg[8]_i_1__0/CO[3]
                         net (fo=1, routed)           0.000     6.981    counter_reg[8]_i_1__0_n_0
    SLICE_X36Y43         CARRY4 (Prop_carry4_CI_CO[3])
                                                      0.114     7.095 r  counter_reg[12]_i_1__0/CO[3]
                         net (fo=1, routed)           0.000     7.095    counter_reg[12]_i_1__0_n_0
    SLICE_X36Y44         CARRY4 (Prop_carry4_CI_CO[3])
                                                      0.114     7.209 r  counter_reg[16]_i_1__0/CO[3]
                         net (fo=1, routed)           0.000     7.209    counter_reg[16]_i_1__0_n_0
    SLICE_X36Y45         CARRY4 (Prop_carry4_CI_O[1])
                                                      0.334     7.543 r  counter_reg[20]_i_1/O[1]
                         net (fo=1, routed)           0.000     7.543    counter_reg[20]_i_1_n_6
    SLICE_X36Y45         FDRE                                         r  counter_reg[21]/D
  -------------------------------------------------------------------    -------------------

                         (clock sys_clk rise edge)   10.000    10.000 r  
    W5                                                0.000    10.000 r  clk (IN)
                         net (fo=0)                   0.000    10.000    clk
    W5                   IBUF (Prop_ibuf_I_O)         1.388    11.388 r  clk_IBUF_inst/O
                         net (fo=1, routed)           1.862    13.250    clk_IBUF
    BUFGCTRL_X0Y1        BUFG (Prop_bufg_I_O)         0.091    13.341 r  clk_IBUF_BUFG_inst/O
                         net (fo=51, routed)          1.445    14.786    clk_IBUF_BUFG
    SLICE_X36Y45         FDRE                                         r  counter_reg[21]/C
                         clock pessimism              0.275    15.061    
                         clock uncertainty           -0.035    15.026    
    SLICE_X36Y45         FDRE (Setup_fdre_C_D)        0.062    15.088    counter_reg[21]
  -------------------------------------------------------------------
                         required time                         15.088    
                         arrival time                          -7.543    
  -------------------------------------------------------------------
                         slack                                  7.545    

Slack (MET) :             7.564ns  (required time - arrival time)
  Source:                 db_reset/sync_1_reg/C
                            (rising edge-triggered cell FDRE clocked by sys_clk  {rise@0.000ns fall@5.000ns period=10.000ns})
  Destination:            db_reset/counter_reg[16]/R
                            (rising edge-triggered cell FDRE clocked by sys_clk  {rise@0.000ns fall@5.000ns period=10.000ns})
  Path Group:             sys_clk
  Path Type:              Setup (Max at Slow Process Corner)
  Requirement:            10.000ns  (sys_clk rise@10.000ns - sys_clk rise@0.000ns)
  Data Path Delay:        1.851ns  (logic 0.580ns (31.339%)  route 1.271ns (68.661%))
  Logic Levels:           1  (LUT2=1)
  Clock Path Skew:        -0.026ns (DCD - SCD + CPR)
    Destination Clock Delay (DCD):    4.853ns = ( 14.853 - 10.000 ) 
    Source Clock Delay      (SCD):    5.152ns
    Clock Pessimism Removal (CPR):    0.273ns
  Clock Uncertainty:      0.035ns  ((TSJ^2 + TIJ^2)^1/2 + DJ) / 2 + PE
    Total System Jitter     (TSJ):    0.071ns
    Total Input Jitter      (TIJ):    0.000ns
    Discrete Jitter          (DJ):    0.000ns
    Phase Error              (PE):    0.000ns

    Location             Delay type                Incr(ns)  Path(ns)    Netlist Resource(s)
  -------------------------------------------------------------------    -------------------
                         (clock sys_clk rise edge)    0.000     0.000 r  
    W5                                                0.000     0.000 r  clk (IN)
                         net (fo=0)                   0.000     0.000    clk
    W5                   IBUF (Prop_ibuf_I_O)         1.458     1.458 r  clk_IBUF_inst/O
                         net (fo=1, routed)           1.967     3.425    clk_IBUF
    BUFGCTRL_X0Y1        BUFG (Prop_bufg_I_O)         0.096     3.521 r  clk_IBUF_BUFG_inst/O
                         net (fo=51, routed)          1.631     5.152    db_reset/clk_IBUF_BUFG
    SLICE_X5Y12          FDRE                                         r  db_reset/sync_1_reg/C
  -------------------------------------------------------------------    -------------------
    SLICE_X5Y12          FDRE (Prop_fdre_C_Q)         0.456     5.608 r  db_reset/sync_1_reg/Q
                         net (fo=3, routed)           0.632     6.240    db_reset/sync_1
    SLICE_X5Y12          LUT2 (Prop_lut2_I0_O)        0.124     6.364 r  db_reset/counter[0]_i_1/O
                         net (fo=20, routed)          0.639     7.003    db_reset/counter[0]_i_1_n_0
    SLICE_X6Y14          FDRE                                         r  db_reset/counter_reg[16]/R
  -------------------------------------------------------------------    -------------------

                         (clock sys_clk rise edge)   10.000    10.000 r  
    W5                                                0.000    10.000 r  clk (IN)
                         net (fo=0)                   0.000    10.000    clk
    W5                   IBUF (Prop_ibuf_I_O)         1.388    11.388 r  clk_IBUF_inst/O
                         net (fo=1, routed)           1.862    13.250    clk_IBUF
    BUFGCTRL_X0Y1        BUFG (Prop_bufg_I_O)         0.091    13.341 r  clk_IBUF_BUFG_inst/O
                         net (fo=51, routed)          1.512    14.853    db_reset/clk_IBUF_BUFG
    SLICE_X6Y14          FDRE                                         r  db_reset/counter_reg[16]/C
                         clock pessimism              0.273    15.126    
                         clock uncertainty           -0.035    15.091    
    SLICE_X6Y14          FDRE (Setup_fdre_C_R)       -0.524    14.567    db_reset/counter_reg[16]
  -------------------------------------------------------------------
                         required time                         14.567    
                         arrival time                          -7.003    
  -------------------------------------------------------------------
                         slack                                  7.564    

Slack (MET) :             7.564ns  (required time - arrival time)
  Source:                 db_reset/sync_1_reg/C
                            (rising edge-triggered cell FDRE clocked by sys_clk  {rise@0.000ns fall@5.000ns period=10.000ns})
  Destination:            db_reset/counter_reg[17]/R
                            (rising edge-triggered cell FDRE clocked by sys_clk  {rise@0.000ns fall@5.000ns period=10.000ns})
  Path Group:             sys_clk
  Path Type:              Setup (Max at Slow Process Corner)
  Requirement:            10.000ns  (sys_clk rise@10.000ns - sys_clk rise@0.000ns)
  Data Path Delay:        1.851ns  (logic 0.580ns (31.339%)  route 1.271ns (68.661%))
  Logic Levels:           1  (LUT2=1)
  Clock Path Skew:        -0.026ns (DCD - SCD + CPR)
    Destination Clock Delay (DCD):    4.853ns = ( 14.853 - 10.000 ) 
    Source Clock Delay      (SCD):    5.152ns
    Clock Pessimism Removal (CPR):    0.273ns
  Clock Uncertainty:      0.035ns  ((TSJ^2 + TIJ^2)^1/2 + DJ) / 2 + PE
    Total System Jitter     (TSJ):    0.071ns
    Total Input Jitter      (TIJ):    0.000ns
    Discrete Jitter          (DJ):    0.000ns
    Phase Error              (PE):    0.000ns

    Location             Delay type                Incr(ns)  Path(ns)    Netlist Resource(s)
  -------------------------------------------------------------------    -------------------
                         (clock sys_clk rise edge)    0.000     0.000 r  
    W5                                                0.000     0.000 r  clk (IN)
                         net (fo=0)                   0.000     0.000    clk
    W5                   IBUF (Prop_ibuf_I_O)         1.458     1.458 r  clk_IBUF_inst/O
                         net (fo=1, routed)           1.967     3.425    clk_IBUF
    BUFGCTRL_X0Y1        BUFG (Prop_bufg_I_O)         0.096     3.521 r  clk_IBUF_BUFG_inst/O
                         net (fo=51, routed)          1.631     5.152    db_reset/clk_IBUF_BUFG
    SLICE_X5Y12          FDRE                                         r  db_reset/sync_1_reg/C
  -------------------------------------------------------------------    -------------------
    SLICE_X5Y12          FDRE (Prop_fdre_C_Q)         0.456     5.608 r  db_reset/sync_1_reg/Q
                         net (fo=3, routed)           0.632     6.240    db_reset/sync_1
    SLICE_X5Y12          LUT2 (Prop_lut2_I0_O)        0.124     6.364 r  db_reset/counter[0]_i_1/O
                         net (fo=20, routed)          0.639     7.003    db_reset/counter[0]_i_1_n_0
    SLICE_X6Y14          FDRE                                         r  db_reset/counter_reg[17]/R
  -------------------------------------------------------------------    -------------------

                         (clock sys_clk rise edge)   10.000    10.000 r  
    W5                                                0.000    10.000 r  clk (IN)
                         net (fo=0)                   0.000    10.000    clk
    W5                   IBUF (Prop_ibuf_I_O)         1.388    11.388 r  clk_IBUF_inst/O
                         net (fo=1, routed)           1.862    13.250    clk_IBUF
    BUFGCTRL_X0Y1        BUFG (Prop_bufg_I_O)         0.091    13.341 r  clk_IBUF_BUFG_inst/O
                         net (fo=51, routed)          1.512    14.853    db_reset/clk_IBUF_BUFG
    SLICE_X6Y14          FDRE                                         r  db_reset/counter_reg[17]/C
                         clock pessimism              0.273    15.126    
                         clock uncertainty           -0.035    15.091    
    SLICE_X6Y14          FDRE (Setup_fdre_C_R)       -0.524    14.567    db_reset/counter_reg[17]
  -------------------------------------------------------------------
                         required time                         14.567    
                         arrival time                          -7.003    
  -------------------------------------------------------------------
                         slack                                  7.564    

Slack (MET) :             7.564ns  (required time - arrival time)
  Source:                 db_reset/sync_1_reg/C
                            (rising edge-triggered cell FDRE clocked by sys_clk  {rise@0.000ns fall@5.000ns period=10.000ns})
  Destination:            db_reset/counter_reg[18]/R
                            (rising edge-triggered cell FDRE clocked by sys_clk  {rise@0.000ns fall@5.000ns period=10.000ns})
  Path Group:             sys_clk
  Path Type:              Setup (Max at Slow Process Corner)
  Requirement:            10.000ns  (sys_clk rise@10.000ns - sys_clk rise@0.000ns)
  Data Path Delay:        1.851ns  (logic 0.580ns (31.339%)  route 1.271ns (68.661%))
  Logic Levels:           1  (LUT2=1)
  Clock Path Skew:        -0.026ns (DCD - SCD + CPR)
    Destination Clock Delay (DCD):    4.853ns = ( 14.853 - 10.000 ) 
    Source Clock Delay      (SCD):    5.152ns
    Clock Pessimism Removal (CPR):    0.273ns
  Clock Uncertainty:      0.035ns  ((TSJ^2 + TIJ^2)^1/2 + DJ) / 2 + PE
    Total System Jitter     (TSJ):    0.071ns
    Total Input Jitter      (TIJ):    0.000ns
    Discrete Jitter          (DJ):    0.000ns
    Phase Error              (PE):    0.000ns

    Location             Delay type                Incr(ns)  Path(ns)    Netlist Resource(s)
  -------------------------------------------------------------------    -------------------
                         (clock sys_clk rise edge)    0.000     0.000 r  
    W5                                                0.000     0.000 r  clk (IN)
                         net (fo=0)                   0.000     0.000    clk
    W5                   IBUF (Prop_ibuf_I_O)         1.458     1.458 r  clk_IBUF_inst/O
                         net (fo=1, routed)           1.967     3.425    clk_IBUF
    BUFGCTRL_X0Y1        BUFG (Prop_bufg_I_O)         0.096     3.521 r  clk_IBUF_BUFG_inst/O
                         net (fo=51, routed)          1.631     5.152    db_reset/clk_IBUF_BUFG
    SLICE_X5Y12          FDRE                                         r  db_reset/sync_1_reg/C
  -------------------------------------------------------------------    -------------------
    SLICE_X5Y12          FDRE (Prop_fdre_C_Q)         0.456     5.608 r  db_reset/sync_1_reg/Q
                         net (fo=3, routed)           0.632     6.240    db_reset/sync_1
    SLICE_X5Y12          LUT2 (Prop_lut2_I0_O)        0.124     6.364 r  db_reset/counter[0]_i_1/O
                         net (fo=20, routed)          0.639     7.003    db_reset/counter[0]_i_1_n_0
    SLICE_X6Y14          FDRE                                         r  db_reset/counter_reg[18]/R
  -------------------------------------------------------------------    -------------------

                         (clock sys_clk rise edge)   10.000    10.000 r  
    W5                                                0.000    10.000 r  clk (IN)
                         net (fo=0)                   0.000    10.000    clk
    W5                   IBUF (Prop_ibuf_I_O)         1.388    11.388 r  clk_IBUF_inst/O
                         net (fo=1, routed)           1.862    13.250    clk_IBUF
    BUFGCTRL_X0Y1        BUFG (Prop_bufg_I_O)         0.091    13.341 r  clk_IBUF_BUFG_inst/O
                         net (fo=51, routed)          1.512    14.853    db_reset/clk_IBUF_BUFG
    SLICE_X6Y14          FDRE                                         r  db_reset/counter_reg[18]/C
                         clock pessimism              0.273    15.126    
                         clock uncertainty           -0.035    15.091    
    SLICE_X6Y14          FDRE (Setup_fdre_C_R)       -0.524    14.567    db_reset/counter_reg[18]
  -------------------------------------------------------------------
                         required time                         14.567    
                         arrival time                          -7.003    
  -------------------------------------------------------------------
                         slack                                  7.564    

Slack (MET) :             7.564ns  (required time - arrival time)
  Source:                 db_reset/sync_1_reg/C
                            (rising edge-triggered cell FDRE clocked by sys_clk  {rise@0.000ns fall@5.000ns period=10.000ns})
  Destination:            db_reset/counter_reg[19]/R
                            (rising edge-triggered cell FDRE clocked by sys_clk  {rise@0.000ns fall@5.000ns period=10.000ns})
  Path Group:             sys_clk
  Path Type:              Setup (Max at Slow Process Corner)
  Requirement:            10.000ns  (sys_clk rise@10.000ns - sys_clk rise@0.000ns)
  Data Path Delay:        1.851ns  (logic 0.580ns (31.339%)  route 1.271ns (68.661%))
  Logic Levels:           1  (LUT2=1)
  Clock Path Skew:        -0.026ns (DCD - SCD + CPR)
    Destination Clock Delay (DCD):    4.853ns = ( 14.853 - 10.000 ) 
    Source Clock Delay      (SCD):    5.152ns
    Clock Pessimism Removal (CPR):    0.273ns
  Clock Uncertainty:      0.035ns  ((TSJ^2 + TIJ^2)^1/2 + DJ) / 2 + PE
    Total System Jitter     (TSJ):    0.071ns
    Total Input Jitter      (TIJ):    0.000ns
    Discrete Jitter          (DJ):    0.000ns
    Phase Error              (PE):    0.000ns

    Location             Delay type                Incr(ns)  Path(ns)    Netlist Resource(s)
  -------------------------------------------------------------------    -------------------
                         (clock sys_clk rise edge)    0.000     0.000 r  
    W5                                                0.000     0.000 r  clk (IN)
                         net (fo=0)                   0.000     0.000    clk
    W5                   IBUF (Prop_ibuf_I_O)         1.458     1.458 r  clk_IBUF_inst/O
                         net (fo=1, routed)           1.967     3.425    clk_IBUF
    BUFGCTRL_X0Y1        BUFG (Prop_bufg_I_O)         0.096     3.521 r  clk_IBUF_BUFG_inst/O
                         net (fo=51, routed)          1.631     5.152    db_reset/clk_IBUF_BUFG
    SLICE_X5Y12          FDRE                                         r  db_reset/sync_1_reg/C
  -------------------------------------------------------------------    -------------------
    SLICE_X5Y12          FDRE (Prop_fdre_C_Q)         0.456     5.608 r  db_reset/sync_1_reg/Q
                         net (fo=3, routed)           0.632     6.240    db_reset/sync_1
    SLICE_X5Y12          LUT2 (Prop_lut2_I0_O)        0.124     6.364 r  db_reset/counter[0]_i_1/O
                         net (fo=20, routed)          0.639     7.003    db_reset/counter[0]_i_1_n_0
    SLICE_X6Y14          FDRE                                         r  db_reset/counter_reg[19]/R
  -------------------------------------------------------------------    -------------------

                         (clock sys_clk rise edge)   10.000    10.000 r  
    W5                                                0.000    10.000 r  clk (IN)
                         net (fo=0)                   0.000    10.000    clk
    W5                   IBUF (Prop_ibuf_I_O)         1.388    11.388 r  clk_IBUF_inst/O
                         net (fo=1, routed)           1.862    13.250    clk_IBUF
    BUFGCTRL_X0Y1        BUFG (Prop_bufg_I_O)         0.091    13.341 r  clk_IBUF_BUFG_inst/O
                         net (fo=51, routed)          1.512    14.853    db_reset/clk_IBUF_BUFG
    SLICE_X6Y14          FDRE                                         r  db_reset/counter_reg[19]/C
                         clock pessimism              0.273    15.126    
                         clock uncertainty           -0.035    15.091    
    SLICE_X6Y14          FDRE (Setup_fdre_C_R)       -0.524    14.567    db_reset/counter_reg[19]
  -------------------------------------------------------------------
                         required time                         14.567    
                         arrival time                          -7.003    
  -------------------------------------------------------------------
                         slack                                  7.564    

Slack (MET) :             7.566ns  (required time - arrival time)
  Source:                 counter_reg[1]/C
                            (rising edge-triggered cell FDRE clocked by sys_clk  {rise@0.000ns fall@5.000ns period=10.000ns})
  Destination:            counter_reg[23]/D
                            (rising edge-triggered cell FDRE clocked by sys_clk  {rise@0.000ns fall@5.000ns period=10.000ns})
  Path Group:             sys_clk
  Path Type:              Setup (Max at Slow Process Corner)
  Requirement:            10.000ns  (sys_clk rise@10.000ns - sys_clk rise@0.000ns)
  Data Path Delay:        2.438ns  (logic 1.899ns (77.896%)  route 0.539ns (22.104%))
  Logic Levels:           6  (CARRY4=6)
  Clock Path Skew:        -0.023ns (DCD - SCD + CPR)
    Destination Clock Delay (DCD):    4.786ns = ( 14.786 - 10.000 ) 
    Source Clock Delay      (SCD):    5.084ns
    Clock Pessimism Removal (CPR):    0.275ns
  Clock Uncertainty:      0.035ns  ((TSJ^2 + TIJ^2)^1/2 + DJ) / 2 + PE
    Total System Jitter     (TSJ):    0.071ns
    Total Input Jitter      (TIJ):    0.000ns
    Discrete Jitter          (DJ):    0.000ns
    Phase Error              (PE):    0.000ns

    Location             Delay type                Incr(ns)  Path(ns)    Netlist Resource(s)
  -------------------------------------------------------------------    -------------------
                         (clock sys_clk rise edge)    0.000     0.000 r  
    W5                                                0.000     0.000 r  clk (IN)
                         net (fo=0)                   0.000     0.000    clk
    W5                   IBUF (Prop_ibuf_I_O)         1.458     1.458 r  clk_IBUF_inst/O
                         net (fo=1, routed)           1.967     3.425    clk_IBUF
    BUFGCTRL_X0Y1        BUFG (Prop_bufg_I_O)         0.096     3.521 r  clk_IBUF_BUFG_inst/O
                         net (fo=51, routed)          1.563     5.084    clk_IBUF_BUFG
    SLICE_X36Y40         FDRE                                         r  counter_reg[1]/C
  -------------------------------------------------------------------    -------------------
    SLICE_X36Y40         FDRE (Prop_fdre_C_Q)         0.456     5.540 r  counter_reg[1]/Q
                         net (fo=1, routed)           0.539     6.079    counter_reg_n_0_[1]
    SLICE_X36Y40         CARRY4 (Prop_carry4_S[1]_CO[3])
                                                      0.674     6.753 r  counter_reg[0]_i_1/CO[3]
                         net (fo=1, routed)           0.000     6.753    counter_reg[0]_i_1_n_0
    SLICE_X36Y41         CARRY4 (Prop_carry4_CI_CO[3])
                                                      0.114     6.867 r  counter_reg[4]_i_1__0/CO[3]
                         net (fo=1, routed)           0.000     6.867    counter_reg[4]_i_1__0_n_0
    SLICE_X36Y42         CARRY4 (Prop_carry4_CI_CO[3])
                                                      0.114     6.981 r  counter_reg[8]_i_1__0/CO[3]
                         net (fo=1, routed)           0.000     6.981    counter_reg[8]_i_1__0_n_0
    SLICE_X36Y43         CARRY4 (Prop_carry4_CI_CO[3])
                                                      0.114     7.095 r  counter_reg[12]_i_1__0/CO[3]
                         net (fo=1, routed)           0.000     7.095    counter_reg[12]_i_1__0_n_0
    SLICE_X36Y44         CARRY4 (Prop_carry4_CI_CO[3])
                                                      0.114     7.209 r  counter_reg[16]_i_1__0/CO[3]
                         net (fo=1, routed)           0.000     7.209    counter_reg[16]_i_1__0_n_0
    SLICE_X36Y45         CARRY4 (Prop_carry4_CI_O[3])
                                                      0.313     7.522 r  counter_reg[20]_i_1/O[3]
                         net (fo=1, routed)           0.000     7.522    counter_reg[20]_i_1_n_4
    SLICE_X36Y45         FDRE                                         r  counter_reg[23]/D
  -------------------------------------------------------------------    -------------------

                         (clock sys_clk rise edge)   10.000    10.000 r  
    W5                                                0.000    10.000 r  clk (IN)
                         net (fo=0)                   0.000    10.000    clk
    W5                   IBUF (Prop_ibuf_I_O)         1.388    11.388 r  clk_IBUF_inst/O
                         net (fo=1, routed)           1.862    13.250    clk_IBUF
    BUFGCTRL_X0Y1        BUFG (Prop_bufg_I_O)         0.091    13.341 r  clk_IBUF_BUFG_inst/O
                         net (fo=51, routed)          1.445    14.786    clk_IBUF_BUFG
    SLICE_X36Y45         FDRE                                         r  counter_reg[23]/C
                         clock pessimism              0.275    15.061    
                         clock uncertainty           -0.035    15.026    
    SLICE_X36Y45         FDRE (Setup_fdre_C_D)        0.062    15.088    counter_reg[23]
  -------------------------------------------------------------------
                         required time                         15.088    
                         arrival time                          -7.522    
  -------------------------------------------------------------------
                         slack                                  7.566    





Min Delay Paths
--------------------------------------------------------------------------------------
Slack (MET) :             0.145ns  (arrival time - required time)
  Source:                 db_reset/stable_reg/C
                            (rising edge-triggered cell FDRE clocked by sys_clk  {rise@0.000ns fall@5.000ns period=10.000ns})
  Destination:            db_reset/pbout_reg/D
                            (rising edge-triggered cell FDRE clocked by sys_clk  {rise@0.000ns fall@5.000ns period=10.000ns})
  Path Group:             sys_clk
  Path Type:              Hold (Min at Fast Process Corner)
  Requirement:            0.000ns  (sys_clk rise@0.000ns - sys_clk rise@0.000ns)
  Data Path Delay:        0.220ns  (logic 0.141ns (64.033%)  route 0.079ns (35.967%))
  Logic Levels:           0  
  Clock Path Skew:        0.000ns (DCD - SCD - CPR)
    Destination Clock Delay (DCD):    1.987ns
    Source Clock Delay      (SCD):    1.473ns
    Clock Pessimism Removal (CPR):    0.514ns

    Location             Delay type                Incr(ns)  Path(ns)    Netlist Resource(s)
  -------------------------------------------------------------------    -------------------
                         (clock sys_clk rise edge)    0.000     0.000 r  
    W5                                                0.000     0.000 r  clk (IN)
                         net (fo=0)                   0.000     0.000    clk
    W5                   IBUF (Prop_ibuf_I_O)         0.226     0.226 r  clk_IBUF_inst/O
                         net (fo=1, routed)           0.631     0.858    clk_IBUF
    BUFGCTRL_X0Y1        BUFG (Prop_bufg_I_O)         0.026     0.884 r  clk_IBUF_BUFG_inst/O
                         net (fo=51, routed)          0.590     1.473    db_reset/clk_IBUF_BUFG
    SLICE_X5Y12          FDRE                                         r  db_reset/stable_reg/C
  -------------------------------------------------------------------    -------------------
    SLICE_X5Y12          FDRE (Prop_fdre_C_Q)         0.141     1.614 r  db_reset/stable_reg/Q
                         net (fo=4, routed)           0.079     1.693    db_reset/stable
    SLICE_X5Y12          FDRE                                         r  db_reset/pbout_reg/D
  -------------------------------------------------------------------    -------------------

                         (clock sys_clk rise edge)    0.000     0.000 r  
    W5                                                0.000     0.000 r  clk (IN)
                         net (fo=0)                   0.000     0.000    clk
    W5                   IBUF (Prop_ibuf_I_O)         0.414     0.414 r  clk_IBUF_inst/O
                         net (fo=1, routed)           0.685     1.099    clk_IBUF
    BUFGCTRL_X0Y1        BUFG (Prop_bufg_I_O)         0.029     1.128 r  clk_IBUF_BUFG_inst/O
                         net (fo=51, routed)          0.860     1.987    db_reset/clk_IBUF_BUFG
    SLICE_X5Y12          FDRE                                         r  db_reset/pbout_reg/C
                         clock pessimism             -0.514     1.473    
    SLICE_X5Y12          FDRE (Hold_fdre_C_D)         0.075     1.548    db_reset/pbout_reg
  -------------------------------------------------------------------
                         required time                         -1.548    
                         arrival time                           1.693    
  -------------------------------------------------------------------
                         slack                                  0.145    

Slack (MET) :             0.247ns  (arrival time - required time)
  Source:                 db_reset/sync_0_reg/C
                            (rising edge-triggered cell FDRE clocked by sys_clk  {rise@0.000ns fall@5.000ns period=10.000ns})
  Destination:            db_reset/sync_1_reg/D
                            (rising edge-triggered cell FDRE clocked by sys_clk  {rise@0.000ns fall@5.000ns period=10.000ns})
  Path Group:             sys_clk
  Path Type:              Hold (Min at Fast Process Corner)
  Requirement:            0.000ns  (sys_clk rise@0.000ns - sys_clk rise@0.000ns)
  Data Path Delay:        0.317ns  (logic 0.141ns (44.419%)  route 0.176ns (55.582%))
  Logic Levels:           0  
  Clock Path Skew:        0.000ns (DCD - SCD - CPR)
    Destination Clock Delay (DCD):    1.987ns
    Source Clock Delay      (SCD):    1.473ns
    Clock Pessimism Removal (CPR):    0.514ns

    Location             Delay type                Incr(ns)  Path(ns)    Netlist Resource(s)
  -------------------------------------------------------------------    -------------------
                         (clock sys_clk rise edge)    0.000     0.000 r  
    W5                                                0.000     0.000 r  clk (IN)
                         net (fo=0)                   0.000     0.000    clk
    W5                   IBUF (Prop_ibuf_I_O)         0.226     0.226 r  clk_IBUF_inst/O
                         net (fo=1, routed)           0.631     0.858    clk_IBUF
    BUFGCTRL_X0Y1        BUFG (Prop_bufg_I_O)         0.026     0.884 r  clk_IBUF_BUFG_inst/O
                         net (fo=51, routed)          0.590     1.473    db_reset/clk_IBUF_BUFG
    SLICE_X5Y12          FDRE                                         r  db_reset/sync_0_reg/C
  -------------------------------------------------------------------    -------------------
    SLICE_X5Y12          FDRE (Prop_fdre_C_Q)         0.141     1.614 r  db_reset/sync_0_reg/Q
                         net (fo=1, routed)           0.176     1.791    db_reset/sync_0
    SLICE_X5Y12          FDRE                                         r  db_reset/sync_1_reg/D
  -------------------------------------------------------------------    -------------------

                         (clock sys_clk rise edge)    0.000     0.000 r  
    W5                                                0.000     0.000 r  clk (IN)
                         net (fo=0)                   0.000     0.000    clk
    W5                   IBUF (Prop_ibuf_I_O)         0.414     0.414 r  clk_IBUF_inst/O
                         net (fo=1, routed)           0.685     1.099    clk_IBUF
    BUFGCTRL_X0Y1        BUFG (Prop_bufg_I_O)         0.029     1.128 r  clk_IBUF_BUFG_inst/O
                         net (fo=51, routed)          0.860     1.987    db_reset/clk_IBUF_BUFG
    SLICE_X5Y12          FDRE                                         r  db_reset/sync_1_reg/C
                         clock pessimism             -0.514     1.473    
    SLICE_X5Y12          FDRE (Hold_fdre_C_D)         0.070     1.543    db_reset/sync_1_reg
  -------------------------------------------------------------------
                         required time                         -1.543    
                         arrival time                           1.791    
  -------------------------------------------------------------------
                         slack                                  0.247    

Slack (MET) :             0.265ns  (arrival time - required time)
  Source:                 db_reset/counter_reg[6]/C
                            (rising edge-triggered cell FDRE clocked by sys_clk  {rise@0.000ns fall@5.000ns period=10.000ns})
  Destination:            db_reset/counter_reg[6]/D
                            (rising edge-triggered cell FDRE clocked by sys_clk  {rise@0.000ns fall@5.000ns period=10.000ns})
  Path Group:             sys_clk
  Path Type:              Hold (Min at Fast Process Corner)
  Requirement:            0.000ns  (sys_clk rise@0.000ns - sys_clk rise@0.000ns)
  Data Path Delay:        0.399ns  (logic 0.274ns (68.589%)  route 0.125ns (31.411%))
  Logic Levels:           1  (CARRY4=1)
  Clock Path Skew:        0.000ns (DCD - SCD - CPR)
    Destination Clock Delay (DCD):    1.989ns
    Source Clock Delay      (SCD):    1.474ns
    Clock Pessimism Removal (CPR):    0.515ns

    Location             Delay type                Incr(ns)  Path(ns)    Netlist Resource(s)
  -------------------------------------------------------------------    -------------------
                         (clock sys_clk rise edge)    0.000     0.000 r  
    W5                                                0.000     0.000 r  clk (IN)
                         net (fo=0)                   0.000     0.000    clk
    W5                   IBUF (Prop_ibuf_I_O)         0.226     0.226 r  clk_IBUF_inst/O
                         net (fo=1, routed)           0.631     0.858    clk_IBUF
    BUFGCTRL_X0Y1        BUFG (Prop_bufg_I_O)         0.026     0.884 r  clk_IBUF_BUFG_inst/O
                         net (fo=51, routed)          0.591     1.474    db_reset/clk_IBUF_BUFG
    SLICE_X6Y11          FDRE                                         r  db_reset/counter_reg[6]/C
  -------------------------------------------------------------------    -------------------
    SLICE_X6Y11          FDRE (Prop_fdre_C_Q)         0.164     1.638 r  db_reset/counter_reg[6]/Q
                         net (fo=2, routed)           0.125     1.764    db_reset/counter_reg[6]
    SLICE_X6Y11          CARRY4 (Prop_carry4_S[2]_O[2])
                                                      0.110     1.874 r  db_reset/counter_reg[4]_i_1/O[2]
                         net (fo=1, routed)           0.000     1.874    db_reset/counter_reg[4]_i_1_n_5
    SLICE_X6Y11          FDRE                                         r  db_reset/counter_reg[6]/D
  -------------------------------------------------------------------    -------------------

                         (clock sys_clk rise edge)    0.000     0.000 r  
    W5                                                0.000     0.000 r  clk (IN)
                         net (fo=0)                   0.000     0.000    clk
    W5                   IBUF (Prop_ibuf_I_O)         0.414     0.414 r  clk_IBUF_inst/O
                         net (fo=1, routed)           0.685     1.099    clk_IBUF
    BUFGCTRL_X0Y1        BUFG (Prop_bufg_I_O)         0.029     1.128 r  clk_IBUF_BUFG_inst/O
                         net (fo=51, routed)          0.862     1.989    db_reset/clk_IBUF_BUFG
    SLICE_X6Y11          FDRE                                         r  db_reset/counter_reg[6]/C
                         clock pessimism             -0.515     1.474    
    SLICE_X6Y11          FDRE (Hold_fdre_C_D)         0.134     1.608    db_reset/counter_reg[6]
  -------------------------------------------------------------------
                         required time                         -1.608    
                         arrival time                           1.874    
  -------------------------------------------------------------------
                         slack                                  0.265    

Slack (MET) :             0.265ns  (arrival time - required time)
  Source:                 db_reset/counter_reg[10]/C
                            (rising edge-triggered cell FDRE clocked by sys_clk  {rise@0.000ns fall@5.000ns period=10.000ns})
  Destination:            db_reset/counter_reg[10]/D
                            (rising edge-triggered cell FDRE clocked by sys_clk  {rise@0.000ns fall@5.000ns period=10.000ns})
  Path Group:             sys_clk
  Path Type:              Hold (Min at Fast Process Corner)
  Requirement:            0.000ns  (sys_clk rise@0.000ns - sys_clk rise@0.000ns)
  Data Path Delay:        0.399ns  (logic 0.274ns (68.589%)  route 0.125ns (31.411%))
  Logic Levels:           1  (CARRY4=1)
  Clock Path Skew:        0.000ns (DCD - SCD - CPR)
    Destination Clock Delay (DCD):    1.987ns
    Source Clock Delay      (SCD):    1.473ns
    Clock Pessimism Removal (CPR):    0.514ns

    Location             Delay type                Incr(ns)  Path(ns)    Netlist Resource(s)
  -------------------------------------------------------------------    -------------------
                         (clock sys_clk rise edge)    0.000     0.000 r  
    W5                                                0.000     0.000 r  clk (IN)
                         net (fo=0)                   0.000     0.000    clk
    W5                   IBUF (Prop_ibuf_I_O)         0.226     0.226 r  clk_IBUF_inst/O
                         net (fo=1, routed)           0.631     0.858    clk_IBUF
    BUFGCTRL_X0Y1        BUFG (Prop_bufg_I_O)         0.026     0.884 r  clk_IBUF_BUFG_inst/O
                         net (fo=51, routed)          0.590     1.473    db_reset/clk_IBUF_BUFG
    SLICE_X6Y12          FDRE                                         r  db_reset/counter_reg[10]/C
  -------------------------------------------------------------------    -------------------
    SLICE_X6Y12          FDRE (Prop_fdre_C_Q)         0.164     1.637 r  db_reset/counter_reg[10]/Q
                         net (fo=2, routed)           0.125     1.763    db_reset/counter_reg[10]
    SLICE_X6Y12          CARRY4 (Prop_carry4_S[2]_O[2])
                                                      0.110     1.873 r  db_reset/counter_reg[8]_i_1/O[2]
                         net (fo=1, routed)           0.000     1.873    db_reset/counter_reg[8]_i_1_n_5
    SLICE_X6Y12          FDRE                                         r  db_reset/counter_reg[10]/D
  -------------------------------------------------------------------    -------------------

                         (clock sys_clk rise edge)    0.000     0.000 r  
    W5                                                0.000     0.000 r  clk (IN)
                         net (fo=0)                   0.000     0.000    clk
    W5                   IBUF (Prop_ibuf_I_O)         0.414     0.414 r  clk_IBUF_inst/O
                         net (fo=1, routed)           0.685     1.099    clk_IBUF
    BUFGCTRL_X0Y1        BUFG (Prop_bufg_I_O)         0.029     1.128 r  clk_IBUF_BUFG_inst/O
                         net (fo=51, routed)          0.860     1.987    db_reset/clk_IBUF_BUFG
    SLICE_X6Y12          FDRE                                         r  db_reset/counter_reg[10]/C
                         clock pessimism             -0.514     1.473    
    SLICE_X6Y12          FDRE (Hold_fdre_C_D)         0.134     1.607    db_reset/counter_reg[10]
  -------------------------------------------------------------------
                         required time                         -1.607    
                         arrival time                           1.873    
  -------------------------------------------------------------------
                         slack                                  0.265    

Slack (MET) :             0.265ns  (arrival time - required time)
  Source:                 db_reset/counter_reg[18]/C
                            (rising edge-triggered cell FDRE clocked by sys_clk  {rise@0.000ns fall@5.000ns period=10.000ns})
  Destination:            db_reset/counter_reg[18]/D
                            (rising edge-triggered cell FDRE clocked by sys_clk  {rise@0.000ns fall@5.000ns period=10.000ns})
  Path Group:             sys_clk
  Path Type:              Hold (Min at Fast Process Corner)
  Requirement:            0.000ns  (sys_clk rise@0.000ns - sys_clk rise@0.000ns)
  Data Path Delay:        0.399ns  (logic 0.274ns (68.589%)  route 0.125ns (31.411%))
  Logic Levels:           1  (CARRY4=1)
  Clock Path Skew:        0.000ns (DCD - SCD - CPR)
    Destination Clock Delay (DCD):    1.986ns
    Source Clock Delay      (SCD):    1.472ns
    Clock Pessimism Removal (CPR):    0.514ns

    Location             Delay type                Incr(ns)  Path(ns)    Netlist Resource(s)
  -------------------------------------------------------------------    -------------------
                         (clock sys_clk rise edge)    0.000     0.000 r  
    W5                                                0.000     0.000 r  clk (IN)
                         net (fo=0)                   0.000     0.000    clk
    W5                   IBUF (Prop_ibuf_I_O)         0.226     0.226 r  clk_IBUF_inst/O
                         net (fo=1, routed)           0.631     0.858    clk_IBUF
    BUFGCTRL_X0Y1        BUFG (Prop_bufg_I_O)         0.026     0.884 r  clk_IBUF_BUFG_inst/O
                         net (fo=51, routed)          0.589     1.472    db_reset/clk_IBUF_BUFG
    SLICE_X6Y14          FDRE                                         r  db_reset/counter_reg[18]/C
  -------------------------------------------------------------------    -------------------
    SLICE_X6Y14          FDRE (Prop_fdre_C_Q)         0.164     1.636 r  db_reset/counter_reg[18]/Q
                         net (fo=2, routed)           0.125     1.762    db_reset/counter_reg[18]
    SLICE_X6Y14          CARRY4 (Prop_carry4_S[2]_O[2])
                                                      0.110     1.872 r  db_reset/counter_reg[16]_i_1/O[2]
                         net (fo=1, routed)           0.000     1.872    db_reset/counter_reg[16]_i_1_n_5
    SLICE_X6Y14          FDRE                                         r  db_reset/counter_reg[18]/D
  -------------------------------------------------------------------    -------------------

                         (clock sys_clk rise edge)    0.000     0.000 r  
    W5                                                0.000     0.000 r  clk (IN)
                         net (fo=0)                   0.000     0.000    clk
    W5                   IBUF (Prop_ibuf_I_O)         0.414     0.414 r  clk_IBUF_inst/O
                         net (fo=1, routed)           0.685     1.099    clk_IBUF
    BUFGCTRL_X0Y1        BUFG (Prop_bufg_I_O)         0.029     1.128 r  clk_IBUF_BUFG_inst/O
                         net (fo=51, routed)          0.859     1.986    db_reset/clk_IBUF_BUFG
    SLICE_X6Y14          FDRE                                         r  db_reset/counter_reg[18]/C
                         clock pessimism             -0.514     1.472    
    SLICE_X6Y14          FDRE (Hold_fdre_C_D)         0.134     1.606    db_reset/counter_reg[18]
  -------------------------------------------------------------------
                         required time                         -1.606    
                         arrival time                           1.872    
  -------------------------------------------------------------------
                         slack                                  0.265    

Slack (MET) :             0.267ns  (arrival time - required time)
  Source:                 db_reset/counter_reg[14]/C
                            (rising edge-triggered cell FDRE clocked by sys_clk  {rise@0.000ns fall@5.000ns period=10.000ns})
  Destination:            db_reset/counter_reg[14]/D
                            (rising edge-triggered cell FDRE clocked by sys_clk  {rise@0.000ns fall@5.000ns period=10.000ns})
  Path Group:             sys_clk
  Path Type:              Hold (Min at Fast Process Corner)
  Requirement:            0.000ns  (sys_clk rise@0.000ns - sys_clk rise@0.000ns)
  Data Path Delay:        0.401ns  (logic 0.274ns (68.412%)  route 0.127ns (31.588%))
  Logic Levels:           1  (CARRY4=1)
  Clock Path Skew:        0.000ns (DCD - SCD - CPR)
    Destination Clock Delay (DCD):    1.986ns
    Source Clock Delay      (SCD):    1.472ns
    Clock Pessimism Removal (CPR):    0.514ns

    Location             Delay type                Incr(ns)  Path(ns)    Netlist Resource(s)
  -------------------------------------------------------------------    -------------------
                         (clock sys_clk rise edge)    0.000     0.000 r  
    W5                                                0.000     0.000 r  clk (IN)
                         net (fo=0)                   0.000     0.000    clk
    W5                   IBUF (Prop_ibuf_I_O)         0.226     0.226 r  clk_IBUF_inst/O
                         net (fo=1, routed)           0.631     0.858    clk_IBUF
    BUFGCTRL_X0Y1        BUFG (Prop_bufg_I_O)         0.026     0.884 r  clk_IBUF_BUFG_inst/O
                         net (fo=51, routed)          0.589     1.472    db_reset/clk_IBUF_BUFG
    SLICE_X6Y13          FDRE                                         r  db_reset/counter_reg[14]/C
  -------------------------------------------------------------------    -------------------
    SLICE_X6Y13          FDRE (Prop_fdre_C_Q)         0.164     1.636 r  db_reset/counter_reg[14]/Q
                         net (fo=2, routed)           0.127     1.763    db_reset/counter_reg[14]
    SLICE_X6Y13          CARRY4 (Prop_carry4_S[2]_O[2])
                                                      0.110     1.873 r  db_reset/counter_reg[12]_i_1/O[2]
                         net (fo=1, routed)           0.000     1.873    db_reset/counter_reg[12]_i_1_n_5
    SLICE_X6Y13          FDRE                                         r  db_reset/counter_reg[14]/D
  -------------------------------------------------------------------    -------------------

                         (clock sys_clk rise edge)    0.000     0.000 r  
    W5                                                0.000     0.000 r  clk (IN)
                         net (fo=0)                   0.000     0.000    clk
    W5                   IBUF (Prop_ibuf_I_O)         0.414     0.414 r  clk_IBUF_inst/O
                         net (fo=1, routed)           0.685     1.099    clk_IBUF
    BUFGCTRL_X0Y1        BUFG (Prop_bufg_I_O)         0.029     1.128 r  clk_IBUF_BUFG_inst/O
                         net (fo=51, routed)          0.859     1.986    db_reset/clk_IBUF_BUFG
    SLICE_X6Y13          FDRE                                         r  db_reset/counter_reg[14]/C
                         clock pessimism             -0.514     1.472    
    SLICE_X6Y13          FDRE (Hold_fdre_C_D)         0.134     1.606    db_reset/counter_reg[14]
  -------------------------------------------------------------------
                         required time                         -1.606    
                         arrival time                           1.873    
  -------------------------------------------------------------------
                         slack                                  0.267    

Slack (MET) :             0.268ns  (arrival time - required time)
  Source:                 counter_reg[10]/C
                            (rising edge-triggered cell FDRE clocked by sys_clk  {rise@0.000ns fall@5.000ns period=10.000ns})
  Destination:            counter_reg[10]/D
                            (rising edge-triggered cell FDRE clocked by sys_clk  {rise@0.000ns fall@5.000ns period=10.000ns})
  Path Group:             sys_clk
  Path Type:              Hold (Min at Fast Process Corner)
  Requirement:            0.000ns  (sys_clk rise@0.000ns - sys_clk rise@0.000ns)
  Data Path Delay:        0.373ns  (logic 0.252ns (67.478%)  route 0.121ns (32.522%))
  Logic Levels:           1  (CARRY4=1)
  Clock Path Skew:        0.000ns (DCD - SCD - CPR)
    Destination Clock Delay (DCD):    1.958ns
    Source Clock Delay      (SCD):    1.445ns
    Clock Pessimism Removal (CPR):    0.513ns

    Location             Delay type                Incr(ns)  Path(ns)    Netlist Resource(s)
  -------------------------------------------------------------------    -------------------
                         (clock sys_clk rise edge)    0.000     0.000 r  
    W5                                                0.000     0.000 r  clk (IN)
                         net (fo=0)                   0.000     0.000    clk
    W5                   IBUF (Prop_ibuf_I_O)         0.226     0.226 r  clk_IBUF_inst/O
                         net (fo=1, routed)           0.631     0.858    clk_IBUF
    BUFGCTRL_X0Y1        BUFG (Prop_bufg_I_O)         0.026     0.884 r  clk_IBUF_BUFG_inst/O
                         net (fo=51, routed)          0.562     1.445    clk_IBUF_BUFG
    SLICE_X36Y42         FDRE                                         r  counter_reg[10]/C
  -------------------------------------------------------------------    -------------------
    SLICE_X36Y42         FDRE (Prop_fdre_C_Q)         0.141     1.586 r  counter_reg[10]/Q
                         net (fo=1, routed)           0.121     1.708    counter_reg_n_0_[10]
    SLICE_X36Y42         CARRY4 (Prop_carry4_S[2]_O[2])
                                                      0.111     1.819 r  counter_reg[8]_i_1__0/O[2]
                         net (fo=1, routed)           0.000     1.819    counter_reg[8]_i_1__0_n_5
    SLICE_X36Y42         FDRE                                         r  counter_reg[10]/D
  -------------------------------------------------------------------    -------------------

                         (clock sys_clk rise edge)    0.000     0.000 r  
    W5                                                0.000     0.000 r  clk (IN)
                         net (fo=0)                   0.000     0.000    clk
    W5                   IBUF (Prop_ibuf_I_O)         0.414     0.414 r  clk_IBUF_inst/O
                         net (fo=1, routed)           0.685     1.099    clk_IBUF
    BUFGCTRL_X0Y1        BUFG (Prop_bufg_I_O)         0.029     1.128 r  clk_IBUF_BUFG_inst/O
                         net (fo=51, routed)          0.831     1.958    clk_IBUF_BUFG
    SLICE_X36Y42         FDRE                                         r  counter_reg[10]/C
                         clock pessimism             -0.513     1.445    
    SLICE_X36Y42         FDRE (Hold_fdre_C_D)         0.105     1.550    counter_reg[10]
  -------------------------------------------------------------------
                         required time                         -1.550    
                         arrival time                           1.819    
  -------------------------------------------------------------------
                         slack                                  0.268    

Slack (MET) :             0.268ns  (arrival time - required time)
  Source:                 counter_reg[14]/C
                            (rising edge-triggered cell FDRE clocked by sys_clk  {rise@0.000ns fall@5.000ns period=10.000ns})
  Destination:            counter_reg[14]/D
                            (rising edge-triggered cell FDRE clocked by sys_clk  {rise@0.000ns fall@5.000ns period=10.000ns})
  Path Group:             sys_clk
  Path Type:              Hold (Min at Fast Process Corner)
  Requirement:            0.000ns  (sys_clk rise@0.000ns - sys_clk rise@0.000ns)
  Data Path Delay:        0.373ns  (logic 0.252ns (67.478%)  route 0.121ns (32.522%))
  Logic Levels:           1  (CARRY4=1)
  Clock Path Skew:        0.000ns (DCD - SCD - CPR)
    Destination Clock Delay (DCD):    1.959ns
    Source Clock Delay      (SCD):    1.446ns
    Clock Pessimism Removal (CPR):    0.513ns

    Location             Delay type                Incr(ns)  Path(ns)    Netlist Resource(s)
  -------------------------------------------------------------------    -------------------
                         (clock sys_clk rise edge)    0.000     0.000 r  
    W5                                                0.000     0.000 r  clk (IN)
                         net (fo=0)                   0.000     0.000    clk
    W5                   IBUF (Prop_ibuf_I_O)         0.226     0.226 r  clk_IBUF_inst/O
                         net (fo=1, routed)           0.631     0.858    clk_IBUF
    BUFGCTRL_X0Y1        BUFG (Prop_bufg_I_O)         0.026     0.884 r  clk_IBUF_BUFG_inst/O
                         net (fo=51, routed)          0.563     1.446    clk_IBUF_BUFG
    SLICE_X36Y43         FDRE                                         r  counter_reg[14]/C
  -------------------------------------------------------------------    -------------------
    SLICE_X36Y43         FDRE (Prop_fdre_C_Q)         0.141     1.587 r  counter_reg[14]/Q
                         net (fo=1, routed)           0.121     1.709    counter_reg_n_0_[14]
    SLICE_X36Y43         CARRY4 (Prop_carry4_S[2]_O[2])
                                                      0.111     1.820 r  counter_reg[12]_i_1__0/O[2]
                         net (fo=1, routed)           0.000     1.820    counter_reg[12]_i_1__0_n_5
    SLICE_X36Y43         FDRE                                         r  counter_reg[14]/D
  -------------------------------------------------------------------    -------------------

                         (clock sys_clk rise edge)    0.000     0.000 r  
    W5                                                0.000     0.000 r  clk (IN)
                         net (fo=0)                   0.000     0.000    clk
    W5                   IBUF (Prop_ibuf_I_O)         0.414     0.414 r  clk_IBUF_inst/O
                         net (fo=1, routed)           0.685     1.099    clk_IBUF
    BUFGCTRL_X0Y1        BUFG (Prop_bufg_I_O)         0.029     1.128 r  clk_IBUF_BUFG_inst/O
                         net (fo=51, routed)          0.832     1.959    clk_IBUF_BUFG
    SLICE_X36Y43         FDRE                                         r  counter_reg[14]/C
                         clock pessimism             -0.513     1.446    
    SLICE_X36Y43         FDRE (Hold_fdre_C_D)         0.105     1.551    counter_reg[14]
  -------------------------------------------------------------------
                         required time                         -1.551    
                         arrival time                           1.820    
  -------------------------------------------------------------------
                         slack                                  0.268    

Slack (MET) :             0.268ns  (arrival time - required time)
  Source:                 counter_reg[18]/C
                            (rising edge-triggered cell FDRE clocked by sys_clk  {rise@0.000ns fall@5.000ns period=10.000ns})
  Destination:            counter_reg[18]/D
                            (rising edge-triggered cell FDRE clocked by sys_clk  {rise@0.000ns fall@5.000ns period=10.000ns})
  Path Group:             sys_clk
  Path Type:              Hold (Min at Fast Process Corner)
  Requirement:            0.000ns  (sys_clk rise@0.000ns - sys_clk rise@0.000ns)
  Data Path Delay:        0.373ns  (logic 0.252ns (67.478%)  route 0.121ns (32.522%))
  Logic Levels:           1  (CARRY4=1)
  Clock Path Skew:        0.000ns (DCD - SCD - CPR)
    Destination Clock Delay (DCD):    1.959ns
    Source Clock Delay      (SCD):    1.446ns
    Clock Pessimism Removal (CPR):    0.513ns

    Location             Delay type                Incr(ns)  Path(ns)    Netlist Resource(s)
  -------------------------------------------------------------------    -------------------
                         (clock sys_clk rise edge)    0.000     0.000 r  
    W5                                                0.000     0.000 r  clk (IN)
                         net (fo=0)                   0.000     0.000    clk
    W5                   IBUF (Prop_ibuf_I_O)         0.226     0.226 r  clk_IBUF_inst/O
                         net (fo=1, routed)           0.631     0.858    clk_IBUF
    BUFGCTRL_X0Y1        BUFG (Prop_bufg_I_O)         0.026     0.884 r  clk_IBUF_BUFG_inst/O
                         net (fo=51, routed)          0.563     1.446    clk_IBUF_BUFG
    SLICE_X36Y44         FDRE                                         r  counter_reg[18]/C
  -------------------------------------------------------------------    -------------------
    SLICE_X36Y44         FDRE (Prop_fdre_C_Q)         0.141     1.587 r  counter_reg[18]/Q
                         net (fo=1, routed)           0.121     1.709    counter_reg_n_0_[18]
    SLICE_X36Y44         CARRY4 (Prop_carry4_S[2]_O[2])
                                                      0.111     1.820 r  counter_reg[16]_i_1__0/O[2]
                         net (fo=1, routed)           0.000     1.820    counter_reg[16]_i_1__0_n_5
    SLICE_X36Y44         FDRE                                         r  counter_reg[18]/D
  -------------------------------------------------------------------    -------------------

                         (clock sys_clk rise edge)    0.000     0.000 r  
    W5                                                0.000     0.000 r  clk (IN)
                         net (fo=0)                   0.000     0.000    clk
    W5                   IBUF (Prop_ibuf_I_O)         0.414     0.414 r  clk_IBUF_inst/O
                         net (fo=1, routed)           0.685     1.099    clk_IBUF
    BUFGCTRL_X0Y1        BUFG (Prop_bufg_I_O)         0.029     1.128 r  clk_IBUF_BUFG_inst/O
                         net (fo=51, routed)          0.832     1.959    clk_IBUF_BUFG
    SLICE_X36Y44         FDRE                                         r  counter_reg[18]/C
                         clock pessimism             -0.513     1.446    
    SLICE_X36Y44         FDRE (Hold_fdre_C_D)         0.105     1.551    counter_reg[18]
  -------------------------------------------------------------------
                         required time                         -1.551    
                         arrival time                           1.820    
  -------------------------------------------------------------------
                         slack                                  0.268    

Slack (MET) :             0.268ns  (arrival time - required time)
  Source:                 counter_reg[22]/C
                            (rising edge-triggered cell FDRE clocked by sys_clk  {rise@0.000ns fall@5.000ns period=10.000ns})
  Destination:            counter_reg[22]/D
                            (rising edge-triggered cell FDRE clocked by sys_clk  {rise@0.000ns fall@5.000ns period=10.000ns})
  Path Group:             sys_clk
  Path Type:              Hold (Min at Fast Process Corner)
  Requirement:            0.000ns  (sys_clk rise@0.000ns - sys_clk rise@0.000ns)
  Data Path Delay:        0.373ns  (logic 0.252ns (67.478%)  route 0.121ns (32.522%))
  Logic Levels:           1  (CARRY4=1)
  Clock Path Skew:        0.000ns (DCD - SCD - CPR)
    Destination Clock Delay (DCD):    1.959ns
    Source Clock Delay      (SCD):    1.446ns
    Clock Pessimism Removal (CPR):    0.513ns

    Location             Delay type                Incr(ns)  Path(ns)    Netlist Resource(s)
  -------------------------------------------------------------------    -------------------
                         (clock sys_clk rise edge)    0.000     0.000 r  
    W5                                                0.000     0.000 r  clk (IN)
                         net (fo=0)                   0.000     0.000    clk
    W5                   IBUF (Prop_ibuf_I_O)         0.226     0.226 r  clk_IBUF_inst/O
                         net (fo=1, routed)           0.631     0.858    clk_IBUF
    BUFGCTRL_X0Y1        BUFG (Prop_bufg_I_O)         0.026     0.884 r  clk_IBUF_BUFG_inst/O
                         net (fo=51, routed)          0.563     1.446    clk_IBUF_BUFG
    SLICE_X36Y45         FDRE                                         r  counter_reg[22]/C
  -------------------------------------------------------------------    -------------------
    SLICE_X36Y45         FDRE (Prop_fdre_C_Q)         0.141     1.587 r  counter_reg[22]/Q
                         net (fo=1, routed)           0.121     1.709    counter_reg_n_0_[22]
    SLICE_X36Y45         CARRY4 (Prop_carry4_S[2]_O[2])
                                                      0.111     1.820 r  counter_reg[20]_i_1/O[2]
                         net (fo=1, routed)           0.000     1.820    counter_reg[20]_i_1_n_5
    SLICE_X36Y45         FDRE                                         r  counter_reg[22]/D
  -------------------------------------------------------------------    -------------------

                         (clock sys_clk rise edge)    0.000     0.000 r  
    W5                                                0.000     0.000 r  clk (IN)
                         net (fo=0)                   0.000     0.000    clk
    W5                   IBUF (Prop_ibuf_I_O)         0.414     0.414 r  clk_IBUF_inst/O
                         net (fo=1, routed)           0.685     1.099    clk_IBUF
    BUFGCTRL_X0Y1        BUFG (Prop_bufg_I_O)         0.029     1.128 r  clk_IBUF_BUFG_inst/O
                         net (fo=51, routed)          0.832     1.959    clk_IBUF_BUFG
    SLICE_X36Y45         FDRE                                         r  counter_reg[22]/C
                         clock pessimism             -0.513     1.446    
    SLICE_X36Y45         FDRE (Hold_fdre_C_D)         0.105     1.551    counter_reg[22]
  -------------------------------------------------------------------
                         required time                         -1.551    
                         arrival time                           1.820    
  -------------------------------------------------------------------
                         slack                                  0.268    





Pulse Width Checks
--------------------------------------------------------------------------------------
Clock Name:         sys_clk
Waveform(ns):       { 0.000 5.000 }
Period(ns):         10.000
Sources:            { clk }

Check Type        Corner  Lib Pin  Reference Pin  Required(ns)  Actual(ns)  Slack(ns)  Location       Pin
Min Period        n/a     BUFG/I   n/a            2.155         10.000      7.845      BUFGCTRL_X0Y1  clk_IBUF_BUFG_inst/I
Min Period        n/a     FDRE/C   n/a            1.000         10.000      9.000      SLICE_X36Y40   counter_reg[0]/C
Min Period        n/a     FDRE/C   n/a            1.000         10.000      9.000      SLICE_X36Y42   counter_reg[10]/C
Min Period        n/a     FDRE/C   n/a            1.000         10.000      9.000      SLICE_X36Y42   counter_reg[11]/C
Min Period        n/a     FDRE/C   n/a            1.000         10.000      9.000      SLICE_X36Y43   counter_reg[12]/C
Min Period        n/a     FDRE/C   n/a            1.000         10.000      9.000      SLICE_X36Y43   counter_reg[13]/C
Min Period        n/a     FDRE/C   n/a            1.000         10.000      9.000      SLICE_X36Y43   counter_reg[14]/C
Min Period        n/a     FDRE/C   n/a            1.000         10.000      9.000      SLICE_X36Y43   counter_reg[15]/C
Min Period        n/a     FDRE/C   n/a            1.000         10.000      9.000      SLICE_X36Y44   counter_reg[16]/C
Min Period        n/a     FDRE/C   n/a            1.000         10.000      9.000      SLICE_X36Y44   counter_reg[17]/C
Low Pulse Width   Slow    FDRE/C   n/a            0.500         5.000       4.500      SLICE_X36Y43   counter_reg[12]/C
Low Pulse Width   Slow    FDRE/C   n/a            0.500         5.000       4.500      SLICE_X36Y43   counter_reg[13]/C
Low Pulse Width   Slow    FDRE/C   n/a            0.500         5.000       4.500      SLICE_X36Y43   counter_reg[14]/C
Low Pulse Width   Slow    FDRE/C   n/a            0.500         5.000       4.500      SLICE_X36Y43   counter_reg[15]/C
Low Pulse Width   Slow    FDRE/C   n/a            0.500         5.000       4.500      SLICE_X36Y44   counter_reg[16]/C
Low Pulse Width   Slow    FDRE/C   n/a            0.500         5.000       4.500      SLICE_X36Y44   counter_reg[17]/C
Low Pulse Width   Slow    FDRE/C   n/a            0.500         5.000       4.500      SLICE_X36Y44   counter_reg[18]/C
Low Pulse Width   Slow    FDRE/C   n/a            0.500         5.000       4.500      SLICE_X36Y44   counter_reg[19]/C
Low Pulse Width   Slow    FDRE/C   n/a            0.500         5.000       4.500      SLICE_X36Y45   counter_reg[20]/C
Low Pulse Width   Slow    FDRE/C   n/a            0.500         5.000       4.500      SLICE_X36Y45   counter_reg[21]/C
High Pulse Width  Slow    FDRE/C   n/a            0.500         5.000       4.500      SLICE_X6Y13    db_reset/counter_reg[12]/C
High Pulse Width  Slow    FDRE/C   n/a            0.500         5.000       4.500      SLICE_X6Y13    db_reset/counter_reg[13]/C
High Pulse Width  Slow    FDRE/C   n/a            0.500         5.000       4.500      SLICE_X6Y13    db_reset/counter_reg[14]/C
High Pulse Width  Slow    FDRE/C   n/a            0.500         5.000       4.500      SLICE_X6Y13    db_reset/counter_reg[15]/C
High Pulse Width  Slow    FDRE/C   n/a            0.500         5.000       4.500      SLICE_X6Y14    db_reset/counter_reg[16]/C
High Pulse Width  Slow    FDRE/C   n/a            0.500         5.000       4.500      SLICE_X6Y14    db_reset/counter_reg[17]/C
High Pulse Width  Slow    FDRE/C   n/a            0.500         5.000       4.500      SLICE_X6Y14    db_reset/counter_reg[18]/C
High Pulse Width  Slow    FDRE/C   n/a            0.500         5.000       4.500      SLICE_X6Y14    db_reset/counter_reg[19]/C
High Pulse Width  Slow    FDRE/C   n/a            0.500         5.000       4.500      SLICE_X36Y40   counter_reg[0]/C
High Pulse Width  Fast    FDRE/C   n/a            0.500         5.000       4.500      SLICE_X36Y40   counter_reg[0]/C



