#-----------------------------------------------------------
# Vivado v2020.1 (64-bit)
# SW Build 2902540 on Wed May 27 19:54:49 MDT 2020
# IP Build 2902112 on Wed May 27 22:43:36 MDT 2020
# Start of session at: Thu Apr  9 10:03:07 2026
# Process ID: 8352
# Current directory: C:/Users/gs10403/CA-LAB-SPR-2026/Vivado Labs/Lab09/Lab09_task1
# Command line: vivado.exe -gui_launcher_event rodinguilauncherevent11596 C:\Users\gs10403\CA-LAB-SPR-2026\Vivado Labs\Lab09\Lab09_task1\Lab09_task1.xpr
# Log file: C:/Users/gs10403/CA-LAB-SPR-2026/Vivado Labs/Lab09/Lab09_task1/vivado.log
# Journal file: C:/Users/gs10403/CA-LAB-SPR-2026/Vivado Labs/Lab09/Lab09_task1\vivado.jou
#-----------------------------------------------------------
start_gui
open_project {C:/Users/gs10403/CA-LAB-SPR-2026/Vivado Labs/Lab09/Lab09_task1/Lab09_task1.xpr}
Scanning sources...
Finished scanning sources
INFO: [IP_Flow 19-234] Refreshing IP repositories
INFO: [IP_Flow 19-1704] No user IP repositories specified
INFO: [IP_Flow 19-2313] Loaded Vivado IP repository 'C:/Xilinx/Vivado/2020.1/data/ip'.
open_project: Time (s): cpu = 00:00:15 ; elapsed = 00:00:08 . Memory (MB): peak = 1024.957 ; gain = 0.000
update_compile_order -fileset sources_1
exit
INFO: [Common 17-206] Exiting Vivado at Thu Apr  9 10:11:07 2026...
