#-----------------------------------------------------------
# Vivado v2020.1 (64-bit)
# SW Build 2902540 on Wed May 27 19:54:49 MDT 2020
# IP Build 2902112 on Wed May 27 22:43:36 MDT 2020
# Start of session at: Thu Apr  9 10:27:27 2026
# Process ID: 22760
# Current directory: C:/Users/gs10403/CA-LAB-SPR-2026/Vivado Labs/Lab09/Lab09_task3
# Command line: vivado.exe -gui_launcher_event rodinguilauncherevent13796 C:\Users\gs10403\CA-LAB-SPR-2026\Vivado Labs\Lab09\Lab09_task3\Lab09_task3.xpr
# Log file: C:/Users/gs10403/CA-LAB-SPR-2026/Vivado Labs/Lab09/Lab09_task3/vivado.log
# Journal file: C:/Users/gs10403/CA-LAB-SPR-2026/Vivado Labs/Lab09/Lab09_task3\vivado.jou
#-----------------------------------------------------------
start_gui
open_project {C:/Users/gs10403/CA-LAB-SPR-2026/Vivado Labs/Lab09/Lab09_task3/Lab09_task3.xpr}
Scanning sources...
Finished scanning sources
INFO: [IP_Flow 19-234] Refreshing IP repositories
INFO: [IP_Flow 19-1704] No user IP repositories specified
INFO: [IP_Flow 19-2313] Loaded Vivado IP repository 'C:/Xilinx/Vivado/2020.1/data/ip'.
open_project: Time (s): cpu = 00:00:14 ; elapsed = 00:00:07 . Memory (MB): peak = 1024.922 ; gain = 0.000
update_compile_order -fileset sources_1
open_run impl_1
INFO: [Device 21-403] Loading part xc7a35tcpg236-1
Netlist sorting complete. Time (s): cpu = 00:00:00 ; elapsed = 00:00:00 . Memory (MB): peak = 1162.125 ; gain = 0.000
INFO: [Project 1-479] Netlist was created with Vivado 2020.1
INFO: [Project 1-570] Preparing netlist for logic optimization
INFO: [Common 17-41] Interrupt caught. Command should exit soon.
INFO: [Timing 38-478] Restoring timing data from binary archive.
INFO: [Timing 38-479] Binary timing data restore complete.
INFO: [Project 1-856] Restoring constraints from binary archive.
INFO: [Project 1-853] Binary constraint restore complete.
Reading XDEF placement.
Reading placer database...
Reading XDEF routing.
Restored from archive | CPU: 0.000000 secs | Memory: 0.000000 MB |
Finished XDEF File Restore: Time (s): cpu = 00:00:00 ; elapsed = 00:00:00.005 . Memory (MB): peak = 1840.684 ; gain = 0.000
open_run: Time (s): cpu = 00:00:10 ; elapsed = 00:00:11 . Memory (MB): peak = 1840.684 ; gain = 815.762
INFO: [Common 17-344] 'open_run' was cancelled
synth_design -rtl -name rtl_1
Command: synth_design -rtl -name rtl_1
Starting synth_design
Using part: xc7a35tcpg236-1
Top: top_control
---------------------------------------------------------------------------------
Starting RTL Elaboration : Time (s): cpu = 00:00:02 ; elapsed = 00:00:02 . Memory (MB): peak = 1907.949 ; gain = 67.266
---------------------------------------------------------------------------------
INFO: [Synth 8-6157] synthesizing module 'top_control' [C:/Users/gs10403/CA-LAB-SPR-2026/Vivado Labs/Lab09/Lab09_task3/Lab09_task3.srcs/sources_1/new/Top.v:23]
	Parameter IDLE bound to: 2'b00 
	Parameter READ bound to: 2'b01 
	Parameter EXECUTE bound to: 2'b10 
	Parameter DISPLAY bound to: 2'b11 
INFO: [Synth 8-6157] synthesizing module 'MainControl' [C:/Users/gs10403/CA-LAB-SPR-2026/Vivado Labs/Lab09/Lab09_task1/Lab09_task1.srcs/sources_1/new/main_control.v:23]
INFO: [Synth 8-6155] done synthesizing module 'MainControl' (1#1) [C:/Users/gs10403/CA-LAB-SPR-2026/Vivado Labs/Lab09/Lab09_task1/Lab09_task1.srcs/sources_1/new/main_control.v:23]
INFO: [Synth 8-6157] synthesizing module 'ALUControl' [C:/Users/gs10403/CA-LAB-SPR-2026/Vivado Labs/Lab09/Lab09_task1/Lab09_task1.srcs/sources_1/new/alu_control.v:23]
INFO: [Synth 8-6155] done synthesizing module 'ALUControl' (2#1) [C:/Users/gs10403/CA-LAB-SPR-2026/Vivado Labs/Lab09/Lab09_task1/Lab09_task1.srcs/sources_1/new/alu_control.v:23]
INFO: [Synth 8-226] default block is never used [C:/Users/gs10403/CA-LAB-SPR-2026/Vivado Labs/Lab09/Lab09_task3/Lab09_task3.srcs/sources_1/new/Top.v:85]
INFO: [Synth 8-6155] done synthesizing module 'top_control' (3#1) [C:/Users/gs10403/CA-LAB-SPR-2026/Vivado Labs/Lab09/Lab09_task3/Lab09_task3.srcs/sources_1/new/Top.v:23]
---------------------------------------------------------------------------------
Finished RTL Elaboration : Time (s): cpu = 00:00:02 ; elapsed = 00:00:03 . Memory (MB): peak = 1938.230 ; gain = 97.547
---------------------------------------------------------------------------------
---------------------------------------------------------------------------------
Start Handling Custom Attributes
---------------------------------------------------------------------------------
---------------------------------------------------------------------------------
Finished Handling Custom Attributes : Time (s): cpu = 00:00:03 ; elapsed = 00:00:03 . Memory (MB): peak = 1960.133 ; gain = 119.449
---------------------------------------------------------------------------------
---------------------------------------------------------------------------------
Finished RTL Optimization Phase 1 : Time (s): cpu = 00:00:03 ; elapsed = 00:00:03 . Memory (MB): peak = 1960.133 ; gain = 119.449
---------------------------------------------------------------------------------
Netlist sorting complete. Time (s): cpu = 00:00:00 ; elapsed = 00:00:00 . Memory (MB): peak = 1960.133 ; gain = 0.000
INFO: [Project 1-570] Preparing netlist for logic optimization

Processing XDC Constraints
Initializing timing engine
Parsing XDC File [C:/Users/gs10403/CA-LAB-SPR-2026/Vivado Labs/Lab09/Lab09_task3/Lab09_task3.srcs/constrs_1/new/const1.xdc]
Finished Parsing XDC File [C:/Users/gs10403/CA-LAB-SPR-2026/Vivado Labs/Lab09/Lab09_task3/Lab09_task3.srcs/constrs_1/new/const1.xdc]
Completed Processing XDC Constraints

INFO: [Opt 31-138] Pushed 0 inverter(s) to 0 load pin(s).
Netlist sorting complete. Time (s): cpu = 00:00:00 ; elapsed = 00:00:00 . Memory (MB): peak = 2043.258 ; gain = 0.000
INFO: [Project 1-111] Unisim Transformation Summary:
No Unisim elements were transformed.

RTL Elaboration Complete:  : Time (s): cpu = 00:00:09 ; elapsed = 00:00:05 . Memory (MB): peak = 2088.016 ; gain = 247.332
10 Infos, 0 Warnings, 0 Critical Warnings and 0 Errors encountered.
synth_design completed successfully
synth_design: Time (s): cpu = 00:00:09 ; elapsed = 00:00:05 . Memory (MB): peak = 2088.016 ; gain = 247.332
close [ open {C:/Users/gs10403/CA-LAB-SPR-2026/Vivado Labs/Lab09/Lab09_task3/Lab09_task3.srcs/sources_1/new/FSM.v} w ]
add_files {{C:/Users/gs10403/CA-LAB-SPR-2026/Vivado Labs/Lab09/Lab09_task3/Lab09_task3.srcs/sources_1/new/FSM.v}}
update_compile_order -fileset sources_1
update_compile_order -fileset sources_1
reset_run synth_1
launch_runs synth_1 -jobs 10
[Thu Apr  9 10:34:33 2026] Launched synth_1...
Run output will be captured here: C:/Users/gs10403/CA-LAB-SPR-2026/Vivado Labs/Lab09/Lab09_task3/Lab09_task3.runs/synth_1/runme.log
launch_runs impl_1 -jobs 10
[Thu Apr  9 10:35:15 2026] Launched impl_1...
Run output will be captured here: C:/Users/gs10403/CA-LAB-SPR-2026/Vivado Labs/Lab09/Lab09_task3/Lab09_task3.runs/impl_1/runme.log
launch_runs impl_1 -to_step write_bitstream -jobs 10
[Thu Apr  9 10:36:18 2026] Launched impl_1...
Run output will be captured here: C:/Users/gs10403/CA-LAB-SPR-2026/Vivado Labs/Lab09/Lab09_task3/Lab09_task3.runs/impl_1/runme.log
refresh_design
---------------------------------------------------------------------------------
Starting RTL Elaboration : Time (s): cpu = 00:00:02 ; elapsed = 00:00:02 . Memory (MB): peak = 2127.441 ; gain = 24.672
---------------------------------------------------------------------------------
INFO: [Synth 8-6157] synthesizing module 'top_control' [C:/Users/gs10403/CA-LAB-SPR-2026/Vivado Labs/Lab09/Lab09_task3/Lab09_task3.srcs/sources_1/new/Top.v:25]
INFO: [Synth 8-6157] synthesizing module 'MainControl' [C:/Users/gs10403/CA-LAB-SPR-2026/Vivado Labs/Lab09/Lab09_task1/Lab09_task1.srcs/sources_1/new/main_control.v:23]
INFO: [Synth 8-6155] done synthesizing module 'MainControl' (1#1) [C:/Users/gs10403/CA-LAB-SPR-2026/Vivado Labs/Lab09/Lab09_task1/Lab09_task1.srcs/sources_1/new/main_control.v:23]
INFO: [Synth 8-6157] synthesizing module 'ALUControl' [C:/Users/gs10403/CA-LAB-SPR-2026/Vivado Labs/Lab09/Lab09_task1/Lab09_task1.srcs/sources_1/new/alu_control.v:23]
INFO: [Synth 8-6155] done synthesizing module 'ALUControl' (2#1) [C:/Users/gs10403/CA-LAB-SPR-2026/Vivado Labs/Lab09/Lab09_task1/Lab09_task1.srcs/sources_1/new/alu_control.v:23]
INFO: [Synth 8-6157] synthesizing module 'control_fsm' [C:/Users/gs10403/CA-LAB-SPR-2026/Vivado Labs/Lab09/Lab09_task3/Lab09_task3.srcs/sources_1/new/FSM.v:23]
	Parameter IDLE bound to: 2'b00 
	Parameter READ bound to: 2'b01 
	Parameter EXECUTE bound to: 2'b10 
	Parameter DISPLAY bound to: 2'b11 
INFO: [Synth 8-226] default block is never used [C:/Users/gs10403/CA-LAB-SPR-2026/Vivado Labs/Lab09/Lab09_task3/Lab09_task3.srcs/sources_1/new/FSM.v:45]
INFO: [Synth 8-6155] done synthesizing module 'control_fsm' (3#1) [C:/Users/gs10403/CA-LAB-SPR-2026/Vivado Labs/Lab09/Lab09_task3/Lab09_task3.srcs/sources_1/new/FSM.v:23]
INFO: [Synth 8-6155] done synthesizing module 'top_control' (4#1) [C:/Users/gs10403/CA-LAB-SPR-2026/Vivado Labs/Lab09/Lab09_task3/Lab09_task3.srcs/sources_1/new/Top.v:25]
---------------------------------------------------------------------------------
Finished RTL Elaboration : Time (s): cpu = 00:00:03 ; elapsed = 00:00:03 . Memory (MB): peak = 2156.863 ; gain = 54.094
---------------------------------------------------------------------------------
---------------------------------------------------------------------------------
Start Handling Custom Attributes
---------------------------------------------------------------------------------
---------------------------------------------------------------------------------
Finished Handling Custom Attributes : Time (s): cpu = 00:00:03 ; elapsed = 00:00:03 . Memory (MB): peak = 2180.742 ; gain = 77.973
---------------------------------------------------------------------------------
---------------------------------------------------------------------------------
Finished RTL Optimization Phase 1 : Time (s): cpu = 00:00:03 ; elapsed = 00:00:03 . Memory (MB): peak = 2180.742 ; gain = 77.973
---------------------------------------------------------------------------------
Netlist sorting complete. Time (s): cpu = 00:00:00 ; elapsed = 00:00:00 . Memory (MB): peak = 2238.328 ; gain = 0.000
INFO: [Project 1-570] Preparing netlist for logic optimization

Processing XDC Constraints
Initializing timing engine
Parsing XDC File [C:/Users/gs10403/CA-LAB-SPR-2026/Vivado Labs/Lab09/Lab09_task3/Lab09_task3.srcs/constrs_1/new/const1.xdc]
Finished Parsing XDC File [C:/Users/gs10403/CA-LAB-SPR-2026/Vivado Labs/Lab09/Lab09_task3/Lab09_task3.srcs/constrs_1/new/const1.xdc]
Completed Processing XDC Constraints

INFO: [Opt 31-138] Pushed 0 inverter(s) to 0 load pin(s).
refresh_design: Time (s): cpu = 00:00:08 ; elapsed = 00:00:05 . Memory (MB): peak = 2294.133 ; gain = 191.363
open_hw_manager
connect_hw_server -allow_non_jtag
INFO: [Labtools 27-2285] Connecting to hw_server url TCP:localhost:3121
INFO: [Labtools 27-2222] Launching hw_server...
INFO: [Labtools 27-2221] Launch Output:

****** Xilinx hw_server v2020.1
  **** Build date : May 27 2020 at 20:24:38
    ** Copyright 1986-2020 Xilinx, Inc. All Rights Reserved.


INFO: [Labtools 27-3415] Connecting to cs_server url TCP:localhost:3042
INFO: [Labtools 27-3417] Launching cs_server...
INFO: [Labtools 27-2221] Launch Output:


****** Xilinx cs_server v2020.1.0
  **** Build date : May 14 2020-06:10:29
    ** Copyright 2017-2020 Xilinx, Inc. All Rights Reserved.



connect_hw_server: Time (s): cpu = 00:00:00 ; elapsed = 00:00:09 . Memory (MB): peak = 2324.129 ; gain = 0.000
open_hw_target
INFO: [Labtoolstcl 44-466] Opening hw_target localhost:3121/xilinx_tcf/Digilent/210183AF2A4FA
set_property PROGRAM.FILE {C:/Users/gs10403/CA-LAB-SPR-2026/Vivado Labs/Lab09/Lab09_task3/Lab09_task3.runs/impl_1/top_control.bit} [get_hw_devices xc7a35t_0]
current_hw_device [get_hw_devices xc7a35t_0]
refresh_hw_device -update_hw_probes false [lindex [get_hw_devices xc7a35t_0] 0]
INFO: [Labtools 27-1434] Device xc7a35t (JTAG device index = 0) is programmed with a design that has no supported debug core(s) in it.
refresh_hw_device [lindex [get_hw_devices xc7a35t_0] 0]
INFO: [Labtools 27-1434] Device xc7a35t (JTAG device index = 0) is programmed with a design that has no supported debug core(s) in it.
set_property PROBES.FILE {} [get_hw_devices xc7a35t_0]
set_property FULL_PROBES.FILE {} [get_hw_devices xc7a35t_0]
set_property PROGRAM.FILE {C:/Users/gs10403/CA-LAB-SPR-2026/Vivado Labs/Lab09/Lab09_task3/Lab09_task3.runs/impl_1/top_control.bit} [get_hw_devices xc7a35t_0]
program_hw_devices [get_hw_devices xc7a35t_0]
INFO: [Labtools 27-3164] End of startup status: HIGH
refresh_hw_device [lindex [get_hw_devices xc7a35t_0] 0]
INFO: [Labtools 27-1434] Device xc7a35t (JTAG device index = 0) is programmed with a design that has no supported debug core(s) in it.
ERROR: [Labtoolstcl 44-513] HW Target shutdown. Closing target: localhost:3121/xilinx_tcf/Digilent/210183AF2A4FA
INFO: [Labtoolstcl 44-466] Opening hw_target localhost:3121/xilinx_tcf/Digilent/210183AF2A4FA
INFO: [Labtools 27-1434] Device xc7a35t (JTAG device index = 0) is programmed with a design that has no supported debug core(s) in it.
WARNING: [Labtoolstcl 44-129] No matching hw_ila_data was found.
launch_simulation
Command: launch_simulation 
INFO: [Vivado 12-5682] Launching behavioral simulation in 'C:/Users/gs10403/CA-LAB-SPR-2026/Vivado Labs/Lab09/Lab09_task3/Lab09_task3.sim/sim_1/behav/xsim'
INFO: [SIM-utils-51] Simulation object is 'sim_1'
INFO: [SIM-utils-54] Inspecting design source files for 'top_control' in fileset 'sim_1'...
INFO: [USF-XSim-97] Finding global include files...
INFO: [USF-XSim-98] Fetching design files from 'sim_1'...
INFO: [USF-XSim-2] XSim::Compile design
INFO: [USF-XSim-61] Executing 'COMPILE and ANALYZE' step in 'C:/Users/gs10403/CA-LAB-SPR-2026/Vivado Labs/Lab09/Lab09_task3/Lab09_task3.sim/sim_1/behav/xsim'
"xvlog --incr --relax -prj top_control_vlog.prj"
INFO: [VRFC 10-2263] Analyzing Verilog file "C:/Users/gs10403/CA-LAB-SPR-2026/Vivado Labs/Lab09/Lab09_task3/Lab09_task3.srcs/sources_1/new/FSM.v" into library xil_defaultlib
INFO: [VRFC 10-311] analyzing module control_fsm
INFO: [VRFC 10-2263] Analyzing Verilog file "C:/Users/gs10403/CA-LAB-SPR-2026/Vivado Labs/Lab09/Lab09_task1/Lab09_task1.srcs/sources_1/new/alu_control.v" into library xil_defaultlib
INFO: [VRFC 10-311] analyzing module ALUControl
INFO: [VRFC 10-2263] Analyzing Verilog file "C:/Users/gs10403/CA-LAB-SPR-2026/Vivado Labs/Lab09/Lab09_task1/Lab09_task1.srcs/sources_1/new/main_control.v" into library xil_defaultlib
INFO: [VRFC 10-311] analyzing module MainControl
INFO: [VRFC 10-2263] Analyzing Verilog file "C:/Users/gs10403/CA-LAB-SPR-2026/Vivado Labs/Lab09/Lab09_task3/Lab09_task3.srcs/sources_1/new/Top.v" into library xil_defaultlib
INFO: [VRFC 10-311] analyzing module top_control
INFO: [VRFC 10-2263] Analyzing Verilog file "C:/Users/gs10403/CA-LAB-SPR-2026/Vivado Labs/Lab09/Lab09_task3/Lab09_task3.sim/sim_1/behav/xsim/glbl.v" into library xil_defaultlib
INFO: [VRFC 10-311] analyzing module glbl
INFO: [USF-XSim-69] 'compile' step finished in '1' seconds
INFO: [USF-XSim-3] XSim::Elaborate design
INFO: [USF-XSim-61] Executing 'ELABORATE' step in 'C:/Users/gs10403/CA-LAB-SPR-2026/Vivado Labs/Lab09/Lab09_task3/Lab09_task3.sim/sim_1/behav/xsim'
"xelab -wto 1b5486615d004a20b968476093abf059 --incr --debug typical --relax --mt 2 -L xil_defaultlib -L unisims_ver -L unimacro_ver -L secureip --snapshot top_control_behav xil_defaultlib.top_control xil_defaultlib.glbl -log elaborate.log"
Vivado Simulator 2020.1
Copyright 1986-1999, 2001-2020 Xilinx, Inc. All Rights Reserved.
Running: C:/Xilinx/Vivado/2020.1/bin/unwrapped/win64.o/xelab.exe -wto 1b5486615d004a20b968476093abf059 --incr --debug typical --relax --mt 2 -L xil_defaultlib -L unisims_ver -L unimacro_ver -L secureip --snapshot top_control_behav xil_defaultlib.top_control xil_defaultlib.glbl -log elaborate.log 
Using 2 slave threads.
Starting static elaboration
Pass Through NonSizing Optimizer
Completed static elaboration
Starting simulation data flow analysis
Completed simulation data flow analysis
Time Resolution for simulation is 1ps
Compiling module xil_defaultlib.MainControl
Compiling module xil_defaultlib.ALUControl
Compiling module xil_defaultlib.control_fsm
Compiling module xil_defaultlib.top_control
Compiling module xil_defaultlib.glbl
Built simulation snapshot top_control_behav

****** Webtalk v2020.1 (64-bit)
  **** SW Build 2902540 on Wed May 27 19:54:49 MDT 2020
  **** IP Build 2902112 on Wed May 27 22:43:36 MDT 2020
    ** Copyright 1986-2020 Xilinx, Inc. All Rights Reserved.

source C:/Users/gs10403/CA-LAB-SPR-2026/Vivado -notrace
invalid command name "%"
    while executing
"% Total    % Received % Xferd  Average Speed   Time    Time     Time  Current"
    (file "C:/Users/gs10403/CA-LAB-SPR-2026/Vivado" line 1)
INFO: [Common 17-206] Exiting Webtalk at Thu Apr  9 13:06:27 2026...
INFO: [USF-XSim-69] 'elaborate' step finished in '4' seconds
INFO: [USF-XSim-4] XSim::Simulate design
INFO: [USF-XSim-61] Executing 'SIMULATE' step in 'C:/Users/gs10403/CA-LAB-SPR-2026/Vivado Labs/Lab09/Lab09_task3/Lab09_task3.sim/sim_1/behav/xsim'
INFO: [USF-XSim-98] *** Running xsim
   with args "top_control_behav -key {Behavioral:sim_1:Functional:top_control} -tclbatch {top_control.tcl} -log {simulate.log}"
INFO: [USF-XSim-8] Loading simulator feature
Vivado Simulator 2020.1
Time resolution is 1 ps
source top_control.tcl
# set curr_wave [current_wave_config]
# if { [string length $curr_wave] == 0 } {
#   if { [llength [get_objects]] > 0} {
#     add_wave /
#     set_property needs_save false [current_wave_config]
#   } else {
#      send_msg_id Add_Wave-1 WARNING "No top level signals found. Simulator will start without a wave window. If you want to open a wave window go to 'File->New Waveform Configuration' or type 'create_wave_config' in the TCL console."
#   }
# }
# run 1000ns
INFO: [USF-XSim-96] XSim completed. Design snapshot 'top_control_behav' loaded.
INFO: [USF-XSim-97] XSim simulation ran for 1000ns
launch_simulation: Time (s): cpu = 00:00:06 ; elapsed = 00:00:09 . Memory (MB): peak = 3545.496 ; gain = 29.848
ERROR: [Labtoolstcl 44-513] HW Target shutdown. Closing target: localhost:3121/xilinx_tcf/Digilent/210183AF2A4FA
close_sim
INFO: [Simtcl 6-16] Simulation closed
exit
INFO: [Common 17-206] Exiting Vivado at Thu Apr  9 13:24:18 2026...
