
*** Running vivado
    with args -log TopLevelProcessor.vds -m64 -product Vivado -mode batch -messageDb vivado.pb -notrace -source TopLevelProcessor.tcl



****** Vivado v2020.1 (64-bit)
  **** SW Build 2902540 on Wed May 27 19:54:49 MDT 2020
  **** IP Build 2902112 on Wed May 27 22:43:36 MDT 2020
    ** Copyright 1986-2020 Xilinx, Inc. All Rights Reserved.

source TopLevelProcessor.tcl -notrace
Command: synth_design -top TopLevelProcessor -part xc7a35tcpg236-1
Starting synth_design
Attempting to get a license for feature 'Synthesis' and/or device 'xc7a35t'
INFO: [Common 17-349] Got license for feature 'Synthesis' and/or device 'xc7a35t'
INFO: [Device 21-403] Loading part xc7a35tcpg236-1
INFO: [Synth 8-7079] Multithreading enabled for synth_design using a maximum of 2 processes.
INFO: [Synth 8-7078] Launching helper process for spawning children vivado processes
INFO: [Synth 8-7075] Helper process launched with PID 17052
---------------------------------------------------------------------------------
Starting RTL Elaboration : Time (s): cpu = 00:00:02 ; elapsed = 00:00:03 . Memory (MB): peak = 1028.203 ; gain = 0.000
---------------------------------------------------------------------------------
INFO: [Synth 8-6157] synthesizing module 'TopLevelProcessor' [C:/Users/gs10403/CA-LAB-SPR-2026/Vivado Labs/Lab11/Task2/Task2.srcs/sources_1/new/TopProcessor.v:25]
INFO: [Synth 8-6157] synthesizing module 'debouncer' [C:/Users/gs10403/CA-LAB-SPR-2026/Vivado Labs/Lab07/Lab07-Task3/Lab07-Task3.srcs/sources_1/new/debouncer.v:23]
INFO: [Synth 8-6155] done synthesizing module 'debouncer' (1#1) [C:/Users/gs10403/CA-LAB-SPR-2026/Vivado Labs/Lab07/Lab07-Task3/Lab07-Task3.srcs/sources_1/new/debouncer.v:23]
INFO: [Synth 8-6157] synthesizing module 'ProgramCounter' [C:/Users/gs10403/CA-LAB-SPR-2026/Vivado Labs/Lab11/Task1/Task1.srcs/sources_1/new/ProgramCounter.v:23]
INFO: [Synth 8-6155] done synthesizing module 'ProgramCounter' (2#1) [C:/Users/gs10403/CA-LAB-SPR-2026/Vivado Labs/Lab11/Task1/Task1.srcs/sources_1/new/ProgramCounter.v:23]
INFO: [Synth 8-6157] synthesizing module 'pcAdder' [C:/Users/gs10403/CA-LAB-SPR-2026/Vivado Labs/Lab11/Task1/Task1.srcs/sources_1/new/pcAdder.v:33]
INFO: [Synth 8-6157] synthesizing module 'full_adder' [C:/Users/gs10403/CA-LAB-SPR-2026/Vivado Labs/Lab06/Lab06-CA_task2/Lab06-CA.srcs/sources_1/new/ALU.v:27]
INFO: [Synth 8-6155] done synthesizing module 'full_adder' (3#1) [C:/Users/gs10403/CA-LAB-SPR-2026/Vivado Labs/Lab06/Lab06-CA_task2/Lab06-CA.srcs/sources_1/new/ALU.v:27]
INFO: [Synth 8-6155] done synthesizing module 'pcAdder' (4#1) [C:/Users/gs10403/CA-LAB-SPR-2026/Vivado Labs/Lab11/Task1/Task1.srcs/sources_1/new/pcAdder.v:33]
INFO: [Synth 8-6157] synthesizing module 'instructionMemory' [C:/Users/gs10403/CA-LAB-SPR-2026/Vivado Labs/Lab10/Task2/Task2.srcs/sources_1/new/InstructionMemory.v:49]
INFO: [Synth 8-3876] $readmem data file 'program.mem' is read successfully [C:/Users/gs10403/CA-LAB-SPR-2026/Vivado Labs/Lab10/Task2/Task2.srcs/sources_1/new/InstructionMemory.v:57]
INFO: [Synth 8-6155] done synthesizing module 'instructionMemory' (5#1) [C:/Users/gs10403/CA-LAB-SPR-2026/Vivado Labs/Lab10/Task2/Task2.srcs/sources_1/new/InstructionMemory.v:49]
INFO: [Synth 8-6157] synthesizing module 'MainControl' [C:/Users/gs10403/CA-LAB-SPR-2026/Vivado Labs/Lab09/Lab09_task1/Lab09_task1.srcs/sources_1/new/main_control.v:23]
INFO: [Synth 8-6155] done synthesizing module 'MainControl' (6#1) [C:/Users/gs10403/CA-LAB-SPR-2026/Vivado Labs/Lab09/Lab09_task1/Lab09_task1.srcs/sources_1/new/main_control.v:23]
WARNING: [Synth 8-7071] port 'Jump' of module 'MainControl' is unconnected for instance 'control' [C:/Users/gs10403/CA-LAB-SPR-2026/Vivado Labs/Lab11/Task2/Task2.srcs/sources_1/new/TopProcessor.v:106]
WARNING: [Synth 8-7023] instance 'control' of module 'MainControl' has 9 connections declared, but only 8 given [C:/Users/gs10403/CA-LAB-SPR-2026/Vivado Labs/Lab11/Task2/Task2.srcs/sources_1/new/TopProcessor.v:106]
INFO: [Synth 8-6157] synthesizing module 'RegisterFile' [C:/Users/gs10403/CA-LAB-SPR-2026/Vivado Labs/Lab07/Lab07-CA-Task2/Lab07-CA-Task2.srcs/sources_1/new/register.v:3]
INFO: [Synth 8-6155] done synthesizing module 'RegisterFile' (7#1) [C:/Users/gs10403/CA-LAB-SPR-2026/Vivado Labs/Lab07/Lab07-CA-Task2/Lab07-CA-Task2.srcs/sources_1/new/register.v:3]
INFO: [Synth 8-6157] synthesizing module 'immGen' [C:/Users/gs10403/CA-LAB-SPR-2026/Vivado Labs/Lab11/Task1/Task1.srcs/sources_1/new/immGen.v:23]
INFO: [Synth 8-6155] done synthesizing module 'immGen' (8#1) [C:/Users/gs10403/CA-LAB-SPR-2026/Vivado Labs/Lab11/Task1/Task1.srcs/sources_1/new/immGen.v:23]
INFO: [Synth 8-6157] synthesizing module 'ALUControl' [C:/Users/gs10403/CA-LAB-SPR-2026/Vivado Labs/Lab09/Lab09_task1/Lab09_task1.srcs/sources_1/new/alu_control.v:23]
INFO: [Synth 8-226] default block is never used [C:/Users/gs10403/CA-LAB-SPR-2026/Vivado Labs/Lab09/Lab09_task1/Lab09_task1.srcs/sources_1/new/alu_control.v:31]
INFO: [Synth 8-6155] done synthesizing module 'ALUControl' (9#1) [C:/Users/gs10403/CA-LAB-SPR-2026/Vivado Labs/Lab09/Lab09_task1/Lab09_task1.srcs/sources_1/new/alu_control.v:23]
INFO: [Synth 8-6157] synthesizing module 'mux2' [C:/Users/gs10403/CA-LAB-SPR-2026/Vivado Labs/Lab11/Task1/Task1.srcs/sources_1/new/mux.v:23]
INFO: [Synth 8-6155] done synthesizing module 'mux2' (10#1) [C:/Users/gs10403/CA-LAB-SPR-2026/Vivado Labs/Lab11/Task1/Task1.srcs/sources_1/new/mux.v:23]
INFO: [Synth 8-6157] synthesizing module 'ALU_32bit' [C:/Users/gs10403/CA-LAB-SPR-2026/Vivado Labs/Lab06/Lab06-CA_task2/Lab06-CA.srcs/sources_1/new/ALU.v:82]
INFO: [Synth 8-6157] synthesizing module 'ALU_1bit' [C:/Users/gs10403/CA-LAB-SPR-2026/Vivado Labs/Lab06/Lab06-CA_task2/Lab06-CA.srcs/sources_1/new/ALU.v:40]
INFO: [Synth 8-6155] done synthesizing module 'ALU_1bit' (11#1) [C:/Users/gs10403/CA-LAB-SPR-2026/Vivado Labs/Lab06/Lab06-CA_task2/Lab06-CA.srcs/sources_1/new/ALU.v:40]
INFO: [Synth 8-6155] done synthesizing module 'ALU_32bit' (12#1) [C:/Users/gs10403/CA-LAB-SPR-2026/Vivado Labs/Lab06/Lab06-CA_task2/Lab06-CA.srcs/sources_1/new/ALU.v:82]
INFO: [Synth 8-6157] synthesizing module 'branchAdder' [C:/Users/gs10403/CA-LAB-SPR-2026/Vivado Labs/Lab11/Task1/Task1.srcs/sources_1/new/branchAdder.v:23]
INFO: [Synth 8-6155] done synthesizing module 'branchAdder' (13#1) [C:/Users/gs10403/CA-LAB-SPR-2026/Vivado Labs/Lab11/Task1/Task1.srcs/sources_1/new/branchAdder.v:23]
INFO: [Synth 8-6157] synthesizing module 'addressDecoderTop' [C:/Users/gs10403/CA-LAB-SPR-2026/Vivado Labs/Lab08/Lab08-Task2/Lab08-Task2.srcs/sources_1/new/AddDecoder_Top.v:191]
INFO: [Synth 8-6157] synthesizing module 'AddressDecoder' [C:/Users/gs10403/CA-LAB-SPR-2026/Vivado Labs/Lab08/Lab08-Task2/Lab08-Task2.srcs/sources_1/new/AddressDecoder.v:23]
INFO: [Synth 8-6155] done synthesizing module 'AddressDecoder' (14#1) [C:/Users/gs10403/CA-LAB-SPR-2026/Vivado Labs/Lab08/Lab08-Task2/Lab08-Task2.srcs/sources_1/new/AddressDecoder.v:23]
INFO: [Synth 8-6157] synthesizing module 'DataMemory' [C:/Users/gs10403/CA-LAB-SPR-2026/Vivado Labs/Lab08/Lab08-Task2/Lab08-Task2.srcs/sources_1/new/DataMemory.v:23]
INFO: [Synth 8-6155] done synthesizing module 'DataMemory' (15#1) [C:/Users/gs10403/CA-LAB-SPR-2026/Vivado Labs/Lab08/Lab08-Task2/Lab08-Task2.srcs/sources_1/new/DataMemory.v:23]
INFO: [Synth 8-6157] synthesizing module 'led_driver' [C:/Users/gs10403/CA-LAB-SPR-2026/Vivado Labs/Lab07/Lab07-Task3/Lab07-Task3.srcs/sources_1/new/led.v:23]
INFO: [Synth 8-6155] done synthesizing module 'led_driver' (16#1) [C:/Users/gs10403/CA-LAB-SPR-2026/Vivado Labs/Lab07/Lab07-Task3/Lab07-Task3.srcs/sources_1/new/led.v:23]
INFO: [Synth 8-6157] synthesizing module 'switch_reader' [C:/Users/gs10403/CA-LAB-SPR-2026/Vivado Labs/Lab07/Lab07-Task3/Lab07-Task3.srcs/sources_1/new/switches.v:23]
INFO: [Synth 8-6155] done synthesizing module 'switch_reader' (17#1) [C:/Users/gs10403/CA-LAB-SPR-2026/Vivado Labs/Lab07/Lab07-Task3/Lab07-Task3.srcs/sources_1/new/switches.v:23]
INFO: [Synth 8-6155] done synthesizing module 'addressDecoderTop' (18#1) [C:/Users/gs10403/CA-LAB-SPR-2026/Vivado Labs/Lab08/Lab08-Task2/Lab08-Task2.srcs/sources_1/new/AddDecoder_Top.v:191]
INFO: [Synth 8-6155] done synthesizing module 'TopLevelProcessor' (19#1) [C:/Users/gs10403/CA-LAB-SPR-2026/Vivado Labs/Lab11/Task2/Task2.srcs/sources_1/new/TopProcessor.v:25]
---------------------------------------------------------------------------------
Finished RTL Elaboration : Time (s): cpu = 00:00:03 ; elapsed = 00:00:04 . Memory (MB): peak = 1028.203 ; gain = 0.000
---------------------------------------------------------------------------------
---------------------------------------------------------------------------------
Start Handling Custom Attributes
---------------------------------------------------------------------------------
---------------------------------------------------------------------------------
Finished Handling Custom Attributes : Time (s): cpu = 00:00:03 ; elapsed = 00:00:04 . Memory (MB): peak = 1028.203 ; gain = 0.000
---------------------------------------------------------------------------------
---------------------------------------------------------------------------------
Finished RTL Optimization Phase 1 : Time (s): cpu = 00:00:03 ; elapsed = 00:00:04 . Memory (MB): peak = 1028.203 ; gain = 0.000
---------------------------------------------------------------------------------
Netlist sorting complete. Time (s): cpu = 00:00:00 ; elapsed = 00:00:00.013 . Memory (MB): peak = 1028.203 ; gain = 0.000
INFO: [Project 1-570] Preparing netlist for logic optimization

Processing XDC Constraints
Initializing timing engine
Parsing XDC File [C:/Users/gs10403/CA-LAB-SPR-2026/Vivado Labs/Lab11/Task2/Task2.srcs/constrs_1/new/FinalConst.xdc]
Finished Parsing XDC File [C:/Users/gs10403/CA-LAB-SPR-2026/Vivado Labs/Lab11/Task2/Task2.srcs/constrs_1/new/FinalConst.xdc]
INFO: [Project 1-236] Implementation specific constraints were found while reading constraint file [C:/Users/gs10403/CA-LAB-SPR-2026/Vivado Labs/Lab11/Task2/Task2.srcs/constrs_1/new/FinalConst.xdc]. These constraints will be ignored for synthesis but will be used in implementation. Impacted constraints are listed in the file [.Xil/TopLevelProcessor_propImpl.xdc].
Resolution: To avoid this warning, move constraints listed in [.Xil/TopLevelProcessor_propImpl.xdc] to another XDC file and exclude this new file from synthesis with the used_in_synthesis property (File Properties dialog in GUI) and re-run elaboration/synthesis.
Completed Processing XDC Constraints

Netlist sorting complete. Time (s): cpu = 00:00:00 ; elapsed = 00:00:00 . Memory (MB): peak = 1043.141 ; gain = 0.000
INFO: [Project 1-111] Unisim Transformation Summary:
No Unisim elements were transformed.

Constraint Validation Runtime : Time (s): cpu = 00:00:00 ; elapsed = 00:00:00.007 . Memory (MB): peak = 1043.141 ; gain = 0.000
---------------------------------------------------------------------------------
Finished Constraint Validation : Time (s): cpu = 00:00:07 ; elapsed = 00:00:08 . Memory (MB): peak = 1043.141 ; gain = 14.938
---------------------------------------------------------------------------------
---------------------------------------------------------------------------------
Start Loading Part and Timing Information
---------------------------------------------------------------------------------
Loading part: xc7a35tcpg236-1
---------------------------------------------------------------------------------
Finished Loading Part and Timing Information : Time (s): cpu = 00:00:07 ; elapsed = 00:00:08 . Memory (MB): peak = 1043.141 ; gain = 14.938
---------------------------------------------------------------------------------
---------------------------------------------------------------------------------
Start Applying 'set_property' XDC Constraints
---------------------------------------------------------------------------------
---------------------------------------------------------------------------------
Finished applying 'set_property' XDC Constraints : Time (s): cpu = 00:00:07 ; elapsed = 00:00:08 . Memory (MB): peak = 1043.141 ; gain = 14.938
---------------------------------------------------------------------------------
---------------------------------------------------------------------------------
Finished RTL Optimization Phase 2 : Time (s): cpu = 00:00:07 ; elapsed = 00:00:08 . Memory (MB): peak = 1043.141 ; gain = 14.938
---------------------------------------------------------------------------------
---------------------------------------------------------------------------------
Start RTL Component Statistics 
---------------------------------------------------------------------------------
Detailed RTL Component Info : 
+---Adders : 
	   2 Input   32 Bit       Adders := 1     
+---XORs : 
	   2 Input      1 Bit         XORs := 192   
+---Registers : 
	               32 Bit    Registers := 34    
	               16 Bit    Registers := 1     
	                1 Bit    Registers := 4     
+---Muxes : 
	  26 Input   32 Bit        Muxes := 1     
	  33 Input   32 Bit        Muxes := 2     
	   6 Input   32 Bit        Muxes := 1     
	   2 Input   32 Bit        Muxes := 7     
	   5 Input   32 Bit        Muxes := 1     
	   4 Input    4 Bit        Muxes := 1     
	   7 Input    4 Bit        Muxes := 1     
	   6 Input    3 Bit        Muxes := 1     
	   2 Input    3 Bit        Muxes := 1     
	   5 Input    3 Bit        Muxes := 1     
	   8 Input    2 Bit        Muxes := 1     
	   8 Input    1 Bit        Muxes := 6     
	   2 Input    1 Bit        Muxes := 64    
---------------------------------------------------------------------------------
Finished RTL Component Statistics 
---------------------------------------------------------------------------------
---------------------------------------------------------------------------------
Start Part Resource Summary
---------------------------------------------------------------------------------
Part Resources:
DSPs: 90 (col length:60)
BRAMs: 100 (col length: RAMB18 60 RAMB36 30)
---------------------------------------------------------------------------------
Finished Part Resource Summary
---------------------------------------------------------------------------------
---------------------------------------------------------------------------------
Start Cross Boundary and Area Optimization
---------------------------------------------------------------------------------
---------------------------------------------------------------------------------
Finished Cross Boundary and Area Optimization : Time (s): cpu = 00:00:47 ; elapsed = 00:00:48 . Memory (MB): peak = 1107.809 ; gain = 79.605
---------------------------------------------------------------------------------
---------------------------------------------------------------------------------
Start ROM, RAM, DSP and Shift Register Reporting
---------------------------------------------------------------------------------

Distributed RAM: Preliminary Mapping	Report (see note below)
+------------------+----------------------+-----------+----------------------+-----------------+
|Module Name       | RTL Object           | Inference | Size (Depth x Width) | Primitives      | 
+------------------+----------------------+-----------+----------------------+-----------------+
|TopLevelProcessor | MEM_IO/DM/memory_reg | Implied   | 512 x 32             | RAM256X1S x 64	 | 
+------------------+----------------------+-----------+----------------------+-----------------+

Note: The table above is a preliminary report that shows the Distributed RAMs at the current stage of the synthesis flow. Some Distributed RAMs may be reimplemented as non Distributed RAM primitives later in the synthesis flow. Multiple instantiated RAMs are reported only once.
---------------------------------------------------------------------------------
Finished ROM, RAM, DSP and Shift Register Reporting
---------------------------------------------------------------------------------
---------------------------------------------------------------------------------
Start Applying XDC Timing Constraints
---------------------------------------------------------------------------------
---------------------------------------------------------------------------------
Finished Applying XDC Timing Constraints : Time (s): cpu = 00:00:51 ; elapsed = 00:00:52 . Memory (MB): peak = 1107.809 ; gain = 79.605
---------------------------------------------------------------------------------
---------------------------------------------------------------------------------
Start Timing Optimization
---------------------------------------------------------------------------------
---------------------------------------------------------------------------------
Finished Timing Optimization : Time (s): cpu = 00:00:55 ; elapsed = 00:00:56 . Memory (MB): peak = 1107.809 ; gain = 79.605
---------------------------------------------------------------------------------
---------------------------------------------------------------------------------
Start ROM, RAM, DSP and Shift Register Reporting
---------------------------------------------------------------------------------

Distributed RAM: Final Mapping	Report
+------------------+----------------------+-----------+----------------------+-----------------+
|Module Name       | RTL Object           | Inference | Size (Depth x Width) | Primitives      | 
+------------------+----------------------+-----------+----------------------+-----------------+
|TopLevelProcessor | MEM_IO/DM/memory_reg | Implied   | 512 x 32             | RAM256X1S x 64	 | 
+------------------+----------------------+-----------+----------------------+-----------------+

---------------------------------------------------------------------------------
Finished ROM, RAM, DSP and Shift Register Reporting
---------------------------------------------------------------------------------
---------------------------------------------------------------------------------
Start Technology Mapping
---------------------------------------------------------------------------------
---------------------------------------------------------------------------------
Finished Technology Mapping : Time (s): cpu = 00:00:59 ; elapsed = 00:01:00 . Memory (MB): peak = 1107.809 ; gain = 79.605
---------------------------------------------------------------------------------
---------------------------------------------------------------------------------
Start IO Insertion
---------------------------------------------------------------------------------
---------------------------------------------------------------------------------
Start Flattening Before IO Insertion
---------------------------------------------------------------------------------
---------------------------------------------------------------------------------
Finished Flattening Before IO Insertion
---------------------------------------------------------------------------------
---------------------------------------------------------------------------------
Start Final Netlist Cleanup
---------------------------------------------------------------------------------
---------------------------------------------------------------------------------
Finished Final Netlist Cleanup
---------------------------------------------------------------------------------
---------------------------------------------------------------------------------
Finished IO Insertion : Time (s): cpu = 00:01:00 ; elapsed = 00:01:02 . Memory (MB): peak = 1107.809 ; gain = 79.605
---------------------------------------------------------------------------------
---------------------------------------------------------------------------------
Start Renaming Generated Instances
---------------------------------------------------------------------------------
---------------------------------------------------------------------------------
Finished Renaming Generated Instances : Time (s): cpu = 00:01:00 ; elapsed = 00:01:02 . Memory (MB): peak = 1107.809 ; gain = 79.605
---------------------------------------------------------------------------------
---------------------------------------------------------------------------------
Start Rebuilding User Hierarchy
---------------------------------------------------------------------------------
---------------------------------------------------------------------------------
Finished Rebuilding User Hierarchy : Time (s): cpu = 00:01:00 ; elapsed = 00:01:02 . Memory (MB): peak = 1107.809 ; gain = 79.605
---------------------------------------------------------------------------------
---------------------------------------------------------------------------------
Start Renaming Generated Ports
---------------------------------------------------------------------------------
---------------------------------------------------------------------------------
Finished Renaming Generated Ports : Time (s): cpu = 00:01:00 ; elapsed = 00:01:02 . Memory (MB): peak = 1107.809 ; gain = 79.605
---------------------------------------------------------------------------------
---------------------------------------------------------------------------------
Start Handling Custom Attributes
---------------------------------------------------------------------------------
---------------------------------------------------------------------------------
Finished Handling Custom Attributes : Time (s): cpu = 00:01:00 ; elapsed = 00:01:02 . Memory (MB): peak = 1107.809 ; gain = 79.605
---------------------------------------------------------------------------------
---------------------------------------------------------------------------------
Start Renaming Generated Nets
---------------------------------------------------------------------------------
---------------------------------------------------------------------------------
Finished Renaming Generated Nets : Time (s): cpu = 00:01:00 ; elapsed = 00:01:02 . Memory (MB): peak = 1107.809 ; gain = 79.605
---------------------------------------------------------------------------------
---------------------------------------------------------------------------------
Start Writing Synthesis Report
---------------------------------------------------------------------------------

Report BlackBoxes: 
+-+--------------+----------+
| |BlackBox name |Instances |
+-+--------------+----------+
+-+--------------+----------+

Report Cell Usage: 
+------+----------+------+
|      |Cell      |Count |
+------+----------+------+
|1     |BUFG      |     2|
|2     |CARRY4    |    15|
|3     |LUT1      |    11|
|4     |LUT2      |    35|
|5     |LUT3      |   169|
|6     |LUT4      |   126|
|7     |LUT5      |   225|
|8     |LUT6      |   232|
|9     |MUXF7     |   100|
|10    |RAM256X1S |    63|
|11    |FDCE      |   297|
|12    |FDRE      |    51|
|13    |IBUF      |    18|
|14    |OBUF      |    16|
+------+----------+------+
---------------------------------------------------------------------------------
Finished Writing Synthesis Report : Time (s): cpu = 00:01:00 ; elapsed = 00:01:02 . Memory (MB): peak = 1107.809 ; gain = 79.605
---------------------------------------------------------------------------------
Synthesis finished with 0 errors, 0 critical warnings and 0 warnings.
Synthesis Optimization Runtime : Time (s): cpu = 00:00:56 ; elapsed = 00:01:01 . Memory (MB): peak = 1107.809 ; gain = 64.668
Synthesis Optimization Complete : Time (s): cpu = 00:01:01 ; elapsed = 00:01:02 . Memory (MB): peak = 1107.809 ; gain = 79.605
INFO: [Project 1-571] Translating synthesized netlist
Netlist sorting complete. Time (s): cpu = 00:00:00 ; elapsed = 00:00:00.010 . Memory (MB): peak = 1108.266 ; gain = 0.000
INFO: [Netlist 29-17] Analyzing 178 Unisim elements for replacement
INFO: [Netlist 29-28] Unisim Transformation completed in 0 CPU seconds
INFO: [Project 1-570] Preparing netlist for logic optimization
INFO: [Opt 31-138] Pushed 0 inverter(s) to 0 load pin(s).
Netlist sorting complete. Time (s): cpu = 00:00:00 ; elapsed = 00:00:00 . Memory (MB): peak = 1108.266 ; gain = 0.000
INFO: [Project 1-111] Unisim Transformation Summary:
  A total of 63 instances were transformed.
  RAM256X1S => RAM256X1S (MUXF7(x2), MUXF8, RAMS64E(x4)): 63 instances

INFO: [Common 17-83] Releasing license: Synthesis
55 Infos, 2 Warnings, 0 Critical Warnings and 0 Errors encountered.
synth_design completed successfully
synth_design: Time (s): cpu = 00:01:03 ; elapsed = 00:01:09 . Memory (MB): peak = 1108.266 ; gain = 80.062
INFO: [Common 17-1381] The checkpoint 'C:/Users/gs10403/CA-LAB-SPR-2026/Vivado Labs/Lab11/Task2/Task2.runs/synth_1/TopLevelProcessor.dcp' has been generated.
INFO: [runtcl-4] Executing : report_utilization -file TopLevelProcessor_utilization_synth.rpt -pb TopLevelProcessor_utilization_synth.pb
INFO: [Common 17-206] Exiting Vivado at Tue Apr 21 13:26:06 2026...
