#-----------------------------------------------------------
# Vivado v2020.1 (64-bit)
# SW Build 2902540 on Wed May 27 19:54:49 MDT 2020
# IP Build 2902112 on Wed May 27 22:43:36 MDT 2020
# Start of session at: Thu Apr 30 12:12:39 2026
# Process ID: 21576
# Current directory: C:/Users/gs10403/CA-LAB-SPR-2026/Vivado Labs/Project/Processor/SCP
# Command line: vivado.exe -gui_launcher_event rodinguilauncherevent24172 C:\Users\gs10403\CA-LAB-SPR-2026\Vivado Labs\Project\Processor\SCP\SCP.xpr
# Log file: C:/Users/gs10403/CA-LAB-SPR-2026/Vivado Labs/Project/Processor/SCP/vivado.log
# Journal file: C:/Users/gs10403/CA-LAB-SPR-2026/Vivado Labs/Project/Processor/SCP\vivado.jou
#-----------------------------------------------------------
start_gui
open_project {C:/Users/gs10403/CA-LAB-SPR-2026/Vivado Labs/Project/Processor/SCP/SCP.xpr}
INFO: [Project 1-313] Project file moved from 'C:/Users/ghazi/CA-LAB-SPR-2026/Vivado Labs/Project/Processor/SCP' since last save.
Scanning sources...
Finished scanning sources
WARNING: [filemgmt 56-2] IPUserFilesDir: Could not find the directory 'C:/Users/gs10403/CA-LAB-SPR-2026/Vivado Labs/Project/Processor/SCP/SCP.ip_user_files', nor could it be found using path 'C:/Users/ghazi/CA-LAB-SPR-2026/Vivado Labs/Project/Processor/SCP/SCP.ip_user_files'.
INFO: [IP_Flow 19-234] Refreshing IP repositories
INFO: [IP_Flow 19-1704] No user IP repositories specified
INFO: [IP_Flow 19-2313] Loaded Vivado IP repository 'C:/Xilinx/Vivado/2020.1/data/ip'.
